utt: 氛围灯切换到奥迪驾驶模式选择风格
WER: 56.25 % N: 16 C: 7 S: 9 D: 0 I: 0
lab: 氛 围 灯 切 换 到 奥 迪 驾 驶 模 式 选 择 风 格 
rec: 氛 圍 燈 切 換 到 奧 迪 駕 駛 模 式 選 擇 風 格 

utt: 氛围灯变成粉红色风格
WER: 50.00 % N: 10 C: 5 S: 5 D: 0 I: 0
lab: 氛 围 灯 变 成 粉 红 色 风 格 
rec: 氛 圍 燈 變 成 粉 紅 色 風 格 

utt: 把氛围灯调到红色
WER: 50.00 % N: 8 C: 4 S: 4 D: 0 I: 0
lab: 把 氛 围 灯 调 到 红 色 
rec: 把 氛 圍 燈 調 到 紅 色 

utt: 氛围灯调到加勒比
WER: 37.50 % N: 8 C: 5 S: 3 D: 0 I: 0
lab: 氛 围 灯 调 到 加 勒 比 
rec: 氛 圍 燈 調 到 加 勒 比 

utt: 将氛围灯调到自定义风格
WER: 54.55 % N: 11 C: 5 S: 6 D: 0 I: 0
lab: 将 氛 围 灯 调 到 自 定 义 风 格 
rec: 將 氛 圍 燈 調 到 自 定 義 風 格 

utt: 切换加勒比风格氛围灯
WER: 40.00 % N: 10 C: 6 S: 4 D: 0 I: 0
lab: 切 换 加 勒 比 风 格 氛 围 灯 
rec: 切 換 加 勒 比 風 格 氛 圍 燈 

utt: 氛围灯调到海滨风格
WER: 55.56 % N: 9 C: 4 S: 5 D: 0 I: 0
lab: 氛 围 灯 调 到 海 滨 风 格 
rec: 氛 圍 燈 調 到 海 濱 風 格 

utt: 设置粉色风格氛围灯
WER: 44.44 % N: 9 C: 5 S: 4 D: 0 I: 0
lab: 设 置 粉 色 风 格 氛 围 灯 
rec: 設 置 粉 色 風 格 氛 圍 燈 

utt: 调氛围灯为轮廓风格
WER: 66.67 % N: 9 C: 3 S: 6 D: 0 I: 0
lab: 调 氛 围 灯 为 轮 廓 风 格 
rec: 調 氛 圍 燈 為 輪 廓 風 格 

utt: 切换氛围灯到轮廓风格
WER: 50.00 % N: 10 C: 5 S: 5 D: 0 I: 0
lab: 切 换 氛 围 灯 到 轮 廓 风 格 
rec: 切 換 氛 圍 燈 到 輪 廓 風 格 

utt: 调到激情风格氛围灯
WER: 44.44 % N: 9 C: 5 S: 4 D: 0 I: 0
lab: 调 到 激 情 风 格 氛 围 灯 
rec: 調 到 激 情 風 格 氛 圍 燈 

utt: 把氛围灯变为奥迪驾驶模式选择风格
WER: 62.50 % N: 16 C: 6 S: 10 D: 0 I: 0
lab: 把 氛 围 灯 变 为 奥 迪 驾 驶 模 式 选 择 风 格 
rec: 把 氛 圍 燈 變 為 奧 迪 駕 駛 模 式 選 擇 風 格 

utt: 把氛围灯变为海滨
WER: 62.50 % N: 8 C: 3 S: 5 D: 0 I: 0
lab: 把 氛 围 灯 变 为 海 滨 
rec: 把 氛 圍 燈 變 為 海 濱 

utt: 将氛围灯变成幻想
WER: 50.00 % N: 8 C: 4 S: 4 D: 0 I: 0
lab: 将 氛 围 灯 变 成 幻 想 
rec: 將 氛 圍 燈 變 成 幻 想 

utt: 打开氛围灯为日光
WER: 50.00 % N: 8 C: 4 S: 4 D: 0 I: 0
lab: 打 开 氛 围 灯 为 日 光 
rec: 打 開 氛 圍 燈 為 日 光 

utt: 显示阳光氛围灯
WER: 57.14 % N: 7 C: 3 S: 4 D: 0 I: 0
lab: 显 示 阳 光 氛 围 灯 
rec: 顯 示 陽 光 氛 圍 燈 

utt: 打开氛围灯嘅蓝色风格
WER: 50.00 % N: 10 C: 5 S: 5 D: 0 I: 0
lab: 打 开 氛 围 灯 嘅 蓝 色 风 格 
rec: 打 開 氛 圍 燈 嘅 藍 色 風 格 

utt: 显示氛围灯为幻想
WER: 50.00 % N: 8 C: 4 S: 4 D: 0 I: 0
lab: 显 示 氛 围 灯 为 幻 想 
rec: 顯 示 氛 圍 燈 為 幻 想 

utt: 把氛围灯变成粉红色风格
WER: 45.45 % N: 11 C: 6 S: 5 D: 0 I: 0
lab: 把 氛 围 灯 变 成 粉 红 色 风 格 
rec: 把 氛 圍 燈 變 成 粉 紅 色 風 格 

utt: 把氛围灯改成阳光
WER: 37.50 % N: 8 C: 5 S: 3 D: 0 I: 0
lab: 把 氛 围 灯 改 成 阳 光 
rec: 把 氛 圍 燈 改 成 陽 光 

utt: 显示个性化风格氛围灯
WER: 50.00 % N: 10 C: 5 S: 5 D: 0 I: 0
lab: 显 示 个 性 化 风 格 氛 围 灯 
rec: 顯 示 個 性 化 風 格 氛 圍 燈 

utt: 氛围灯设置为加勒比
WER: 44.44 % N: 9 C: 5 S: 4 D: 0 I: 0
lab: 氛 围 灯 设 置 为 加 勒 比 
rec: 氛 圍 燈 設 置 為 加 勒 比 

utt: 将氛围灯调到海蓝色
WER: 55.56 % N: 9 C: 4 S: 5 D: 0 I: 0
lab: 将 氛 围 灯 调 到 海 蓝 色 
rec: 將 氛 圍 燈 調 到 海 藍 色 

utt: 把氛围灯设置为阳光
WER: 55.56 % N: 9 C: 4 S: 5 D: 0 I: 0
lab: 把 氛 围 灯 设 置 为 阳 光 
rec: 把 氛 圍 燈 設 置 為 陽 光 

utt: 打开氛围灯到奥迪驾驶模式选择风格
WER: 56.25 % N: 16 C: 7 S: 9 D: 0 I: 0
lab: 打 开 氛 围 灯 到 奥 迪 驾 驶 模 式 选 择 风 格 
rec: 打 開 氛 圍 燈 到 奧 迪 駕 駛 模 式 選 擇 風 格 

utt: 氛围灯改为粉色
WER: 42.86 % N: 7 C: 4 S: 3 D: 0 I: 0
lab: 氛 围 灯 改 为 粉 色 
rec: 氛 圍 燈 改 為 粉 色 

utt: 变成日光氛围灯
WER: 42.86 % N: 7 C: 4 S: 3 D: 0 I: 0
lab: 变 成 日 光 氛 围 灯 
rec: 變 成 日 光 氛 圍 燈 

utt: 把氛围灯切换到黄色
WER: 44.44 % N: 9 C: 5 S: 4 D: 0 I: 0
lab: 把 氛 围 灯 切 换 到 黄 色 
rec: 把 氛 圍 燈 切 換 到 黃 色 

utt: 氛围灯切换到日光风格
WER: 40.00 % N: 10 C: 6 S: 4 D: 0 I: 0
lab: 氛 围 灯 切 换 到 日 光 风 格 
rec: 氛 圍 燈 切 換 到 日 光 風 格 

utt: 设置氛围灯到日光
WER: 37.50 % N: 8 C: 5 S: 3 D: 0 I: 0
lab: 设 置 氛 围 灯 到 日 光 
rec: 設 置 氛 圍 燈 到 日 光 

utt: 将氛围灯调到日光风格
WER: 50.00 % N: 10 C: 5 S: 5 D: 0 I: 0
lab: 将 氛 围 灯 调 到 日 光 风 格 
rec: 將 氛 圍 燈 調 到 日 光 風 格 

utt: 把氛围灯调到蓝色风格
WER: 50.00 % N: 10 C: 5 S: 5 D: 0 I: 0
lab: 把 氛 围 灯 调 到 蓝 色 风 格 
rec: 把 氛 圍 燈 調 到 藍 色 風 格 

utt: 把氛围灯变为粉色风格
WER: 50.00 % N: 10 C: 5 S: 5 D: 0 I: 0
lab: 把 氛 围 灯 变 为 粉 色 风 格 
rec: 把 氛 圍 燈 變 為 粉 色 風 格 

utt: 切换氛围灯为加勒比风格
WER: 45.45 % N: 11 C: 6 S: 5 D: 0 I: 0
lab: 切 换 氛 围 灯 为 加 勒 比 风 格 
rec: 切 換 氛 圍 燈 為 加 勒 比 風 格 

utt: 氛围灯切换到轮廓风格
WER: 50.00 % N: 10 C: 5 S: 5 D: 0 I: 0
lab: 氛 围 灯 切 换 到 轮 廓 风 格 
rec: 氛 圍 燈 切 換 到 輪 廓 風 格 

utt: 显示氛围灯到海滨风格
WER: 50.00 % N: 10 C: 5 S: 5 D: 0 I: 0
lab: 显 示 氛 围 灯 到 海 滨 风 格 
rec: 顯 示 氛 圍 燈 到 海 濱 風 格 

utt: 设置粉红色氛围灯
WER: 50.00 % N: 8 C: 4 S: 4 D: 0 I: 0
lab: 设 置 粉 红 色 氛 围 灯 
rec: 設 置 粉 紅 色 氛 圍 燈 

utt: 进入海滨风格氛围灯
WER: 55.56 % N: 9 C: 4 S: 5 D: 0 I: 0
lab: 进 入 海 滨 风 格 氛 围 灯 
rec: 進 入 海 濱 風 格 氛 圍 燈 

utt: 把氛围灯切换到幻想风格
WER: 36.36 % N: 11 C: 7 S: 4 D: 0 I: 0
lab: 把 氛 围 灯 切 换 到 幻 想 风 格 
rec: 把 氛 圍 燈 切 換 到 幻 想 風 格 

utt: 开启氛围灯到橙色风格
WER: 50.00 % N: 10 C: 5 S: 5 D: 0 I: 0
lab: 开 启 氛 围 灯 到 橙 色 风 格 
rec: 開 啟 氛 圍 燈 到 橙 色 風 格 

utt: 调到氛围灯嘅轮廓风格
WER: 50.00 % N: 10 C: 5 S: 5 D: 0 I: 0
lab: 调 到 氛 围 灯 嘅 轮 廓 风 格 
rec: 調 到 氛 圍 燈 嘅 輪 廓 風 格 

utt: 打开氛围灯到粉色
WER: 37.50 % N: 8 C: 5 S: 3 D: 0 I: 0
lab: 打 开 氛 围 灯 到 粉 色 
rec: 打 開 氛 圍 燈 到 粉 色 

utt: 将氛围灯改为阳光
WER: 62.50 % N: 8 C: 3 S: 5 D: 0 I: 0
lab: 将 氛 围 灯 改 为 阳 光 
rec: 將 氛 圍 燈 改 為 陽 光 

utt: 将氛围灯设置为白色
WER: 55.56 % N: 9 C: 4 S: 5 D: 0 I: 0
lab: 将 氛 围 灯 设 置 为 白 色 
rec: 將 氛 圍 燈 設 置 為 白 色 

utt: 将氛围灯切换到激情风格
WER: 45.45 % N: 11 C: 6 S: 5 D: 0 I: 0
lab: 将 氛 围 灯 切 换 到 激 情 风 格 
rec: 將 氛 圍 燈 切 換 到 激 情 風 格 

utt: 变成奥迪驾驶模式选择风格氛围灯
WER: 60.00 % N: 15 C: 6 S: 9 D: 0 I: 0
lab: 变 成 奥 迪 驾 驶 模 式 选 择 风 格 氛 围 灯 
rec: 變 成 奧 迪 駕 駛 模 式 選 擇 風 格 氛 圍 燈 

utt: 调到黄色风格
WER: 50.00 % N: 6 C: 3 S: 3 D: 0 I: 0
lab: 调 到 黄 色 风 格 
rec: 調 到 黃 色 風 格 

utt: 开启氛围灯为激情风格
WER: 60.00 % N: 10 C: 4 S: 6 D: 0 I: 0
lab: 开 启 氛 围 灯 为 激 情 风 格 
rec: 開 啟 氛 圍 燈 為 激 情 風 格 

utt: 氛围灯变为轮廓风格
WER: 66.67 % N: 9 C: 3 S: 6 D: 0 I: 0
lab: 氛 围 灯 变 为 轮 廓 风 格 
rec: 氛 圍 燈 變 為 輪 廓 風 格 

utt: 开启氛围灯到蓝色
WER: 62.50 % N: 8 C: 3 S: 5 D: 0 I: 0
lab: 开 启 氛 围 灯 到 蓝 色 
rec: 開 啟 氛 圍 燈 到 藍 色 

utt: 调氛围灯为海滨
WER: 71.43 % N: 7 C: 2 S: 5 D: 0 I: 0
lab: 调 氛 围 灯 为 海 滨 
rec: 調 氛 圍 燈 為 海 濱 

utt: 氛围灯改为日光风格
WER: 44.44 % N: 9 C: 5 S: 4 D: 0 I: 0
lab: 氛 围 灯 改 为 日 光 风 格 
rec: 氛 圍 燈 改 為 日 光 風 格 

utt: 把氛围灯改为激情风格
WER: 40.00 % N: 10 C: 6 S: 4 D: 0 I: 0
lab: 把 氛 围 灯 改 为 激 情 风 格 
rec: 把 氛 圍 燈 改 為 激 情 風 格 

utt: 氛围灯调到轮廓风格
WER: 55.56 % N: 9 C: 4 S: 5 D: 0 I: 0
lab: 氛 围 灯 调 到 轮 廓 风 格 
rec: 氛 圍 燈 調 到 輪 廓 風 格 

utt: 氛围灯改成个性化
WER: 37.50 % N: 8 C: 5 S: 3 D: 0 I: 0
lab: 氛 围 灯 改 成 个 性 化 
rec: 氛 圍 燈 改 成 個 性 化 

utt: 氛围灯变为个性化风格
WER: 60.00 % N: 10 C: 4 S: 6 D: 0 I: 0
lab: 氛 围 灯 变 为 个 性 化 风 格 
rec: 氛 圍 燈 變 為 個 性 化 風 格 

utt: 将氛围灯改成幻想风格
WER: 40.00 % N: 10 C: 6 S: 4 D: 0 I: 0
lab: 将 氛 围 灯 改 成 幻 想 风 格 
rec: 將 氛 圍 燈 改 成 幻 想 風 格 

utt: 将氛围灯改成奥迪驾驶模式选择风格
WER: 56.25 % N: 16 C: 7 S: 9 D: 0 I: 0
lab: 将 氛 围 灯 改 成 奥 迪 驾 驶 模 式 选 择 风 格 
rec: 將 氛 圍 燈 改 成 奧 迪 駕 駛 模 式 選 擇 風 格 

utt: 进入加勒比风格氛围灯
WER: 40.00 % N: 10 C: 6 S: 4 D: 0 I: 0
lab: 进 入 加 勒 比 风 格 氛 围 灯 
rec: 進 入 加 勒 比 風 格 氛 圍 燈 

utt: 调到橙色氛围灯
WER: 42.86 % N: 7 C: 4 S: 3 D: 0 I: 0
lab: 调 到 橙 色 氛 围 灯 
rec: 調 到 橙 色 氛 圍 燈 

utt: 氛围灯设置为粉红色
WER: 55.56 % N: 9 C: 4 S: 5 D: 0 I: 0
lab: 氛 围 灯 设 置 为 粉 红 色 
rec: 氛 圍 燈 設 置 為 粉 紅 色 

utt: 调氛围灯到海蓝色
WER: 50.00 % N: 8 C: 4 S: 4 D: 0 I: 0
lab: 调 氛 围 灯 到 海 蓝 色 
rec: 調 氛 圍 燈 到 海 藍 色 

utt: 开启绿色氛围灯
WER: 71.43 % N: 7 C: 2 S: 5 D: 0 I: 0
lab: 开 启 绿 色 氛 围 灯 
rec: 開 啟 綠 色 氛 圍 燈 

utt: 氛围灯改为海滨风格
WER: 55.56 % N: 9 C: 4 S: 5 D: 0 I: 0
lab: 氛 围 灯 改 为 海 滨 风 格 
rec: 氛 圍 燈 改 為 海 濱 風 格 

utt: 氛围灯变为白色
WER: 57.14 % N: 7 C: 3 S: 4 D: 0 I: 0
lab: 氛 围 灯 变 为 白 色 
rec: 氛 圍 燈 變 為 白 色 

utt: 设置氛围灯到奥迪驾驶模式选择风格
WER: 56.25 % N: 16 C: 7 S: 9 D: 0 I: 0
lab: 设 置 氛 围 灯 到 奥 迪 驾 驶 模 式 选 择 风 格 
rec: 設 置 氛 圍 燈 到 奧 迪 駕 駛 模 式 選 擇 風 格 

utt: 将氛围灯切换到海蓝色
WER: 50.00 % N: 10 C: 5 S: 5 D: 0 I: 0
lab: 将 氛 围 灯 切 换 到 海 蓝 色 
rec: 將 氛 圍 燈 切 換 到 海 藍 色 

utt: 将氛围灯变成奥迪驾驶模式选择风格
WER: 62.50 % N: 16 C: 6 S: 10 D: 0 I: 0
lab: 将 氛 围 灯 变 成 奥 迪 驾 驶 模 式 选 择 风 格 
rec: 將 氛 圍 燈 變 成 奧 迪 駕 駛 模 式 選 擇 風 格 

utt: 改成激情风格氛围灯
WER: 33.33 % N: 9 C: 6 S: 3 D: 0 I: 0
lab: 改 成 激 情 风 格 氛 围 灯 
rec: 改 成 激 情 風 格 氛 圍 燈 

utt: 进入日光风格
WER: 33.33 % N: 6 C: 4 S: 2 D: 0 I: 0
lab: 进 入 日 光 风 格 
rec: 進 入 日 光 風 格 

utt: 氛围灯调到幻想
WER: 42.86 % N: 7 C: 4 S: 3 D: 0 I: 0
lab: 氛 围 灯 调 到 幻 想 
rec: 氛 圍 燈 調 到 幻 想 

utt: 把氛围灯改为个性化
WER: 44.44 % N: 9 C: 5 S: 4 D: 0 I: 0
lab: 把 氛 围 灯 改 为 个 性 化 
rec: 把 氛 圍 燈 改 為 個 性 化 

utt: 氛围灯改为红色
WER: 57.14 % N: 7 C: 3 S: 4 D: 0 I: 0
lab: 氛 围 灯 改 为 红 色 
rec: 氛 圍 燈 改 為 紅 色 

utt: 开启氛围灯到幻想风格
WER: 50.00 % N: 10 C: 5 S: 5 D: 0 I: 0
lab: 开 启 氛 围 灯 到 幻 想 风 格 
rec: 開 啟 氛 圍 燈 到 幻 想 風 格 

utt: 氛围灯变成蓝色
WER: 57.14 % N: 7 C: 3 S: 4 D: 0 I: 0
lab: 氛 围 灯 变 成 蓝 色 
rec: 氛 圍 燈 變 成 藍 色 

utt: 氛围灯调到加勒比风格
WER: 40.00 % N: 10 C: 6 S: 4 D: 0 I: 0
lab: 氛 围 灯 调 到 加 勒 比 风 格 
rec: 氛 圍 燈 調 到 加 勒 比 風 格 

utt: 切换轮廓氛围灯
WER: 57.14 % N: 7 C: 3 S: 4 D: 0 I: 0
lab: 切 换 轮 廓 氛 围 灯 
rec: 切 換 輪 廓 氛 圍 燈 

utt: 进入氛围灯嘅白色风格
WER: 40.00 % N: 10 C: 6 S: 4 D: 0 I: 0
lab: 进 入 氛 围 灯 嘅 白 色 风 格 
rec: 進 入 氛 圍 燈 嘅 白 色 風 格 

utt: 打开氛围灯到海滨风格
WER: 50.00 % N: 10 C: 5 S: 5 D: 0 I: 0
lab: 打 开 氛 围 灯 到 海 滨 风 格 
rec: 打 開 氛 圍 燈 到 海 濱 風 格 

utt: 氛围灯调到绿色风格
WER: 55.56 % N: 9 C: 4 S: 5 D: 0 I: 0
lab: 氛 围 灯 调 到 绿 色 风 格 
rec: 氛 圍 燈 調 到 綠 色 風 格 

utt: 开启氛围灯为个性化
WER: 66.67 % N: 9 C: 3 S: 6 D: 0 I: 0
lab: 开 启 氛 围 灯 为 个 性 化 
rec: 開 啟 氛 圍 燈 為 個 性 化 

utt: 将氛围灯设置为轮廓风格
WER: 63.64 % N: 11 C: 4 S: 7 D: 0 I: 0
lab: 将 氛 围 灯 设 置 为 轮 廓 风 格 
rec: 將 氛 圍 燈 設 置 為 輪 廓 風 格 

utt: 变成个性化风格
WER: 42.86 % N: 7 C: 4 S: 3 D: 0 I: 0
lab: 变 成 个 性 化 风 格 
rec: 變 成 個 性 化 風 格 

utt: 打开氛围灯为个性化风格
WER: 54.55 % N: 11 C: 5 S: 6 D: 0 I: 0
lab: 打 开 氛 围 灯 为 个 性 化 风 格 
rec: 打 開 氛 圍 燈 為 個 性 化 風 格 

utt: 氛围灯变成自定义风格
WER: 50.00 % N: 10 C: 5 S: 5 D: 0 I: 0
lab: 氛 围 灯 变 成 自 定 义 风 格 
rec: 氛 圍 燈 變 成 自 定 義 風 格 

utt: 将氛围灯变为黄色
WER: 75.00 % N: 8 C: 2 S: 6 D: 0 I: 0
lab: 将 氛 围 灯 变 为 黄 色 
rec: 將 氛 圍 燈 變 為 黃 色 

utt: 氛围灯改成加勒比风格
WER: 30.00 % N: 10 C: 7 S: 3 D: 0 I: 0
lab: 氛 围 灯 改 成 加 勒 比 风 格 
rec: 氛 圍 燈 改 成 加 勒 比 風 格 

utt: 切换个性化风格
WER: 42.86 % N: 7 C: 4 S: 3 D: 0 I: 0
lab: 切 换 个 性 化 风 格 
rec: 切 換 個 性 化 風 格 

utt: 氛围灯切换到绿色风格
WER: 50.00 % N: 10 C: 5 S: 5 D: 0 I: 0
lab: 氛 围 灯 切 换 到 绿 色 风 格 
rec: 氛 圍 燈 切 換 到 綠 色 風 格 

utt: 把氛围灯设置为橙色风格
WER: 45.45 % N: 11 C: 6 S: 5 D: 0 I: 0
lab: 把 氛 围 灯 设 置 为 橙 色 风 格 
rec: 把 氛 圍 燈 設 置 為 橙 色 風 格 

utt: 开启氛围灯嘅加勒比风格
WER: 45.45 % N: 11 C: 6 S: 5 D: 0 I: 0
lab: 开 启 氛 围 灯 嘅 加 勒 比 风 格 
rec: 開 啟 氛 圍 燈 嘅 加 勒 比 風 格 

utt: 显示氛围灯嘅加勒比风格
WER: 36.36 % N: 11 C: 7 S: 4 D: 0 I: 0
lab: 显 示 氛 围 灯 嘅 加 勒 比 风 格 
rec: 顯 示 氛 圍 燈 嘅 加 勒 比 風 格 

utt: 开启粉红色风格氛围灯
WER: 60.00 % N: 10 C: 4 S: 6 D: 0 I: 0
lab: 开 启 粉 红 色 风 格 氛 围 灯 
rec: 開 啟 粉 紅 色 風 格 氛 圍 燈 

utt: 氛围灯变成黄色
WER: 57.14 % N: 7 C: 3 S: 4 D: 0 I: 0
lab: 氛 围 灯 变 成 黄 色 
rec: 氛 圍 燈 變 成 黃 色 

utt: 将氛围灯切换到阳光
WER: 55.56 % N: 9 C: 4 S: 5 D: 0 I: 0
lab: 将 氛 围 灯 切 换 到 阳 光 
rec: 將 氛 圍 燈 切 換 到 陽 光 

utt: 改成激情氛围灯
WER: 28.57 % N: 7 C: 5 S: 2 D: 0 I: 0
lab: 改 成 激 情 氛 围 灯 
rec: 改 成 激 情 氛 圍 燈 

utt: 调到白色氛围灯
WER: 42.86 % N: 7 C: 4 S: 3 D: 0 I: 0
lab: 调 到 白 色 氛 围 灯 
rec: 調 到 白 色 氛 圍 燈 

utt: 将氛围灯改成奥迪驾驶模式选择
WER: 57.14 % N: 14 C: 6 S: 8 D: 0 I: 0
lab: 将 氛 围 灯 改 成 奥 迪 驾 驶 模 式 选 择 
rec: 將 氛 圍 燈 改 成 奧 迪 駕 駛 模 式 選 擇 

utt: 设置氛围灯为激情风格
WER: 50.00 % N: 10 C: 5 S: 5 D: 0 I: 0
lab: 设 置 氛 围 灯 为 激 情 风 格 
rec: 設 置 氛 圍 燈 為 激 情 風 格 

utt: 将氛围灯变成粉色
WER: 50.00 % N: 8 C: 4 S: 4 D: 0 I: 0
lab: 将 氛 围 灯 变 成 粉 色 
rec: 將 氛 圍 燈 變 成 粉 色 

utt: 把氛围灯改成奥迪驾驶模式选择风格
WER: 50.00 % N: 16 C: 8 S: 8 D: 0 I: 0
lab: 把 氛 围 灯 改 成 奥 迪 驾 驶 模 式 选 择 风 格 
rec: 把 氛 圍 燈 改 成 奧 迪 駕 駛 模 式 選 擇 風 格 

utt: 进入橙色风格
WER: 33.33 % N: 6 C: 4 S: 2 D: 0 I: 0
lab: 进 入 橙 色 风 格 
rec: 進 入 橙 色 風 格 

utt: 设置氛围灯为幻想风格
WER: 50.00 % N: 10 C: 5 S: 5 D: 0 I: 0
lab: 设 置 氛 围 灯 为 幻 想 风 格 
rec: 設 置 氛 圍 燈 為 幻 想 風 格 

utt: 开启轮廓风格氛围灯
WER: 66.67 % N: 9 C: 3 S: 6 D: 0 I: 0
lab: 开 启 轮 廓 风 格 氛 围 灯 
rec: 開 啟 輪 廓 風 格 氛 圍 燈 

utt: 把氛围灯改为海滨风格
WER: 50.00 % N: 10 C: 5 S: 5 D: 0 I: 0
lab: 把 氛 围 灯 改 为 海 滨 风 格 
rec: 把 氛 圍 燈 改 為 海 濱 風 格 

utt: 氛围灯切换到幻想风格
WER: 40.00 % N: 10 C: 6 S: 4 D: 0 I: 0
lab: 氛 围 灯 切 换 到 幻 想 风 格 
rec: 氛 圍 燈 切 換 到 幻 想 風 格 

utt: 显示氛围灯到粉色
WER: 37.50 % N: 8 C: 5 S: 3 D: 0 I: 0
lab: 显 示 氛 围 灯 到 粉 色 
rec: 顯 示 氛 圍 燈 到 粉 色 

utt: 将氛围灯变为激情风格
WER: 60.00 % N: 10 C: 4 S: 6 D: 0 I: 0
lab: 将 氛 围 灯 变 为 激 情 风 格 
rec: 將 氛 圍 燈 變 為 激 情 風 格 

utt: 把氛围灯变成海滨风格
WER: 50.00 % N: 10 C: 5 S: 5 D: 0 I: 0
lab: 把 氛 围 灯 变 成 海 滨 风 格 
rec: 把 氛 圍 燈 變 成 海 濱 風 格 

utt: 打开日光风格氛围灯
WER: 44.44 % N: 9 C: 5 S: 4 D: 0 I: 0
lab: 打 开 日 光 风 格 氛 围 灯 
rec: 打 開 日 光 風 格 氛 圍 燈 

utt: 氛围灯变为海蓝色风格
WER: 60.00 % N: 10 C: 4 S: 6 D: 0 I: 0
lab: 氛 围 灯 变 为 海 蓝 色 风 格 
rec: 氛 圍 燈 變 為 海 藍 色 風 格 

utt: 将氛围灯改为橙色
WER: 50.00 % N: 8 C: 4 S: 4 D: 0 I: 0
lab: 将 氛 围 灯 改 为 橙 色 
rec: 將 氛 圍 燈 改 為 橙 色 

utt: 设置加勒比
WER: 20.00 % N: 5 C: 4 S: 1 D: 0 I: 0
lab: 设 置 加 勒 比 
rec: 設 置 加 勒 比 

utt: 氛围灯改成奥迪驾驶模式选择
WER: 53.85 % N: 13 C: 6 S: 7 D: 0 I: 0
lab: 氛 围 灯 改 成 奥 迪 驾 驶 模 式 选 择 
rec: 氛 圍 燈 改 成 奧 迪 駕 駛 模 式 選 擇 

utt: 打开自定义风格氛围灯
WER: 50.00 % N: 10 C: 5 S: 5 D: 0 I: 0
lab: 打 开 自 定 义 风 格 氛 围 灯 
rec: 打 開 自 定 義 風 格 氛 圍 燈 

utt: 打开白色氛围灯
WER: 42.86 % N: 7 C: 4 S: 3 D: 0 I: 0
lab: 打 开 白 色 氛 围 灯 
rec: 打 開 白 色 氛 圍 燈 

utt: 设置氛围灯到阳光风格
WER: 50.00 % N: 10 C: 5 S: 5 D: 0 I: 0
lab: 设 置 氛 围 灯 到 阳 光 风 格 
rec: 設 置 氛 圍 燈 到 陽 光 風 格 

utt: 把氛围灯变成激情风格
WER: 40.00 % N: 10 C: 6 S: 4 D: 0 I: 0
lab: 把 氛 围 灯 变 成 激 情 风 格 
rec: 把 氛 圍 燈 變 成 激 情 風 格 

utt: 氛围灯设置为日光
WER: 50.00 % N: 8 C: 4 S: 4 D: 0 I: 0
lab: 氛 围 灯 设 置 为 日 光 
rec: 氛 圍 燈 設 置 為 日 光 

utt: 把氛围灯调到幻想
WER: 37.50 % N: 8 C: 5 S: 3 D: 0 I: 0
lab: 把 氛 围 灯 调 到 幻 想 
rec: 把 氛 圍 燈 調 到 幻 想 

utt: 氛围灯改成蓝色风格
WER: 44.44 % N: 9 C: 5 S: 4 D: 0 I: 0
lab: 氛 围 灯 改 成 蓝 色 风 格 
rec: 氛 圍 燈 改 成 藍 色 風 格 

utt: 氛围灯设置为黄色风格
WER: 60.00 % N: 10 C: 4 S: 6 D: 0 I: 0
lab: 氛 围 灯 设 置 为 黄 色 风 格 
rec: 氛 圍 燈 設 置 為 黃 色 風 格 

utt: 调氛围灯到个性化风格
WER: 50.00 % N: 10 C: 5 S: 5 D: 0 I: 0
lab: 调 氛 围 灯 到 个 性 化 风 格 
rec: 調 氛 圍 燈 到 個 性 化 風 格 

utt: 设置橙色风格
WER: 33.33 % N: 6 C: 4 S: 2 D: 0 I: 0
lab: 设 置 橙 色 风 格 
rec: 設 置 橙 色 風 格 

utt: 把氛围灯切换到轮廓
WER: 44.44 % N: 9 C: 5 S: 4 D: 0 I: 0
lab: 把 氛 围 灯 切 换 到 轮 廓 
rec: 把 氛 圍 燈 切 換 到 輪 廓 

utt: 显示氛围灯为海蓝色
WER: 55.56 % N: 9 C: 4 S: 5 D: 0 I: 0
lab: 显 示 氛 围 灯 为 海 蓝 色 
rec: 顯 示 氛 圍 燈 為 海 藍 色 

utt: 将氛围灯改为海滨风格
WER: 60.00 % N: 10 C: 4 S: 6 D: 0 I: 0
lab: 将 氛 围 灯 改 为 海 滨 风 格 
rec: 將 氛 圍 燈 改 為 海 濱 風 格 

utt: 氛围灯改成个性化风格
WER: 40.00 % N: 10 C: 6 S: 4 D: 0 I: 0
lab: 氛 围 灯 改 成 个 性 化 风 格 
rec: 氛 圍 燈 改 成 個 性 化 風 格 

utt: 把氛围灯改成红色
WER: 37.50 % N: 8 C: 5 S: 3 D: 0 I: 0
lab: 把 氛 围 灯 改 成 红 色 
rec: 把 氛 圍 燈 改 成 紅 色 

utt: 开启氛围灯为激情
WER: 62.50 % N: 8 C: 3 S: 5 D: 0 I: 0
lab: 开 启 氛 围 灯 为 激 情 
rec: 開 啟 氛 圍 燈 為 激 情 

utt: 显示氛围灯到个性化风格
WER: 45.45 % N: 11 C: 6 S: 5 D: 0 I: 0
lab: 显 示 氛 围 灯 到 个 性 化 风 格 
rec: 顯 示 氛 圍 燈 到 個 性 化 風 格 

utt: 切换日光
WER: 25.00 % N: 4 C: 3 S: 1 D: 0 I: 0
lab: 切 换 日 光 
rec: 切 換 日 光 

utt: 氛围灯设置为红色风格
WER: 60.00 % N: 10 C: 4 S: 6 D: 0 I: 0
lab: 氛 围 灯 设 置 为 红 色 风 格 
rec: 氛 圍 燈 設 置 為 紅 色 風 格 

utt: 变成红色风格氛围灯
WER: 55.56 % N: 9 C: 4 S: 5 D: 0 I: 0
lab: 变 成 红 色 风 格 氛 围 灯 
rec: 變 成 紅 色 風 格 氛 圍 燈 

utt: 显示氛围灯为红色风格
WER: 60.00 % N: 10 C: 4 S: 6 D: 0 I: 0
lab: 显 示 氛 围 灯 为 红 色 风 格 
rec: 顯 示 氛 圍 燈 為 紅 色 風 格 

utt: 切换氛围灯嘅海滨风格
WER: 50.00 % N: 10 C: 5 S: 5 D: 0 I: 0
lab: 切 换 氛 围 灯 嘅 海 滨 风 格 
rec: 切 換 氛 圍 燈 嘅 海 濱 風 格 

utt: 进入绿色氛围灯
WER: 57.14 % N: 7 C: 3 S: 4 D: 0 I: 0
lab: 进 入 绿 色 氛 围 灯 
rec: 進 入 綠 色 氛 圍 燈 

utt: 氛围灯变成激情
WER: 42.86 % N: 7 C: 4 S: 3 D: 0 I: 0
lab: 氛 围 灯 变 成 激 情 
rec: 氛 圍 燈 變 成 激 情 

utt: 改成轮廓氛围灯
WER: 42.86 % N: 7 C: 4 S: 3 D: 0 I: 0
lab: 改 成 轮 廓 氛 围 灯 
rec: 改 成 輪 廓 氛 圍 燈 

utt: 打开氛围灯为黄色风格
WER: 60.00 % N: 10 C: 4 S: 6 D: 0 I: 0
lab: 打 开 氛 围 灯 为 黄 色 风 格 
rec: 打 開 氛 圍 燈 為 黃 色 風 格 

utt: 切换氛围灯为激情
WER: 50.00 % N: 8 C: 4 S: 4 D: 0 I: 0
lab: 切 换 氛 围 灯 为 激 情 
rec: 切 換 氛 圍 燈 為 激 情 

utt: 变成奥迪驾驶模式选择风格
WER: 58.33 % N: 12 C: 5 S: 7 D: 0 I: 0
lab: 变 成 奥 迪 驾 驶 模 式 选 择 风 格 
rec: 變 成 奧 迪 駕 駛 模 式 選 擇 風 格 

utt: 把氛围灯设置为轮廓风格
WER: 54.55 % N: 11 C: 5 S: 6 D: 0 I: 0
lab: 把 氛 围 灯 设 置 为 轮 廓 风 格 
rec: 把 氛 圍 燈 設 置 為 輪 廓 風 格 

utt: 切换氛围灯为个性化风格
WER: 54.55 % N: 11 C: 5 S: 6 D: 0 I: 0
lab: 切 换 氛 围 灯 为 个 性 化 风 格 
rec: 切 換 氛 圍 燈 為 個 性 化 風 格 

utt: 切换自定义风格氛围灯
WER: 50.00 % N: 10 C: 5 S: 5 D: 0 I: 0
lab: 切 换 自 定 义 风 格 氛 围 灯 
rec: 切 換 自 定 義 風 格 氛 圍 燈 

utt: 调氛围灯到绿色
WER: 57.14 % N: 7 C: 3 S: 4 D: 0 I: 0
lab: 调 氛 围 灯 到 绿 色 
rec: 調 氛 圍 燈 到 綠 色 

utt: 氛围灯变为加勒比风格
WER: 50.00 % N: 10 C: 5 S: 5 D: 0 I: 0
lab: 氛 围 灯 变 为 加 勒 比 风 格 
rec: 氛 圍 燈 變 為 加 勒 比 風 格 

utt: 切换氛围灯到幻想风格
WER: 40.00 % N: 10 C: 6 S: 4 D: 0 I: 0
lab: 切 换 氛 围 灯 到 幻 想 风 格 
rec: 切 換 氛 圍 燈 到 幻 想 風 格 

utt: 氛围灯设置为幻想风格
WER: 50.00 % N: 10 C: 5 S: 5 D: 0 I: 0
lab: 氛 围 灯 设 置 为 幻 想 风 格 
rec: 氛 圍 燈 設 置 為 幻 想 風 格 

utt: 氛围灯切换到粉红色
WER: 44.44 % N: 9 C: 5 S: 4 D: 0 I: 0
lab: 氛 围 灯 切 换 到 粉 红 色 
rec: 氛 圍 燈 切 換 到 粉 紅 色 

utt: 切换氛围灯到绿色
WER: 50.00 % N: 8 C: 4 S: 4 D: 0 I: 0
lab: 切 换 氛 围 灯 到 绿 色 
rec: 切 換 氛 圍 燈 到 綠 色 

utt: 开启自定义风格
WER: 57.14 % N: 7 C: 3 S: 4 D: 0 I: 0
lab: 开 启 自 定 义 风 格 
rec: 開 啟 自 定 義 風 格 

utt: 氛围灯改成加勒比
WER: 25.00 % N: 8 C: 6 S: 2 D: 0 I: 0
lab: 氛 围 灯 改 成 加 勒 比 
rec: 氛 圍 燈 改 成 加 勒 比 

===========================================================================

Overall -> 50.24 % N: 1429 C: 711 S: 718 D: 0 I: 0
Mandarin -> 50.24 % N: 1429 C: 711 S: 718 D: 0 I: 0

===========================================================================
