utt: 氛围灯切换到奥迪驾驶模式选择风格
WER: 0.00 % N: 16 C: 16 S: 0 D: 0 I: 0
lab: 氛 围 灯 切 换 到 奥 迪 驾 驶 模 式 选 择 风 格 
rec: 氛 围 灯 切 换 到 奥 迪 驾 驶 模 式 选 择 风 格 

utt: 显示氛围灯到黄色
WER: 0.00 % N: 8 C: 8 S: 0 D: 0 I: 0
lab: 显 示 氛 围 灯 到 黄 色 
rec: 显 示 氛 围 灯 到 黄 色 

utt: 把氛围灯变为海蓝色
WER: 0.00 % N: 9 C: 9 S: 0 D: 0 I: 0
lab: 把 氛 围 灯 变 为 海 蓝 色 
rec: 把 氛 围 灯 变 为 海 蓝 色 

utt: 进入氛围灯的粉色风格
WER: 0.00 % N: 10 C: 10 S: 0 D: 0 I: 0
lab: 进 入 氛 围 灯 的 粉 色 风 格 
rec: 进 入 氛 围 灯 的 粉 色 风 格 

utt: 切换氛围灯到加勒比
WER: 0.00 % N: 9 C: 9 S: 0 D: 0 I: 0
lab: 切 换 氛 围 灯 到 加 勒 比 
rec: 切 换 氛 围 灯 到 加 勒 比 

utt: 将氛围灯改成粉红色
WER: 0.00 % N: 9 C: 9 S: 0 D: 0 I: 0
lab: 将 氛 围 灯 改 成 粉 红 色 
rec: 将 氛 围 灯 改 成 粉 红 色 

utt: 改成海滨风格
WER: 0.00 % N: 6 C: 6 S: 0 D: 0 I: 0
lab: 改 成 海 滨 风 格 
rec: 改 成 海 滨 风 格 

utt: 显示氛围灯为激情风格
WER: 0.00 % N: 10 C: 10 S: 0 D: 0 I: 0
lab: 显 示 氛 围 灯 为 激 情 风 格 
rec: 显 示 氛 围 灯 为 激 情 风 格 

utt: 设置海滨风格氛围灯
WER: 0.00 % N: 9 C: 9 S: 0 D: 0 I: 0
lab: 设 置 海 滨 风 格 氛 围 灯 
rec: 设 置 海 滨 风 格 氛 围 灯 

utt: 进入幻想氛围灯
WER: 0.00 % N: 7 C: 7 S: 0 D: 0 I: 0
lab: 进 入 幻 想 氛 围 灯 
rec: 进 入 幻 想 氛 围 灯 

utt: 将氛围灯改为海蓝色
WER: 0.00 % N: 9 C: 9 S: 0 D: 0 I: 0
lab: 将 氛 围 灯 改 为 海 蓝 色 
rec: 将 氛 围 灯 改 为 海 蓝 色 

utt: 改成轮廓风格氛围灯
WER: 0.00 % N: 9 C: 9 S: 0 D: 0 I: 0
lab: 改 成 轮 廓 风 格 氛 围 灯 
rec: 改 成 轮 廓 风 格 氛 围 灯 

utt: 将氛围灯变成海滨
WER: 0.00 % N: 8 C: 8 S: 0 D: 0 I: 0
lab: 将 氛 围 灯 变 成 海 滨 
rec: 将 氛 围 灯 变 成 海 滨 

utt: 打开加勒比风格
WER: 0.00 % N: 7 C: 7 S: 0 D: 0 I: 0
lab: 打 开 加 勒 比 风 格 
rec: 打 开 加 勒 比 风 格 

utt: 开启氛围灯为加勒比风格
WER: 0.00 % N: 11 C: 11 S: 0 D: 0 I: 0
lab: 开 启 氛 围 灯 为 加 勒 比 风 格 
rec: 开 启 氛 围 灯 为 加 勒 比 风 格 

utt: 将氛围灯调到轮廓风格
WER: 0.00 % N: 10 C: 10 S: 0 D: 0 I: 0
lab: 将 氛 围 灯 调 到 轮 廓 风 格 
rec: 将 氛 围 灯 调 到 轮 廓 风 格 

utt: 变成白色氛围灯
WER: 0.00 % N: 7 C: 7 S: 0 D: 0 I: 0
lab: 变 成 白 色 氛 围 灯 
rec: 变 成 白 色 氛 围 灯 

utt: 把氛围灯变成粉红色风格
WER: 0.00 % N: 11 C: 11 S: 0 D: 0 I: 0
lab: 把 氛 围 灯 变 成 粉 红 色 风 格 
rec: 把 氛 围 灯 变 成 粉 红 色 风 格 

utt: 打开氛围灯到蓝色风格
WER: 0.00 % N: 10 C: 10 S: 0 D: 0 I: 0
lab: 打 开 氛 围 灯 到 蓝 色 风 格 
rec: 打 开 氛 围 灯 到 蓝 色 风 格 

utt: 氛围灯改为黄色
WER: 0.00 % N: 7 C: 7 S: 0 D: 0 I: 0
lab: 氛 围 灯 改 为 黄 色 
rec: 氛 围 灯 改 为 黄 色 

utt: 氛围灯改成激情
WER: 0.00 % N: 7 C: 7 S: 0 D: 0 I: 0
lab: 氛 围 灯 改 成 激 情 
rec: 氛 围 灯 改 成 激 情 

utt: 设置氛围灯为加勒比风格
WER: 0.00 % N: 11 C: 11 S: 0 D: 0 I: 0
lab: 设 置 氛 围 灯 为 加 勒 比 风 格 
rec: 设 置 氛 围 灯 为 加 勒 比 风 格 

utt: 将氛围灯变为阳光风格
WER: 0.00 % N: 10 C: 10 S: 0 D: 0 I: 0
lab: 将 氛 围 灯 变 为 阳 光 风 格 
rec: 将 氛 围 灯 变 为 阳 光 风 格 

utt: 打开自定义风格
WER: 0.00 % N: 7 C: 7 S: 0 D: 0 I: 0
lab: 打 开 自 定 义 风 格 
rec: 打 开 自 定 义 风 格 

utt: 将氛围灯切换到奥迪驾驶模式选择风格
WER: 0.00 % N: 17 C: 17 S: 0 D: 0 I: 0
lab: 将 氛 围 灯 切 换 到 奥 迪 驾 驶 模 式 选 择 风 格 
rec: 将 氛 围 灯 切 换 到 奥 迪 驾 驶 模 式 选 择 风 格 

utt: 把氛围灯调到奥迪驾驶模式选择
WER: 0.00 % N: 14 C: 14 S: 0 D: 0 I: 0
lab: 把 氛 围 灯 调 到 奥 迪 驾 驶 模 式 选 择 
rec: 把 氛 围 灯 调 到 奥 迪 驾 驶 模 式 选 择 

utt: 切换氛围灯到绿色风格
WER: 0.00 % N: 10 C: 10 S: 0 D: 0 I: 0
lab: 切 换 氛 围 灯 到 绿 色 风 格 
rec: 切 换 氛 围 灯 到 绿 色 风 格 

utt: 将氛围灯设置为阳光
WER: 0.00 % N: 9 C: 9 S: 0 D: 0 I: 0
lab: 将 氛 围 灯 设 置 为 阳 光 
rec: 将 氛 围 灯 设 置 为 阳 光 

utt: 切换奥迪驾驶模式选择风格
WER: 0.00 % N: 12 C: 12 S: 0 D: 0 I: 0
lab: 切 换 奥 迪 驾 驶 模 式 选 择 风 格 
rec: 切 换 奥 迪 驾 驶 模 式 选 择 风 格 

utt: 把氛围灯变为激情
WER: 0.00 % N: 8 C: 8 S: 0 D: 0 I: 0
lab: 把 氛 围 灯 变 为 激 情 
rec: 把 氛 围 灯 变 为 激 情 

utt: 调到氛围灯的绿色风格
WER: 0.00 % N: 10 C: 10 S: 0 D: 0 I: 0
lab: 调 到 氛 围 灯 的 绿 色 风 格 
rec: 调 到 氛 围 灯 的 绿 色 风 格 

utt: 切换氛围灯为绿色
WER: 0.00 % N: 8 C: 8 S: 0 D: 0 I: 0
lab: 切 换 氛 围 灯 为 绿 色 
rec: 切 换 氛 围 灯 为 绿 色 

utt: 氛围灯设置为橙色
WER: 0.00 % N: 8 C: 8 S: 0 D: 0 I: 0
lab: 氛 围 灯 设 置 为 橙 色 
rec: 氛 围 灯 设 置 为 橙 色 

utt: 氛围灯变成幻想风格
WER: 0.00 % N: 9 C: 9 S: 0 D: 0 I: 0
lab: 氛 围 灯 变 成 幻 想 风 格 
rec: 氛 围 灯 变 成 幻 想 风 格 

utt: 将氛围灯改为黄色
WER: 0.00 % N: 8 C: 8 S: 0 D: 0 I: 0
lab: 将 氛 围 灯 改 为 黄 色 
rec: 将 氛 围 灯 改 为 黄 色 

utt: 进入蓝色氛围灯
WER: 0.00 % N: 7 C: 7 S: 0 D: 0 I: 0
lab: 进 入 蓝 色 氛 围 灯 
rec: 进 入 蓝 色 氛 围 灯 

utt: 开启粉色氛围灯
WER: 0.00 % N: 7 C: 7 S: 0 D: 0 I: 0
lab: 开 启 粉 色 氛 围 灯 
rec: 开 启 粉 色 氛 围 灯 

utt: 切换海蓝色氛围灯
WER: 0.00 % N: 8 C: 8 S: 0 D: 0 I: 0
lab: 切 换 海 蓝 色 氛 围 灯 
rec: 切 换 海 蓝 色 氛 围 灯 

utt: 开启氛围灯到蓝色
WER: 0.00 % N: 8 C: 8 S: 0 D: 0 I: 0
lab: 开 启 氛 围 灯 到 蓝 色 
rec: 开 启 氛 围 灯 到 蓝 色 

utt: 把氛围灯调到加勒比风格
WER: 0.00 % N: 11 C: 11 S: 0 D: 0 I: 0
lab: 把 氛 围 灯 调 到 加 勒 比 风 格 
rec: 把 氛 围 灯 调 到 加 勒 比 风 格 

utt: 调到日光风格氛围灯
WER: 0.00 % N: 9 C: 9 S: 0 D: 0 I: 0
lab: 调 到 日 光 风 格 氛 围 灯 
rec: 调 到 日 光 风 格 氛 围 灯 

utt: 氛围灯调到轮廓风格
WER: 0.00 % N: 9 C: 9 S: 0 D: 0 I: 0
lab: 氛 围 灯 调 到 轮 廓 风 格 
rec: 氛 围 灯 调 到 轮 廓 风 格 

utt: 调氛围灯到激情风格
WER: 0.00 % N: 9 C: 9 S: 0 D: 0 I: 0
lab: 调 氛 围 灯 到 激 情 风 格 
rec: 调 氛 围 灯 到 激 情 风 格 

utt: 氛围灯改成粉色风格
WER: 0.00 % N: 9 C: 9 S: 0 D: 0 I: 0
lab: 氛 围 灯 改 成 粉 色 风 格 
rec: 氛 围 灯 改 成 粉 色 风 格 

utt: 切换幻想风格氛围灯
WER: 0.00 % N: 9 C: 9 S: 0 D: 0 I: 0
lab: 切 换 幻 想 风 格 氛 围 灯 
rec: 切 换 幻 想 风 格 氛 围 灯 

utt: 设置日光氛围灯
WER: 0.00 % N: 7 C: 7 S: 0 D: 0 I: 0
lab: 设 置 日 光 氛 围 灯 
rec: 设 置 日 光 氛 围 灯 

utt: 显示氛围灯到激情风格
WER: 0.00 % N: 10 C: 10 S: 0 D: 0 I: 0
lab: 显 示 氛 围 灯 到 激 情 风 格 
rec: 显 示 氛 围 灯 到 激 情 风 格 

utt: 把氛围灯变为粉红色风格
WER: 0.00 % N: 11 C: 11 S: 0 D: 0 I: 0
lab: 把 氛 围 灯 变 为 粉 红 色 风 格 
rec: 把 氛 围 灯 变 为 粉 红 色 风 格 

utt: 改成个性化风格氛围灯
WER: 0.00 % N: 10 C: 10 S: 0 D: 0 I: 0
lab: 改 成 个 性 化 风 格 氛 围 灯 
rec: 改 成 个 性 化 风 格 氛 围 灯 

utt: 开启奥迪驾驶模式选择风格氛围灯
WER: 0.00 % N: 15 C: 15 S: 0 D: 0 I: 0
lab: 开 启 奥 迪 驾 驶 模 式 选 择 风 格 氛 围 灯 
rec: 开 启 奥 迪 驾 驶 模 式 选 择 风 格 氛 围 灯 

utt: 氛围灯调到幻想风格
WER: 0.00 % N: 9 C: 9 S: 0 D: 0 I: 0
lab: 氛 围 灯 调 到 幻 想 风 格 
rec: 氛 围 灯 调 到 幻 想 风 格 

utt: 氛围灯设置为日光风格
WER: 0.00 % N: 10 C: 10 S: 0 D: 0 I: 0
lab: 氛 围 灯 设 置 为 日 光 风 格 
rec: 氛 围 灯 设 置 为 日 光 风 格 

utt: 设置氛围灯到红色
WER: 0.00 % N: 8 C: 8 S: 0 D: 0 I: 0
lab: 设 置 氛 围 灯 到 红 色 
rec: 设 置 氛 围 灯 到 红 色 

utt: 把氛围灯改为粉红色
WER: 0.00 % N: 9 C: 9 S: 0 D: 0 I: 0
lab: 把 氛 围 灯 改 为 粉 红 色 
rec: 把 氛 围 灯 改 为 粉 红 色 

utt: 开启个性化风格
WER: 0.00 % N: 7 C: 7 S: 0 D: 0 I: 0
lab: 开 启 个 性 化 风 格 
rec: 开 启 个 性 化 风 格 

utt: 氛围灯设置为激情风格
WER: 0.00 % N: 10 C: 10 S: 0 D: 0 I: 0
lab: 氛 围 灯 设 置 为 激 情 风 格 
rec: 氛 围 灯 设 置 为 激 情 风 格 

utt: 设置氛围灯到奥迪驾驶模式选择风格
WER: 0.00 % N: 16 C: 16 S: 0 D: 0 I: 0
lab: 设 置 氛 围 灯 到 奥 迪 驾 驶 模 式 选 择 风 格 
rec: 设 置 氛 围 灯 到 奥 迪 驾 驶 模 式 选 择 风 格 

utt: 把氛围灯改成黄色
WER: 0.00 % N: 8 C: 8 S: 0 D: 0 I: 0
lab: 把 氛 围 灯 改 成 黄 色 
rec: 把 氛 围 灯 改 成 黄 色 

utt: 把氛围灯设置为激情风格
WER: 0.00 % N: 11 C: 11 S: 0 D: 0 I: 0
lab: 把 氛 围 灯 设 置 为 激 情 风 格 
rec: 把 氛 围 灯 设 置 为 激 情 风 格 

utt: 调氛围灯到轮廓
WER: 0.00 % N: 7 C: 7 S: 0 D: 0 I: 0
lab: 调 氛 围 灯 到 轮 廓 
rec: 调 氛 围 灯 到 轮 廓 

utt: 进入阳光
WER: 0.00 % N: 4 C: 4 S: 0 D: 0 I: 0
lab: 进 入 阳 光 
rec: 进 入 阳 光 

utt: 进入海滨风格氛围灯
WER: 0.00 % N: 9 C: 9 S: 0 D: 0 I: 0
lab: 进 入 海 滨 风 格 氛 围 灯 
rec: 进 入 海 滨 风 格 氛 围 灯 

utt: 氛围灯改为轮廓
WER: 0.00 % N: 7 C: 7 S: 0 D: 0 I: 0
lab: 氛 围 灯 改 为 轮 廓 
rec: 氛 围 灯 改 为 轮 廓 

utt: 开启氛围灯为轮廓风格
WER: 0.00 % N: 10 C: 10 S: 0 D: 0 I: 0
lab: 开 启 氛 围 灯 为 轮 廓 风 格 
rec: 开 启 氛 围 灯 为 轮 廓 风 格 

utt: 把氛围灯设置为蓝色风格
WER: 0.00 % N: 11 C: 11 S: 0 D: 0 I: 0
lab: 把 氛 围 灯 设 置 为 蓝 色 风 格 
rec: 把 氛 围 灯 设 置 为 蓝 色 风 格 

utt: 打开氛围灯为红色
WER: 0.00 % N: 8 C: 8 S: 0 D: 0 I: 0
lab: 打 开 氛 围 灯 为 红 色 
rec: 打 开 氛 围 灯 为 红 色 

utt: 氛围灯变为日光风格
WER: 0.00 % N: 9 C: 9 S: 0 D: 0 I: 0
lab: 氛 围 灯 变 为 日 光 风 格 
rec: 氛 围 灯 变 为 日 光 风 格 

utt: 切换轮廓氛围灯
WER: 0.00 % N: 7 C: 7 S: 0 D: 0 I: 0
lab: 切 换 轮 廓 氛 围 灯 
rec: 切 换 轮 廓 氛 围 灯 

utt: 开启氛围灯到蓝色风格
WER: 0.00 % N: 10 C: 10 S: 0 D: 0 I: 0
lab: 开 启 氛 围 灯 到 蓝 色 风 格 
rec: 开 启 氛 围 灯 到 蓝 色 风 格 

utt: 变成绿色风格
WER: 0.00 % N: 6 C: 6 S: 0 D: 0 I: 0
lab: 变 成 绿 色 风 格 
rec: 变 成 绿 色 风 格 

utt: 将氛围灯设置为轮廓风格
WER: 0.00 % N: 11 C: 11 S: 0 D: 0 I: 0
lab: 将 氛 围 灯 设 置 为 轮 廓 风 格 
rec: 将 氛 围 灯 设 置 为 轮 廓 风 格 

utt: 打开氛围灯的海滨风格
WER: 0.00 % N: 10 C: 10 S: 0 D: 0 I: 0
lab: 打 开 氛 围 灯 的 海 滨 风 格 
rec: 打 开 氛 围 灯 的 海 滨 风 格 

utt: 调氛围灯为粉色风格
WER: 0.00 % N: 9 C: 9 S: 0 D: 0 I: 0
lab: 调 氛 围 灯 为 粉 色 风 格 
rec: 调 氛 围 灯 为 粉 色 风 格 

utt: 打开氛围灯到个性化
WER: 0.00 % N: 9 C: 9 S: 0 D: 0 I: 0
lab: 打 开 氛 围 灯 到 个 性 化 
rec: 打 开 氛 围 灯 到 个 性 化 

utt: 打开氛围灯到粉红色
WER: 0.00 % N: 9 C: 9 S: 0 D: 0 I: 0
lab: 打 开 氛 围 灯 到 粉 红 色 
rec: 打 开 氛 围 灯 到 粉 红 色 

utt: 设置根据车辆的驾驶模式自动调节氛围灯
WER: 0.00 % N: 18 C: 18 S: 0 D: 0 I: 0
lab: 设 置 根 据 车 辆 的 驾 驶 模 式 自 动 调 节 氛 围 灯 
rec: 设 置 根 据 车 辆 的 驾 驶 模 式 自 动 调 节 氛 围 灯 

utt: 开启氛围灯的海滨风格
WER: 0.00 % N: 10 C: 10 S: 0 D: 0 I: 0
lab: 开 启 氛 围 灯 的 海 滨 风 格 
rec: 开 启 氛 围 灯 的 海 滨 风 格 

utt: 调到加勒比风格氛围灯
WER: 0.00 % N: 10 C: 10 S: 0 D: 0 I: 0
lab: 调 到 加 勒 比 风 格 氛 围 灯 
rec: 调 到 加 勒 比 风 格 氛 围 灯 

utt: 显示氛围灯为海滨风格
WER: 0.00 % N: 10 C: 10 S: 0 D: 0 I: 0
lab: 显 示 氛 围 灯 为 海 滨 风 格 
rec: 显 示 氛 围 灯 为 海 滨 风 格 

utt: 变成海滨风格氛围灯
WER: 0.00 % N: 9 C: 9 S: 0 D: 0 I: 0
lab: 变 成 海 滨 风 格 氛 围 灯 
rec: 变 成 海 滨 风 格 氛 围 灯 

utt: 切换红色风格
WER: 0.00 % N: 6 C: 6 S: 0 D: 0 I: 0
lab: 切 换 红 色 风 格 
rec: 切 换 红 色 风 格 

utt: 开启幻想氛围灯
WER: 0.00 % N: 7 C: 7 S: 0 D: 0 I: 0
lab: 开 启 幻 想 氛 围 灯 
rec: 开 启 幻 想 氛 围 灯 

utt: 将氛围灯改成个性化风格
WER: 0.00 % N: 11 C: 11 S: 0 D: 0 I: 0
lab: 将 氛 围 灯 改 成 个 性 化 风 格 
rec: 将 氛 围 灯 改 成 个 性 化 风 格 

utt: 将氛围灯改成奥迪驾驶模式选择
WER: 0.00 % N: 14 C: 14 S: 0 D: 0 I: 0
lab: 将 氛 围 灯 改 成 奥 迪 驾 驶 模 式 选 择 
rec: 将 氛 围 灯 改 成 奥 迪 驾 驶 模 式 选 择 

utt: 把氛围灯改为橙色
WER: 0.00 % N: 8 C: 8 S: 0 D: 0 I: 0
lab: 把 氛 围 灯 改 为 橙 色 
rec: 把 氛 围 灯 改 为 橙 色 

utt: 开启氛围灯为自定义风格
WER: 0.00 % N: 11 C: 11 S: 0 D: 0 I: 0
lab: 开 启 氛 围 灯 为 自 定 义 风 格 
rec: 开 启 氛 围 灯 为 自 定 义 风 格 

utt: 显示氛围灯的粉色风格
WER: 0.00 % N: 10 C: 10 S: 0 D: 0 I: 0
lab: 显 示 氛 围 灯 的 粉 色 风 格 
rec: 显 示 氛 围 灯 的 粉 色 风 格 

utt: 改成激情风格
WER: 0.00 % N: 6 C: 6 S: 0 D: 0 I: 0
lab: 改 成 激 情 风 格 
rec: 改 成 激 情 风 格 

utt: 显示氛围灯到加勒比风格
WER: 0.00 % N: 11 C: 11 S: 0 D: 0 I: 0
lab: 显 示 氛 围 灯 到 加 勒 比 风 格 
rec: 显 示 氛 围 灯 到 加 勒 比 风 格 

utt: 把氛围灯切换到日光风格
WER: 0.00 % N: 11 C: 11 S: 0 D: 0 I: 0
lab: 把 氛 围 灯 切 换 到 日 光 风 格 
rec: 把 氛 围 灯 切 换 到 日 光 风 格 

utt: 将氛围灯切换到橙色
WER: 0.00 % N: 9 C: 9 S: 0 D: 0 I: 0
lab: 将 氛 围 灯 切 换 到 橙 色 
rec: 将 氛 围 灯 切 换 到 橙 色 

utt: 切换氛围灯的轮廓风格
WER: 0.00 % N: 10 C: 10 S: 0 D: 0 I: 0
lab: 切 换 氛 围 灯 的 轮 廓 风 格 
rec: 切 换 氛 围 灯 的 轮 廓 风 格 

utt: 打开激情风格氛围灯
WER: 0.00 % N: 9 C: 9 S: 0 D: 0 I: 0
lab: 打 开 激 情 风 格 氛 围 灯 
rec: 打 开 激 情 风 格 氛 围 灯 

utt: 设置氛围灯为幻想风格
WER: 0.00 % N: 10 C: 10 S: 0 D: 0 I: 0
lab: 设 置 氛 围 灯 为 幻 想 风 格 
rec: 设 置 氛 围 灯 为 幻 想 风 格 

utt: 把氛围灯改为海滨风格
WER: 0.00 % N: 10 C: 10 S: 0 D: 0 I: 0
lab: 把 氛 围 灯 改 为 海 滨 风 格 
rec: 把 氛 围 灯 改 为 海 滨 风 格 

utt: 设置氛围灯到红色风格
WER: 0.00 % N: 10 C: 10 S: 0 D: 0 I: 0
lab: 设 置 氛 围 灯 到 红 色 风 格 
rec: 设 置 氛 围 灯 到 红 色 风 格 

utt: 设置氛围灯为绿色
WER: 0.00 % N: 8 C: 8 S: 0 D: 0 I: 0
lab: 设 置 氛 围 灯 为 绿 色 
rec: 设 置 氛 围 灯 为 绿 色 

utt: 打开氛围灯为阳光
WER: 0.00 % N: 8 C: 8 S: 0 D: 0 I: 0
lab: 打 开 氛 围 灯 为 阳 光 
rec: 打 开 氛 围 灯 为 阳 光 

utt: 调到加勒比风格
WER: 0.00 % N: 7 C: 7 S: 0 D: 0 I: 0
lab: 调 到 加 勒 比 风 格 
rec: 调 到 加 勒 比 风 格 

utt: 调氛围灯到自定义风格
WER: 0.00 % N: 10 C: 10 S: 0 D: 0 I: 0
lab: 调 氛 围 灯 到 自 定 义 风 格 
rec: 调 氛 围 灯 到 自 定 义 风 格 

utt: 显示海滨风格
WER: 0.00 % N: 6 C: 6 S: 0 D: 0 I: 0
lab: 显 示 海 滨 风 格 
rec: 显 示 海 滨 风 格 

utt: 氛围灯变成日光
WER: 0.00 % N: 7 C: 7 S: 0 D: 0 I: 0
lab: 氛 围 灯 变 成 日 光 
rec: 氛 围 灯 变 成 日 光 

utt: 将氛围灯改为奥迪驾驶模式选择风格
WER: 0.00 % N: 16 C: 16 S: 0 D: 0 I: 0
lab: 将 氛 围 灯 改 为 奥 迪 驾 驶 模 式 选 择 风 格 
rec: 将 氛 围 灯 改 为 奥 迪 驾 驶 模 式 选 择 风 格 

utt: 氛围灯切换到自定义风格
WER: 0.00 % N: 11 C: 11 S: 0 D: 0 I: 0
lab: 氛 围 灯 切 换 到 自 定 义 风 格 
rec: 氛 围 灯 切 换 到 自 定 义 风 格 

utt: 氛围灯调到个性化风格
WER: 0.00 % N: 10 C: 10 S: 0 D: 0 I: 0
lab: 氛 围 灯 调 到 个 性 化 风 格 
rec: 氛 围 灯 调 到 个 性 化 风 格 

utt: 把氛围灯变成日光风格
WER: 0.00 % N: 10 C: 10 S: 0 D: 0 I: 0
lab: 把 氛 围 灯 变 成 日 光 风 格 
rec: 把 氛 围 灯 变 成 日 光 风 格 

utt: 显示轮廓风格氛围灯
WER: 0.00 % N: 9 C: 9 S: 0 D: 0 I: 0
lab: 显 示 轮 廓 风 格 氛 围 灯 
rec: 显 示 轮 廓 风 格 氛 围 灯 

utt: 将氛围灯切换到幻想风格
WER: 0.00 % N: 11 C: 11 S: 0 D: 0 I: 0
lab: 将 氛 围 灯 切 换 到 幻 想 风 格 
rec: 将 氛 围 灯 切 换 到 幻 想 风 格 

utt: 把氛围灯切换到白色
WER: 0.00 % N: 9 C: 9 S: 0 D: 0 I: 0
lab: 把 氛 围 灯 切 换 到 白 色 
rec: 把 氛 围 灯 切 换 到 白 色 

utt: 显示白色氛围灯
WER: 0.00 % N: 7 C: 7 S: 0 D: 0 I: 0
lab: 显 示 白 色 氛 围 灯 
rec: 显 示 白 色 氛 围 灯 

utt: 设置橙色风格
WER: 0.00 % N: 6 C: 6 S: 0 D: 0 I: 0
lab: 设 置 橙 色 风 格 
rec: 设 置 橙 色 风 格 

utt: 把氛围灯切换到自定义风格
WER: 0.00 % N: 12 C: 12 S: 0 D: 0 I: 0
lab: 把 氛 围 灯 切 换 到 自 定 义 风 格 
rec: 把 氛 围 灯 切 换 到 自 定 义 风 格 

utt: 进入个性化风格
WER: 0.00 % N: 7 C: 7 S: 0 D: 0 I: 0
lab: 进 入 个 性 化 风 格 
rec: 进 入 个 性 化 风 格 

utt: 切换氛围灯为日光风格
WER: 0.00 % N: 10 C: 10 S: 0 D: 0 I: 0
lab: 切 换 氛 围 灯 为 日 光 风 格 
rec: 切 换 氛 围 灯 为 日 光 风 格 

utt: 将氛围灯设置为激情风格
WER: 0.00 % N: 11 C: 11 S: 0 D: 0 I: 0
lab: 将 氛 围 灯 设 置 为 激 情 风 格 
rec: 将 氛 围 灯 设 置 为 激 情 风 格 

utt: 将氛围灯变为加勒比
WER: 0.00 % N: 9 C: 9 S: 0 D: 0 I: 0
lab: 将 氛 围 灯 变 为 加 勒 比 
rec: 将 氛 围 灯 变 为 加 勒 比 

utt: 将氛围灯调到个性化风格
WER: 0.00 % N: 11 C: 11 S: 0 D: 0 I: 0
lab: 将 氛 围 灯 调 到 个 性 化 风 格 
rec: 将 氛 围 灯 调 到 个 性 化 风 格 

utt: 氛围灯切换到日光
WER: 0.00 % N: 8 C: 8 S: 0 D: 0 I: 0
lab: 氛 围 灯 切 换 到 日 光 
rec: 氛 围 灯 切 换 到 日 光 

utt: 将氛围灯调到幻想风格
WER: 0.00 % N: 10 C: 10 S: 0 D: 0 I: 0
lab: 将 氛 围 灯 调 到 幻 想 风 格 
rec: 将 氛 围 灯 调 到 幻 想 风 格 

utt: 开启氛围灯到个性化风格
WER: 0.00 % N: 11 C: 11 S: 0 D: 0 I: 0
lab: 开 启 氛 围 灯 到 个 性 化 风 格 
rec: 开 启 氛 围 灯 到 个 性 化 风 格 

utt: 打开阳光风格氛围灯
WER: 0.00 % N: 9 C: 9 S: 0 D: 0 I: 0
lab: 打 开 阳 光 风 格 氛 围 灯 
rec: 打 开 阳 光 风 格 氛 围 灯 

utt: 氛围灯变成激情
WER: 0.00 % N: 7 C: 7 S: 0 D: 0 I: 0
lab: 氛 围 灯 变 成 激 情 
rec: 氛 围 灯 变 成 激 情 

utt: 改成轮廓氛围灯
WER: 0.00 % N: 7 C: 7 S: 0 D: 0 I: 0
lab: 改 成 轮 廓 氛 围 灯 
rec: 改 成 轮 廓 氛 围 灯 

utt: 氛围灯改为个性化风格
WER: 0.00 % N: 10 C: 10 S: 0 D: 0 I: 0
lab: 氛 围 灯 改 为 个 性 化 风 格 
rec: 氛 围 灯 改 为 个 性 化 风 格 

utt: 显示氛围灯为橙色
WER: 0.00 % N: 8 C: 8 S: 0 D: 0 I: 0
lab: 显 示 氛 围 灯 为 橙 色 
rec: 显 示 氛 围 灯 为 橙 色 

utt: 切换氛围灯为奥迪驾驶模式选择
WER: 0.00 % N: 14 C: 14 S: 0 D: 0 I: 0
lab: 切 换 氛 围 灯 为 奥 迪 驾 驶 模 式 选 择 
rec: 切 换 氛 围 灯 为 奥 迪 驾 驶 模 式 选 择 

utt: 将氛围灯变成轮廓风格
WER: 0.00 % N: 10 C: 10 S: 0 D: 0 I: 0
lab: 将 氛 围 灯 变 成 轮 廓 风 格 
rec: 将 氛 围 灯 变 成 轮 廓 风 格 

utt: 将氛围灯变成日光风格
WER: 0.00 % N: 10 C: 10 S: 0 D: 0 I: 0
lab: 将 氛 围 灯 变 成 日 光 风 格 
rec: 将 氛 围 灯 变 成 日 光 风 格 

utt: 显示幻想氛围灯
WER: 0.00 % N: 7 C: 7 S: 0 D: 0 I: 0
lab: 显 示 幻 想 氛 围 灯 
rec: 显 示 幻 想 氛 围 灯 

utt: 调氛围灯为奥迪驾驶模式选择
WER: 0.00 % N: 13 C: 13 S: 0 D: 0 I: 0
lab: 调 氛 围 灯 为 奥 迪 驾 驶 模 式 选 择 
rec: 调 氛 围 灯 为 奥 迪 驾 驶 模 式 选 择 

utt: 把氛围灯设置为个性化
WER: 0.00 % N: 10 C: 10 S: 0 D: 0 I: 0
lab: 把 氛 围 灯 设 置 为 个 性 化 
rec: 把 氛 围 灯 设 置 为 个 性 化 

utt: 把氛围灯改成白色风格
WER: 0.00 % N: 10 C: 10 S: 0 D: 0 I: 0
lab: 把 氛 围 灯 改 成 白 色 风 格 
rec: 把 氛 围 灯 改 成 白 色 风 格 

utt: 把氛围灯调到幻想风格
WER: 0.00 % N: 10 C: 10 S: 0 D: 0 I: 0
lab: 把 氛 围 灯 调 到 幻 想 风 格 
rec: 把 氛 围 灯 调 到 幻 想 风 格 

utt: 氛围灯变为加勒比风格
WER: 0.00 % N: 10 C: 10 S: 0 D: 0 I: 0
lab: 氛 围 灯 变 为 加 勒 比 风 格 
rec: 氛 围 灯 变 为 加 勒 比 风 格 

utt: 切换氛围灯到幻想风格
WER: 0.00 % N: 10 C: 10 S: 0 D: 0 I: 0
lab: 切 换 氛 围 灯 到 幻 想 风 格 
rec: 切 换 氛 围 灯 到 幻 想 风 格 

utt: 变成红色氛围灯
WER: 0.00 % N: 7 C: 7 S: 0 D: 0 I: 0
lab: 变 成 红 色 氛 围 灯 
rec: 变 成 红 色 氛 围 灯 

utt: 把氛围灯改成海滨
WER: 0.00 % N: 8 C: 8 S: 0 D: 0 I: 0
lab: 把 氛 围 灯 改 成 海 滨 
rec: 把 氛 围 灯 改 成 海 滨 

utt: 打开氛围灯为阳光风格
WER: 0.00 % N: 10 C: 10 S: 0 D: 0 I: 0
lab: 打 开 氛 围 灯 为 阳 光 风 格 
rec: 打 开 氛 围 灯 为 阳 光 风 格 

utt: 调到黄色氛围灯
WER: 0.00 % N: 7 C: 7 S: 0 D: 0 I: 0
lab: 调 到 黄 色 氛 围 灯 
rec: 调 到 黄 色 氛 围 灯 

===========================================================================

Overall -> 0.00 % N: 1304 C: 1304 S: 0 D: 0 I: 0
Mandarin -> 0.00 % N: 1304 C: 1304 S: 0 D: 0 I: 0

===========================================================================
