
utt: 氛围灯切换到奥迪驾驶模式选择风格
WER: 0.00 % N: 16 C: 16 S: 0 D: 0 I: 0
lab: 氛 围 灯 切 换 到 奥 迪 驾 驶 模 式 选 择 风 格 
rec: 氛 围 灯 切 换 到 奥 迪 驾 驶 模 式 选 择 风 格 

utt: 氛围灯风格切换到奥迪驾驶模式
WER: 0.00 % N: 14 C: 14 S: 0 D: 0 I: 0
lab: 氛 围 灯 风 格 切 换 到 奥 迪 驾 驶 模 式 
rec: 氛 围 灯 风 格 切 换 到 奥 迪 驾 驶 模 式 

utt: 换到加勒比风格的氛围灯
WER: 0.00 % N: 11 C: 11 S: 0 D: 0 I: 0
lab: 换 到 加 勒 比 风 格 的 氛 围 灯 
rec: 换 到 加 勒 比 风 格 的 氛 围 灯 

utt: 百度地图中沿途的加油站去一下
WER: 0.00 % N: 14 C: 14 S: 0 D: 0 I: 0
lab: 百 度 地 图 中 沿 途 的 加 油 站 去 一 下 
rec: 百 度 地 图 中 沿 途 的 加 油 站 去 一 下 

utt: 来个梦幻的幻想灯
WER: 0.00 % N: 8 C: 8 S: 0 D: 0 I: 0
lab: 来 个 梦 幻 的 幻 想 灯 
rec: 来 个 梦 幻 的 幻 想 灯 

utt: 黄色的氛围灯
WER: 0.00 % N: 6 C: 6 S: 0 D: 0 I: 0
lab: 黄 色 的 氛 围 灯 
rec: 黄 色 的 氛 围 灯 

utt: 麻烦把氛围灯亮度设置成最高
WER: 0.00 % N: 13 C: 13 S: 0 D: 0 I: 0
lab: 麻 烦 把 氛 围 灯 亮 度 设 置 成 最 高 
rec: 麻 烦 把 氛 围 灯 亮 度 设 置 成 最 高 

utt: 氛围灯亮度最低设置一下
WER: 0.00 % N: 11 C: 11 S: 0 D: 0 I: 0
lab: 氛 围 灯 亮 度 最 低 设 置 一 下 
rec: 氛 围 灯 亮 度 最 低 设 置 一 下 

utt: 氛围灯调到奥迪驾驶风格
WER: 0.00 % N: 11 C: 11 S: 0 D: 0 I: 0
lab: 氛 围 灯 调 到 奥 迪 驾 驶 风 格 
rec: 氛 围 灯 调 到 奥 迪 驾 驶 风 格 

utt: 我想把氛围灯设置为最暗
WER: 0.00 % N: 11 C: 11 S: 0 D: 0 I: 0
lab: 我 想 把 氛 围 灯 设 置 为 最 暗 
rec: 我 想 把 氛 围 灯 设 置 为 最 暗 

utt: 进到激情风格的灯
WER: 0.00 % N: 8 C: 8 S: 0 D: 0 I: 0
lab: 进 到 激 情 风 格 的 灯 
rec: 进 到 激 情 风 格 的 灯 

utt: 灯换成红色的
WER: 0.00 % N: 6 C: 6 S: 0 D: 0 I: 0
lab: 灯 换 成 红 色 的 
rec: 灯 换 成 红 色 的 

utt: 氛围灯打开吧
WER: 0.00 % N: 6 C: 6 S: 0 D: 0 I: 0
lab: 氛 围 灯 打 开 吧 
rec: 氛 围 灯 打 开 吧 

utt: 高德导航时不走收费路线
WER: 18.18 % N: 11 C: 9 S: 2 D: 0 I: 0
lab: 高 德 导 航 时 不 走 收 费 路 线 
rec: 高 德 导 航 十 步 走 收 费 路 线 

utt: 帮我把氛围灯设置亮一些
WER: 0.00 % N: 11 C: 11 S: 0 D: 0 I: 0
lab: 帮 我 把 氛 围 灯 设 置 亮 一 些 
rec: 帮 我 把 氛 围 灯 设 置 亮 一 些 

utt: 百度导航时避开高速路
WER: 0.00 % N: 10 C: 10 S: 0 D: 0 I: 0
lab: 百 度 导 航 时 避 开 高 速 路 
rec: 百 度 导 航 时 避 开 高 速 路 

utt: 氛围灯给打开下
WER: 0.00 % N: 7 C: 7 S: 0 D: 0 I: 0
lab: 氛 围 灯 给 打 开 下 
rec: 氛 围 灯 给 打 开 下 

utt: 高德导航的路径再重新规划一次
WER: 0.00 % N: 14 C: 14 S: 0 D: 0 I: 0
lab: 高 德 导 航 的 路 径 再 重 新 规 划 一 次 
rec: 高 德 导 航 的 路 径 再 重 新 规 划 一 次 

utt: 黄点的氛围灯
WER: 0.00 % N: 6 C: 6 S: 0 D: 0 I: 0
lab: 黄 点 的 氛 围 灯 
rec: 黄 点 的 氛 围 灯 

utt: 奥迪驾驶模式选择风格的氛围灯
WER: 0.00 % N: 14 C: 14 S: 0 D: 0 I: 0
lab: 奥 迪 驾 驶 模 式 选 择 风 格 的 氛 围 灯 
rec: 奥 迪 驾 驶 模 式 选 择 风 格 的 氛 围 灯 

utt: 打开百度地图带我去太阳园附近的健身房
WER: 0.00 % N: 18 C: 18 S: 0 D: 0 I: 0
lab: 打 开 百 度 地 图 带 我 去 太 阳 园 附 近 的 健 身 房 
rec: 打 开 百 度 地 图 带 我 去 太 阳 园 附 近 的 健 身 房 

utt: 请把氛围灯调暗
WER: 0.00 % N: 7 C: 7 S: 0 D: 0 I: 0
lab: 请 把 氛 围 灯 调 暗 
rec: 请 把 氛 围 灯 调 暗 

utt: 想用氛围灯
WER: 0.00 % N: 5 C: 5 S: 0 D: 0 I: 0
lab: 想 用 氛 围 灯 
rec: 想 用 氛 围 灯 

utt: 氛围灯设置成蓝色
WER: 0.00 % N: 8 C: 8 S: 0 D: 0 I: 0
lab: 氛 围 灯 设 置 成 蓝 色 
rec: 氛 围 灯 设 置 成 蓝 色 

utt: 我想把氛围灯设置为最亮
WER: 0.00 % N: 11 C: 11 S: 0 D: 0 I: 0
lab: 我 想 把 氛 围 灯 设 置 为 最 亮 
rec: 我 想 把 氛 围 灯 设 置 为 最 亮 

utt: 高德导航帮我重新算一下路
WER: 0.00 % N: 12 C: 12 S: 0 D: 0 I: 0
lab: 高 德 导 航 帮 我 重 新 算 一 下 路 
rec: 高 德 导 航 帮 我 重 新 算 一 下 路 

utt: 高德导航刚才的语音再播一次
WER: 15.38 % N: 13 C: 11 S: 2 D: 0 I: 0
lab: 高 德 导 航 刚 才 的 语 音 再 播 一 次 
rec: 高 德 导 航 钢 材 的 语 音 再 播 一 次 

utt: 放大高德地图
WER: 0.00 % N: 6 C: 6 S: 0 D: 0 I: 0
lab: 放 大 高 德 地 图 
rec: 放 大 高 德 地 图 

utt: 进入百度地图去望京附近的便利店
WER: 0.00 % N: 15 C: 15 S: 0 D: 0 I: 0
lab: 进 入 百 度 地 图 去 望 京 附 近 的 便 利 店 
rec: 进 入 百 度 地 图 去 望 京 附 近 的 便 利 店 

utt: 关一下氛围灯
WER: 0.00 % N: 6 C: 6 S: 0 D: 0 I: 0
lab: 关 一 下 氛 围 灯 
rec: 关 一 下 氛 围 灯 

utt: 绿色氛围灯开一下
WER: 0.00 % N: 8 C: 8 S: 0 D: 0 I: 0
lab: 绿 色 氛 围 灯 开 一 下 
rec: 绿 色 氛 围 灯 开 一 下 

utt: 白色的氛围灯能开下吗
WER: 0.00 % N: 10 C: 10 S: 0 D: 0 I: 0
lab: 白 色 的 氛 围 灯 能 开 下 吗 
rec: 白 色 的 氛 围 灯 能 开 下 吗 

utt: 氛围灯显示为海滨风格
WER: 0.00 % N: 10 C: 10 S: 0 D: 0 I: 0
lab: 氛 围 灯 显 示 为 海 滨 风 格 
rec: 氛 围 灯 显 示 为 海 滨 风 格 

utt: 设置最亮的氛围灯
WER: 0.00 % N: 8 C: 8 S: 0 D: 0 I: 0
lab: 设 置 最 亮 的 氛 围 灯 
rec: 设 置 最 亮 的 氛 围 灯 

utt: 请把氛围灯设置为最亮
WER: 0.00 % N: 10 C: 10 S: 0 D: 0 I: 0
lab: 请 把 氛 围 灯 设 置 为 最 亮 
rec: 请 把 氛 围 灯 设 置 为 最 亮 

utt: 请把氛围灯设置为最暗
WER: 0.00 % N: 10 C: 10 S: 0 D: 0 I: 0
lab: 请 把 氛 围 灯 设 置 为 最 暗 
rec: 请 把 氛 围 灯 设 置 为 最 暗 

utt: 打开百度地图的语音导航
WER: 0.00 % N: 11 C: 11 S: 0 D: 0 I: 0
lab: 打 开 百 度 地 图 的 语 音 导 航 
rec: 打 开 百 度 地 图 的 语 音 导 航 

utt: 幻想风格的氛围灯
WER: 0.00 % N: 8 C: 8 S: 0 D: 0 I: 0
lab: 幻 想 风 格 的 氛 围 灯 
rec: 幻 想 风 格 的 氛 围 灯 

utt: 设置个海滨特色的灯
WER: 0.00 % N: 9 C: 9 S: 0 D: 0 I: 0
lab: 设 置 个 海 滨 特 色 的 灯 
rec: 设 置 个 海 滨 特 色 的 灯 

utt: 设置氛围灯亮一点
WER: 0.00 % N: 8 C: 8 S: 0 D: 0 I: 0
lab: 设 置 氛 围 灯 亮 一 点 
rec: 设 置 氛 围 灯 亮 一 点 

utt: 为我把氛围灯设置为最亮
WER: 0.00 % N: 11 C: 11 S: 0 D: 0 I: 0
lab: 为 我 把 氛 围 灯 设 置 为 最 亮 
rec: 为 我 把 氛 围 灯 设 置 为 最 亮 

utt: 麻烦把氛围灯设置为最亮
WER: 0.00 % N: 11 C: 11 S: 0 D: 0 I: 0
lab: 麻 烦 把 氛 围 灯 设 置 为 最 亮 
rec: 麻 烦 把 氛 围 灯 设 置 为 最 亮 

utt: 氛围灯调到最亮的级别
WER: 0.00 % N: 10 C: 10 S: 0 D: 0 I: 0
lab: 氛 围 灯 调 到 最 亮 的 级 别 
rec: 氛 围 灯 调 到 最 亮 的 级 别 

utt: 用百度地图查一下阜石路13号怎么走
WER: 0.00 % N: 16 C: 16 S: 0 D: 0 I: 0
lab: 用 百 度 地 图 查 一 下 阜 石 路 13 号 怎 么 走 
rec: 用 百 度 地 图 查 一 下 阜 石 路 13 号 怎 么 走 

utt: 略有日光风格的灯
WER: 0.00 % N: 8 C: 8 S: 0 D: 0 I: 0
lab: 略 有 日 光 风 格 的 灯 
rec: 略 有 日 光 风 格 的 灯 

utt: 帮我打开黄色的氛围灯
WER: 0.00 % N: 10 C: 10 S: 0 D: 0 I: 0
lab: 帮 我 打 开 黄 色 的 氛 围 灯 
rec: 帮 我 打 开 黄 色 的 氛 围 灯 

utt: 打开高德地图我要去一下首都博物馆
WER: 0.00 % N: 16 C: 16 S: 0 D: 0 I: 0
lab: 打 开 高 德 地 图 我 要 去 一 下 首 都 博 物 馆 
rec: 打 开 高 德 地 图 我 要 去 一 下 首 都 博 物 馆 

utt: 为我把氛围灯设置为最暗
WER: 0.00 % N: 11 C: 11 S: 0 D: 0 I: 0
lab: 为 我 把 氛 围 灯 设 置 为 最 暗 
rec: 为 我 把 氛 围 灯 设 置 为 最 暗 

utt: 关闭高德地图的全路径视图
WER: 0.00 % N: 12 C: 12 S: 0 D: 0 I: 0
lab: 关 闭 高 德 地 图 的 全 路 径 视 图 
rec: 关 闭 高 德 地 图 的 全 路 径 视 图 

utt: 我看看奥迪驾驶模式的氛围灯什么样子
WER: 0.00 % N: 17 C: 17 S: 0 D: 0 I: 0
lab: 我 看 看 奥 迪 驾 驶 模 式 的 氛 围 灯 什 么 样 子 
rec: 我 看 看 奥 迪 驾 驶 模 式 的 氛 围 灯 什 么 样 子 

utt: 把氛围灯换到奥迪驾驶模式选择风格
WER: 0.00 % N: 16 C: 16 S: 0 D: 0 I: 0
lab: 把 氛 围 灯 换 到 奥 迪 驾 驶 模 式 选 择 风 格 
rec: 把 氛 围 灯 换 到 奥 迪 驾 驶 模 式 选 择 风 格 

utt: 进入氛围灯白色
WER: 0.00 % N: 7 C: 7 S: 0 D: 0 I: 0
lab: 进 入 氛 围 灯 白 色 
rec: 进 入 氛 围 灯 白 色 

utt: 灯切成橙色的
WER: 0.00 % N: 6 C: 6 S: 0 D: 0 I: 0
lab: 灯 切 成 橙 色 的 
rec: 灯 切 成 橙 色 的 

utt: 氛围灯帮我调最亮
WER: 0.00 % N: 8 C: 8 S: 0 D: 0 I: 0
lab: 氛 围 灯 帮 我 调 最 亮 
rec: 氛 围 灯 帮 我 调 最 亮 

utt: 请开启氛围灯
WER: 0.00 % N: 6 C: 6 S: 0 D: 0 I: 0
lab: 请 开 启 氛 围 灯 
rec: 请 开 启 氛 围 灯 

utt: 氛围灯设置到最亮
WER: 0.00 % N: 8 C: 8 S: 0 D: 0 I: 0
lab: 氛 围 灯 设 置 到 最 亮 
rec: 氛 围 灯 设 置 到 最 亮 

utt: 用高德地图导航去新中关大街和知春路交叉口
WER: 0.00 % N: 20 C: 20 S: 0 D: 0 I: 0
lab: 用 高 德 地 图 导 航 去 新 中 关 大 街 和 知 春 路 交 叉 口 
rec: 用 高 德 地 图 导 航 去 新 中 关 大 街 和 知 春 路 交 叉 口 

utt: 打开高德地图导航去上地附近的便利蜂
WER: 0.00 % N: 17 C: 17 S: 0 D: 0 I: 0
lab: 打 开 高 德 地 图 导 航 去 上 地 附 近 的 便 利 蜂 
rec: 打 开 高 德 地 图 导 航 去 上 地 附 近 的 便 利 蜂 

utt: 将氛围灯关闭
WER: 0.00 % N: 6 C: 6 S: 0 D: 0 I: 0
lab: 将 氛 围 灯 关 闭 
rec: 将 氛 围 灯 关 闭 

utt: 氛围灯关上
WER: 0.00 % N: 5 C: 5 S: 0 D: 0 I: 0
lab: 氛 围 灯 关 上 
rec: 氛 围 灯 关 上 

utt: 设置氛围灯最暗
WER: 0.00 % N: 7 C: 7 S: 0 D: 0 I: 0
lab: 设 置 氛 围 灯 最 暗 
rec: 设 置 氛 围 灯 最 暗 

utt: 氛围灯请最亮
WER: 0.00 % N: 6 C: 6 S: 0 D: 0 I: 0
lab: 氛 围 灯 请 最 亮 
rec: 氛 围 灯 请 最 亮 

utt: 设置氛围灯最亮
WER: 0.00 % N: 7 C: 7 S: 0 D: 0 I: 0
lab: 设 置 氛 围 灯 最 亮 
rec: 设 置 氛 围 灯 最 亮 

utt: 关闭氛围灯设置
WER: 0.00 % N: 7 C: 7 S: 0 D: 0 I: 0
lab: 关 闭 氛 围 灯 设 置 
rec: 关 闭 氛 围 灯 设 置 

utt: 氛围灯帮我调到最暗
WER: 0.00 % N: 9 C: 9 S: 0 D: 0 I: 0
lab: 氛 围 灯 帮 我 调 到 最 暗 
rec: 氛 围 灯 帮 我 调 到 最 暗 

utt: 我要个加勒比风格的氛围灯
WER: 0.00 % N: 12 C: 12 S: 0 D: 0 I: 0
lab: 我 要 个 加 勒 比 风 格 的 氛 围 灯 
rec: 我 要 个 加 勒 比 风 格 的 氛 围 灯 

utt: 日光的氛围灯
WER: 0.00 % N: 6 C: 6 S: 0 D: 0 I: 0
lab: 日 光 的 氛 围 灯 
rec: 日 光 的 氛 围 灯 

utt: 把氛围灯的风格设置为奥迪驾驶模式
WER: 0.00 % N: 16 C: 16 S: 0 D: 0 I: 0
lab: 把 氛 围 灯 的 风 格 设 置 为 奥 迪 驾 驶 模 式 
rec: 把 氛 围 灯 的 风 格 设 置 为 奥 迪 驾 驶 模 式 

utt: 帮我把氛围灯设置暗一些
WER: 0.00 % N: 11 C: 11 S: 0 D: 0 I: 0
lab: 帮 我 把 氛 围 灯 设 置 暗 一 些 
rec: 帮 我 把 氛 围 灯 设 置 暗 一 些 

utt: 切到海蓝的氛围灯吧
WER: 0.00 % N: 9 C: 9 S: 0 D: 0 I: 0
lab: 切 到 海 蓝 的 氛 围 灯 吧 
rec: 切 到 海 蓝 的 氛 围 灯 吧 

utt: 进到氛围灯
WER: 0.00 % N: 5 C: 5 S: 0 D: 0 I: 0
lab: 进 到 氛 围 灯 
rec: 进 到 氛 围 灯 

utt: 麻烦把氛围灯设置为最暗
WER: 0.00 % N: 11 C: 11 S: 0 D: 0 I: 0
lab: 麻 烦 把 氛 围 灯 设 置 为 最 暗 
rec: 麻 烦 把 氛 围 灯 设 置 为 最 暗 

utt: 激情风格的氛围灯
WER: 0.00 % N: 8 C: 8 S: 0 D: 0 I: 0
lab: 激 情 风 格 的 氛 围 灯 
rec: 激 情 风 格 的 氛 围 灯 

utt: 用高德地图看下有没有顺道儿的加油站去一下
WER: 5.00 % N: 20 C: 19 S: 0 D: 1 I: 0
lab: 用 高 德 地 图 看 下 有 没 有 顺 道 儿 的 加 油 站 去 一 下 
rec: 用 高 德 地 图 看 下 有 没 有 顺 道    的 加 油 站 去 一 下 

utt: 氛围灯调到最暗的光
WER: 0.00 % N: 9 C: 9 S: 0 D: 0 I: 0
lab: 氛 围 灯 调 到 最 暗 的 光 
rec: 氛 围 灯 调 到 最 暗 的 光 

utt: 氛围灯给我关闭
WER: 0.00 % N: 7 C: 7 S: 0 D: 0 I: 0
lab: 氛 围 灯 给 我 关 闭 
rec: 氛 围 灯 给 我 关 闭 

utt: 设置氛围灯的亮度最高
WER: 0.00 % N: 10 C: 10 S: 0 D: 0 I: 0
lab: 设 置 氛 围 灯 的 亮 度 最 高 
rec: 设 置 氛 围 灯 的 亮 度 最 高 

utt: 搞个加勒比风格的灯
WER: 0.00 % N: 9 C: 9 S: 0 D: 0 I: 0
lab: 搞 个 加 勒 比 风 格 的 灯 
rec: 搞 个 加 勒 比 风 格 的 灯 

utt: 把氛围灯调到奥迪驾驶模式选择风格
WER: 6.25 % N: 16 C: 15 S: 1 D: 0 I: 0
lab: 把 氛 围 灯 调 到 奥 迪 驾 驶 模 式 选 择 风 格 
rec: 把 氛 围 灯 调 的 奥 迪 驾 驶 模 式 选 择 风 格 

utt: 开一下奥迪驾驶风格的氛围灯
WER: 0.00 % N: 13 C: 13 S: 0 D: 0 I: 0
lab: 开 一 下 奥 迪 驾 驶 风 格 的 氛 围 灯 
rec: 开 一 下 奥 迪 驾 驶 风 格 的 氛 围 灯 

utt: 进到海滨风格的氛围灯吧
WER: 0.00 % N: 11 C: 11 S: 0 D: 0 I: 0
lab: 进 到 海 滨 风 格 的 氛 围 灯 吧 
rec: 进 到 海 滨 风 格 的 氛 围 灯 吧 

utt: 进入氛围灯设置
WER: 0.00 % N: 7 C: 7 S: 0 D: 0 I: 0
lab: 进 入 氛 围 灯 设 置 
rec: 进 入 氛 围 灯 设 置 

utt: 将高德地图设置成2d模式
WER: 0.00 % N: 11 C: 11 S: 0 D: 0 I: 0
lab: 将 高 德 地 图 设 置 成 2D 模 式 
rec: 将 高 德 地 图 设 置 成 2D 模 式 

utt: 咱们试一下奥迪驾驶风格的氛围灯
WER: 0.00 % N: 15 C: 15 S: 0 D: 0 I: 0
lab: 咱 们 试 一 下 奥 迪 驾 驶 风 格 的 氛 围 灯 
rec: 咱 们 试 一 下 奥 迪 驾 驶 风 格 的 氛 围 灯 

utt: 高德地图打开去北京市儿童医院
WER: 0.00 % N: 14 C: 14 S: 0 D: 0 I: 0
lab: 高 德 地 图 打 开 去 北 京 市 儿 童 医 院 
rec: 高 德 地 图 打 开 去 北 京 市 儿 童 医 院 

utt: 把自定义的氛围灯打开
WER: 0.00 % N: 10 C: 10 S: 0 D: 0 I: 0
lab: 把 自 定 义 的 氛 围 灯 打 开 
rec: 把 自 定 义 的 氛 围 灯 打 开 

utt: 海滨风格的氛围灯
WER: 0.00 % N: 8 C: 8 S: 0 D: 0 I: 0
lab: 海 滨 风 格 的 氛 围 灯 
rec: 海 滨 风 格 的 氛 围 灯 

utt: 快把海滨风格氛围灯打开
WER: 0.00 % N: 11 C: 11 S: 0 D: 0 I: 0
lab: 快 把 海 滨 风 格 氛 围 灯 打 开 
rec: 快 把 海 滨 风 格 氛 围 灯 打 开 

utt: 调节氛围灯到奥迪驾驶模式选择风格
WER: 0.00 % N: 16 C: 16 S: 0 D: 0 I: 0
lab: 调 节 氛 围 灯 到 奥 迪 驾 驶 模 式 选 择 风 格 
rec: 调 节 氛 围 灯 到 奥 迪 驾 驶 模 式 选 择 风 格 

utt: 帮我打开高德地图设置太阳园为我家地址
WER: 0.00 % N: 18 C: 18 S: 0 D: 0 I: 0
lab: 帮 我 打 开 高 德 地 图 设 置 太 阳 园 为 我 家 地 址 
rec: 帮 我 打 开 高 德 地 图 设 置 太 阳 园 为 我 家 地 址 

utt: 百度地图的模式设置成夜晚
WER: 0.00 % N: 12 C: 12 S: 0 D: 0 I: 0
lab: 百 度 地 图 的 模 式 设 置 成 夜 晚 
rec: 百 度 地 图 的 模 式 设 置 成 夜 晚 

utt: 在高德地图中调整为车头向上
WER: 7.69 % N: 13 C: 12 S: 1 D: 0 I: 0
lab: 在 高 德 地 图 中 调 整 为 车 头 向 上 
rec: 在 高 德 地 图 正 调 整 为 车 头 向 上 

utt: 设置氛围灯暗一点
WER: 0.00 % N: 8 C: 8 S: 0 D: 0 I: 0
lab: 设 置 氛 围 灯 暗 一 点 
rec: 设 置 氛 围 灯 暗 一 点 

utt: 氛围灯的奥迪驾驶模式选择风格
WER: 0.00 % N: 14 C: 14 S: 0 D: 0 I: 0
lab: 氛 围 灯 的 奥 迪 驾 驶 模 式 选 择 风 格 
rec: 氛 围 灯 的 奥 迪 驾 驶 模 式 选 择 风 格 

utt: 氛围灯关了
WER: 0.00 % N: 5 C: 5 S: 0 D: 0 I: 0
lab: 氛 围 灯 关 了 
rec: 氛 围 灯 关 了 

utt: 这个灯给我弄暗点
WER: 0.00 % N: 8 C: 8 S: 0 D: 0 I: 0
lab: 这 个 灯 给 我 弄 暗 点 
rec: 这 个 灯 给 我 弄 暗 点 

utt: 我想设置氛围灯亮一点
WER: 0.00 % N: 10 C: 10 S: 0 D: 0 I: 0
lab: 我 想 设 置 氛 围 灯 亮 一 点 
rec: 我 想 设 置 氛 围 灯 亮 一 点 

utt: 我想调亮氛围灯
WER: 0.00 % N: 7 C: 7 S: 0 D: 0 I: 0
lab: 我 想 调 亮 氛 围 灯 
rec: 我 想 调 亮 氛 围 灯 

utt: 我想把氛围灯调暗
WER: 0.00 % N: 8 C: 8 S: 0 D: 0 I: 0
lab: 我 想 把 氛 围 灯 调 暗 
rec: 我 想 把 氛 围 灯 调 暗 

utt: 切个粉扑扑的灯
WER: 0.00 % N: 7 C: 7 S: 0 D: 0 I: 0
lab: 切 个 粉 扑 扑 的 灯 
rec: 切 个 粉 扑 扑 的 灯 

utt: 打开百度地图开始路径引导
WER: 0.00 % N: 12 C: 12 S: 0 D: 0 I: 0
lab: 打 开 百 度 地 图 开 始 路 径 引 导 
rec: 打 开 百 度 地 图 开 始 路 径 引 导 

utt: 最暗的氛围灯光
WER: 0.00 % N: 7 C: 7 S: 0 D: 0 I: 0
lab: 最 暗 的 氛 围 灯 光 
rec: 最 暗 的 氛 围 灯 光 

utt: 氛围灯奥迪驾驶模式选择风格
WER: 0.00 % N: 13 C: 13 S: 0 D: 0 I: 0
lab: 氛 围 灯 奥 迪 驾 驶 模 式 选 择 风 格 
rec: 氛 围 灯 奥 迪 驾 驶 模 式 选 择 风 格 

utt: 我想把氛围灯调亮
WER: 0.00 % N: 8 C: 8 S: 0 D: 0 I: 0
lab: 我 想 把 氛 围 灯 调 亮 
rec: 我 想 把 氛 围 灯 调 亮 

utt: 设置下氛围灯吧
WER: 0.00 % N: 7 C: 7 S: 0 D: 0 I: 0
lab: 设 置 下 氛 围 灯 吧 
rec: 设 置 下 氛 围 灯 吧 

utt: 关闭百度导航的路况显示
WER: 0.00 % N: 11 C: 11 S: 0 D: 0 I: 0
lab: 关 闭 百 度 导 航 的 路 况 显 示 
rec: 关 闭 百 度 导 航 的 路 况 显 示 

utt: 把氛围灯弄成奥迪驾驶模式
WER: 0.00 % N: 12 C: 12 S: 0 D: 0 I: 0
lab: 把 氛 围 灯 弄 成 奥 迪 驾 驶 模 式 
rec: 把 氛 围 灯 弄 成 奥 迪 驾 驶 模 式 

utt: 在高德地图中把瀚海大厦设置为公司
WER: 12.50 % N: 16 C: 14 S: 2 D: 0 I: 0
lab: 在 高 德 地 图 中 把 瀚 海 大 厦 设 置 为 公 司 
rec: 在 高 德 地 图 争 霸 瀚 海 大 厦 设 置 为 公 司 

utt: 我想设置氛围灯到奥迪驾驶模式选择风格
WER: 0.00 % N: 18 C: 18 S: 0 D: 0 I: 0
lab: 我 想 设 置 氛 围 灯 到 奥 迪 驾 驶 模 式 选 择 风 格 
rec: 我 想 设 置 氛 围 灯 到 奥 迪 驾 驶 模 式 选 择 风 格 

utt: 把氛围灯设置到最亮
WER: 0.00 % N: 9 C: 9 S: 0 D: 0 I: 0
lab: 把 氛 围 灯 设 置 到 最 亮 
rec: 把 氛 围 灯 设 置 到 最 亮 

utt: 我喜欢加勒比风格的氛围灯
WER: 0.00 % N: 12 C: 12 S: 0 D: 0 I: 0
lab: 我 喜 欢 加 勒 比 风 格 的 氛 围 灯 
rec: 我 喜 欢 加 勒 比 风 格 的 氛 围 灯 

utt: 我想打开自定义氛围灯
WER: 0.00 % N: 10 C: 10 S: 0 D: 0 I: 0
lab: 我 想 打 开 自 定 义 氛 围 灯 
rec: 我 想 打 开 自 定 义 氛 围 灯 

utt: 进入白色的氛围灯
WER: 0.00 % N: 8 C: 8 S: 0 D: 0 I: 0
lab: 进 入 白 色 的 氛 围 灯 
rec: 进 入 白 色 的 氛 围 灯 

utt: 我选个奥迪驾驶模式的氛围灯吧
WER: 0.00 % N: 14 C: 14 S: 0 D: 0 I: 0
lab: 我 选 个 奥 迪 驾 驶 模 式 的 氛 围 灯 吧 
rec: 我 选 个 奥 迪 驾 驶 模 式 的 氛 围 灯 吧 

utt: 氛围灯我想关掉
WER: 0.00 % N: 7 C: 7 S: 0 D: 0 I: 0
lab: 氛 围 灯 我 想 关 掉 
rec: 氛 围 灯 我 想 关 掉 

utt: 氛围灯麻烦关一下
WER: 0.00 % N: 8 C: 8 S: 0 D: 0 I: 0
lab: 氛 围 灯 麻 烦 关 一 下 
rec: 氛 围 灯 麻 烦 关 一 下 

utt: 氛围灯帮我关掉
WER: 0.00 % N: 7 C: 7 S: 0 D: 0 I: 0
lab: 氛 围 灯 帮 我 关 掉 
rec: 氛 围 灯 帮 我 关 掉 

utt: 设置氛围灯关掉
WER: 0.00 % N: 7 C: 7 S: 0 D: 0 I: 0
lab: 设 置 氛 围 灯 关 掉 
rec: 设 置 氛 围 灯 关 掉 

utt: 帮我打开橙色的氛围灯
WER: 0.00 % N: 10 C: 10 S: 0 D: 0 I: 0
lab: 帮 我 打 开 橙 色 的 氛 围 灯 
rec: 帮 我 打 开 橙 色 的 氛 围 灯 

utt: 氛围灯给我关了
WER: 0.00 % N: 7 C: 7 S: 0 D: 0 I: 0
lab: 氛 围 灯 给 我 关 了 
rec: 氛 围 灯 给 我 关 了 

utt: 把氛围灯关了
WER: 0.00 % N: 6 C: 6 S: 0 D: 0 I: 0
lab: 把 氛 围 灯 关 了 
rec: 把 氛 围 灯 关 了 

utt: 幻想的氛围灯
WER: 0.00 % N: 6 C: 6 S: 0 D: 0 I: 0
lab: 幻 想 的 氛 围 灯 
rec: 幻 想 的 氛 围 灯 

utt: 个性化的氛围灯打开
WER: 0.00 % N: 9 C: 9 S: 0 D: 0 I: 0
lab: 个 性 化 的 氛 围 灯 打 开 
rec: 个 性 化 的 氛 围 灯 打 开 

utt: 百度地图设置成夜晚模式
WER: 0.00 % N: 11 C: 11 S: 0 D: 0 I: 0
lab: 百 度 地 图 设 置 成 夜 晚 模 式 
rec: 百 度 地 图 设 置 成 夜 晚 模 式 

utt: 给我来个奥迪驾驶风格的氛围灯
WER: 0.00 % N: 14 C: 14 S: 0 D: 0 I: 0
lab: 给 我 来 个 奥 迪 驾 驶 风 格 的 氛 围 灯 
rec: 给 我 来 个 奥 迪 驾 驶 风 格 的 氛 围 灯 

utt: 把氛围灯最亮档打开
WER: 0.00 % N: 9 C: 9 S: 0 D: 0 I: 0
lab: 把 氛 围 灯 最 亮 档 打 开 
rec: 把 氛 围 灯 最 亮 档 打 开 

utt: 我要开启氛围灯
WER: 0.00 % N: 7 C: 7 S: 0 D: 0 I: 0
lab: 我 要 开 启 氛 围 灯 
rec: 我 要 开 启 氛 围 灯 

utt: 请关闭氛围灯
WER: 0.00 % N: 6 C: 6 S: 0 D: 0 I: 0
lab: 请 关 闭 氛 围 灯 
rec: 请 关 闭 氛 围 灯 

utt: 我想把氛围灯调到最暗
WER: 0.00 % N: 10 C: 10 S: 0 D: 0 I: 0
lab: 我 想 把 氛 围 灯 调 到 最 暗 
rec: 我 想 把 氛 围 灯 调 到 最 暗 

utt: 打开百度导航并避开拥堵路段
WER: 0.00 % N: 13 C: 13 S: 0 D: 0 I: 0
lab: 打 开 百 度 导 航 并 避 开 拥 堵 路 段 
rec: 打 开 百 度 导 航 并 避 开 拥 堵 路 段 

utt: 给我换成红色的灯
WER: 0.00 % N: 8 C: 8 S: 0 D: 0 I: 0
lab: 给 我 换 成 红 色 的 灯 
rec: 给 我 换 成 红 色 的 灯 

utt: 高德地图查一下沿途有没有家乐福
WER: 0.00 % N: 15 C: 15 S: 0 D: 0 I: 0
lab: 高 德 地 图 查 一 下 沿 途 有 没 有 家 乐 福 
rec: 高 德 地 图 查 一 下 沿 途 有 没 有 家 乐 福 

utt: 打开充满激情的氛围灯
WER: 0.00 % N: 10 C: 10 S: 0 D: 0 I: 0
lab: 打 开 充 满 激 情 的 氛 围 灯 
rec: 打 开 充 满 激 情 的 氛 围 灯 

utt: 把氛围灯打开
WER: 0.00 % N: 6 C: 6 S: 0 D: 0 I: 0
lab: 把 氛 围 灯 打 开 
rec: 把 氛 围 灯 打 开 

utt: 个性化的氛围灯
WER: 0.00 % N: 7 C: 7 S: 0 D: 0 I: 0
lab: 个 性 化 的 氛 围 灯 
rec: 个 性 化 的 氛 围 灯 

utt: 要个白的灯吧
WER: 0.00 % N: 6 C: 6 S: 0 D: 0 I: 0
lab: 要 个 白 的 灯 吧 
rec: 要 个 白 的 灯 吧 

utt: 打开高德去一下中关村南大街25号
WER: 0.00 % N: 15 C: 15 S: 0 D: 0 I: 0
lab: 打 开 高 德 去 一 下 中 关 村 南 大 街 25 号 
rec: 打 开 高 德 去 一 下 中 关 村 南 大 街 25 号 

utt: 切一下幻想风格的灯
WER: 0.00 % N: 9 C: 9 S: 0 D: 0 I: 0
lab: 切 一 下 幻 想 风 格 的 灯 
rec: 切 一 下 幻 想 风 格 的 灯 

utt: 氛围灯帮我关一下
WER: 0.00 % N: 8 C: 8 S: 0 D: 0 I: 0
lab: 氛 围 灯 帮 我 关 一 下 
rec: 氛 围 灯 帮 我 关 一 下 

utt: 我想看下粉红色的灯
WER: 0.00 % N: 9 C: 9 S: 0 D: 0 I: 0
lab: 我 想 看 下 粉 红 色 的 灯 
rec: 我 想 看 下 粉 红 色 的 灯 

utt: 我想把氛围灯调到最亮
WER: 0.00 % N: 10 C: 10 S: 0 D: 0 I: 0
lab: 我 想 把 氛 围 灯 调 到 最 亮 
rec: 我 想 把 氛 围 灯 调 到 最 亮 

utt: 打开高德地图带我去目的地周围的洗车店
WER: 0.00 % N: 18 C: 18 S: 0 D: 0 I: 0
lab: 打 开 高 德 地 图 带 我 去 目 的 地 周 围 的 洗 车 店 
rec: 打 开 高 德 地 图 带 我 去 目 的 地 周 围 的 洗 车 店 

utt: 高德的路况显示关了吧
WER: 0.00 % N: 10 C: 10 S: 0 D: 0 I: 0
lab: 高 德 的 路 况 显 示 关 了 吧 
rec: 高 德 的 路 况 显 示 关 了 吧 

utt: 进入百度地图带我去我家附近的充电桩
WER: 0.00 % N: 17 C: 17 S: 0 D: 0 I: 0
lab: 进 入 百 度 地 图 带 我 去 我 家 附 近 的 充 电 桩 
rec: 进 入 百 度 地 图 带 我 去 我 家 附 近 的 充 电 桩 

utt: 将氛围灯关了
WER: 0.00 % N: 6 C: 6 S: 0 D: 0 I: 0
lab: 将 氛 围 灯 关 了 
rec: 将 氛 围 灯 关 了 

utt: 我想设置氛围灯暗一点
WER: 0.00 % N: 10 C: 10 S: 0 D: 0 I: 0
lab: 我 想 设 置 氛 围 灯 暗 一 点 
rec: 我 想 设 置 氛 围 灯 暗 一 点 

utt: 给展示下奥迪驾驶模式的氛围灯
WER: 0.00 % N: 14 C: 14 S: 0 D: 0 I: 0
lab: 给 展 示 下 奥 迪 驾 驶 模 式 的 氛 围 灯 
rec: 给 展 示 下 奥 迪 驾 驶 模 式 的 氛 围 灯 

utt: 我想要自定义的氛围灯
WER: 0.00 % N: 10 C: 10 S: 0 D: 0 I: 0
lab: 我 想 要 自 定 义 的 氛 围 灯 
rec: 我 想 要 自 定 义 的 氛 围 灯 

utt: 百度导航设置成避开收费
WER: 0.00 % N: 11 C: 11 S: 0 D: 0 I: 0
lab: 百 度 导 航 设 置 成 避 开 收 费 
rec: 百 度 导 航 设 置 成 避 开 收 费 

utt: 氛围灯切进氛围灯奥迪驾驶模式选择风格
WER: 0.00 % N: 18 C: 18 S: 0 D: 0 I: 0
lab: 氛 围 灯 切 进 氛 围 灯 奥 迪 驾 驶 模 式 选 择 风 格 
rec: 氛 围 灯 切 进 氛 围 灯 奥 迪 驾 驶 模 式 选 择 风 格 

utt: 海蓝色氛围灯帮我设一下
WER: 0.00 % N: 11 C: 11 S: 0 D: 0 I: 0
lab: 海 蓝 色 氛 围 灯 帮 我 设 一 下 
rec: 海 蓝 色 氛 围 灯 帮 我 设 一 下 

utt: 个性化风格的氛围灯
WER: 0.00 % N: 9 C: 9 S: 0 D: 0 I: 0
lab: 个 性 化 风 格 的 氛 围 灯 
rec: 个 性 化 风 格 的 氛 围 灯 

utt: 我要自定义风格的氛围灯
WER: 0.00 % N: 11 C: 11 S: 0 D: 0 I: 0
lab: 我 要 自 定 义 风 格 的 氛 围 灯 
rec: 我 要 自 定 义 风 格 的 氛 围 灯 

utt: 把氛围灯关上
WER: 0.00 % N: 6 C: 6 S: 0 D: 0 I: 0
lab: 把 氛 围 灯 关 上 
rec: 把 氛 围 灯 关 上 

utt: 现在适合开个氛围灯
WER: 0.00 % N: 9 C: 9 S: 0 D: 0 I: 0
lab: 现 在 适 合 开 个 氛 围 灯 
rec: 现 在 适 合 开 个 氛 围 灯 

utt: 把百度地图设置成白天模式
WER: 0.00 % N: 12 C: 12 S: 0 D: 0 I: 0
lab: 把 百 度 地 图 设 置 成 白 天 模 式 
rec: 把 百 度 地 图 设 置 成 白 天 模 式 

utt: 氛围灯个性化风格
WER: 0.00 % N: 8 C: 8 S: 0 D: 0 I: 0
lab: 氛 围 灯 个 性 化 风 格 
rec: 氛 围 灯 个 性 化 风 格 

utt: 换个海蓝色的氛围灯
WER: 0.00 % N: 9 C: 9 S: 0 D: 0 I: 0
lab: 换 个 海 蓝 色 的 氛 围 灯 
rec: 换 个 海 蓝 色 的 氛 围 灯 

utt: 换成有海滨风情的灯
WER: 0.00 % N: 9 C: 9 S: 0 D: 0 I: 0
lab: 换 成 有 海 滨 风 情 的 灯 
rec: 换 成 有 海 滨 风 情 的 灯 

utt: 海滨的氛围灯
WER: 0.00 % N: 6 C: 6 S: 0 D: 0 I: 0
lab: 海 滨 的 氛 围 灯 
rec: 海 滨 的 氛 围 灯 

utt: 把氛围灯切换到奥迪驾驶模式选择风格
WER: 0.00 % N: 17 C: 17 S: 0 D: 0 I: 0
lab: 把 氛 围 灯 切 换 到 奥 迪 驾 驶 模 式 选 择 风 格 
rec: 把 氛 围 灯 切 换 到 奥 迪 驾 驶 模 式 选 择 风 格 

utt: 别开氛围灯了
WER: 0.00 % N: 6 C: 6 S: 0 D: 0 I: 0
lab: 别 开 氛 围 灯 了 
rec: 别 开 氛 围 灯 了 

utt: 为我把氛围灯调到最亮
WER: 0.00 % N: 10 C: 10 S: 0 D: 0 I: 0
lab: 为 我 把 氛 围 灯 调 到 最 亮 
rec: 为 我 把 氛 围 灯 调 到 最 亮 

utt: 切一下奥迪驾驶模式的氛围灯
WER: 0.00 % N: 13 C: 13 S: 0 D: 0 I: 0
lab: 切 一 下 奥 迪 驾 驶 模 式 的 氛 围 灯 
rec: 切 一 下 奥 迪 驾 驶 模 式 的 氛 围 灯 

utt: 我想氛围灯最亮
WER: 0.00 % N: 7 C: 7 S: 0 D: 0 I: 0
lab: 我 想 氛 围 灯 最 亮 
rec: 我 想 氛 围 灯 最 亮 

utt: 高德导航设置躲避拥堵
WER: 0.00 % N: 10 C: 10 S: 0 D: 0 I: 0
lab: 高 德 导 航 设 置 躲 避 拥 堵 
rec: 高 德 导 航 设 置 躲 避 拥 堵 

utt: 把氛围灯关一下
WER: 0.00 % N: 7 C: 7 S: 0 D: 0 I: 0
lab: 把 氛 围 灯 关 一 下 
rec: 把 氛 围 灯 关 一 下 

utt: 开下氛围灯吧
WER: 0.00 % N: 6 C: 6 S: 0 D: 0 I: 0
lab: 开 下 氛 围 灯 吧 
rec: 开 下 氛 围 灯 吧 

utt: 氛围灯给调个奥迪驾驶风格吧
WER: 0.00 % N: 13 C: 13 S: 0 D: 0 I: 0
lab: 氛 围 灯 给 调 个 奥 迪 驾 驶 风 格 吧 
rec: 氛 围 灯 给 调 个 奥 迪 驾 驶 风 格 吧 

utt: 打开海蓝色的灯
WER: 0.00 % N: 7 C: 7 S: 0 D: 0 I: 0
lab: 打 开 海 蓝 色 的 灯 
rec: 打 开 海 蓝 色 的 灯 

utt: 氛围灯个性化设置
WER: 0.00 % N: 8 C: 8 S: 0 D: 0 I: 0
lab: 氛 围 灯 个 性 化 设 置 
rec: 氛 围 灯 个 性 化 设 置 

utt: 请为我把氛围灯变成最暗
WER: 0.00 % N: 11 C: 11 S: 0 D: 0 I: 0
lab: 请 为 我 把 氛 围 灯 变 成 最 暗 
rec: 请 为 我 把 氛 围 灯 变 成 最 暗 

utt: 粉红色氛围灯打开一下
WER: 0.00 % N: 10 C: 10 S: 0 D: 0 I: 0
lab: 粉 红 色 氛 围 灯 打 开 一 下 
rec: 粉 红 色 氛 围 灯 打 开 一 下 

utt: 灯弄亮一点
WER: 0.00 % N: 5 C: 5 S: 0 D: 0 I: 0
lab: 灯 弄 亮 一 点 
rec: 灯 弄 亮 一 点 

utt: 橙色氛围灯
WER: 0.00 % N: 5 C: 5 S: 0 D: 0 I: 0
lab: 橙 色 氛 围 灯 
rec: 橙 色 氛 围 灯 

utt: 氛围灯调节为奥迪驾驶模式选择风格
WER: 0.00 % N: 16 C: 16 S: 0 D: 0 I: 0
lab: 氛 围 灯 调 节 为 奥 迪 驾 驶 模 式 选 择 风 格 
rec: 氛 围 灯 调 节 为 奥 迪 驾 驶 模 式 选 择 风 格 

utt: 氛围灯现在调到奥迪驾驶模式选择风格
WER: 5.88 % N: 17 C: 16 S: 1 D: 0 I: 0
lab: 氛 围 灯 现 在 调 到 奥 迪 驾 驶 模 式 选 择 风 格 
rec: 氛 围 灯 现 在 调 的 奥 迪 驾 驶 模 式 选 择 风 格 

utt: 把氛围灯的最亮级别打开
WER: 0.00 % N: 11 C: 11 S: 0 D: 0 I: 0
lab: 把 氛 围 灯 的 最 亮 级 别 打 开 
rec: 把 氛 围 灯 的 最 亮 级 别 打 开 

utt: 关闭高德地图的语音导航
WER: 0.00 % N: 11 C: 11 S: 0 D: 0 I: 0
lab: 关 闭 高 德 地 图 的 语 音 导 航 
rec: 关 闭 高 德 地 图 的 语 音 导 航 

utt: 能关上氛围灯吗
WER: 0.00 % N: 7 C: 7 S: 0 D: 0 I: 0
lab: 能 关 上 氛 围 灯 吗 
rec: 能 关 上 氛 围 灯 吗 

utt: 弄成黄色的灯可能好点
WER: 0.00 % N: 10 C: 10 S: 0 D: 0 I: 0
lab: 弄 成 黄 色 的 灯 可 能 好 点 
rec: 弄 成 黄 色 的 灯 可 能 好 点 

utt: 打开最亮的氛围灯
WER: 0.00 % N: 8 C: 8 S: 0 D: 0 I: 0
lab: 打 开 最 亮 的 氛 围 灯 
rec: 打 开 最 亮 的 氛 围 灯 

utt: 我要红色氛围灯
WER: 0.00 % N: 7 C: 7 S: 0 D: 0 I: 0
lab: 我 要 红 色 氛 围 灯 
rec: 我 要 红 色 氛 围 灯 

utt: 氛围灯的模式选择奥迪驾驶风格
WER: 0.00 % N: 14 C: 14 S: 0 D: 0 I: 0
lab: 氛 围 灯 的 模 式 选 择 奥 迪 驾 驶 风 格 
rec: 氛 围 灯 的 模 式 选 择 奥 迪 驾 驶 风 格 

utt: 打开高德地图帮我导航回家
WER: 0.00 % N: 12 C: 12 S: 0 D: 0 I: 0
lab: 打 开 高 德 地 图 帮 我 导 航 回 家 
rec: 打 开 高 德 地 图 帮 我 导 航 回 家 

utt: 开一下奥迪驾驶模式的氛围灯
WER: 0.00 % N: 13 C: 13 S: 0 D: 0 I: 0
lab: 开 一 下 奥 迪 驾 驶 模 式 的 氛 围 灯 
rec: 开 一 下 奥 迪 驾 驶 模 式 的 氛 围 灯 

utt: 氛围灯调到奥迪驾驶模式
WER: 0.00 % N: 11 C: 11 S: 0 D: 0 I: 0
lab: 氛 围 灯 调 到 奥 迪 驾 驶 模 式 
rec: 氛 围 灯 调 到 奥 迪 驾 驶 模 式 

utt: 打开百度地图去中关村附近的加油站
WER: 0.00 % N: 16 C: 16 S: 0 D: 0 I: 0
lab: 打 开 百 度 地 图 去 中 关 村 附 近 的 加 油 站 
rec: 打 开 百 度 地 图 去 中 关 村 附 近 的 加 油 站 

utt: 帮我调亮氛围灯
WER: 0.00 % N: 7 C: 7 S: 0 D: 0 I: 0
lab: 帮 我 调 亮 氛 围 灯 
rec: 帮 我 调 亮 氛 围 灯 

utt: 我想要柔和的白色灯
WER: 0.00 % N: 9 C: 9 S: 0 D: 0 I: 0
lab: 我 想 要 柔 和 的 白 色 灯 
rec: 我 想 要 柔 和 的 白 色 灯 

utt: 氛围灯帮我打开下
WER: 0.00 % N: 8 C: 8 S: 0 D: 0 I: 0
lab: 氛 围 灯 帮 我 打 开 下 
rec: 氛 围 灯 帮 我 打 开 下 

utt: 氛围灯亮度最高
WER: 0.00 % N: 7 C: 7 S: 0 D: 0 I: 0
lab: 氛 围 灯 亮 度 最 高 
rec: 氛 围 灯 亮 度 最 高 

utt: 打开高德地图查看全路径
WER: 0.00 % N: 11 C: 11 S: 0 D: 0 I: 0
lab: 打 开 高 德 地 图 查 看 全 路 径 
rec: 打 开 高 德 地 图 查 看 全 路 径 

utt: 请为我把氛围灯亮度调成最低
WER: 0.00 % N: 13 C: 13 S: 0 D: 0 I: 0
lab: 请 为 我 把 氛 围 灯 亮 度 调 成 最 低 
rec: 请 为 我 把 氛 围 灯 亮 度 调 成 最 低 

utt: 海滨氛围灯打开
WER: 0.00 % N: 7 C: 7 S: 0 D: 0 I: 0
lab: 海 滨 氛 围 灯 打 开 
rec: 海 滨 氛 围 灯 打 开 

utt: 带点加勒比风情的灯
WER: 0.00 % N: 9 C: 9 S: 0 D: 0 I: 0
lab: 带 点 加 勒 比 风 情 的 灯 
rec: 带 点 加 勒 比 风 情 的 灯 

utt: 通过百度地图带我去中国国家图书馆
WER: 0.00 % N: 16 C: 16 S: 0 D: 0 I: 0
lab: 通 过 百 度 地 图 带 我 去 中 国 国 家 图 书 馆 
rec: 通 过 百 度 地 图 带 我 去 中 国 国 家 图 书 馆 

utt: 在高德导航中不避开高速
WER: 9.09 % N: 11 C: 10 S: 1 D: 0 I: 0
lab: 在 高 德 导 航 中 不 避 开 高 速 
rec: 在 高 德 导 航 中 部 避 开 高 速 

utt: 氛围灯关掉
WER: 0.00 % N: 5 C: 5 S: 0 D: 0 I: 0
lab: 氛 围 灯 关 掉 
rec: 氛 围 灯 关 掉 

utt: 蓝色的氛围灯
WER: 0.00 % N: 6 C: 6 S: 0 D: 0 I: 0
lab: 蓝 色 的 氛 围 灯 
rec: 蓝 色 的 氛 围 灯 

utt: 开启氛围灯
WER: 0.00 % N: 5 C: 5 S: 0 D: 0 I: 0
lab: 开 启 氛 围 灯 
rec: 开 启 氛 围 灯 

utt: 帮我关掉氛围灯
WER: 0.00 % N: 7 C: 7 S: 0 D: 0 I: 0
lab: 帮 我 关 掉 氛 围 灯 
rec: 帮 我 关 掉 氛 围 灯 

utt: 进到绿色的氛围灯好了
WER: 0.00 % N: 10 C: 10 S: 0 D: 0 I: 0
lab: 进 到 绿 色 的 氛 围 灯 好 了 
rec: 进 到 绿 色 的 氛 围 灯 好 了 

utt: 进入百度地图的全览地图模式
WER: 0.00 % N: 13 C: 13 S: 0 D: 0 I: 0
lab: 进 入 百 度 地 图 的 全 览 地 图 模 式 
rec: 进 入 百 度 地 图 的 全 览 地 图 模 式 

utt: 氛围灯最暗
WER: 0.00 % N: 5 C: 5 S: 0 D: 0 I: 0
lab: 氛 围 灯 最 暗 
rec: 氛 围 灯 最 暗 

utt: 灯太亮了
WER: 0.00 % N: 4 C: 4 S: 0 D: 0 I: 0
lab: 灯 太 亮 了 
rec: 灯 太 亮 了 

utt: 氛围灯帮我设置成最亮
WER: 0.00 % N: 10 C: 10 S: 0 D: 0 I: 0
lab: 氛 围 灯 帮 我 设 置 成 最 亮 
rec: 氛 围 灯 帮 我 设 置 成 最 亮 

utt: 想开氛围灯
WER: 0.00 % N: 5 C: 5 S: 0 D: 0 I: 0
lab: 想 开 氛 围 灯 
rec: 想 开 氛 围 灯 

utt: 我不需要氛围灯了
WER: 0.00 % N: 8 C: 8 S: 0 D: 0 I: 0
lab: 我 不 需 要 氛 围 灯 了 
rec: 我 不 需 要 氛 围 灯 了 

utt: 氛围灯最亮
WER: 0.00 % N: 5 C: 5 S: 0 D: 0 I: 0
lab: 氛 围 灯 最 亮 
rec: 氛 围 灯 最 亮 

utt: 百度导航的避开收费取消
WER: 0.00 % N: 11 C: 11 S: 0 D: 0 I: 0
lab: 百 度 导 航 的 避 开 收 费 取 消 
rec: 百 度 导 航 的 避 开 收 费 取 消 

utt: 换成日光风格的氛围灯
WER: 0.00 % N: 10 C: 10 S: 0 D: 0 I: 0
lab: 换 成 日 光 风 格 的 氛 围 灯 
rec: 换 成 日 光 风 格 的 氛 围 灯 

utt: 我想要一个可爱的绿色的灯
WER: 0.00 % N: 12 C: 12 S: 0 D: 0 I: 0
lab: 我 想 要 一 个 可 爱 的 绿 色 的 灯 
rec: 我 想 要 一 个 可 爱 的 绿 色 的 灯 

utt: 氛围灯请最暗
WER: 0.00 % N: 6 C: 6 S: 0 D: 0 I: 0
lab: 氛 围 灯 请 最 暗 
rec: 氛 围 灯 请 最 暗 

utt: 打开高德地图去一下附近的超市
WER: 0.00 % N: 14 C: 14 S: 0 D: 0 I: 0
lab: 打 开 高 德 地 图 去 一 下 附 近 的 超 市 
rec: 打 开 高 德 地 图 去 一 下 附 近 的 超 市 

utt: 进到加勒比风格的吧
WER: 0.00 % N: 9 C: 9 S: 0 D: 0 I: 0
lab: 进 到 加 勒 比 风 格 的 吧 
rec: 进 到 加 勒 比 风 格 的 吧 

utt: 白的氛围灯开开
WER: 0.00 % N: 7 C: 7 S: 0 D: 0 I: 0
lab: 白 的 氛 围 灯 开 开 
rec: 白 的 氛 围 灯 开 开 

utt: 氛围灯给弄亮点
WER: 0.00 % N: 7 C: 7 S: 0 D: 0 I: 0
lab: 氛 围 灯 给 弄 亮 点 
rec: 氛 围 灯 给 弄 亮 点 

utt: 把氛围灯弄成奥迪驾驶风格
WER: 0.00 % N: 12 C: 12 S: 0 D: 0 I: 0
lab: 把 氛 围 灯 弄 成 奥 迪 驾 驶 风 格 
rec: 把 氛 围 灯 弄 成 奥 迪 驾 驶 风 格 

utt: 调成绿的氛围灯
WER: 0.00 % N: 7 C: 7 S: 0 D: 0 I: 0
lab: 调 成 绿 的 氛 围 灯 
rec: 调 成 绿 的 氛 围 灯 

utt: 氛围灯开启轮廓风格
WER: 0.00 % N: 9 C: 9 S: 0 D: 0 I: 0
lab: 氛 围 灯 开 启 轮 廓 风 格 
rec: 氛 围 灯 开 启 轮 廓 风 格 

utt: 来个幻想风格的氛围灯
WER: 0.00 % N: 10 C: 10 S: 0 D: 0 I: 0
lab: 来 个 幻 想 风 格 的 氛 围 灯 
rec: 来 个 幻 想 风 格 的 氛 围 灯 

utt: 进到蓝色风格的氛围灯
WER: 0.00 % N: 10 C: 10 S: 0 D: 0 I: 0
lab: 进 到 蓝 色 风 格 的 氛 围 灯 
rec: 进 到 蓝 色 风 格 的 氛 围 灯 

utt: 用百度地图看下沿途有没有肯德基
WER: 0.00 % N: 15 C: 15 S: 0 D: 0 I: 0
lab: 用 百 度 地 图 看 下 沿 途 有 没 有 肯 德 基 
rec: 用 百 度 地 图 看 下 沿 途 有 没 有 肯 德 基 

utt: 氛围灯调到最亮
WER: 0.00 % N: 7 C: 7 S: 0 D: 0 I: 0
lab: 氛 围 灯 调 到 最 亮 
rec: 氛 围 灯 调 到 最 亮 

utt: 灯弄成幻想风格的
WER: 0.00 % N: 8 C: 8 S: 0 D: 0 I: 0
lab: 灯 弄 成 幻 想 风 格 的 
rec: 灯 弄 成 幻 想 风 格 的 

utt: 让氛围灯进到奥迪驾驶模式选择风格
WER: 0.00 % N: 16 C: 16 S: 0 D: 0 I: 0
lab: 让 氛 围 灯 进 到 奥 迪 驾 驶 模 式 选 择 风 格 
rec: 让 氛 围 灯 进 到 奥 迪 驾 驶 模 式 选 择 风 格 

utt: 用高德导航去万达的海底捞
WER: 0.00 % N: 12 C: 12 S: 0 D: 0 I: 0
lab: 用 高 德 导 航 去 万 达 的 海 底 捞 
rec: 用 高 德 导 航 去 万 达 的 海 底 捞 

utt: 帮我把氛围灯调暗
WER: 0.00 % N: 8 C: 8 S: 0 D: 0 I: 0
lab: 帮 我 把 氛 围 灯 调 暗 
rec: 帮 我 把 氛 围 灯 调 暗 

utt: 有点幻想风格的氛围灯
WER: 0.00 % N: 10 C: 10 S: 0 D: 0 I: 0
lab: 有 点 幻 想 风 格 的 氛 围 灯 
rec: 有 点 幻 想 风 格 的 氛 围 灯 

utt: 我觉得海蓝色更适合现在氛围
WER: 0.00 % N: 13 C: 13 S: 0 D: 0 I: 0
lab: 我 觉 得 海 蓝 色 更 适 合 现 在 氛 围 
rec: 我 觉 得 海 蓝 色 更 适 合 现 在 氛 围 

utt: 关上氛围灯
WER: 0.00 % N: 5 C: 5 S: 0 D: 0 I: 0
lab: 关 上 氛 围 灯 
rec: 关 上 氛 围 灯 

utt: 黄黄的氛围灯
WER: 0.00 % N: 6 C: 6 S: 0 D: 0 I: 0
lab: 黄 黄 的 氛 围 灯 
rec: 黄 黄 的 氛 围 灯 

utt: 现在打开奥迪驾驶风格的氛围灯
WER: 0.00 % N: 14 C: 14 S: 0 D: 0 I: 0
lab: 现 在 打 开 奥 迪 驾 驶 风 格 的 氛 围 灯 
rec: 现 在 打 开 奥 迪 驾 驶 风 格 的 氛 围 灯 

utt: 加勒比风格的氛围灯
WER: 0.00 % N: 9 C: 9 S: 0 D: 0 I: 0
lab: 加 勒 比 风 格 的 氛 围 灯 
rec: 加 勒 比 风 格 的 氛 围 灯 

utt: 帮我把氛围灯调亮
WER: 0.00 % N: 8 C: 8 S: 0 D: 0 I: 0
lab: 帮 我 把 氛 围 灯 调 亮 
rec: 帮 我 把 氛 围 灯 调 亮 

utt: 高德导航中不走高速
WER: 0.00 % N: 9 C: 9 S: 0 D: 0 I: 0
lab: 高 德 导 航 中 不 走 高 速 
rec: 高 德 导 航 中 不 走 高 速 

utt: 我不要氛围灯了关了吧
WER: 0.00 % N: 10 C: 10 S: 0 D: 0 I: 0
lab: 我 不 要 氛 围 灯 了 关 了 吧 
rec: 我 不 要 氛 围 灯 了 关 了 吧 

utt: 把高德的语音导航打开
WER: 0.00 % N: 10 C: 10 S: 0 D: 0 I: 0
lab: 把 高 德 的 语 音 导 航 打 开 
rec: 把 高 德 的 语 音 导 航 打 开 

utt: 氛围灯调暗
WER: 0.00 % N: 5 C: 5 S: 0 D: 0 I: 0
lab: 氛 围 灯 调 暗 
rec: 氛 围 灯 调 暗 

utt: 海蓝氛围灯设置一下
WER: 0.00 % N: 9 C: 9 S: 0 D: 0 I: 0
lab: 海 蓝 氛 围 灯 设 置 一 下 
rec: 海 蓝 氛 围 灯 设 置 一 下 

utt: 打开高德导航去公司附近的便利店
WER: 0.00 % N: 15 C: 15 S: 0 D: 0 I: 0
lab: 打 开 高 德 导 航 去 公 司 附 近 的 便 利 店 
rec: 打 开 高 德 导 航 去 公 司 附 近 的 便 利 店 

utt: 氛围灯调亮
WER: 0.00 % N: 5 C: 5 S: 0 D: 0 I: 0
lab: 氛 围 灯 调 亮 
rec: 氛 围 灯 调 亮 

utt: 粉红色氛围灯
WER: 0.00 % N: 6 C: 6 S: 0 D: 0 I: 0
lab: 粉 红 色 氛 围 灯 
rec: 粉 红 色 氛 围 灯 

utt: 氛围灯设置成最亮
WER: 0.00 % N: 8 C: 8 S: 0 D: 0 I: 0
lab: 氛 围 灯 设 置 成 最 亮 
rec: 氛 围 灯 设 置 成 最 亮 

utt: 氛围灯设置关了
WER: 0.00 % N: 7 C: 7 S: 0 D: 0 I: 0
lab: 氛 围 灯 设 置 关 了 
rec: 氛 围 灯 设 置 关 了 

utt: 打开下粉色氛围灯吧
WER: 0.00 % N: 9 C: 9 S: 0 D: 0 I: 0
lab: 打 开 下 粉 色 氛 围 灯 吧 
rec: 打 开 下 粉 色 氛 围 灯 吧 

utt: 我现在想要个黄一点的灯
WER: 0.00 % N: 11 C: 11 S: 0 D: 0 I: 0
lab: 我 现 在 想 要 个 黄 一 点 的 灯 
rec: 我 现 在 想 要 个 黄 一 点 的 灯 

utt: 充满幻想感觉的氛围灯
WER: 0.00 % N: 10 C: 10 S: 0 D: 0 I: 0
lab: 充 满 幻 想 感 觉 的 氛 围 灯 
rec: 充 满 幻 想 感 觉 的 氛 围 灯 

utt: 开开氛围灯
WER: 0.00 % N: 5 C: 5 S: 0 D: 0 I: 0
lab: 开 开 氛 围 灯 
rec: 开 开 氛 围 灯 

utt: 把百度的路径引导取消
WER: 20.00 % N: 10 C: 8 S: 1 D: 1 I: 0
lab: 把  百 度 的 路 径 引 导 取 消 
rec: 800    度 的 路 径 引 导 取 消 

utt: 打开高德设置重聚园小区为家的地址
WER: 0.00 % N: 16 C: 16 S: 0 D: 0 I: 0
lab: 打 开 高 德 设 置 重 聚 园 小 区 为 家 的 地 址 
rec: 打 开 高 德 设 置 重 聚 园 小 区 为 家 的 地 址 

utt: 打开自定义的氛围灯
WER: 0.00 % N: 9 C: 9 S: 0 D: 0 I: 0
lab: 打 开 自 定 义 的 氛 围 灯 
rec: 打 开 自 定 义 的 氛 围 灯 

utt: 请调暗氛围灯
WER: 0.00 % N: 6 C: 6 S: 0 D: 0 I: 0
lab: 请 调 暗 氛 围 灯 
rec: 请 调 暗 氛 围 灯 

utt: 我想要亮度最高的氛围灯
WER: 0.00 % N: 11 C: 11 S: 0 D: 0 I: 0
lab: 我 想 要 亮 度 最 高 的 氛 围 灯 
rec: 我 想 要 亮 度 最 高 的 氛 围 灯 

utt: 海滨风格的灯
WER: 0.00 % N: 6 C: 6 S: 0 D: 0 I: 0
lab: 海 滨 风 格 的 灯 
rec: 海 滨 风 格 的 灯 

utt: 请帮我打开加勒比风格的灯
WER: 0.00 % N: 12 C: 12 S: 0 D: 0 I: 0
lab: 请 帮 我 打 开 加 勒 比 风 格 的 灯 
rec: 请 帮 我 打 开 加 勒 比 风 格 的 灯 

utt: 灯调成白色的
WER: 0.00 % N: 6 C: 6 S: 0 D: 0 I: 0
lab: 灯 调 成 白 色 的 
rec: 灯 调 成 白 色 的 

utt: 要粉红色的灯
WER: 0.00 % N: 6 C: 6 S: 0 D: 0 I: 0
lab: 要 粉 红 色 的 灯 
rec: 要 粉 红 色 的 灯 

utt: 要不然调个黄的灯
WER: 0.00 % N: 8 C: 8 S: 0 D: 0 I: 0
lab: 要 不 然 调 个 黄 的 灯 
rec: 要 不 然 调 个 黄 的 灯 

utt: 用高德导航去公司
WER: 0.00 % N: 8 C: 8 S: 0 D: 0 I: 0
lab: 用 高 德 导 航 去 公 司 
rec: 用 高 德 导 航 去 公 司 

utt: 海蓝的氛围灯打开
WER: 0.00 % N: 8 C: 8 S: 0 D: 0 I: 0
lab: 海 蓝 的 氛 围 灯 打 开 
rec: 海 蓝 的 氛 围 灯 打 开 

utt: 设置个橙色的氛围灯
WER: 0.00 % N: 9 C: 9 S: 0 D: 0 I: 0
lab: 设 置 个 橙 色 的 氛 围 灯 
rec: 设 置 个 橙 色 的 氛 围 灯 

utt: 海蓝色的氛围灯开开
WER: 0.00 % N: 9 C: 9 S: 0 D: 0 I: 0
lab: 海 蓝 色 的 氛 围 灯 开 开 
rec: 海 蓝 色 的 氛 围 灯 开 开 

utt: 切换到橙色氛围灯
WER: 0.00 % N: 8 C: 8 S: 0 D: 0 I: 0
lab: 切 换 到 橙 色 氛 围 灯 
rec: 切 换 到 橙 色 氛 围 灯 

utt: 氛围灯设成粉色的
WER: 0.00 % N: 8 C: 8 S: 0 D: 0 I: 0
lab: 氛 围 灯 设 成 粉 色 的 
rec: 氛 围 灯 设 成 粉 色 的 

utt: 我想要个暖暖的小黄灯
WER: 0.00 % N: 10 C: 10 S: 0 D: 0 I: 0
lab: 我 想 要 个 暖 暖 的 小 黄 灯 
rec: 我 想 要 个 暖 暖 的 小 黄 灯 

utt: 氛围灯我要幻想风格的
WER: 0.00 % N: 10 C: 10 S: 0 D: 0 I: 0
lab: 氛 围 灯 我 要 幻 想 风 格 的 
rec: 氛 围 灯 我 要 幻 想 风 格 的 

utt: 我想让这个氛围灯暗点
WER: 0.00 % N: 10 C: 10 S: 0 D: 0 I: 0
lab: 我 想 让 这 个 氛 围 灯 暗 点 
rec: 我 想 让 这 个 氛 围 灯 暗 点 

utt: 把高德导航的路径引导取消
WER: 0.00 % N: 12 C: 12 S: 0 D: 0 I: 0
lab: 把 高 德 导 航 的 路 径 引 导 取 消 
rec: 把 高 德 导 航 的 路 径 引 导 取 消 

utt: 氛围灯自定义风格
WER: 0.00 % N: 8 C: 8 S: 0 D: 0 I: 0
lab: 氛 围 灯 自 定 义 风 格 
rec: 氛 围 灯 自 定 义 风 格 

utt: 帮我设置氛围灯暗一点
WER: 0.00 % N: 10 C: 10 S: 0 D: 0 I: 0
lab: 帮 我 设 置 氛 围 灯 暗 一 点 
rec: 帮 我 设 置 氛 围 灯 暗 一 点 

utt: 帮我开启氛围灯
WER: 0.00 % N: 7 C: 7 S: 0 D: 0 I: 0
lab: 帮 我 开 启 氛 围 灯 
rec: 帮 我 开 启 氛 围 灯 

utt: 缩小百度地图
WER: 0.00 % N: 6 C: 6 S: 0 D: 0 I: 0
lab: 缩 小 百 度 地 图 
rec: 缩 小 百 度 地 图 

utt: 我挺喜欢加勒比风格的那个灯
WER: 0.00 % N: 13 C: 13 S: 0 D: 0 I: 0
lab: 我 挺 喜 欢 加 勒 比 风 格 的 那 个 灯 
rec: 我 挺 喜 欢 加 勒 比 风 格 的 那 个 灯 

utt: 打开氛围灯
WER: 0.00 % N: 5 C: 5 S: 0 D: 0 I: 0
lab: 打 开 氛 围 灯 
rec: 打 开 氛 围 灯 

utt: 设置氛围灯的亮度最暗
WER: 0.00 % N: 10 C: 10 S: 0 D: 0 I: 0
lab: 设 置 氛 围 灯 的 亮 度 最 暗 
rec: 设 置 氛 围 灯 的 亮 度 最 暗 

utt: 个性化风格的氛围灯开开
WER: 0.00 % N: 11 C: 11 S: 0 D: 0 I: 0
lab: 个 性 化 风 格 的 氛 围 灯 开 开 
rec: 个 性 化 风 格 的 氛 围 灯 开 开 

utt: 把氛围灯弄个奥迪驾驶模式
WER: 0.00 % N: 12 C: 12 S: 0 D: 0 I: 0
lab: 把 氛 围 灯 弄 个 奥 迪 驾 驶 模 式 
rec: 把 氛 围 灯 弄 个 奥 迪 驾 驶 模 式 

utt: 把氛围灯给我开下
WER: 0.00 % N: 8 C: 8 S: 0 D: 0 I: 0
lab: 把 氛 围 灯 给 我 开 下 
rec: 把 氛 围 灯 给 我 开 下 

utt: 打开高德带我去中关村附近的4s店
WER: 0.00 % N: 15 C: 15 S: 0 D: 0 I: 0
lab: 打 开 高 德 带 我 去 中 关 村 附 近 的 4S 店 
rec: 打 开 高 德 带 我 去 中 关 村 附 近 的 4S 店 

utt: 设置成自定义的氛围灯
WER: 0.00 % N: 10 C: 10 S: 0 D: 0 I: 0
lab: 设 置 成 自 定 义 的 氛 围 灯 
rec: 设 置 成 自 定 义 的 氛 围 灯 

utt: 打开高德导航到国贸附近的汽车维修站
WER: 0.00 % N: 17 C: 17 S: 0 D: 0 I: 0
lab: 打 开 高 德 导 航 到 国 贸 附 近 的 汽 车 维 修 站 
rec: 打 开 高 德 导 航 到 国 贸 附 近 的 汽 车 维 修 站 

utt: 打开2d模式的百度地图
WER: 0.00 % N: 10 C: 10 S: 0 D: 0 I: 0
lab: 打 开 2D 模 式 的 百 度 地 图 
rec: 打 开 2D 模 式 的 百 度 地 图 

utt: 退出百度地图的全路径视图
WER: 0.00 % N: 12 C: 12 S: 0 D: 0 I: 0
lab: 退 出 百 度 地 图 的 全 路 径 视 图 
rec: 退 出 百 度 地 图 的 全 路 径 视 图 

utt: 我想开启氛围灯
WER: 0.00 % N: 7 C: 7 S: 0 D: 0 I: 0
lab: 我 想 开 启 氛 围 灯 
rec: 我 想 开 启 氛 围 灯 

utt: 进入百度地图带我去望京附近的麦当劳
WER: 0.00 % N: 17 C: 17 S: 0 D: 0 I: 0
lab: 进 入 百 度 地 图 带 我 去 望 京 附 近 的 麦 当 劳 
rec: 进 入 百 度 地 图 带 我 去 望 京 附 近 的 麦 当 劳 

utt: 灯给调暗点
WER: 0.00 % N: 5 C: 5 S: 0 D: 0 I: 0
lab: 灯 给 调 暗 点 
rec: 灯 给 调 暗 点 

utt: 高德地图的3d模式开一下
WER: 0.00 % N: 11 C: 11 S: 0 D: 0 I: 0
lab: 高 德 地 图 的 3D 模 式 开 一 下 
rec: 高 德 地 图 的 3D 模 式 开 一 下 

utt: 最暗的氛围灯给我打开
WER: 20.00 % N: 10 C: 8 S: 2 D: 0 I: 0
lab: 最 暗 的 氛 围 灯 给 我 打 开 
rec: 这 样 的 氛 围 灯 给 我 打 开 

utt: 我想关了氛围灯
WER: 0.00 % N: 7 C: 7 S: 0 D: 0 I: 0
lab: 我 想 关 了 氛 围 灯 
rec: 我 想 关 了 氛 围 灯 

utt: 请把氛围灯调到最亮
WER: 0.00 % N: 9 C: 9 S: 0 D: 0 I: 0
lab: 请 把 氛 围 灯 调 到 最 亮 
rec: 请 把 氛 围 灯 调 到 最 亮 

utt: 给我开氛围灯
WER: 0.00 % N: 6 C: 6 S: 0 D: 0 I: 0
lab: 给 我 开 氛 围 灯 
rec: 给 我 开 氛 围 灯 

utt: 请把氛围灯调到最暗
WER: 0.00 % N: 9 C: 9 S: 0 D: 0 I: 0
lab: 请 把 氛 围 灯 调 到 最 暗 
rec: 请 把 氛 围 灯 调 到 最 暗 

utt: 进到红色的氛围灯
WER: 0.00 % N: 8 C: 8 S: 0 D: 0 I: 0
lab: 进 到 红 色 的 氛 围 灯 
rec: 进 到 红 色 的 氛 围 灯 

utt: 开开自定义风格的氛围灯
WER: 0.00 % N: 11 C: 11 S: 0 D: 0 I: 0
lab: 开 开 自 定 义 风 格 的 氛 围 灯 
rec: 开 开 自 定 义 风 格 的 氛 围 灯 

utt: 氛围灯要日光的
WER: 0.00 % N: 7 C: 7 S: 0 D: 0 I: 0
lab: 氛 围 灯 要 日 光 的 
rec: 氛 围 灯 要 日 光 的 

utt: 我要氛围灯最暗的颜色
WER: 0.00 % N: 10 C: 10 S: 0 D: 0 I: 0
lab: 我 要 氛 围 灯 最 暗 的 颜 色 
rec: 我 要 氛 围 灯 最 暗 的 颜 色 

utt: 自定义的氛围灯帮我打开
WER: 0.00 % N: 11 C: 11 S: 0 D: 0 I: 0
lab: 自 定 义 的 氛 围 灯 帮 我 打 开 
rec: 自 定 义 的 氛 围 灯 帮 我 打 开 

utt: 我想开个氛围灯
WER: 0.00 % N: 7 C: 7 S: 0 D: 0 I: 0
lab: 我 想 开 个 氛 围 灯 
rec: 我 想 开 个 氛 围 灯 

utt: 氛围灯别开了
WER: 0.00 % N: 6 C: 6 S: 0 D: 0 I: 0
lab: 氛 围 灯 别 开 了 
rec: 氛 围 灯 别 开 了 

utt: 氛围灯关一下
WER: 0.00 % N: 6 C: 6 S: 0 D: 0 I: 0
lab: 氛 围 灯 关 一 下 
rec: 氛 围 灯 关 一 下 

utt: 我想关闭氛围灯
WER: 0.00 % N: 7 C: 7 S: 0 D: 0 I: 0
lab: 我 想 关 闭 氛 围 灯 
rec: 我 想 关 闭 氛 围 灯 

utt: 关了氛围灯我不需要了
WER: 0.00 % N: 10 C: 10 S: 0 D: 0 I: 0
lab: 关 了 氛 围 灯 我 不 需 要 了 
rec: 关 了 氛 围 灯 我 不 需 要 了 

utt: 调暗氛围灯
WER: 0.00 % N: 5 C: 5 S: 0 D: 0 I: 0
lab: 调 暗 氛 围 灯 
rec: 调 暗 氛 围 灯 

utt: 调成绿色的氛围灯
WER: 0.00 % N: 8 C: 8 S: 0 D: 0 I: 0
lab: 调 成 绿 色 的 氛 围 灯 
rec: 调 成 绿 色 的 氛 围 灯 

utt: 请打开激情风格的氛围灯
WER: 0.00 % N: 11 C: 11 S: 0 D: 0 I: 0
lab: 请 打 开 激 情 风 格 的 氛 围 灯 
rec: 请 打 开 激 情 风 格 的 氛 围 灯 

utt: 打开氛围灯最亮档
WER: 0.00 % N: 8 C: 8 S: 0 D: 0 I: 0
lab: 打 开 氛 围 灯 最 亮 档 
rec: 打 开 氛 围 灯 最 亮 档 

utt: 请把氛围灯关一下
WER: 0.00 % N: 8 C: 8 S: 0 D: 0 I: 0
lab: 请 把 氛 围 灯 关 一 下 
rec: 请 把 氛 围 灯 关 一 下 

utt: 我想用奥迪驾驶模式选择风格的氛围灯
WER: 0.00 % N: 17 C: 17 S: 0 D: 0 I: 0
lab: 我 想 用 奥 迪 驾 驶 模 式 选 择 风 格 的 氛 围 灯 
rec: 我 想 用 奥 迪 驾 驶 模 式 选 择 风 格 的 氛 围 灯 

utt: 帮我开开氛围灯
WER: 0.00 % N: 7 C: 7 S: 0 D: 0 I: 0
lab: 帮 我 开 开 氛 围 灯 
rec: 帮 我 开 开 氛 围 灯 

utt: 氛围灯能关上吗
WER: 14.29 % N: 7 C: 6 S: 1 D: 0 I: 0
lab: 氛 围 灯 能 关 上 吗 
rec: 氛 围 灯 能 关 上 了 

utt: 我要氛围灯最低的亮度
WER: 0.00 % N: 10 C: 10 S: 0 D: 0 I: 0
lab: 我 要 氛 围 灯 最 低 的 亮 度 
rec: 我 要 氛 围 灯 最 低 的 亮 度 

utt: 氛围灯亮一点
WER: 0.00 % N: 6 C: 6 S: 0 D: 0 I: 0
lab: 氛 围 灯 亮 一 点 
rec: 氛 围 灯 亮 一 点 

utt: 氛围灯的模式设为奥迪驾驶风格
WER: 0.00 % N: 14 C: 14 S: 0 D: 0 I: 0
lab: 氛 围 灯 的 模 式 设 为 奥 迪 驾 驶 风 格 
rec: 氛 围 灯 的 模 式 设 为 奥 迪 驾 驶 风 格 

utt: 我喜欢粉的氛围灯
WER: 0.00 % N: 8 C: 8 S: 0 D: 0 I: 0
lab: 我 喜 欢 粉 的 氛 围 灯 
rec: 我 喜 欢 粉 的 氛 围 灯 

utt: 请设置氛围灯为最亮
WER: 0.00 % N: 9 C: 9 S: 0 D: 0 I: 0
lab: 请 设 置 氛 围 灯 为 最 亮 
rec: 请 设 置 氛 围 灯 为 最 亮 

utt: 调亮氛围灯
WER: 0.00 % N: 5 C: 5 S: 0 D: 0 I: 0
lab: 调 亮 氛 围 灯 
rec: 调 亮 氛 围 灯 

utt: 进入高德导航去目的地附近的超市
WER: 0.00 % N: 15 C: 15 S: 0 D: 0 I: 0
lab: 进 入 高 德 导 航 去 目 的 地 附 近 的 超 市 
rec: 进 入 高 德 导 航 去 目 的 地 附 近 的 超 市 

utt: 调整氛围灯到奥迪驾驶模式选择风格
WER: 0.00 % N: 16 C: 16 S: 0 D: 0 I: 0
lab: 调 整 氛 围 灯 到 奥 迪 驾 驶 模 式 选 择 风 格 
rec: 调 整 氛 围 灯 到 奥 迪 驾 驶 模 式 选 择 风 格 

utt: 为我把氛围灯调到最暗
WER: 0.00 % N: 10 C: 10 S: 0 D: 0 I: 0
lab: 为 我 把 氛 围 灯 调 到 最 暗 
rec: 为 我 把 氛 围 灯 调 到 最 暗 

utt: 请设置氛围灯为最暗
WER: 0.00 % N: 9 C: 9 S: 0 D: 0 I: 0
lab: 请 设 置 氛 围 灯 为 最 暗 
rec: 请 设 置 氛 围 灯 为 最 暗 

utt: 氛围灯给弄到奥迪驾驶模式选择风格吧
WER: 0.00 % N: 17 C: 17 S: 0 D: 0 I: 0
lab: 氛 围 灯 给 弄 到 奥 迪 驾 驶 模 式 选 择 风 格 吧 
rec: 氛 围 灯 给 弄 到 奥 迪 驾 驶 模 式 选 择 风 格 吧 

utt: 高德导航一下我家附近的加油站
WER: 0.00 % N: 14 C: 14 S: 0 D: 0 I: 0
lab: 高 德 导 航 一 下 我 家 附 近 的 加 油 站 
rec: 高 德 导 航 一 下 我 家 附 近 的 加 油 站 

utt: 我要最暗的氛围灯
WER: 0.00 % N: 8 C: 8 S: 0 D: 0 I: 0
lab: 我 要 最 暗 的 氛 围 灯 
rec: 我 要 最 暗 的 氛 围 灯 

utt: 打开百度导航去公司
WER: 0.00 % N: 9 C: 9 S: 0 D: 0 I: 0
lab: 打 开 百 度 导 航 去 公 司 
rec: 打 开 百 度 导 航 去 公 司 

utt: 帮我调暗氛围灯
WER: 0.00 % N: 7 C: 7 S: 0 D: 0 I: 0
lab: 帮 我 调 暗 氛 围 灯 
rec: 帮 我 调 暗 氛 围 灯 

utt: 百度地图显示成3d模式
WER: 0.00 % N: 10 C: 10 S: 0 D: 0 I: 0
lab: 百 度 地 图 显 示 成 3D 模 式 
rec: 百 度 地 图 显 示 成 3D 模 式 

utt: 关闭氛围灯
WER: 0.00 % N: 5 C: 5 S: 0 D: 0 I: 0
lab: 关 闭 氛 围 灯 
rec: 关 闭 氛 围 灯 

utt: 打开百度地图带我去附近的肯德基
WER: 0.00 % N: 15 C: 15 S: 0 D: 0 I: 0
lab: 打 开 百 度 地 图 带 我 去 附 近 的 肯 德 基 
rec: 打 开 百 度 地 图 带 我 去 附 近 的 肯 德 基 

utt: 高德地图中的路况显示开一下
WER: 0.00 % N: 13 C: 13 S: 0 D: 0 I: 0
lab: 高 德 地 图 中 的 路 况 显 示 开 一 下 
rec: 高 德 地 图 中 的 路 况 显 示 开 一 下 

utt: 氛围灯设置关掉吧
WER: 0.00 % N: 8 C: 8 S: 0 D: 0 I: 0
lab: 氛 围 灯 设 置 关 掉 吧 
rec: 氛 围 灯 设 置 关 掉 吧 

utt: 打开加勒比风格的灯
WER: 0.00 % N: 9 C: 9 S: 0 D: 0 I: 0
lab: 打 开 加 勒 比 风 格 的 灯 
rec: 打 开 加 勒 比 风 格 的 灯 

utt: 换个粉色的灯吧
WER: 0.00 % N: 7 C: 7 S: 0 D: 0 I: 0
lab: 换 个 粉 色 的 灯 吧 
rec: 换 个 粉 色 的 灯 吧 

utt: 开一下氛围灯
WER: 0.00 % N: 6 C: 6 S: 0 D: 0 I: 0
lab: 开 一 下 氛 围 灯 
rec: 开 一 下 氛 围 灯 

utt: 我想设置氛围灯
WER: 0.00 % N: 7 C: 7 S: 0 D: 0 I: 0
lab: 我 想 设 置 氛 围 灯 
rec: 我 想 设 置 氛 围 灯 

utt: 红色的氛围灯
WER: 0.00 % N: 6 C: 6 S: 0 D: 0 I: 0
lab: 红 色 的 氛 围 灯 
rec: 红 色 的 氛 围 灯 

utt: 给我海滨风格的氛围灯
WER: 0.00 % N: 10 C: 10 S: 0 D: 0 I: 0
lab: 给 我 海 滨 风 格 的 氛 围 灯 
rec: 给 我 海 滨 风 格 的 氛 围 灯 

utt: 灯调到日光风格
WER: 0.00 % N: 7 C: 7 S: 0 D: 0 I: 0
lab: 灯 调 到 日 光 风 格 
rec: 灯 调 到 日 光 风 格 

utt: 粉红的氛围灯
WER: 0.00 % N: 6 C: 6 S: 0 D: 0 I: 0
lab: 粉 红 的 氛 围 灯 
rec: 粉 红 的 氛 围 灯 

utt: 氛围灯给我打开
WER: 0.00 % N: 7 C: 7 S: 0 D: 0 I: 0
lab: 氛 围 灯 给 我 打 开 
rec: 氛 围 灯 给 我 打 开 

utt: 氛围灯给弄成奥迪驾驶模式选择风格
WER: 0.00 % N: 16 C: 16 S: 0 D: 0 I: 0
lab: 氛 围 灯 给 弄 成 奥 迪 驾 驶 模 式 选 择 风 格 
rec: 氛 围 灯 给 弄 成 奥 迪 驾 驶 模 式 选 择 风 格 

utt: 轮廓风格的氛围灯打开吧
WER: 0.00 % N: 11 C: 11 S: 0 D: 0 I: 0
lab: 轮 廓 风 格 的 氛 围 灯 打 开 吧 
rec: 轮 廓 风 格 的 氛 围 灯 打 开 吧 

utt: 蓝色的氛围灯开一下
WER: 0.00 % N: 9 C: 9 S: 0 D: 0 I: 0
lab: 蓝 色 的 氛 围 灯 开 一 下 
rec: 蓝 色 的 氛 围 灯 开 一 下 

utt: 氛围灯切到奥迪驾驶模式吧
WER: 0.00 % N: 12 C: 12 S: 0 D: 0 I: 0
lab: 氛 围 灯 切 到 奥 迪 驾 驶 模 式 吧 
rec: 氛 围 灯 切 到 奥 迪 驾 驶 模 式 吧 

utt: 我想把氛围灯调到奥迪驾驶模式选择风格
WER: 5.56 % N: 18 C: 17 S: 1 D: 0 I: 0
lab: 我 想 把 氛 围 灯 调 到 奥 迪 驾 驶 模 式 选 择 风 格 
rec: 我 想 把 氛 围 灯 调 的 奥 迪 驾 驶 模 式 选 择 风 格 

utt: 我想用奥迪驾驶风格的氛围灯
WER: 0.00 % N: 13 C: 13 S: 0 D: 0 I: 0
lab: 我 想 用 奥 迪 驾 驶 风 格 的 氛 围 灯 
rec: 我 想 用 奥 迪 驾 驶 风 格 的 氛 围 灯 

utt: 氛围灯帮我调到最亮
WER: 0.00 % N: 9 C: 9 S: 0 D: 0 I: 0
lab: 氛 围 灯 帮 我 调 到 最 亮 
rec: 氛 围 灯 帮 我 调 到 最 亮 

utt: 打开高德设置公司地址在京仪科技大厦
WER: 0.00 % N: 17 C: 17 S: 0 D: 0 I: 0
lab: 打 开 高 德 设 置 公 司 地 址 在 京 仪 科 技 大 厦 
rec: 打 开 高 德 设 置 公 司 地 址 在 京 仪 科 技 大 厦 

utt: 切成粉红的氛围灯吧
WER: 0.00 % N: 9 C: 9 S: 0 D: 0 I: 0
lab: 切 成 粉 红 的 氛 围 灯 吧 
rec: 切 成 粉 红 的 氛 围 灯 吧 

utt: 帮我把高德地图缩小
WER: 0.00 % N: 9 C: 9 S: 0 D: 0 I: 0
lab: 帮 我 把 高 德 地 图 缩 小 
rec: 帮 我 把 高 德 地 图 缩 小 

utt: 用百度导航回家
WER: 0.00 % N: 7 C: 7 S: 0 D: 0 I: 0
lab: 用 百 度 导 航 回 家 
rec: 用 百 度 导 航 回 家 

utt: 打开轮廓的氛围灯
WER: 0.00 % N: 8 C: 8 S: 0 D: 0 I: 0
lab: 打 开 轮 廓 的 氛 围 灯 
rec: 打 开 轮 廓 的 氛 围 灯 

utt: 现在用奥迪驾驶模式的氛围灯吧
WER: 0.00 % N: 14 C: 14 S: 0 D: 0 I: 0
lab: 现 在 用 奥 迪 驾 驶 模 式 的 氛 围 灯 吧 
rec: 现 在 用 奥 迪 驾 驶 模 式 的 氛 围 灯 吧 

utt: 请把氛围灯调亮
WER: 0.00 % N: 7 C: 7 S: 0 D: 0 I: 0
lab: 请 把 氛 围 灯 调 亮 
rec: 请 把 氛 围 灯 调 亮 

utt: 打开氛围灯最暗的档
WER: 0.00 % N: 9 C: 9 S: 0 D: 0 I: 0
lab: 打 开 氛 围 灯 最 暗 的 档 
rec: 打 开 氛 围 灯 最 暗 的 档 

utt: 现在换成蓝的灯
WER: 0.00 % N: 7 C: 7 S: 0 D: 0 I: 0
lab: 现 在 换 成 蓝 的 灯 
rec: 现 在 换 成 蓝 的 灯 

utt: 刚才高德导航的语音再播报一次
WER: 7.14 % N: 14 C: 13 S: 1 D: 0 I: 0
lab: 刚 才 高 德 导 航 的 语 音 再 播 报 一 次 
rec: 刚 才 高 德 导 航 的 语 音 在 播 报 一 次 

utt: 给我把氛围灯弄到奥迪驾驶模式选择风格
WER: 0.00 % N: 18 C: 18 S: 0 D: 0 I: 0
lab: 给 我 把 氛 围 灯 弄 到 奥 迪 驾 驶 模 式 选 择 风 格 
rec: 给 我 把 氛 围 灯 弄 到 奥 迪 驾 驶 模 式 选 择 风 格 

utt: 黄色的灯帮我打开
WER: 0.00 % N: 8 C: 8 S: 0 D: 0 I: 0
lab: 黄 色 的 灯 帮 我 打 开 
rec: 黄 色 的 灯 帮 我 打 开 

utt: 一个橙色的灯
WER: 0.00 % N: 6 C: 6 S: 0 D: 0 I: 0
lab: 一 个 橙 色 的 灯 
rec: 一 个 橙 色 的 灯 

utt: 打开氛围灯的日光风格
WER: 0.00 % N: 10 C: 10 S: 0 D: 0 I: 0
lab: 打 开 氛 围 灯 的 日 光 风 格 
rec: 打 开 氛 围 灯 的 日 光 风 格 

utt: 我想要亮度最低的氛围灯
WER: 0.00 % N: 11 C: 11 S: 0 D: 0 I: 0
lab: 我 想 要 亮 度 最 低 的 氛 围 灯 
rec: 我 想 要 亮 度 最 低 的 氛 围 灯 

utt: 轮廓氛围灯
WER: 0.00 % N: 5 C: 5 S: 0 D: 0 I: 0
lab: 轮 廓 氛 围 灯 
rec: 轮 廓 氛 围 灯 

utt: 把灯调到轮廓风格
WER: 0.00 % N: 8 C: 8 S: 0 D: 0 I: 0
lab: 把 灯 调 到 轮 廓 风 格 
rec: 把 灯 调 到 轮 廓 风 格 

utt: 氛围灯关了吧
WER: 0.00 % N: 6 C: 6 S: 0 D: 0 I: 0
lab: 氛 围 灯 关 了 吧 
rec: 氛 围 灯 关 了 吧 

utt: 自定义的氛围灯打开吧
WER: 0.00 % N: 10 C: 10 S: 0 D: 0 I: 0
lab: 自 定 义 的 氛 围 灯 打 开 吧 
rec: 自 定 义 的 氛 围 灯 打 开 吧 

utt: 氛围灯亮度最低
WER: 0.00 % N: 7 C: 7 S: 0 D: 0 I: 0
lab: 氛 围 灯 亮 度 最 低 
rec: 氛 围 灯 亮 度 最 低 

utt: 来个蓝的灯吧
WER: 0.00 % N: 6 C: 6 S: 0 D: 0 I: 0
lab: 来 个 蓝 的 灯 吧 
rec: 来 个 蓝 的 灯 吧 

utt: 请为我把氛围灯亮度调成最高
WER: 0.00 % N: 13 C: 13 S: 0 D: 0 I: 0
lab: 请 为 我 把 氛 围 灯 亮 度 调 成 最 高 
rec: 请 为 我 把 氛 围 灯 亮 度 调 成 最 高 

utt: 把氛围灯调暗
WER: 0.00 % N: 6 C: 6 S: 0 D: 0 I: 0
lab: 把 氛 围 灯 调 暗 
rec: 把 氛 围 灯 调 暗 

utt: 我要个个性化的氛围灯
WER: 0.00 % N: 10 C: 10 S: 0 D: 0 I: 0
lab: 我 要 个 个 性 化 的 氛 围 灯 
rec: 我 要 个 个 性 化 的 氛 围 灯 

utt: 请调亮氛围灯
WER: 0.00 % N: 6 C: 6 S: 0 D: 0 I: 0
lab: 请 调 亮 氛 围 灯 
rec: 请 调 亮 氛 围 灯 

utt: 把氛围灯调亮
WER: 0.00 % N: 6 C: 6 S: 0 D: 0 I: 0
lab: 把 氛 围 灯 调 亮 
rec: 把 氛 围 灯 调 亮 

utt: 打开百度地图设置模式为白天
WER: 0.00 % N: 13 C: 13 S: 0 D: 0 I: 0
lab: 打 开 百 度 地 图 设 置 模 式 为 白 天 
rec: 打 开 百 度 地 图 设 置 模 式 为 白 天 

utt: 设置氛围灯亮一些
WER: 0.00 % N: 8 C: 8 S: 0 D: 0 I: 0
lab: 设 置 氛 围 灯 亮 一 些 
rec: 设 置 氛 围 灯 亮 一 些 

utt: 打开最暗的氛围灯
WER: 0.00 % N: 8 C: 8 S: 0 D: 0 I: 0
lab: 打 开 最 暗 的 氛 围 灯 
rec: 打 开 最 暗 的 氛 围 灯 

utt: 氛围灯给我设置为奥迪驾驶模式
WER: 0.00 % N: 14 C: 14 S: 0 D: 0 I: 0
lab: 氛 围 灯 给 我 设 置 为 奥 迪 驾 驶 模 式 
rec: 氛 围 灯 给 我 设 置 为 奥 迪 驾 驶 模 式 

utt: 灯给调到激情版本
WER: 12.50 % N: 8 C: 7 S: 1 D: 0 I: 0
lab: 灯 给 调 到 激 情 版 本 
rec: 灯 给 调 的 激 情 版 本 

utt: 灯给弄亮点
WER: 0.00 % N: 5 C: 5 S: 0 D: 0 I: 0
lab: 灯 给 弄 亮 点 
rec: 灯 给 弄 亮 点 

utt: 设置氛围灯到奥迪驾驶模式选择风格
WER: 0.00 % N: 16 C: 16 S: 0 D: 0 I: 0
lab: 设 置 氛 围 灯 到 奥 迪 驾 驶 模 式 选 择 风 格 
rec: 设 置 氛 围 灯 到 奥 迪 驾 驶 模 式 选 择 风 格 

utt: 打开百度地图带我去一下五棵松
WER: 0.00 % N: 14 C: 14 S: 0 D: 0 I: 0
lab: 打 开 百 度 地 图 带 我 去 一 下 五 棵 松 
rec: 打 开 百 度 地 图 带 我 去 一 下 五 棵 松 

utt: 设置最暗的氛围灯给我
WER: 0.00 % N: 10 C: 10 S: 0 D: 0 I: 0
lab: 设 置 最 暗 的 氛 围 灯 给 我 
rec: 设 置 最 暗 的 氛 围 灯 给 我 

utt: 进入轮廓风格的氛围灯
WER: 0.00 % N: 10 C: 10 S: 0 D: 0 I: 0
lab: 进 入 轮 廓 风 格 的 氛 围 灯 
rec: 进 入 轮 廓 风 格 的 氛 围 灯 

utt: 我想调暗氛围灯
WER: 0.00 % N: 7 C: 7 S: 0 D: 0 I: 0
lab: 我 想 调 暗 氛 围 灯 
rec: 我 想 调 暗 氛 围 灯 

utt: 我想氛围灯最暗
WER: 0.00 % N: 7 C: 7 S: 0 D: 0 I: 0
lab: 我 想 氛 围 灯 最 暗 
rec: 我 想 氛 围 灯 最 暗 

utt: 选择用奥迪驾驶模式的氛围灯
WER: 0.00 % N: 13 C: 13 S: 0 D: 0 I: 0
lab: 选 择 用 奥 迪 驾 驶 模 式 的 氛 围 灯 
rec: 选 择 用 奥 迪 驾 驶 模 式 的 氛 围 灯 

utt: 切换氛围灯到奥迪驾驶模式选择风格
WER: 0.00 % N: 16 C: 16 S: 0 D: 0 I: 0
lab: 切 换 氛 围 灯 到 奥 迪 驾 驶 模 式 选 择 风 格 
rec: 切 换 氛 围 灯 到 奥 迪 驾 驶 模 式 选 择 风 格 

utt: 大红的氛围灯
WER: 0.00 % N: 6 C: 6 S: 0 D: 0 I: 0
lab: 大 红 的 氛 围 灯 
rec: 大 红 的 氛 围 灯 

utt: 打开百度地图的路况显示
WER: 0.00 % N: 11 C: 11 S: 0 D: 0 I: 0
lab: 打 开 百 度 地 图 的 路 况 显 示 
rec: 打 开 百 度 地 图 的 路 况 显 示 

utt: 麻烦把氛围灯亮度设置成最低
WER: 0.00 % N: 13 C: 13 S: 0 D: 0 I: 0
lab: 麻 烦 把 氛 围 灯 亮 度 设 置 成 最 低 
rec: 麻 烦 把 氛 围 灯 亮 度 设 置 成 最 低 

utt: 设置氛围灯
WER: 0.00 % N: 5 C: 5 S: 0 D: 0 I: 0
lab: 设 置 氛 围 灯 
rec: 设 置 氛 围 灯 

utt: 高德导航不再避开收费
WER: 0.00 % N: 10 C: 10 S: 0 D: 0 I: 0
lab: 高 德 导 航 不 再 避 开 收 费 
rec: 高 德 导 航 不 再 避 开 收 费 

utt: 开开幻想风格的氛围灯
WER: 0.00 % N: 10 C: 10 S: 0 D: 0 I: 0
lab: 开 开 幻 想 风 格 的 氛 围 灯 
rec: 开 开 幻 想 风 格 的 氛 围 灯 

utt: 打开激情风格的氛围灯
WER: 0.00 % N: 10 C: 10 S: 0 D: 0 I: 0
lab: 打 开 激 情 风 格 的 氛 围 灯 
rec: 打 开 激 情 风 格 的 氛 围 灯 

utt: 我想把氛围灯关了
WER: 0.00 % N: 8 C: 8 S: 0 D: 0 I: 0
lab: 我 想 把 氛 围 灯 关 了 
rec: 我 想 把 氛 围 灯 关 了 

utt: 氛围灯选择奥迪驾驶模式
WER: 0.00 % N: 11 C: 11 S: 0 D: 0 I: 0
lab: 氛 围 灯 选 择 奥 迪 驾 驶 模 式 
rec: 氛 围 灯 选 择 奥 迪 驾 驶 模 式 

utt: 氛围灯的风格设置为奥迪驾驶模式
WER: 0.00 % N: 15 C: 15 S: 0 D: 0 I: 0
lab: 氛 围 灯 的 风 格 设 置 为 奥 迪 驾 驶 模 式 
rec: 氛 围 灯 的 风 格 设 置 为 奥 迪 驾 驶 模 式 

utt: 蓝色的灯打开
WER: 0.00 % N: 6 C: 6 S: 0 D: 0 I: 0
lab: 蓝 色 的 灯 打 开 
rec: 蓝 色 的 灯 打 开 

utt: 氛围灯风格换到奥迪驾驶模式
WER: 0.00 % N: 13 C: 13 S: 0 D: 0 I: 0
lab: 氛 围 灯 风 格 换 到 奥 迪 驾 驶 模 式 
rec: 氛 围 灯 风 格 换 到 奥 迪 驾 驶 模 式 

utt: 打开高德导航开始路径引导
WER: 0.00 % N: 12 C: 12 S: 0 D: 0 I: 0
lab: 打 开 高 德 导 航 开 始 路 径 引 导 
rec: 打 开 高 德 导 航 开 始 路 径 引 导 

utt: 能把氛围灯关了吗
WER: 0.00 % N: 8 C: 8 S: 0 D: 0 I: 0
lab: 能 把 氛 围 灯 关 了 吗 
rec: 能 把 氛 围 灯 关 了 吗 

utt: 我想打开白色的氛围灯
WER: 0.00 % N: 10 C: 10 S: 0 D: 0 I: 0
lab: 我 想 打 开 白 色 的 氛 围 灯 
rec: 我 想 打 开 白 色 的 氛 围 灯 

utt: 打开百度地图导航去苏州街和丹棱街的交叉路口
WER: 0.00 % N: 21 C: 21 S: 0 D: 0 I: 0
lab: 打 开 百 度 地 图 导 航 去 苏 州 街 和 丹 棱 街 的 交 叉 路 口 
rec: 打 开 百 度 地 图 导 航 去 苏 州 街 和 丹 棱 街 的 交 叉 路 口 

utt: 氛围灯设为奥迪驾驶模式选择风格
WER: 0.00 % N: 15 C: 15 S: 0 D: 0 I: 0
lab: 氛 围 灯 设 为 奥 迪 驾 驶 模 式 选 择 风 格 
rec: 氛 围 灯 设 为 奥 迪 驾 驶 模 式 选 择 风 格 

utt: 氛围灯帮我调最暗
WER: 0.00 % N: 8 C: 8 S: 0 D: 0 I: 0
lab: 氛 围 灯 帮 我 调 最 暗 
rec: 氛 围 灯 帮 我 调 最 暗 

utt: 氛围灯暗一点
WER: 0.00 % N: 6 C: 6 S: 0 D: 0 I: 0
lab: 氛 围 灯 暗 一 点 
rec: 氛 围 灯 暗 一 点 

utt: 我想选择奥迪驾驶风格的氛围灯
WER: 0.00 % N: 14 C: 14 S: 0 D: 0 I: 0
lab: 我 想 选 择 奥 迪 驾 驶 风 格 的 氛 围 灯 
rec: 我 想 选 择 奥 迪 驾 驶 风 格 的 氛 围 灯 

utt: 把百度的语音导航关闭
WER: 0.00 % N: 10 C: 10 S: 0 D: 0 I: 0
lab: 把 百 度 的 语 音 导 航 关 闭 
rec: 把 百 度 的 语 音 导 航 关 闭 

utt: 日光氛围灯
WER: 0.00 % N: 5 C: 5 S: 0 D: 0 I: 0
lab: 日 光 氛 围 灯 
rec: 日 光 氛 围 灯 

utt: 给我弄个橙色的灯吧
WER: 0.00 % N: 9 C: 9 S: 0 D: 0 I: 0
lab: 给 我 弄 个 橙 色 的 灯 吧 
rec: 给 我 弄 个 橙 色 的 灯 吧 

utt: 在百度导航中设置只走高速
WER: 0.00 % N: 12 C: 12 S: 0 D: 0 I: 0
lab: 在 百 度 导 航 中 设 置 只 走 高 速 
rec: 在 百 度 导 航 中 设 置 只 走 高 速 

utt: 帮我关上氛围灯
WER: 0.00 % N: 7 C: 7 S: 0 D: 0 I: 0
lab: 帮 我 关 上 氛 围 灯 
rec: 帮 我 关 上 氛 围 灯 

utt: 帮我设置氛围灯亮一点
WER: 0.00 % N: 10 C: 10 S: 0 D: 0 I: 0
lab: 帮 我 设 置 氛 围 灯 亮 一 点 
rec: 帮 我 设 置 氛 围 灯 亮 一 点 

utt: 我想弄个比较激情风格的氛围灯
WER: 0.00 % N: 14 C: 14 S: 0 D: 0 I: 0
lab: 我 想 弄 个 比 较 激 情 风 格 的 氛 围 灯 
rec: 我 想 弄 个 比 较 激 情 风 格 的 氛 围 灯 

utt: 进入氛围灯的轮廓风格
WER: 0.00 % N: 10 C: 10 S: 0 D: 0 I: 0
lab: 进 入 氛 围 灯 的 轮 廓 风 格 
rec: 进 入 氛 围 灯 的 轮 廓 风 格 

utt: 氛围灯我喜欢白的
WER: 0.00 % N: 8 C: 8 S: 0 D: 0 I: 0
lab: 氛 围 灯 我 喜 欢 白 的 
rec: 氛 围 灯 我 喜 欢 白 的 

utt: 进入高德导航去附近的永辉超市
WER: 0.00 % N: 14 C: 14 S: 0 D: 0 I: 0
lab: 进 入 高 德 导 航 去 附 近 的 永 辉 超 市 
rec: 进 入 高 德 导 航 去 附 近 的 永 辉 超 市 

utt: 红的氛围灯
WER: 0.00 % N: 5 C: 5 S: 0 D: 0 I: 0
lab: 红 的 氛 围 灯 
rec: 红 的 氛 围 灯 

utt: 粉色的氛围灯能打开吗
WER: 0.00 % N: 10 C: 10 S: 0 D: 0 I: 0
lab: 粉 色 的 氛 围 灯 能 打 开 吗 
rec: 粉 色 的 氛 围 灯 能 打 开 吗 

utt: 氛围灯给改成粉红色吧
WER: 0.00 % N: 10 C: 10 S: 0 D: 0 I: 0
lab: 氛 围 灯 给 改 成 粉 红 色 吧 
rec: 氛 围 灯 给 改 成 粉 红 色 吧 

utt: 来个蓝的氛围灯吧
WER: 0.00 % N: 8 C: 8 S: 0 D: 0 I: 0
lab: 来 个 蓝 的 氛 围 灯 吧 
rec: 来 个 蓝 的 氛 围 灯 吧 

utt: 给我换成粉粉的小灯
WER: 0.00 % N: 9 C: 9 S: 0 D: 0 I: 0
lab: 给 我 换 成 粉 粉 的 小 灯 
rec: 给 我 换 成 粉 粉 的 小 灯 

utt: 百度地图放大一下
WER: 0.00 % N: 8 C: 8 S: 0 D: 0 I: 0
lab: 百 度 地 图 放 大 一 下 
rec: 百 度 地 图 放 大 一 下 

utt: 来个轮廓风格的氛围灯
WER: 0.00 % N: 10 C: 10 S: 0 D: 0 I: 0
lab: 来 个 轮 廓 风 格 的 氛 围 灯 
rec: 来 个 轮 廓 风 格 的 氛 围 灯 

utt: 红的氛围灯更好点
WER: 0.00 % N: 8 C: 8 S: 0 D: 0 I: 0
lab: 红 的 氛 围 灯 更 好 点 
rec: 红 的 氛 围 灯 更 好 点 

utt: 氛围灯进到奥迪驾驶风格
WER: 0.00 % N: 11 C: 11 S: 0 D: 0 I: 0
lab: 氛 围 灯 进 到 奥 迪 驾 驶 风 格 
rec: 氛 围 灯 进 到 奥 迪 驾 驶 风 格 

utt: 帮我关一下氛围灯
WER: 0.00 % N: 8 C: 8 S: 0 D: 0 I: 0
lab: 帮 我 关 一 下 氛 围 灯 
rec: 帮 我 关 一 下 氛 围 灯 

utt: 弄个日光风格的氛围灯
WER: 0.00 % N: 10 C: 10 S: 0 D: 0 I: 0
lab: 弄 个 日 光 风 格 的 氛 围 灯 
rec: 弄 个 日 光 风 格 的 氛 围 灯 

utt: 关了氛围灯
WER: 0.00 % N: 5 C: 5 S: 0 D: 0 I: 0
lab: 关 了 氛 围 灯 
rec: 关 了 氛 围 灯 

utt: 打开高德地图车头向上
WER: 0.00 % N: 10 C: 10 S: 0 D: 0 I: 0
lab: 打 开 高 德 地 图 车 头 向 上 
rec: 打 开 高 德 地 图 车 头 向 上 

utt: 激情的氛围灯
WER: 0.00 % N: 6 C: 6 S: 0 D: 0 I: 0
lab: 激 情 的 氛 围 灯 
rec: 激 情 的 氛 围 灯 

utt: 传说中的轮廓风格的灯
WER: 0.00 % N: 10 C: 10 S: 0 D: 0 I: 0
lab: 传 说 中 的 轮 廓 风 格 的 灯 
rec: 传 说 中 的 轮 廓 风 格 的 灯 

utt: 灯给调到激情风格
WER: 12.50 % N: 8 C: 7 S: 1 D: 0 I: 0
lab: 灯 给 调 到 激 情 风 格 
rec: 灯 给 调 的 激 情 风 格 

utt: 氛围灯的风格选择奥迪驾驶模式
WER: 0.00 % N: 14 C: 14 S: 0 D: 0 I: 0
lab: 氛 围 灯 的 风 格 选 择 奥 迪 驾 驶 模 式 
rec: 氛 围 灯 的 风 格 选 择 奥 迪 驾 驶 模 式 

utt: 给我弄个奥迪驾驶模式的氛围灯
WER: 0.00 % N: 14 C: 14 S: 0 D: 0 I: 0
lab: 给 我 弄 个 奥 迪 驾 驶 模 式 的 氛 围 灯 
rec: 给 我 弄 个 奥 迪 驾 驶 模 式 的 氛 围 灯 

utt: 我想打开氛围灯奥迪驾驶模式选择风格
WER: 0.00 % N: 17 C: 17 S: 0 D: 0 I: 0
lab: 我 想 打 开 氛 围 灯 奥 迪 驾 驶 模 式 选 择 风 格 
rec: 我 想 打 开 氛 围 灯 奥 迪 驾 驶 模 式 选 择 风 格 
===========================================================================

Overall -> 0.47 % N: 4287 C: 4267 S: 18 D: 2 I: 0
Mandarin -> 0.47 % N: 4280 C: 4260 S: 18 D: 2 I: 0
Other -> 0.00 % N: 5 C: 5 S: 0 D: 0 I: 0
Number -> 0.00 % N: 2 C: 2 S: 0 D: 0 I: 0

===========================================================================
