
utt: 帮我导航到1933老场坊
WER: 0.00 % N: 9 C: 9 S: 0 D: 0 I: 0
lab: 帮 我 导 航 到 1933 老 场 坊 
rec: 帮 我 导 航 到 1933 老 场 坊 

utt: 导航去新中关的西贝莜面
WER: 0.00 % N: 11 C: 11 S: 0 D: 0 I: 0
lab: 导 航 去 新 中 关 的 西 贝 莜 面 
rec: 导 航 去 新 中 关 的 西 贝 莜 面 

utt: 找一家有宫爆鸡丁的湖南菜
WER: 0.00 % N: 12 C: 12 S: 0 D: 0 I: 0
lab: 找 一 家 有 宫 爆 鸡 丁 的 湖 南 菜 
rec: 找 一 家 有 宫 爆 鸡 丁 的 湖 南 菜 

utt: 我累了
WER: 0.00 % N: 3 C: 3 S: 0 D: 0 I: 0
lab: 我 累 了 
rec: 我 累 了 

utt: 帮我导航去保定市城苑路88号
WER: 0.00 % N: 13 C: 13 S: 0 D: 0 I: 0
lab: 帮 我 导 航 去 保 定 市 城 苑 路 88 号 
rec: 帮 我 导 航 去 保 定 市 城 苑 路 88 号 

utt: 我累了
WER: 0.00 % N: 3 C: 3 S: 0 D: 0 I: 0
lab:  我 累 了 
rec:  我 累 了 

utt: 帮我找个酒店
WER: 0.00 % N: 6 C: 6 S: 0 D: 0 I: 0
lab: 帮 我 找 个 酒 店 
rec: 帮 我 找 个 酒 店 

utt: 请导航到附近的家乐福
WER: 0.00 % N: 10 C: 10 S: 0 D: 0 I: 0
lab: 请 导 航 到 附 近 的 家 乐 福 
rec: 请 导 航 到 附 近 的 家 乐 福 

utt: 找一下上海的家乐福
WER: 0.00 % N: 9 C: 9 S: 0 D: 0 I: 0
lab: 找 一 下 上 海 的 家 乐 福 
rec: 找 一 下 上 海 的 家 乐 福 

utt: 给我导到广州市的希尔顿酒店
WER: 0.00 % N: 13 C: 13 S: 0 D: 0 I: 0
lab: 给 我 导 到 广 州 市 的 希 尔 顿 酒 店 
rec: 给 我 导 到 广 州 市 的 希 尔 顿 酒 店 

utt: 找找车公庄那边最便宜的商务酒店
WER: 0.00 % N: 15 C: 15 S: 0 D: 0 I: 0
lab: 找 找 车 公 庄 那 边 最 便 宜 的 商 务 酒 店 
rec: 找 找 车 公 庄 那 边 最 便 宜 的 商 务 酒 店 

utt: 我要去人民广场附近便宜的蛋糕店
WER: 0.00 % N: 15 C: 15 S: 0 D: 0 I: 0
lab: 我 要 去 人 民 广 场 附 近 便 宜 的 蛋 糕 店 
rec: 我 要 去 人 民 广 场 附 近 便 宜 的 蛋 糕 店 

utt: 导航到南京浦口火车站
WER: 0.00 % N: 10 C: 10 S: 0 D: 0 I: 0
lab: 导 航 到 南 京 浦 口 火 车 站 
rec: 导 航 到 南 京 浦 口 火 车 站 

utt: 导航去200元左右一晚的酒店
WER: 0.00 % N: 12 C: 12 S: 0 D: 0 I: 0
lab: 导 航 去 200 元 左 右 一 晚 的 酒 店 
rec: 导 航 去 200 元 左 右 一 晚 的 酒 店 

utt: 我要去新中关附近的呷哺
WER: 0.00 % N: 11 C: 11 S: 0 D: 0 I: 0
lab: 我 要 去 新 中 关 附 近 的 呷 哺 
rec: 我 要 去 新 中 关 附 近 的 呷 哺 

utt: 北京世贸天阶附近有停车的地方吗
WER: 0.00 % N: 15 C: 15 S: 0 D: 0 I: 0
lab: 北 京 世 贸 天 阶 附 近 有 停 车 的 地 方 吗 
rec: 北 京 世 贸 天 阶 附 近 有 停 车 的 地 方 吗 

utt: 我要到即墨路和浦东南路叉路口
WER: 0.00 % N: 14 C: 14 S: 0 D: 0 I: 0
lab: 我 要 到 即 墨 路 和 浦 东 南 路 叉 路 口 
rec: 我 要 到 即 墨 路 和 浦 东 南 路 叉 路 口 

utt: 带我们去北京市朝阳区雅宝路2号的首都儿科研究所
WER: 0.00 % N: 23 C: 23 S: 0 D: 0 I: 0
lab: 带 我 们 去 北 京 市 朝 阳 区 雅 宝 路 2 号 的 首 都 儿 科 研 究 所 
rec: 带 我 们 去 北 京 市 朝 阳 区 雅 宝 路 2 号 的 首 都 儿 科 研 究 所 

utt: 帮我导航到广州w酒店
WER: 0.00 % N: 10 C: 10 S: 0 D: 0 I: 0
lab: 帮 我 导 航 到 广 州 W 酒 店 
rec: 帮 我 导 航 到 广 州 W 酒 店 

utt: 我想去张妈妈特色川菜馆
WER: 0.00 % N: 11 C: 11 S: 0 D: 0 I: 0
lab: 我 想 去 张 妈 妈 特 色 川 菜 馆 
rec: 我 想 去 张 妈 妈 特 色 川 菜 馆 

utt: 车没油了
WER: 0.00 % N: 4 C: 4 S: 0 D: 0 I: 0
lab: 车 没 油 了 
rec: 车 没 油 了 

utt: 帮我导航到天津市兴安路166号
WER: 0.00 % N: 13 C: 13 S: 0 D: 0 I: 0
lab: 帮 我 导 航 到 天 津 市 兴 安 路 166 号 
rec: 帮 我 导 航 到 天 津 市 兴 安 路 166 号 

utt: 我要去银行
WER: 0.00 % N: 5 C: 5 S: 0 D: 0 I: 0
lab: 我 要 去 银 行 
rec: 我 要 去 银 行 

utt: 找一下石家庄友谊大街115号
WER: 0.00 % N: 12 C: 12 S: 0 D: 0 I: 0
lab: 找 一 下 石 家 庄 友 谊 大 街 115 号 
rec: 找 一 下 石 家 庄 友 谊 大 街 115 号 

utt: 帮我导航到延庆百里山水画廊
WER: 0.00 % N: 13 C: 13 S: 0 D: 0 I: 0
lab: 帮 我 导 航 到 延 庆 百 里 山 水 画 廊 
rec: 帮 我 导 航 到 延 庆 百 里 山 水 画 廊 

utt: 我想停车
WER: 0.00 % N: 4 C: 4 S: 0 D: 0 I: 0
lab: 我 想 停 车 
rec: 我 想 停 车 

utt: 导航到福州工业路378号
WER: 0.00 % N: 10 C: 10 S: 0 D: 0 I: 0
lab: 导 航 到 福 州 工 业 路 378 号 
rec: 导 航 到 福 州 工 业 路 378 号 

utt: 帮我在南京颐和路附近找一家餐馆
WER: 6.67 % N: 15 C: 14 S: 1 D: 0 I: 0
lab: 帮 我 在 南 京 颐 和 路 附 近 找 一 家 餐 馆 
rec: 帮 我 在 南 京 怡 和 路 附 近 找 一 家 餐 馆 

utt: 我要去新中关附近的呷哺
WER: 0.00 % N: 11 C: 11 S: 0 D: 0 I: 0
lab:  我 要 去 新 中 关 附 近 的 呷 哺 
rec:  我 要 去 新 中 关 附 近 的 呷 哺 

utt: 带我去静安大悦城
WER: 0.00 % N: 8 C: 8 S: 0 D: 0 I: 0
lab: 带 我 去 静 安 大 悦 城 
rec: 带 我 去 静 安 大 悦 城 

utt: 我要去拉萨市城关区藏医院路
WER: 0.00 % N: 13 C: 13 S: 0 D: 0 I: 0
lab: 我 要 去 拉 萨 市 城 关 区 藏 医 院 路 
rec: 我 要 去 拉 萨 市 城 关 区 藏 医 院 路 

utt: 导航到北京新中关购物中心附近的喜茶
WER: 0.00 % N: 17 C: 17 S: 0 D: 0 I: 0
lab: 导 航 到 北 京 新 中 关 购 物 中 心 附 近 的 喜 茶 
rec: 导 航 到 北 京 新 中 关 购 物 中 心 附 近 的 喜 茶 

utt: 导航去新中关的西贝莜面
WER: 0.00 % N: 11 C: 11 S: 0 D: 0 I: 0
lab:  导 航 去 新 中 关 的 西 贝 莜 面 
rec:  导 航 去 新 中 关 的 西 贝 莜 面 

utt: 导航去贵阳市省府路55号
WER: 0.00 % N: 11 C: 11 S: 0 D: 0 I: 0
lab: 导 航 去 贵 阳 市 省 府 路 55 号 
rec: 导 航 去 贵 阳 市 省 府 路 55 号 

utt: 导航到宣武门东大街和西单大街的交叉路口
WER: 0.00 % N: 19 C: 19 S: 0 D: 0 I: 0
lab: 导 航 到 宣 武 门 东 大 街 和 西 单 大 街 的 交 叉 路 口 
rec: 导 航 到 宣 武 门 东 大 街 和 西 单 大 街 的 交 叉 路 口 

utt: 帮我在重庆洪崖洞附近找个加油站
WER: 0.00 % N: 15 C: 15 S: 0 D: 0 I: 0
lab: 帮 我 在 重 庆 洪 崖 洞 附 近 找 个 加 油 站 
rec: 帮 我 在 重 庆 洪 崖 洞 附 近 找 个 加 油 站 

utt: 我有点饿
WER: 0.00 % N: 4 C: 4 S: 0 D: 0 I: 0
lab: 我 有 点 饿 
rec: 我 有 点 饿 

utt: 我想去东三环的希尔顿酒店
WER: 0.00 % N: 12 C: 12 S: 0 D: 0 I: 0
lab: 我 想 去 东 三 环 的 希 尔 顿 酒 店 
rec: 我 想 去 东 三 环 的 希 尔 顿 酒 店 

utt: 我想去中关村大街159号
WER: 0.00 % N: 10 C: 10 S: 0 D: 0 I: 0
lab: 我 想 去 中 关 村 大 街 159 号 
rec: 我 想 去 中 关 村 大 街 159 号 

utt: 我要去银行
WER: 0.00 % N: 5 C: 5 S: 0 D: 0 I: 0
lab:  我 要 去 银 行 
rec:  我 要 去 银 行 

utt: 找一下石家庄灵寿县的工商银行
WER: 0.00 % N: 14 C: 14 S: 0 D: 0 I: 0
lab: 找 一 下 石 家 庄 灵 寿 县 的 工 商 银 行 
rec: 找 一 下 石 家 庄 灵 寿 县 的 工 商 银 行 

utt: 查找海淀区中关村附近的商场
WER: 0.00 % N: 13 C: 13 S: 0 D: 0 I: 0
lab: 查 找 海 淀 区 中 关 村 附 近 的 商 场 
rec: 查 找 海 淀 区 中 关 村 附 近 的 商 场 

utt: 帮我找一下广州市天河区广汕一路
WER: 0.00 % N: 15 C: 15 S: 0 D: 0 I: 0
lab: 帮 我 找 一 下 广 州 市 天 河 区 广 汕 一 路 
rec: 帮 我 找 一 下 广 州 市 天 河 区 广 汕 一 路 

utt: 我想去厕所
WER: 0.00 % N: 5 C: 5 S: 0 D: 0 I: 0
lab: 我 想 去 厕 所 
rec: 我 想 去 厕 所 

utt: 导航到昆明市翠湖南路
WER: 0.00 % N: 10 C: 10 S: 0 D: 0 I: 0
lab: 导 航 到 昆 明 市 翠 湖 南 路 
rec: 导 航 到 昆 明 市 翠 湖 南 路 

utt: 现在出发去深圳的好好先生
WER: 0.00 % N: 12 C: 12 S: 0 D: 0 I: 0
lab: 现 在 出 发 去 深 圳 的 好 好 先 生 
rec: 现 在 出 发 去 深 圳 的 好 好 先 生 

utt: 现在出发去深圳的好好先生
WER: 0.00 % N: 12 C: 12 S: 0 D: 0 I: 0
lab:  现 在 出 发 去 深 圳 的 好 好 先 生 
rec:  现 在 出 发 去 深 圳 的 好 好 先 生 

utt: 导航去如家酒店
WER: 0.00 % N: 7 C: 7 S: 0 D: 0 I: 0
lab: 导 航 去 如 家 酒 店 
rec: 导 航 去 如 家 酒 店 

utt: 导航到昆明市翠湖南路
WER: 0.00 % N: 10 C: 10 S: 0 D: 0 I: 0
lab:  导 航 到 昆 明 市 翠 湖 南 路 
rec:  导 航 到 昆 明 市 翠 湖 南 路 

utt: 导航去海淀大街和彩和坊路的交叉口
WER: 0.00 % N: 16 C: 16 S: 0 D: 0 I: 0
lab: 导 航 去 海 淀 大 街 和 彩 和 坊 路 的 交 叉 口 
rec: 导 航 去 海 淀 大 街 和 彩 和 坊 路 的 交 叉 口 

utt: 周五去北京
WER: 0.00 % N: 5 C: 5 S: 0 D: 0 I: 0
lab: 周 五 去 北 京 
rec: 周 五 去 北 京 

utt: 带我去广州麦当劳未来餐厅旗舰店
WER: 0.00 % N: 15 C: 15 S: 0 D: 0 I: 0
lab: 带 我 去 广 州 麦 当 劳 未 来 餐 厅 旗 舰 店 
rec: 带 我 去 广 州 麦 当 劳 未 来 餐 厅 旗 舰 店 

utt: 我要去成都马旺子川小馆
WER: 27.27 % N: 11 C: 8 S: 2 D: 1 I: 0
lab: 我 要 去 成 都 马 旺 子 川 小 馆 
rec: 我 要 去 成 都 吗 忘    川 小 馆 

utt: 导航到无锡市吴兴区太湖路16号
WER: 0.00 % N: 14 C: 14 S: 0 D: 0 I: 0
lab: 导 航 到 无 锡 市 吴 兴 区 太 湖 路 16 号 
rec: 导 航 到 无 锡 市 吴 兴 区 太 湖 路 16 号 

utt: 查查北京工商大学附近有哪些屈臣氏
WER: 0.00 % N: 16 C: 16 S: 0 D: 0 I: 0
lab: 查 查 北 京 工 商 大 学 附 近 有 哪 些 屈 臣 氏 
rec: 查 查 北 京 工 商 大 学 附 近 有 哪 些 屈 臣 氏 

utt: 现在出发去重庆李子坝轻轨站
WER: 0.00 % N: 13 C: 13 S: 0 D: 0 I: 0
lab: 现 在 出 发 去 重 庆 李 子 坝 轻 轨 站 
rec: 现 在 出 发 去 重 庆 李 子 坝 轻 轨 站 

utt: 招行深圳中心城支行的位置
WER: 0.00 % N: 12 C: 12 S: 0 D: 0 I: 0
lab: 招 行 深 圳 中 心 城 支 行 的 位 置 
rec: 招 行 深 圳 中 心 城 支 行 的 位 置 

utt: 带我去北京市酒仙桥路4号
WER: 0.00 % N: 12 C: 12 S: 0 D: 0 I: 0
lab: 带 我 去 北 京 市 酒 仙 桥 路 4 号 
rec: 带 我 去 北 京 市 酒 仙 桥 路 4 号 

utt: 导航去目的地
WER: 0.00 % N: 6 C: 6 S: 0 D: 0 I: 0
lab: 导 航 去 目 的 地 
rec: 导 航 去 目 的 地 

utt: 现在开始导航到武汉长江大桥
WER: 0.00 % N: 13 C: 13 S: 0 D: 0 I: 0
lab: 现 在 开 始 导 航 到 武 汉 长 江 大 桥 
rec: 现 在 开 始 导 航 到 武 汉 长 江 大 桥 

utt: 导航到世界之窗
WER: 0.00 % N: 7 C: 7 S: 0 D: 0 I: 0
lab: 导 航 到 世 界 之 窗 
rec: 导 航 到 世 界 之 窗 

utt: 导航去出发地
WER: 0.00 % N: 6 C: 6 S: 0 D: 0 I: 0
lab: 导 航 去 出 发 地 
rec: 导 航 去 出 发 地 

utt: 我需要加油了
WER: 0.00 % N: 6 C: 6 S: 0 D: 0 I: 0
lab: 我 需 要 加 油 了 
rec: 我 需 要 加 油 了 

utt: 我有点饿
WER: 0.00 % N: 4 C: 4 S: 0 D: 0 I: 0
lab:  我 有 点 饿 
rec:  我 有 点 饿 

utt: 我想去东三环的希尔顿酒店
WER: 0.00 % N: 12 C: 12 S: 0 D: 0 I: 0
lab:  我 想 去 东 三 环 的 希 尔 顿 酒 店 
rec:  我 想 去 东 三 环 的 希 尔 顿 酒 店 

utt: 现在出发去湖州吴兴区太湖路16号
WER: 0.00 % N: 15 C: 15 S: 0 D: 0 I: 0
lab: 现 在 出 发 去 湖 州 吴 兴 区 太 湖 路 16 号 
rec: 现 在 出 发 去 湖 州 吴 兴 区 太 湖 路 16 号 

utt: 找一下河北科大附近的邮政储蓄
WER: 0.00 % N: 14 C: 14 S: 0 D: 0 I: 0
lab: 找 一 下 河 北 科 大 附 近 的 邮 政 储 蓄 
rec: 找 一 下 河 北 科 大 附 近 的 邮 政 储 蓄 

utt: 导航去中关村大街附近的三星级酒店
WER: 0.00 % N: 16 C: 16 S: 0 D: 0 I: 0
lab: 导 航 去 中 关 村 大 街 附 近 的 三 星 级 酒 店 
rec: 导 航 去 中 关 村 大 街 附 近 的 三 星 级 酒 店 

utt: 搜索滨河公园
WER: 0.00 % N: 6 C: 6 S: 0 D: 0 I: 0
lab: 搜 索 滨 河 公 园 
rec: 搜 索 滨 河 公 园 

utt: 我想去厕所
WER: 0.00 % N: 5 C: 5 S: 0 D: 0 I: 0
lab:  我 想 去 厕 所 
rec:  我 想 去 厕 所 

utt: 北京南锣鼓巷亚朵酒店导航一下
WER: 0.00 % N: 14 C: 14 S: 0 D: 0 I: 0
lab: 北 京 南 锣 鼓 巷 亚 朵 酒 店 导 航 一 下 
rec: 北 京 南 锣 鼓 巷 亚 朵 酒 店 导 航 一 下 

utt: 找一家世纪公园附近的格林豪泰酒店
WER: 0.00 % N: 16 C: 16 S: 0 D: 0 I: 0
lab: 找 一 家 世 纪 公 园 附 近 的 格 林 豪 泰 酒 店 
rec: 找 一 家 世 纪 公 园 附 近 的 格 林 豪 泰 酒 店 

utt: 帮我导航到广州w酒店
WER: 0.00 % N: 10 C: 10 S: 0 D: 0 I: 0
lab:  帮 我 导 航 到 广 州 W 酒 店 
rec:  帮 我 导 航 到 广 州 W 酒 店 

utt: 找下中石化凤凰路上的加油站
WER: 7.69 % N: 13 C: 13 S: 0 D: 0 I: 1
lab: 找    下 中 石 化 凤 凰 路 上 的 加 油 站 
rec: 找 一 下 中 石 化 凤 凰 路 上 的 加 油 站 

utt: 找个最近的厕所
WER: 0.00 % N: 7 C: 7 S: 0 D: 0 I: 0
lab: 找 个 最 近 的 厕 所 
rec: 找 个 最 近 的 厕 所 

utt: 我想去张妈妈特色川菜馆
WER: 0.00 % N: 11 C: 11 S: 0 D: 0 I: 0
lab:  我 想 去 张 妈 妈 特 色 川 菜 馆 
rec:  我 想 去 张 妈 妈 特 色 川 菜 馆 

utt: 查找成都太古里附近的星巴克
WER: 0.00 % N: 13 C: 13 S: 0 D: 0 I: 0
lab: 查 找 成 都 太 古 里 附 近 的 星 巴 克 
rec: 查 找 成 都 太 古 里 附 近 的 星 巴 克 

utt: 帮我导航到南京四方当代美术馆
WER: 0.00 % N: 14 C: 14 S: 0 D: 0 I: 0
lab: 帮 我 导 航 到 南 京 四 方 当 代 美 术 馆 
rec: 帮 我 导 航 到 南 京 四 方 当 代 美 术 馆 

utt: 帮我导航到成都1906创意工厂
WER: 0.00 % N: 12 C: 12 S: 0 D: 0 I: 0
lab: 帮 我 导 航 到 成 都 1906 创 意 工 厂 
rec: 帮 我 导 航 到 成 都 1906 创 意 工 厂 

utt: 我饿了
WER: 0.00 % N: 3 C: 3 S: 0 D: 0 I: 0
lab: 我 饿 了 
rec: 我 饿 了 

utt: 导航去旅馆
WER: 0.00 % N: 5 C: 5 S: 0 D: 0 I: 0
lab: 导 航 去 旅 馆 
rec: 导 航 去 旅 馆 

utt: 导航到北京新中关购物中心附近的喜茶
WER: 0.00 % N: 17 C: 17 S: 0 D: 0 I: 0
lab:  导 航 到 北 京 新 中 关 购 物 中 心 附 近 的 喜 茶 
rec:  导 航 到 北 京 新 中 关 购 物 中 心 附 近 的 喜 茶 

utt: 搜索下北京东四十条地铁站附近的价格在200元左右的墨西哥餐厅
WER: 0.00 % N: 28 C: 28 S: 0 D: 0 I: 0
lab: 搜 索 下 北 京 东 四 十 条 地 铁 站 附 近 的 价 格 在 200 元 左 右 的 墨 西 哥 餐 厅 
rec: 搜 索 下 北 京 东 四 十 条 地 铁 站 附 近 的 价 格 在 200 元 左 右 的 墨 西 哥 餐 厅 

utt: 去上海闵行区云朵上的鱼吃饭
WER: 0.00 % N: 13 C: 13 S: 0 D: 0 I: 0
lab: 去 上 海 闵 行 区 云 朵 上 的 鱼 吃 饭 
rec: 去 上 海 闵 行 区 云 朵 上 的 鱼 吃 饭 

utt: 我想去吃火锅
WER: 0.00 % N: 6 C: 6 S: 0 D: 0 I: 0
lab: 我 想 去 吃 火 锅 
rec: 我 想 去 吃 火 锅 

utt: 给我找找方圆五公里内有哪些地铁站
WER: 6.25 % N: 16 C: 15 S: 1 D: 0 I: 0
lab: 给 我 找 找 方 圆 五 公 里 内 有 哪 些 地 铁 站 
rec: 给 我 找 找 方 圆 5  公 里 内 有 哪 些 地 铁 站 

utt: 查看附近哪里有日本料理
WER: 0.00 % N: 11 C: 11 S: 0 D: 0 I: 0
lab: 查 看 附 近 哪 里 有 日 本 料 理 
rec: 查 看 附 近 哪 里 有 日 本 料 理 

utt: 随便找个离我最近的云南菜馆
WER: 0.00 % N: 13 C: 13 S: 0 D: 0 I: 0
lab: 随 便 找 个 离 我 最 近 的 云 南 菜 馆 
rec: 随 便 找 个 离 我 最 近 的 云 南 菜 馆 

utt: 现在开始导航到武汉长江大桥
WER: 0.00 % N: 13 C: 13 S: 0 D: 0 I: 0
lab:  现 在 开 始 导 航 到 武 汉 长 江 大 桥 
rec:  现 在 开 始 导 航 到 武 汉 长 江 大 桥 

utt: 告诉我阿华面馆的位置
WER: 0.00 % N: 10 C: 10 S: 0 D: 0 I: 0
lab: 告 诉 我 阿 华 面 馆 的 位 置 
rec: 告 诉 我 阿 华 面 馆 的 位 置 

utt: 帮我找一下附近的中信银行
WER: 0.00 % N: 12 C: 12 S: 0 D: 0 I: 0
lab: 帮 我 找 一 下 附 近 的 中 信 银 行 
rec: 帮 我 找 一 下 附 近 的 中 信 银 行 

utt: 导一下人均消费30元左右的拉面馆
WER: 0.00 % N: 15 C: 15 S: 0 D: 0 I: 0
lab: 导 一 下 人 均 消 费 30 元 左 右 的 拉 面 馆 
rec: 导 一 下 人 均 消 费 30 元 左 右 的 拉 面 馆 

utt: 我要买车险
WER: 0.00 % N: 5 C: 5 S: 0 D: 0 I: 0
lab: 我 要 买 车 险 
rec: 我 要 买 车 险 

utt: 我要去大理人民路345号
WER: 0.00 % N: 10 C: 10 S: 0 D: 0 I: 0
lab: 我 要 去 大 理 人 民 路 345 号 
rec: 我 要 去 大 理 人 民 路 345 号 

utt: 咱们去南锣鼓巷的尼积小栈
WER: 0.00 % N: 12 C: 12 S: 0 D: 0 I: 0
lab: 咱 们 去 南 锣 鼓 巷 的 尼 积 小 栈 
rec: 咱 们 去 南 锣 鼓 巷 的 尼 积 小 栈 

utt: 我要去东三环的五星级北京长城饭店
WER: 0.00 % N: 16 C: 16 S: 0 D: 0 I: 0
lab: 我 要 去 东 三 环 的 五 星 级 北 京 长 城 饭 店 
rec: 我 要 去 东 三 环 的 五 星 级 北 京 长 城 饭 店 

utt: 我要去成都市致民路48号附1号
WER: 0.00 % N: 14 C: 14 S: 0 D: 0 I: 0
lab: 我 要 去 成 都 市 致 民 路 48 号 附 1 号 
rec: 我 要 去 成 都 市 致 民 路 48 号 附 1 号 

utt: 找一家有宫爆鸡丁的湖南菜
WER: 0.00 % N: 12 C: 12 S: 0 D: 0 I: 0
lab:  找 一 家 有 宫 爆 鸡 丁 的 湖 南 菜 
rec:  找 一 家 有 宫 爆 鸡 丁 的 湖 南 菜 

utt: 我想去深圳大学
WER: 0.00 % N: 7 C: 7 S: 0 D: 0 I: 0
lab: 我 想 去 深 圳 大 学 
rec: 我 想 去 深 圳 大 学 

utt: 我想路过下这附近的加油站
WER: 0.00 % N: 12 C: 12 S: 0 D: 0 I: 0
lab: 我 想 路 过 下 这 附 近 的 加 油 站 
rec: 我 想 路 过 下 这 附 近 的 加 油 站 

utt: 带我去广州麦当劳未来餐厅旗舰店
WER: 0.00 % N: 15 C: 15 S: 0 D: 0 I: 0
lab:  带 我 去 广 州 麦 当 劳 未 来 餐 厅 旗 舰 店 
rec:  带 我 去 广 州 麦 当 劳 未 来 餐 厅 旗 舰 店 

utt: 现在开始导航去上海东方阁公寓式酒店
WER: 0.00 % N: 17 C: 17 S: 0 D: 0 I: 0
lab: 现 在 开 始 导 航 去 上 海 东 方 阁 公 寓 式 酒 店 
rec: 现 在 开 始 导 航 去 上 海 东 方 阁 公 寓 式 酒 店 

utt: 定位到五星级酒店北京国际饭店
WER: 0.00 % N: 14 C: 14 S: 0 D: 0 I: 0
lab: 定 位 到 五 星 级 酒 店 北 京 国 际 饭 店 
rec: 定 位 到 五 星 级 酒 店 北 京 国 际 饭 店 

utt: 附近人均消费30的饭馆
WER: 0.00 % N: 10 C: 10 S: 0 D: 0 I: 0
lab: 附 近 人 均 消 费 30 的 饭 馆 
rec: 附 近 人 均 消 费 30 的 饭 馆 

utt: 陆家嘴附近有没有50块钱以下的酒店
WER: 0.00 % N: 16 C: 16 S: 0 D: 0 I: 0
lab: 陆 家 嘴 附 近 有 没 有 50 块 钱 以 下 的 酒 店 
rec: 陆 家 嘴 附 近 有 没 有 50 块 钱 以 下 的 酒 店 

utt: 导航去这周边的厕所
WER: 0.00 % N: 9 C: 9 S: 0 D: 0 I: 0
lab: 导 航 去 这 周 边 的 厕 所 
rec: 导 航 去 这 周 边 的 厕 所 

utt: 帮我导航到青浦区沙田湖路陈新路的交叉路口
WER: 0.00 % N: 20 C: 20 S: 0 D: 0 I: 0
lab: 帮 我 导 航 到 青 浦 区 沙 田 湖 路 陈 新 路 的 交 叉 路 口 
rec: 帮 我 导 航 到 青 浦 区 沙 田 湖 路 陈 新 路 的 交 叉 路 口 

utt: 把我带到长安街上的北京王府饭店
WER: 0.00 % N: 15 C: 15 S: 0 D: 0 I: 0
lab: 把 我 带 到 长 安 街 上 的 北 京 王 府 饭 店 
rec: 把 我 带 到 长 安 街 上 的 北 京 王 府 饭 店 

utt: 我要停车
WER: 0.00 % N: 4 C: 4 S: 0 D: 0 I: 0
lab: 我 要 停 车 
rec: 我 要 停 车 

utt: 北京国贸附近人均200以下川菜馆有哪些
WER: 0.00 % N: 17 C: 17 S: 0 D: 0 I: 0
lab: 北 京 国 贸 附 近 人 均 200 以 下 川 菜 馆 有 哪 些 
rec: 北 京 国 贸 附 近 人 均 200 以 下 川 菜 馆 有 哪 些 

utt: 最近的加油站
WER: 0.00 % N: 6 C: 6 S: 0 D: 0 I: 0
lab: 最 近 的 加 油 站 
rec: 最 近 的 加 油 站 

utt: 我要去兰州段家滩704号
WER: 0.00 % N: 10 C: 10 S: 0 D: 0 I: 0
lab: 我 要 去 兰 州 段 家 滩 704 号 
rec: 我 要 去 兰 州 段 家 滩 704 号 

utt: 找一下河北科大附近的邮政储蓄
WER: 0.00 % N: 14 C: 14 S: 0 D: 0 I: 0
lab:  找 一 下 河 北 科 大 附 近 的 邮 政 储 蓄 
rec:  找 一 下 河 北 科 大 附 近 的 邮 政 储 蓄 

utt: 查查石家庄新华路和友谊大街交叉路
WER: 0.00 % N: 16 C: 16 S: 0 D: 0 I: 0
lab: 查 查 石 家 庄 新 华 路 和 友 谊 大 街 交 叉 路 
rec: 查 查 石 家 庄 新 华 路 和 友 谊 大 街 交 叉 路 

utt: 帮我找一下广州市天河区广汕一路
WER: 0.00 % N: 15 C: 15 S: 0 D: 0 I: 0
lab:  帮 我 找 一 下 广 州 市 天 河 区 广 汕 一 路 
rec:  帮 我 找 一 下 广 州 市 天 河 区 广 汕 一 路 

utt: 搜索滨河公园
WER: 0.00 % N: 6 C: 6 S: 0 D: 0 I: 0
lab:  搜 索 滨 河 公 园 
rec:  搜 索 滨 河 公 园 

utt: 我想开车去北京市的全季
WER: 0.00 % N: 11 C: 11 S: 0 D: 0 I: 0
lab: 我 想 开 车 去 北 京 市 的 全 季 
rec: 我 想 开 车 去 北 京 市 的 全 季 

utt: 最近的停车场
WER: 0.00 % N: 6 C: 6 S: 0 D: 0 I: 0
lab: 最 近 的 停 车 场 
rec: 最 近 的 停 车 场 

utt: 我要去大理人民路345号
WER: 0.00 % N: 10 C: 10 S: 0 D: 0 I: 0
lab:  我 要 去 大 理 人 民 路 345 号 
rec:  我 要 去 大 理 人 民 路 345 号 

utt: 帮我找一下附近的中信银行
WER: 0.00 % N: 12 C: 12 S: 0 D: 0 I: 0
lab:  帮 我 找 一 下 附 近 的 中 信 银 行 
rec:  帮 我 找 一 下 附 近 的 中 信 银 行 

utt: 找一下上海的家乐福
WER: 0.00 % N: 9 C: 9 S: 0 D: 0 I: 0
lab:  找 一 下 上 海 的 家 乐 福 
rec:  找 一 下 上 海 的 家 乐 福 

utt: 我饿了
WER: 0.00 % N: 3 C: 3 S: 0 D: 0 I: 0
lab:  我 饿 了 
rec:  我 饿 了 

utt: 找一下石家庄新百广场
WER: 0.00 % N: 10 C: 10 S: 0 D: 0 I: 0
lab: 找 一 下 石 家 庄 新 百 广 场 
rec: 找 一 下 石 家 庄 新 百 广 场 

utt: 查找成都太古里附近的星巴克
WER: 0.00 % N: 13 C: 13 S: 0 D: 0 I: 0
lab:  查 找 成 都 太 古 里 附 近 的 星 巴 克 
rec:  查 找 成 都 太 古 里 附 近 的 星 巴 克 

utt: 我累了
WER: 0.00 % N: 3 C: 3 S: 0 D: 0 I: 0
lab:   我 累 了 
rec:   我 累 了 

utt: 导航到宣武门东大街和西单大街的交叉路口
WER: 0.00 % N: 19 C: 19 S: 0 D: 0 I: 0
lab:  导 航 到 宣 武 门 东 大 街 和 西 单 大 街 的 交 叉 路 口 
rec:  导 航 到 宣 武 门 东 大 街 和 西 单 大 街 的 交 叉 路 口 

utt: 给我找找方圆五公里内有哪些地铁站
WER: 6.25 % N: 16 C: 15 S: 1 D: 0 I: 0
lab:  给 我 找 找 方 圆 五 公 里 内 有 哪 些 地 铁 站 
rec:  给 我 找 找 方 圆 5  公 里 内 有 哪 些 地 铁 站 

utt: 北纬路与太平街的交叉口怎么去
WER: 0.00 % N: 14 C: 14 S: 0 D: 0 I: 0
lab: 北 纬 路 与 太 平 街 的 交 叉 口 怎 么 去 
rec: 北 纬 路 与 太 平 街 的 交 叉 口 怎 么 去 

utt: 给我导到广州市的希尔顿酒店
WER: 0.00 % N: 13 C: 13 S: 0 D: 0 I: 0
lab:  给 我 导 到 广 州 市 的 希 尔 顿 酒 店 
rec:  给 我 导 到 广 州 市 的 希 尔 顿 酒 店 

utt: 导航到航城大道与宝安大道
WER: 0.00 % N: 12 C: 12 S: 0 D: 0 I: 0
lab: 导 航 到 航 城 大 道 与 宝 安 大 道 
rec: 导 航 到 航 城 大 道 与 宝 安 大 道 

utt: 帮我在大山子附近找一家中石油
WER: 0.00 % N: 14 C: 14 S: 0 D: 0 I: 0
lab: 帮 我 在 大 山 子 附 近 找 一 家 中 石 油 
rec: 帮 我 在 大 山 子 附 近 找 一 家 中 石 油 

utt: 出发去重庆江北机场
WER: 0.00 % N: 9 C: 9 S: 0 D: 0 I: 0
lab: 出 发 去 重 庆 江 北 机 场 
rec: 出 发 去 重 庆 江 北 机 场 

utt: 帮我导航到延庆百里山水画廊
WER: 0.00 % N: 13 C: 13 S: 0 D: 0 I: 0
lab:  帮 我 导 航 到 延 庆 百 里 山 水 画 廊 
rec:  帮 我 导 航 到 延 庆 百 里 山 水 画 廊 

utt: 我想去张妈妈特色川菜馆
WER: 0.00 % N: 11 C: 11 S: 0 D: 0 I: 0
lab:   我 想 去 张 妈 妈 特 色 川 菜 馆 
rec:   我 想 去 张 妈 妈 特 色 川 菜 馆 

utt: 找一家新中关附近的五星级酒店
WER: 0.00 % N: 14 C: 14 S: 0 D: 0 I: 0
lab: 找 一 家 新 中 关 附 近 的 五 星 级 酒 店 
rec: 找 一 家 新 中 关 附 近 的 五 星 级 酒 店 

utt: 帮我找个休息的地方
WER: 0.00 % N: 9 C: 9 S: 0 D: 0 I: 0
lab: 帮 我 找 个 休 息 的 地 方 
rec: 帮 我 找 个 休 息 的 地 方 

utt: 查找华强北附近的川菜馆
WER: 0.00 % N: 11 C: 11 S: 0 D: 0 I: 0
lab: 查 找 华 强 北 附 近 的 川 菜 馆 
rec: 查 找 华 强 北 附 近 的 川 菜 馆 

utt: 我想停车
WER: 0.00 % N: 4 C: 4 S: 0 D: 0 I: 0
lab:  我 想 停 车 
rec:  我 想 停 车 

utt: 我想去北京市西二旗附近的肯德基
WER: 0.00 % N: 15 C: 15 S: 0 D: 0 I: 0
lab: 我 想 去 北 京 市 西 二 旗 附 近 的 肯 德 基 
rec: 我 想 去 北 京 市 西 二 旗 附 近 的 肯 德 基 

utt: 我想路过下这附近的加油站
WER: 0.00 % N: 12 C: 12 S: 0 D: 0 I: 0
lab:  我 想 路 过 下 这 附 近 的 加 油 站 
rec:  我 想 路 过 下 这 附 近 的 加 油 站 

utt: 看看新中关附近的快捷酒店
WER: 0.00 % N: 12 C: 12 S: 0 D: 0 I: 0
lab: 看 看 新 中 关 附 近 的 快 捷 酒 店 
rec: 看 看 新 中 关 附 近 的 快 捷 酒 店 

utt: 导航到深圳梅林水库
WER: 0.00 % N: 9 C: 9 S: 0 D: 0 I: 0
lab: 导 航 到 深 圳 梅 林 水 库 
rec: 导 航 到 深 圳 梅 林 水 库 

utt: 找一下北京的喜茶
WER: 0.00 % N: 8 C: 8 S: 0 D: 0 I: 0
lab: 找 一 下 北 京 的 喜 茶 
rec: 找 一 下 北 京 的 喜 茶 

utt: 车没油了
WER: 0.00 % N: 4 C: 4 S: 0 D: 0 I: 0
lab:  车 没 油 了 
rec:  车 没 油 了 

utt: 带我去北京三里屯北小街的阿拉伯餐厅
WER: 0.00 % N: 17 C: 17 S: 0 D: 0 I: 0
lab: 带 我 去 北 京 三 里 屯 北 小 街 的 阿 拉 伯 餐 厅 
rec: 带 我 去 北 京 三 里 屯 北 小 街 的 阿 拉 伯 餐 厅 

utt: 我想吃饭
WER: 0.00 % N: 4 C: 4 S: 0 D: 0 I: 0
lab: 我 想 吃 饭 
rec: 我 想 吃 饭 

utt: 查找上海市青浦区官字圩路陈新路交叉口
WER: 0.00 % N: 18 C: 18 S: 0 D: 0 I: 0
lab: 查 找 上 海 市 青 浦 区 官 字 圩 路 陈 新 路 交 叉 口 
rec: 查 找 上 海 市 青 浦 区 官 字 圩 路 陈 新 路 交 叉 口 

utt: 导航去酒店
WER: 0.00 % N: 5 C: 5 S: 0 D: 0 I: 0
lab: 导 航 去 酒 店 
rec: 导 航 去 酒 店 

utt: 定位至北三环三元桥附近的人均价格150元以下的西餐厅
WER: 0.00 % N: 24 C: 24 S: 0 D: 0 I: 0
lab: 定 位 至 北 三 环 三 元 桥 附 近 的 人 均 价 格 150 元 以 下 的 西 餐 厅 
rec: 定 位 至 北 三 环 三 元 桥 附 近 的 人 均 价 格 150 元 以 下 的 西 餐 厅 

utt: 我要加油
WER: 0.00 % N: 4 C: 4 S: 0 D: 0 I: 0
lab: 我 要 加 油 
rec: 我 要 加 油 

utt: 车没油了
WER: 0.00 % N: 4 C: 4 S: 0 D: 0 I: 0
lab:   车 没 油 了 
rec:   车 没 油 了 

utt: 搜索一下北京国贸三期全城最高的云酷餐厅的位置
WER: 0.00 % N: 22 C: 22 S: 0 D: 0 I: 0
lab: 搜 索 一 下 北 京 国 贸 三 期 全 城 最 高 的 云 酷 餐 厅 的 位 置 
rec: 搜 索 一 下 北 京 国 贸 三 期 全 城 最 高 的 云 酷 餐 厅 的 位 置 

utt: 导航去成都科华北路的电台巷
WER: 0.00 % N: 13 C: 13 S: 0 D: 0 I: 0
lab: 导 航 去 成 都 科 华 北 路 的 电 台 巷 
rec: 导 航 去 成 都 科 华 北 路 的 电 台 巷 

utt: 我要去厕所
WER: 0.00 % N: 5 C: 5 S: 0 D: 0 I: 0
lab: 我 要 去 厕 所 
rec: 我 要 去 厕 所 

utt: 导航去昌平区北七家镇
WER: 0.00 % N: 10 C: 10 S: 0 D: 0 I: 0
lab: 导 航 去 昌 平 区 北 七 家 镇 
rec: 导 航 去 昌 平 区 北 七 家 镇 

utt: 导航去附近的三星级酒店
WER: 0.00 % N: 11 C: 11 S: 0 D: 0 I: 0
lab: 导 航 去 附 近 的 三 星 级 酒 店 
rec: 导 航 去 附 近 的 三 星 级 酒 店 

utt: 这附近有厕所吗
WER: 0.00 % N: 7 C: 7 S: 0 D: 0 I: 0
lab: 这 附 近 有 厕 所 吗 
rec: 这 附 近 有 厕 所 吗 

utt: 我想去北京市国贸附近的购物中心
WER: 0.00 % N: 15 C: 15 S: 0 D: 0 I: 0
lab: 我 想 去 北 京 市 国 贸 附 近 的 购 物 中 心 
rec: 我 想 去 北 京 市 国 贸 附 近 的 购 物 中 心 

utt: 导航去一家五星级的酒店吧
WER: 8.33 % N: 12 C: 11 S: 1 D: 0 I: 0
lab: 导 航 去 一 家 五 星 级 的 酒 店 吧 
rec: 导 航 去 一 家 五 星 级 的 酒 店 吗 

utt: 最近的加油站
WER: 0.00 % N: 6 C: 6 S: 0 D: 0 I: 0
lab:  最 近 的 加 油 站 
rec:  最 近 的 加 油 站 

utt: 导航去北京长城脚下的公社
WER: 0.00 % N: 12 C: 12 S: 0 D: 0 I: 0
lab: 导 航 去 北 京 长 城 脚 下 的 公 社 
rec: 导 航 去 北 京 长 城 脚 下 的 公 社 

utt: 导航到重庆李子坝正街60号
WER: 0.00 % N: 12 C: 12 S: 0 D: 0 I: 0
lab: 导 航 到 重 庆 李 子 坝 正 街 60 号 
rec: 导 航 到 重 庆 李 子 坝 正 街 60 号 

utt: 我要去银行
WER: 0.00 % N: 5 C: 5 S: 0 D: 0 I: 0
lab:   我 要 去 银 行 
rec:   我 要 去 银 行 

utt: 帮我查查八达岭消防队
WER: 0.00 % N: 10 C: 10 S: 0 D: 0 I: 0
lab: 帮 我 查 查 八 达 岭 消 防 队 
rec: 帮 我 查 查 八 达 岭 消 防 队 

utt: 附近哪里可以吃上海菜
WER: 0.00 % N: 10 C: 10 S: 0 D: 0 I: 0
lab: 附 近 哪 里 可 以 吃 上 海 菜 
rec: 附 近 哪 里 可 以 吃 上 海 菜 

utt: 找一下附近的超市
WER: 0.00 % N: 8 C: 8 S: 0 D: 0 I: 0
lab: 找 一 下 附 近 的 超 市 
rec: 找 一 下 附 近 的 超 市 

utt: 找一家国贸附近后天晚上入住的酒店
WER: 0.00 % N: 16 C: 16 S: 0 D: 0 I: 0
lab: 找 一 家 国 贸 附 近 后 天 晚 上 入 住 的 酒 店 
rec: 找 一 家 国 贸 附 近 后 天 晚 上 入 住 的 酒 店 

utt: 导航去附近的三星级酒店
WER: 0.00 % N: 11 C: 11 S: 0 D: 0 I: 0
lab:  导 航 去 附 近 的 三 星 级 酒 店 
rec:  导 航 去 附 近 的 三 星 级 酒 店 

utt: 帮我在重庆洪崖洞附近找个加油站
WER: 0.00 % N: 15 C: 15 S: 0 D: 0 I: 0
lab:  帮 我 在 重 庆 洪 崖 洞 附 近 找 个 加 油 站 
rec:  帮 我 在 重 庆 洪 崖 洞 附 近 找 个 加 油 站 

utt: 开车至北京3.3商场南侧那里花园的西班牙餐馆
WER: 0.00 % N: 20 C: 20 S: 0 D: 0 I: 0
lab: 开 车 至 北 京 3.3 商 场 南 侧 那 里 花 园 的 西 班 牙 餐 馆 
rec: 开 车 至 北 京 3.3 商 场 南 侧 那 里 花 园 的 西 班 牙 餐 馆 

utt: 我想去海淀大街和中关村大街的交叉口
WER: 0.00 % N: 17 C: 17 S: 0 D: 0 I: 0
lab: 我 想 去 海 淀 大 街 和 中 关 村 大 街 的 交 叉 口 
rec: 我 想 去 海 淀 大 街 和 中 关 村 大 街 的 交 叉 口 

utt: 我想加油
WER: 0.00 % N: 4 C: 4 S: 0 D: 0 I: 0
lab: 我 想 加 油 
rec: 我 想 加 油 

utt: 上海有哪些肯德基
WER: 0.00 % N: 8 C: 8 S: 0 D: 0 I: 0
lab: 上 海 有 哪 些 肯 德 基 
rec: 上 海 有 哪 些 肯 德 基 

utt: 导航到上海黄浦中山东二路8号
WER: 0.00 % N: 14 C: 14 S: 0 D: 0 I: 0
lab: 导 航 到 上 海 黄 浦 中 山 东 二 路 8 号 
rec: 导 航 到 上 海 黄 浦 中 山 东 二 路 8 号 

utt: 导航去酒店
WER: 0.00 % N: 5 C: 5 S: 0 D: 0 I: 0
lab:  导 航 去 酒 店 
rec:  导 航 去 酒 店 

utt: 导航到武汉梵高星空艺术馆
WER: 0.00 % N: 12 C: 12 S: 0 D: 0 I: 0
lab: 导 航 到 武 汉 梵 高 星 空 艺 术 馆 
rec: 导 航 到 武 汉 梵 高 星 空 艺 术 馆 

utt: 导航到南京浦口火车站
WER: 0.00 % N: 10 C: 10 S: 0 D: 0 I: 0
lab:  导 航 到 南 京 浦 口 火 车 站 
rec:  导 航 到 南 京 浦 口 火 车 站 

utt: 现在行驶至深圳福华三路与金田路交汇处
WER: 0.00 % N: 18 C: 18 S: 0 D: 0 I: 0
lab: 现 在 行 驶 至 深 圳 福 华 三 路 与 金 田 路 交 汇 处 
rec: 现 在 行 驶 至 深 圳 福 华 三 路 与 金 田 路 交 汇 处 

utt: 找一家新中关附近的五星级酒店
WER: 0.00 % N: 14 C: 14 S: 0 D: 0 I: 0
lab:  找 一 家 新 中 关 附 近 的 五 星 级 酒 店 
rec:  找 一 家 新 中 关 附 近 的 五 星 级 酒 店 

utt: 导航去大学城路与盛北大街十字路口
WER: 0.00 % N: 16 C: 16 S: 0 D: 0 I: 0
lab: 导 航 去 大 学 城 路 与 盛 北 大 街 十 字 路 口 
rec: 导 航 去 大 学 城 路 与 盛 北 大 街 十 字 路 口 

utt: 找一下我周围人均不超过二百的西餐厅
WER: 11.76 % N: 17 C: 15 S: 1 D: 1 I: 0
lab: 找 一 下 我 周 围 人 均 不 超 过 二  百 的 西 餐 厅 
rec: 找 一 下 我 周 围 人 均 不 超 过 200    的 西 餐 厅 

utt: 给我查查怎么去大兴出入境大厅
WER: 0.00 % N: 14 C: 14 S: 0 D: 0 I: 0
lab: 给 我 查 查 怎 么 去 大 兴 出 入 境 大 厅 
rec: 给 我 查 查 怎 么 去 大 兴 出 入 境 大 厅 

utt: 我要去老古城前街41号
WER: 0.00 % N: 10 C: 10 S: 0 D: 0 I: 0
lab: 我 要 去 老 古 城 前 街 41 号 
rec: 我 要 去 老 古 城 前 街 41 号 

utt: 我有点饿
WER: 0.00 % N: 4 C: 4 S: 0 D: 0 I: 0
lab:   我 有 点 饿 
rec:   我 有 点 饿 

utt: 我累了
WER: 0.00 % N: 3 C: 3 S: 0 D: 0 I: 0
lab:    我 累 了 
rec:    我 累 了 

utt: 我有点饿
WER: 0.00 % N: 4 C: 4 S: 0 D: 0 I: 0
lab:    我 有 点 饿 
rec:    我 有 点 饿 

utt: 怎么到宝石东路与石岩大道的交叉口
WER: 0.00 % N: 16 C: 16 S: 0 D: 0 I: 0
lab: 怎 么 到 宝 石 东 路 与 石 岩 大 道 的 交 叉 口 
rec: 怎 么 到 宝 石 东 路 与 石 岩 大 道 的 交 叉 口 

utt: 导航去人均消费100元以下的广东菜
WER: 0.00 % N: 15 C: 15 S: 0 D: 0 I: 0
lab: 导 航 去 人 均 消 费 100 元 以 下 的 广 东 菜 
rec: 导 航 去 人 均 消 费 100 元 以 下 的 广 东 菜 

utt: 定位去北京恭王府
WER: 0.00 % N: 8 C: 8 S: 0 D: 0 I: 0
lab: 定 位 去 北 京 恭 王 府 
rec: 定 位 去 北 京 恭 王 府 

utt: 帮我导航到天津市兴安路166号
WER: 0.00 % N: 13 C: 13 S: 0 D: 0 I: 0
lab:  帮 我 导 航 到 天 津 市 兴 安 路 166 号 
rec:  帮 我 导 航 到 天 津 市 兴 安 路 166 号 

utt: 找一下上海的肯德基
WER: 0.00 % N: 9 C: 9 S: 0 D: 0 I: 0
lab: 找 一 下 上 海 的 肯 德 基 
rec: 找 一 下 上 海 的 肯 德 基 

utt: 现在出发去湖州吴兴区太湖路16号
WER: 0.00 % N: 15 C: 15 S: 0 D: 0 I: 0
lab:  现 在 出 发 去 湖 州 吴 兴 区 太 湖 路 16 号 
rec:  现 在 出 发 去 湖 州 吴 兴 区 太 湖 路 16 号 

utt: 我要停车
WER: 0.00 % N: 4 C: 4 S: 0 D: 0 I: 0
lab:  我 要 停 车 
rec:  我 要 停 车 

utt: 帮我找个酒店
WER: 0.00 % N: 6 C: 6 S: 0 D: 0 I: 0
lab:  帮 我 找 个 酒 店 
rec:  帮 我 找 个 酒 店 

utt: 我想开车去离我最近的肯德基
WER: 0.00 % N: 13 C: 13 S: 0 D: 0 I: 0
lab: 我 想 开 车 去 离 我 最 近 的 肯 德 基 
rec: 我 想 开 车 去 离 我 最 近 的 肯 德 基 

utt: 带我去北京市密云县巨各庄镇的北京张裕爱斐堡国际酒庄
WER: 0.00 % N: 25 C: 25 S: 0 D: 0 I: 0
lab: 带 我 去 北 京 市 密 云 县 巨 各 庄 镇 的 北 京 张 裕 爱 斐 堡 国 际 酒 庄 
rec: 带 我 去 北 京 市 密 云 县 巨 各 庄 镇 的 北 京 张 裕 爱 斐 堡 国 际 酒 庄 

utt: 找一下中国电影资料馆的具体地址
WER: 0.00 % N: 15 C: 15 S: 0 D: 0 I: 0
lab: 找 一 下 中 国 电 影 资 料 馆 的 具 体 地 址 
rec: 找 一 下 中 国 电 影 资 料 馆 的 具 体 地 址 

utt: 帮我导航到西安市新城区东乐巷15号
WER: 0.00 % N: 16 C: 16 S: 0 D: 0 I: 0
lab: 帮 我 导 航 到 西 安 市 新 城 区 东 乐 巷 15 号 
rec: 帮 我 导 航 到 西 安 市 新 城 区 东 乐 巷 15 号 

utt: 我饿了
WER: 0.00 % N: 3 C: 3 S: 0 D: 0 I: 0
lab:   我 饿 了 
rec:   我 饿 了 

utt: 在新城市查找麦当劳
WER: 0.00 % N: 9 C: 9 S: 0 D: 0 I: 0
lab: 在 新 城 市 查 找 麦 当 劳 
rec: 在 新 城 市 查 找 麦 当 劳 

utt: 最近的停车场
WER: 0.00 % N: 6 C: 6 S: 0 D: 0 I: 0
lab:  最 近 的 停 车 场 
rec:  最 近 的 停 车 场 

utt: 现在出发去湖州吴兴区太湖路16号
WER: 0.00 % N: 15 C: 15 S: 0 D: 0 I: 0
lab:   现 在 出 发 去 湖 州 吴 兴 区 太 湖 路 16 号 
rec:   现 在 出 发 去 湖 州 吴 兴 区 太 湖 路 16 号 

utt: 把我带到长安街上的北京王府饭店
WER: 0.00 % N: 15 C: 15 S: 0 D: 0 I: 0
lab:  把 我 带 到 长 安 街 上 的 北 京 王 府 饭 店 
rec:  把 我 带 到 长 安 街 上 的 北 京 王 府 饭 店 

utt: 查查石家庄新华路和友谊大街交叉路
WER: 0.00 % N: 16 C: 16 S: 0 D: 0 I: 0
lab:  查 查 石 家 庄 新 华 路 和 友 谊 大 街 交 叉 路 
rec:  查 查 石 家 庄 新 华 路 和 友 谊 大 街 交 叉 路 

utt: 导航去大学城路与盛北大街十字路口
WER: 0.00 % N: 16 C: 16 S: 0 D: 0 I: 0
lab:  导 航 去 大 学 城 路 与 盛 北 大 街 十 字 路 口 
rec:  导 航 去 大 学 城 路 与 盛 北 大 街 十 字 路 口 

utt: 北京国贸附近人均200以下川菜馆有哪些
WER: 0.00 % N: 17 C: 17 S: 0 D: 0 I: 0
lab:  北 京 国 贸 附 近 人 均 200 以 下 川 菜 馆 有 哪 些 
rec:  北 京 国 贸 附 近 人 均 200 以 下 川 菜 馆 有 哪 些 

utt: 我想上厕所
WER: 0.00 % N: 5 C: 5 S: 0 D: 0 I: 0
lab: 我 想 上 厕 所 
rec: 我 想 上 厕 所 

utt: 附近有哪些银行
WER: 0.00 % N: 7 C: 7 S: 0 D: 0 I: 0
lab: 附 近 有 哪 些 银 行 
rec: 附 近 有 哪 些 银 行 

utt: 帮我找个停车的地方
WER: 0.00 % N: 9 C: 9 S: 0 D: 0 I: 0
lab: 帮 我 找 个 停 车 的 地 方 
rec: 帮 我 找 个 停 车 的 地 方 

utt: 导航到武汉梵高星空艺术馆
WER: 0.00 % N: 12 C: 12 S: 0 D: 0 I: 0
lab:  导 航 到 武 汉 梵 高 星 空 艺 术 馆 
rec:  导 航 到 武 汉 梵 高 星 空 艺 术 馆 

utt: 查找通州次渠府东苑23号楼在哪
WER: 7.14 % N: 14 C: 14 S: 0 D: 0 I: 1
lab: 查 找 通 州 次 渠 府 东 苑 23 号 楼 在 哪    
rec: 查 找 通 州 次 渠 府 东 苑 23 号 楼 在 哪 儿 

utt: 显示去三新北路三新路交叉口的路线
WER: 0.00 % N: 16 C: 16 S: 0 D: 0 I: 0
lab: 显 示 去 三 新 北 路 三 新 路 交 叉 口 的 路 线 
rec: 显 示 去 三 新 北 路 三 新 路 交 叉 口 的 路 线 

utt: 我要停车
WER: 0.00 % N: 4 C: 4 S: 0 D: 0 I: 0
lab:   我 要 停 车 
rec:   我 要 停 车 

utt: 帮我找个停车的地方
WER: 0.00 % N: 9 C: 9 S: 0 D: 0 I: 0
lab:  帮 我 找 个 停 车 的 地 方 
rec:  帮 我 找 个 停 车 的 地 方 

utt: 帮我找一下北京港澳国际医务诊所附近的停车场
WER: 0.00 % N: 21 C: 21 S: 0 D: 0 I: 0
lab: 帮 我 找 一 下 北 京 港 澳 国 际 医 务 诊 所 附 近 的 停 车 场 
rec: 帮 我 找 一 下 北 京 港 澳 国 际 医 务 诊 所 附 近 的 停 车 场 

utt: 我想去石家庄裕华区的中国移动
WER: 0.00 % N: 14 C: 14 S: 0 D: 0 I: 0
lab: 我 想 去 石 家 庄 裕 华 区 的 中 国 移 动 
rec: 我 想 去 石 家 庄 裕 华 区 的 中 国 移 动 

utt: 我想去海淀大街和中关村大街的交叉口
WER: 0.00 % N: 17 C: 17 S: 0 D: 0 I: 0
lab:  我 想 去 海 淀 大 街 和 中 关 村 大 街 的 交 叉 口 
rec:  我 想 去 海 淀 大 街 和 中 关 村 大 街 的 交 叉 口 

utt: 导航去小蛮腰
WER: 0.00 % N: 6 C: 6 S: 0 D: 0 I: 0
lab: 导 航 去 小 蛮 腰 
rec: 导 航 去 小 蛮 腰 

utt: 我需要加油了
WER: 0.00 % N: 6 C: 6 S: 0 D: 0 I: 0
lab:  我 需 要 加 油 了 
rec:  我 需 要 加 油 了 

utt: 导航去小蛮腰
WER: 0.00 % N: 6 C: 6 S: 0 D: 0 I: 0
lab:  导 航 去 小 蛮 腰 
rec:  导 航 去 小 蛮 腰 

utt: 咱们去南锣鼓巷的尼积小栈
WER: 0.00 % N: 12 C: 12 S: 0 D: 0 I: 0
lab:  咱 们 去 南 锣 鼓 巷 的 尼 积 小 栈 
rec:  咱 们 去 南 锣 鼓 巷 的 尼 积 小 栈 

utt: 导航去中关村大街附近的三星级酒店
WER: 0.00 % N: 16 C: 16 S: 0 D: 0 I: 0
lab:  导 航 去 中 关 村 大 街 附 近 的 三 星 级 酒 店 
rec:  导 航 去 中 关 村 大 街 附 近 的 三 星 级 酒 店 

utt: 找一下石家庄友谊大街115号
WER: 0.00 % N: 12 C: 12 S: 0 D: 0 I: 0
lab:  找 一 下 石 家 庄 友 谊 大 街 115 号 
rec:  找 一 下 石 家 庄 友 谊 大 街 115 号 

utt: 找个最近的厕所
WER: 0.00 % N: 7 C: 7 S: 0 D: 0 I: 0
lab:  找 个 最 近 的 厕 所 
rec:  找 个 最 近 的 厕 所 

utt: 行驶至南京狮王府
WER: 0.00 % N: 8 C: 8 S: 0 D: 0 I: 0
lab: 行 驶 至 南 京 狮 王 府 
rec: 行 驶 至 南 京 狮 王 府 

utt: 开车去红砖美术馆
WER: 0.00 % N: 8 C: 8 S: 0 D: 0 I: 0
lab: 开 车 去 红 砖 美 术 馆 
rec: 开 车 去 红 砖 美 术 馆 

utt: 搜索一下北京国贸三期全城最高的云酷餐厅的位置
WER: 0.00 % N: 22 C: 22 S: 0 D: 0 I: 0
lab:  搜 索 一 下 北 京 国 贸 三 期 全 城 最 高 的 云 酷 餐 厅 的 位 置 
rec:  搜 索 一 下 北 京 国 贸 三 期 全 城 最 高 的 云 酷 餐 厅 的 位 置 

utt: 北纬路与太平街的交叉口怎么去
WER: 0.00 % N: 14 C: 14 S: 0 D: 0 I: 0
lab:  北 纬 路 与 太 平 街 的 交 叉 口 怎 么 去 
rec:  北 纬 路 与 太 平 街 的 交 叉 口 怎 么 去 

utt: 导航去成都科华北路的电台巷
WER: 0.00 % N: 13 C: 13 S: 0 D: 0 I: 0
lab:  导 航 去 成 都 科 华 北 路 的 电 台 巷 
rec:  导 航 去 成 都 科 华 北 路 的 电 台 巷 

utt: 找一下我周围人均不超过二百的西餐厅
WER: 11.76 % N: 17 C: 15 S: 1 D: 1 I: 0
lab:  找 一 下 我 周 围 人 均 不 超 过 二  百 的 西 餐 厅 
rec:  找 一 下 我 周 围 人 均 不 超 过 200    的 西 餐 厅 

utt: 我累了
WER: 0.00 % N: 3 C: 3 S: 0 D: 0 I: 0
lab:     我 累 了 
rec:     我 累 了 

utt: 帮我在武汉东湖附近找一个停车的地方
WER: 0.00 % N: 17 C: 17 S: 0 D: 0 I: 0
lab: 帮 我 在 武 汉 东 湖 附 近 找 一 个 停 车 的 地 方 
rec: 帮 我 在 武 汉 东 湖 附 近 找 一 个 停 车 的 地 方 

utt: 帮我导航到南京四方当代美术馆
WER: 0.00 % N: 14 C: 14 S: 0 D: 0 I: 0
lab:  帮 我 导 航 到 南 京 四 方 当 代 美 术 馆 
rec:  帮 我 导 航 到 南 京 四 方 当 代 美 术 馆 

utt: 我想去石家庄裕华区的中国移动
WER: 0.00 % N: 14 C: 14 S: 0 D: 0 I: 0
lab:  我 想 去 石 家 庄 裕 华 区 的 中 国 移 动 
rec:  我 想 去 石 家 庄 裕 华 区 的 中 国 移 动 

utt: 导航至三里屯那边的喜茶
WER: 0.00 % N: 11 C: 11 S: 0 D: 0 I: 0
lab: 导 航 至 三 里 屯 那 边 的 喜 茶 
rec: 导 航 至 三 里 屯 那 边 的 喜 茶 

utt: 导航去大学城路与盛北大街十字路口
WER: 0.00 % N: 16 C: 16 S: 0 D: 0 I: 0
lab:   导 航 去 大 学 城 路 与 盛 北 大 街 十 字 路 口 
rec:   导 航 去 大 学 城 路 与 盛 北 大 街 十 字 路 口 

utt: 导航去昌平区北七家镇
WER: 0.00 % N: 10 C: 10 S: 0 D: 0 I: 0
lab:  导 航 去 昌 平 区 北 七 家 镇 
rec:  导 航 去 昌 平 区 北 七 家 镇 

utt: 我要到即墨路和浦东南路叉路口
WER: 0.00 % N: 14 C: 14 S: 0 D: 0 I: 0
lab:  我 要 到 即 墨 路 和 浦 东 南 路 叉 路 口 
rec:  我 要 到 即 墨 路 和 浦 东 南 路 叉 路 口 

utt: 导航去500元左右的餐厅
WER: 0.00 % N: 10 C: 10 S: 0 D: 0 I: 0
lab: 导 航 去 500 元 左 右 的 餐 厅 
rec: 导 航 去 500 元 左 右 的 餐 厅 

utt: 找一下附近的超市
WER: 0.00 % N: 8 C: 8 S: 0 D: 0 I: 0
lab:  找 一 下 附 近 的 超 市 
rec:  找 一 下 附 近 的 超 市 

utt: 导航去200元左右一晚的酒店
WER: 0.00 % N: 12 C: 12 S: 0 D: 0 I: 0
lab:  导 航 去 200 元 左 右 一 晚 的 酒 店 
rec:  导 航 去 200 元 左 右 一 晚 的 酒 店 

utt: 附近人均消费30的饭馆
WER: 0.00 % N: 10 C: 10 S: 0 D: 0 I: 0
lab:  附 近 人 均 消 费 30 的 饭 馆 
rec:  附 近 人 均 消 费 30 的 饭 馆 

utt: 北京国贸附近人均200以下川菜馆有哪些
WER: 0.00 % N: 17 C: 17 S: 0 D: 0 I: 0
lab:   北 京 国 贸 附 近 人 均 200 以 下 川 菜 馆 有 哪 些 
rec:   北 京 国 贸 附 近 人 均 200 以 下 川 菜 馆 有 哪 些 

utt: 找一下北京的喜茶
WER: 0.00 % N: 8 C: 8 S: 0 D: 0 I: 0
lab:  找 一 下 北 京 的 喜 茶 
rec:  找 一 下 北 京 的 喜 茶 

utt: 帮我查查八达岭消防队
WER: 0.00 % N: 10 C: 10 S: 0 D: 0 I: 0
lab:  帮 我 查 查 八 达 岭 消 防 队 
rec:  帮 我 查 查 八 达 岭 消 防 队 

utt: 导航去川菜馆
WER: 0.00 % N: 6 C: 6 S: 0 D: 0 I: 0
lab: 导 航 去 川 菜 馆 
rec: 导 航 去 川 菜 馆 

utt: 去一个最近的汽车美容店
WER: 0.00 % N: 11 C: 11 S: 0 D: 0 I: 0
lab: 去 一 个 最 近 的 汽 车 美 容 店 
rec: 去 一 个 最 近 的 汽 车 美 容 店 

utt: 导航去如家酒店
WER: 0.00 % N: 7 C: 7 S: 0 D: 0 I: 0
lab:  导 航 去 如 家 酒 店 
rec:  导 航 去 如 家 酒 店 

utt: 导航到重庆奥陶纪公园
WER: 0.00 % N: 10 C: 10 S: 0 D: 0 I: 0
lab: 导 航 到 重 庆 奥 陶 纪 公 园 
rec: 导 航 到 重 庆 奥 陶 纪 公 园 

utt: 我要停车
WER: 0.00 % N: 4 C: 4 S: 0 D: 0 I: 0
lab:    我 要 停 车 
rec:    我 要 停 车 

utt: 找一家国贸附近后天晚上入住的酒店
WER: 0.00 % N: 16 C: 16 S: 0 D: 0 I: 0
lab:  找 一 家 国 贸 附 近 后 天 晚 上 入 住 的 酒 店 
rec:  找 一 家 国 贸 附 近 后 天 晚 上 入 住 的 酒 店 

utt: 现在开车去吃饭
WER: 0.00 % N: 7 C: 7 S: 0 D: 0 I: 0
lab: 现 在 开 车 去 吃 饭 
rec: 现 在 开 车 去 吃 饭 

utt: 找一下石家庄友谊大街115号
WER: 0.00 % N: 12 C: 12 S: 0 D: 0 I: 0
lab:   找 一 下 石 家 庄 友 谊 大 街 115 号 
rec:   找 一 下 石 家 庄 友 谊 大 街 115 号 

utt: 导航去欢乐谷吧
WER: 0.00 % N: 7 C: 7 S: 0 D: 0 I: 0
lab: 导 航 去 欢 乐 谷 吧 
rec: 导 航 去 欢 乐 谷 吧 

utt: 查找上海市青浦区官字圩路陈新路交叉口
WER: 0.00 % N: 18 C: 18 S: 0 D: 0 I: 0
lab:  查 找 上 海 市 青 浦 区 官 字 圩 路 陈 新 路 交 叉 口 
rec:  查 找 上 海 市 青 浦 区 官 字 圩 路 陈 新 路 交 叉 口 

utt: 我想去北京市西二旗附近的肯德基
WER: 0.00 % N: 15 C: 15 S: 0 D: 0 I: 0
lab:  我 想 去 北 京 市 西 二 旗 附 近 的 肯 德 基 
rec:  我 想 去 北 京 市 西 二 旗 附 近 的 肯 德 基 

utt: 导航到上海黄浦中山东二路8号
WER: 0.00 % N: 14 C: 14 S: 0 D: 0 I: 0
lab:  导 航 到 上 海 黄 浦 中 山 东 二 路 8 号 
rec:  导 航 到 上 海 黄 浦 中 山 东 二 路 8 号 

utt: 我要去南京民国红公馆
WER: 0.00 % N: 10 C: 10 S: 0 D: 0 I: 0
lab: 我 要 去 南 京 民 国 红 公 馆 
rec: 我 要 去 南 京 民 国 红 公 馆 

utt: 我想去北京市国贸附近的购物中心
WER: 0.00 % N: 15 C: 15 S: 0 D: 0 I: 0
lab:  我 想 去 北 京 市 国 贸 附 近 的 购 物 中 心 
rec:  我 想 去 北 京 市 国 贸 附 近 的 购 物 中 心 

utt: 定位到一汽大众附近的全家便利店
WER: 0.00 % N: 15 C: 15 S: 0 D: 0 I: 0
lab: 定 位 到 一 汽 大 众 附 近 的 全 家 便 利 店 
rec: 定 位 到 一 汽 大 众 附 近 的 全 家 便 利 店 

utt: 帮我在上下九步行街附近找一个地下停车场
WER: 0.00 % N: 19 C: 19 S: 0 D: 0 I: 0
lab: 帮 我 在 上 下 九 步 行 街 附 近 找 一 个 地 下 停 车 场 
rec: 帮 我 在 上 下 九 步 行 街 附 近 找 一 个 地 下 停 车 场 

utt: 我要去成都市致民路48号附1号
WER: 0.00 % N: 14 C: 14 S: 0 D: 0 I: 0
lab:  我 要 去 成 都 市 致 民 路 48 号 附 1 号 
rec:  我 要 去 成 都 市 致 民 路 48 号 附 1 号 

utt: 定位到五星级酒店北京国际饭店
WER: 0.00 % N: 14 C: 14 S: 0 D: 0 I: 0
lab:  定 位 到 五 星 级 酒 店 北 京 国 际 饭 店 
rec:  定 位 到 五 星 级 酒 店 北 京 国 际 饭 店 

utt: 找一下附近的超市
WER: 0.00 % N: 8 C: 8 S: 0 D: 0 I: 0
lab:   找 一 下 附 近 的 超 市 
rec:   找 一 下 附 近 的 超 市 

utt: 找一下上海的家乐福
WER: 0.00 % N: 9 C: 9 S: 0 D: 0 I: 0
lab:   找 一 下 上 海 的 家 乐 福 
rec:   找 一 下 上 海 的 家 乐 福 

utt: 找个最近的厕所
WER: 0.00 % N: 7 C: 7 S: 0 D: 0 I: 0
lab:   找 个 最 近 的 厕 所 
rec:   找 个 最 近 的 厕 所 

utt: 陆家嘴附近有没有50块钱以下的酒店
WER: 0.00 % N: 16 C: 16 S: 0 D: 0 I: 0
lab:  陆 家 嘴 附 近 有 没 有 50 块 钱 以 下 的 酒 店 
rec:  陆 家 嘴 附 近 有 没 有 50 块 钱 以 下 的 酒 店 

utt: 开车去红砖美术馆
WER: 0.00 % N: 8 C: 8 S: 0 D: 0 I: 0
lab:  开 车 去 红 砖 美 术 馆 
rec:  开 车 去 红 砖 美 术 馆 

utt: 查找成都太古里附近的星巴克
WER: 0.00 % N: 13 C: 13 S: 0 D: 0 I: 0
lab:   查 找 成 都 太 古 里 附 近 的 星 巴 克 
rec:   查 找 成 都 太 古 里 附 近 的 星 巴 克 

utt: 去上海南京西路和茂名北路交叉路口附近的四季酒店
WER: 0.00 % N: 23 C: 23 S: 0 D: 0 I: 0
lab: 去 上 海 南 京 西 路 和 茂 名 北 路 交 叉 路 口 附 近 的 四 季 酒 店 
rec: 去 上 海 南 京 西 路 和 茂 名 北 路 交 叉 路 口 附 近 的 四 季 酒 店 

utt: 导航去北京长城脚下的公社
WER: 0.00 % N: 12 C: 12 S: 0 D: 0 I: 0
lab:  导 航 去 北 京 长 城 脚 下 的 公 社 
rec:  导 航 去 北 京 长 城 脚 下 的 公 社 

utt: 在新城市查找麦当劳
WER: 0.00 % N: 9 C: 9 S: 0 D: 0 I: 0
lab:  在 新 城 市 查 找 麦 当 劳 
rec:  在 新 城 市 查 找 麦 当 劳 

utt: 导航去出发地
WER: 0.00 % N: 6 C: 6 S: 0 D: 0 I: 0
lab:  导 航 去 出 发 地 
rec:  导 航 去 出 发 地 

utt: 我想去798
WER: 0.00 % N: 4 C: 4 S: 0 D: 0 I: 0
lab: 我 想 去 798 
rec: 我 想 去 798 

utt: 我想加油
WER: 0.00 % N: 4 C: 4 S: 0 D: 0 I: 0
lab:  我 想 加 油 
rec:  我 想 加 油 

utt: 查找一下方圆十公里内的派出所
WER: 0.00 % N: 14 C: 14 S: 0 D: 0 I: 0
lab: 查 找 一 下 方 圆 十 公 里 内 的 派 出 所 
rec: 查 找 一 下 方 圆 十 公 里 内 的 派 出 所 

utt: 能帮我查一下附近哪里有希尔顿酒店吗
WER: 0.00 % N: 17 C: 17 S: 0 D: 0 I: 0
lab: 能 帮 我 查 一 下 附 近 哪 里 有 希 尔 顿 酒 店 吗 
rec: 能 帮 我 查 一 下 附 近 哪 里 有 希 尔 顿 酒 店 吗 

utt: 我要去银行
WER: 0.00 % N: 5 C: 5 S: 0 D: 0 I: 0
lab:    我 要 去 银 行 
rec:    我 要 去 银 行 

utt: 导一下人均消费30元左右的拉面馆
WER: 0.00 % N: 15 C: 15 S: 0 D: 0 I: 0
lab:  导 一 下 人 均 消 费 30 元 左 右 的 拉 面 馆 
rec:  导 一 下 人 均 消 费 30 元 左 右 的 拉 面 馆 

utt: 找一家世纪公园附近的格林豪泰酒店
WER: 0.00 % N: 16 C: 16 S: 0 D: 0 I: 0
lab:  找 一 家 世 纪 公 园 附 近 的 格 林 豪 泰 酒 店 
rec:  找 一 家 世 纪 公 园 附 近 的 格 林 豪 泰 酒 店 

utt: 搜索滨河公园
WER: 0.00 % N: 6 C: 6 S: 0 D: 0 I: 0
lab:   搜 索 滨 河 公 园 
rec:   搜 索 滨 河 公 园 

utt: 搜一下4月20号前门儿附近价格在1200元以上的五星级酒店有哪些
WER: 3.57 % N: 28 C: 27 S: 0 D: 1 I: 0
lab: 搜 一 下 4 月 20 号 前 门 儿 附 近 价 格 在 1200 元 以 上 的 五 星 级 酒 店 有 哪 些 
rec: 搜 一 下 4 月 20 号 前 门    附 近 价 格 在 1200 元 以 上 的 五 星 级 酒 店 有 哪 些 

utt: 现在开始导航去上海东方阁公寓式酒店
WER: 0.00 % N: 17 C: 17 S: 0 D: 0 I: 0
lab:  现 在 开 始 导 航 去 上 海 东 方 阁 公 寓 式 酒 店 
rec:  现 在 开 始 导 航 去 上 海 东 方 阁 公 寓 式 酒 店 

utt: 北京世贸天阶附近有停车的地方吗
WER: 0.00 % N: 15 C: 15 S: 0 D: 0 I: 0
lab:  北 京 世 贸 天 阶 附 近 有 停 车 的 地 方 吗 
rec:  北 京 世 贸 天 阶 附 近 有 停 车 的 地 方 吗 

utt: 找一下上海的肯德基
WER: 0.00 % N: 9 C: 9 S: 0 D: 0 I: 0
lab:  找 一 下 上 海 的 肯 德 基 
rec:  找 一 下 上 海 的 肯 德 基 

utt: 导航到南京浦口火车站
WER: 0.00 % N: 10 C: 10 S: 0 D: 0 I: 0
lab:   导 航 到 南 京 浦 口 火 车 站 
rec:   导 航 到 南 京 浦 口 火 车 站 

utt: 出发去重庆江北机场
WER: 0.00 % N: 9 C: 9 S: 0 D: 0 I: 0
lab:  出 发 去 重 庆 江 北 机 场 
rec:  出 发 去 重 庆 江 北 机 场 

utt: 北京世贸天阶附近有停车的地方吗
WER: 0.00 % N: 15 C: 15 S: 0 D: 0 I: 0
lab:   北 京 世 贸 天 阶 附 近 有 停 车 的 地 方 吗 
rec:   北 京 世 贸 天 阶 附 近 有 停 车 的 地 方 吗 

utt: 我要去东三环的五星级北京长城饭店
WER: 0.00 % N: 16 C: 16 S: 0 D: 0 I: 0
lab:  我 要 去 东 三 环 的 五 星 级 北 京 长 城 饭 店 
rec:  我 要 去 东 三 环 的 五 星 级 北 京 长 城 饭 店 

utt: 帮我找个停车的地方
WER: 0.00 % N: 9 C: 9 S: 0 D: 0 I: 0
lab:   帮 我 找 个 停 车 的 地 方 
rec:   帮 我 找 个 停 车 的 地 方 

utt: 找找车公庄那边最便宜的商务酒店
WER: 0.00 % N: 15 C: 15 S: 0 D: 0 I: 0
lab:  找 找 车 公 庄 那 边 最 便 宜 的 商 务 酒 店 
rec:  找 找 车 公 庄 那 边 最 便 宜 的 商 务 酒 店 

utt: 我想吃饭
WER: 0.00 % N: 4 C: 4 S: 0 D: 0 I: 0
lab:  我 想 吃 饭 
rec:  我 想 吃 饭 

utt: 查查北京工商大学附近有哪些屈臣氏
WER: 0.00 % N: 16 C: 16 S: 0 D: 0 I: 0
lab:  查 查 北 京 工 商 大 学 附 近 有 哪 些 屈 臣 氏 
rec:  查 查 北 京 工 商 大 学 附 近 有 哪 些 屈 臣 氏 

utt: 我想去新中关购物中心的那家姐夫的小菜
WER: 0.00 % N: 18 C: 18 S: 0 D: 0 I: 0
lab: 我 想 去 新 中 关 购 物 中 心 的 那 家 姐 夫 的 小 菜 
rec: 我 想 去 新 中 关 购 物 中 心 的 那 家 姐 夫 的 小 菜 

utt: 帮我导航到武汉市汉阳区龙阳大道与四新大道交叉路口
WER: 0.00 % N: 24 C: 24 S: 0 D: 0 I: 0
lab: 帮 我 导 航 到 武 汉 市 汉 阳 区 龙 阳 大 道 与 四 新 大 道 交 叉 路 口 
rec: 帮 我 导 航 到 武 汉 市 汉 阳 区 龙 阳 大 道 与 四 新 大 道 交 叉 路 口 

utt: 周五去北京
WER: 0.00 % N: 5 C: 5 S: 0 D: 0 I: 0
lab:  周 五 去 北 京 
rec:  周 五 去 北 京 

utt: 导航去北京长城脚下的公社
WER: 0.00 % N: 12 C: 12 S: 0 D: 0 I: 0
lab:   导 航 去 北 京 长 城 脚 下 的 公 社 
rec:   导 航 去 北 京 长 城 脚 下 的 公 社 

utt: 我要去武汉严老幺烧麦店
WER: 0.00 % N: 11 C: 11 S: 0 D: 0 I: 0
lab: 我 要 去 武 汉 严 老 幺 烧 麦 店 
rec: 我 要 去 武 汉 严 老 幺 烧 麦 店 

utt: 我有点累
WER: 0.00 % N: 4 C: 4 S: 0 D: 0 I: 0
lab: 我 有 点 累 
rec: 我 有 点 累 

utt: 导航去200元左右一晚的酒店
WER: 0.00 % N: 12 C: 12 S: 0 D: 0 I: 0
lab:   导 航 去 200 元 左 右 一 晚 的 酒 店 
rec:   导 航 去 200 元 左 右 一 晚 的 酒 店 

utt: 我要去重庆17门老火锅
WER: 0.00 % N: 10 C: 10 S: 0 D: 0 I: 0
lab: 我 要 去 重 庆 17 门 老 火 锅 
rec: 我 要 去 重 庆 17 门 老 火 锅 

utt: 现在行驶至深圳福华三路与金田路交汇处
WER: 0.00 % N: 18 C: 18 S: 0 D: 0 I: 0
lab:  现 在 行 驶 至 深 圳 福 华 三 路 与 金 田 路 交 汇 处 
rec:  现 在 行 驶 至 深 圳 福 华 三 路 与 金 田 路 交 汇 处 

utt: 去一个最近的汽车美容店
WER: 0.00 % N: 11 C: 11 S: 0 D: 0 I: 0
lab:  去 一 个 最 近 的 汽 车 美 容 店 
rec:  去 一 个 最 近 的 汽 车 美 容 店 

utt: 我想去北京市朝阳区大望路的中国移动
WER: 0.00 % N: 17 C: 17 S: 0 D: 0 I: 0
lab: 我 想 去 北 京 市 朝 阳 区 大 望 路 的 中 国 移 动 
rec: 我 想 去 北 京 市 朝 阳 区 大 望 路 的 中 国 移 动 

utt: 搜索下北京东四十条地铁站附近的价格在200元左右的墨西哥餐厅
WER: 0.00 % N: 28 C: 28 S: 0 D: 0 I: 0
lab:  搜 索 下 北 京 东 四 十 条 地 铁 站 附 近 的 价 格 在 200 元 左 右 的 墨 西 哥 餐 厅 
rec:  搜 索 下 北 京 东 四 十 条 地 铁 站 附 近 的 价 格 在 200 元 左 右 的 墨 西 哥 餐 厅 

utt: 定位到一汽大众附近的全家便利店
WER: 0.00 % N: 15 C: 15 S: 0 D: 0 I: 0
lab:  定 位 到 一 汽 大 众 附 近 的 全 家 便 利 店 
rec:  定 位 到 一 汽 大 众 附 近 的 全 家 便 利 店 

utt: 看看新中关附近的快捷酒店
WER: 0.00 % N: 12 C: 12 S: 0 D: 0 I: 0
lab:  看 看 新 中 关 附 近 的 快 捷 酒 店 
rec:  看 看 新 中 关 附 近 的 快 捷 酒 店 

utt: 找一下石家庄24中附近的建设银行
WER: 0.00 % N: 15 C: 15 S: 0 D: 0 I: 0
lab: 找 一 下 石 家 庄 24 中 附 近 的 建 设 银 行 
rec: 找 一 下 石 家 庄 24 中 附 近 的 建 设 银 行 

utt: 带我去最近的一家银行
WER: 0.00 % N: 10 C: 10 S: 0 D: 0 I: 0
lab: 带 我 去 最 近 的 一 家 银 行 
rec: 带 我 去 最 近 的 一 家 银 行 

utt: 开车去上海米其林三星法餐厅
WER: 0.00 % N: 13 C: 13 S: 0 D: 0 I: 0
lab: 开 车 去 上 海 米 其 林 三 星 法 餐 厅 
rec: 开 车 去 上 海 米 其 林 三 星 法 餐 厅 

utt: 我想去厕所
WER: 0.00 % N: 5 C: 5 S: 0 D: 0 I: 0
lab:   我 想 去 厕 所 
rec:   我 想 去 厕 所 

utt: 找一下上海的肯德基
WER: 0.00 % N: 9 C: 9 S: 0 D: 0 I: 0
lab:   找 一 下 上 海 的 肯 德 基 
rec:   找 一 下 上 海 的 肯 德 基 

utt: 导航到北京四季御园国际大酒店
WER: 0.00 % N: 14 C: 14 S: 0 D: 0 I: 0
lab: 导 航 到 北 京 四 季 御 园 国 际 大 酒 店 
rec: 导 航 到 北 京 四 季 御 园 国 际 大 酒 店 

utt: 开车去上海米其林三星法餐厅
WER: 0.00 % N: 13 C: 13 S: 0 D: 0 I: 0
lab:  开 车 去 上 海 米 其 林 三 星 法 餐 厅 
rec:  开 车 去 上 海 米 其 林 三 星 法 餐 厅 

utt: 找一下石家庄火车站附近的超市
WER: 0.00 % N: 14 C: 14 S: 0 D: 0 I: 0
lab: 找 一 下 石 家 庄 火 车 站 附 近 的 超 市 
rec: 找 一 下 石 家 庄 火 车 站 附 近 的 超 市 

utt: 最近的加油站
WER: 0.00 % N: 6 C: 6 S: 0 D: 0 I: 0
lab:   最 近 的 加 油 站 
rec:   最 近 的 加 油 站 

utt: 帮我导航到西安市新城区东乐巷15号
WER: 0.00 % N: 16 C: 16 S: 0 D: 0 I: 0
lab:  帮 我 导 航 到 西 安 市 新 城 区 东 乐 巷 15 号 
rec:  帮 我 导 航 到 西 安 市 新 城 区 东 乐 巷 15 号 

utt: 我要去厕所
WER: 0.00 % N: 5 C: 5 S: 0 D: 0 I: 0
lab:  我 要 去 厕 所 
rec:  我 要 去 厕 所 

utt: 这附近有什么4s店吗
WER: 0.00 % N: 9 C: 9 S: 0 D: 0 I: 0
lab: 这 附 近 有 什 么 4S 店 吗 
rec: 这 附 近 有 什 么 4S 店 吗 

utt: 我想去798
WER: 0.00 % N: 4 C: 4 S: 0 D: 0 I: 0
lab:  我 想 去 798 
rec:  我 想 去 798 

utt: 我要去大理人民路345号
WER: 0.00 % N: 10 C: 10 S: 0 D: 0 I: 0
lab:   我 要 去 大 理 人 民 路 345 号 
rec:   我 要 去 大 理 人 民 路 345 号 

utt: 我想去新中关购物中心的那家姐夫的小菜
WER: 0.00 % N: 18 C: 18 S: 0 D: 0 I: 0
lab:  我 想 去 新 中 关 购 物 中 心 的 那 家 姐 夫 的 小 菜 
rec:  我 想 去 新 中 关 购 物 中 心 的 那 家 姐 夫 的 小 菜 

utt: 现在开始导航到武汉长江大桥
WER: 0.00 % N: 13 C: 13 S: 0 D: 0 I: 0
lab:   现 在 开 始 导 航 到 武 汉 长 江 大 桥 
rec:   现 在 开 始 导 航 到 武 汉 长 江 大 桥 

utt: 导航去一家五星级的酒店吧
WER: 8.33 % N: 12 C: 11 S: 1 D: 0 I: 0
lab:  导 航 去 一 家 五 星 级 的 酒 店 吧 
rec:  导 航 去 一 家 五 星 级 的 酒 店 吗 

utt: 找一家有宫爆鸡丁的湖南菜
WER: 0.00 % N: 12 C: 12 S: 0 D: 0 I: 0
lab:   找 一 家 有 宫 爆 鸡 丁 的 湖 南 菜 
rec:   找 一 家 有 宫 爆 鸡 丁 的 湖 南 菜 

utt: 现在开始导航去上海东方阁公寓式酒店
WER: 0.00 % N: 17 C: 17 S: 0 D: 0 I: 0
lab:   现 在 开 始 导 航 去 上 海 东 方 阁 公 寓 式 酒 店 
rec:   现 在 开 始 导 航 去 上 海 东 方 阁 公 寓 式 酒 店 

utt: 导航去周围的停车场
WER: 0.00 % N: 9 C: 9 S: 0 D: 0 I: 0
lab: 导 航 去 周 围 的 停 车 场 
rec: 导 航 去 周 围 的 停 车 场 

utt: 帮我找一下广州市天河区广汕一路
WER: 0.00 % N: 15 C: 15 S: 0 D: 0 I: 0
lab:   帮 我 找 一 下 广 州 市 天 河 区 广 汕 一 路 
rec:   帮 我 找 一 下 广 州 市 天 河 区 广 汕 一 路 

utt: 我要去拉萨市城关区藏医院路
WER: 0.00 % N: 13 C: 13 S: 0 D: 0 I: 0
lab:  我 要 去 拉 萨 市 城 关 区 藏 医 院 路 
rec:  我 要 去 拉 萨 市 城 关 区 藏 医 院 路 

utt: 找一下石家庄灵寿县的工商银行
WER: 0.00 % N: 14 C: 14 S: 0 D: 0 I: 0
lab:  找 一 下 石 家 庄 灵 寿 县 的 工 商 银 行 
rec:  找 一 下 石 家 庄 灵 寿 县 的 工 商 银 行 

utt: 我想开车去离我最近的肯德基
WER: 0.00 % N: 13 C: 13 S: 0 D: 0 I: 0
lab:  我 想 开 车 去 离 我 最 近 的 肯 德 基 
rec:  我 想 开 车 去 离 我 最 近 的 肯 德 基 

utt: 北京后海附近有哪些连锁酒店
WER: 0.00 % N: 13 C: 13 S: 0 D: 0 I: 0
lab: 北 京 后 海 附 近 有 哪 些 连 锁 酒 店 
rec: 北 京 后 海 附 近 有 哪 些 连 锁 酒 店 

utt: 导航去旅馆
WER: 0.00 % N: 5 C: 5 S: 0 D: 0 I: 0
lab:  导 航 去 旅 馆 
rec:  导 航 去 旅 馆 

utt: 北京后海附近有哪些连锁酒店
WER: 0.00 % N: 13 C: 13 S: 0 D: 0 I: 0
lab:  北 京 后 海 附 近 有 哪 些 连 锁 酒 店 
rec:  北 京 后 海 附 近 有 哪 些 连 锁 酒 店 

utt: 查找海淀区中关村附近的商场
WER: 0.00 % N: 13 C: 13 S: 0 D: 0 I: 0
lab:  查 找 海 淀 区 中 关 村 附 近 的 商 场 
rec:  查 找 海 淀 区 中 关 村 附 近 的 商 场 

utt: 现在出发去深圳的好好先生
WER: 0.00 % N: 12 C: 12 S: 0 D: 0 I: 0
lab:   现 在 出 发 去 深 圳 的 好 好 先 生 
rec:   现 在 出 发 去 深 圳 的 好 好 先 生 

utt: 导航到重庆奥陶纪公园
WER: 0.00 % N: 10 C: 10 S: 0 D: 0 I: 0
lab:  导 航 到 重 庆 奥 陶 纪 公 园 
rec:  导 航 到 重 庆 奥 陶 纪 公 园 

utt: 我要去周围的超市
WER: 0.00 % N: 8 C: 8 S: 0 D: 0 I: 0
lab: 我 要 去 周 围 的 超 市 
rec: 我 要 去 周 围 的 超 市 

utt: 开车去红砖美术馆
WER: 0.00 % N: 8 C: 8 S: 0 D: 0 I: 0
lab:   开 车 去 红 砖 美 术 馆 
rec:   开 车 去 红 砖 美 术 馆 

utt: 定位到一汽大众附近的全家便利店
WER: 0.00 % N: 15 C: 15 S: 0 D: 0 I: 0
lab:   定 位 到 一 汽 大 众 附 近 的 全 家 便 利 店 
rec:   定 位 到 一 汽 大 众 附 近 的 全 家 便 利 店 

utt: 我想去798
WER: 0.00 % N: 4 C: 4 S: 0 D: 0 I: 0
lab:   我 想 去 798 
rec:   我 想 去 798 

utt: 导航去贵阳市省府路55号
WER: 0.00 % N: 11 C: 11 S: 0 D: 0 I: 0
lab:  导 航 去 贵 阳 市 省 府 路 55 号 
rec:  导 航 去 贵 阳 市 省 府 路 55 号 

utt: 查找一下方圆十公里内的派出所
WER: 0.00 % N: 14 C: 14 S: 0 D: 0 I: 0
lab:  查 找 一 下 方 圆 十 公 里 内 的 派 出 所 
rec:  查 找 一 下 方 圆 十 公 里 内 的 派 出 所 

utt: 我想停车
WER: 0.00 % N: 4 C: 4 S: 0 D: 0 I: 0
lab:   我 想 停 车 
rec:   我 想 停 车 

utt: 最近的加油站
WER: 0.00 % N: 6 C: 6 S: 0 D: 0 I: 0
lab:    最 近 的 加 油 站 
rec:    最 近 的 加 油 站 

utt: 告诉我阿华面馆的位置
WER: 0.00 % N: 10 C: 10 S: 0 D: 0 I: 0
lab:  告 诉 我 阿 华 面 馆 的 位 置 
rec:  告 诉 我 阿 华 面 馆 的 位 置 

utt: 找一下北京的肯德基
WER: 0.00 % N: 9 C: 9 S: 0 D: 0 I: 0
lab: 找 一 下 北 京 的 肯 德 基 
rec: 找 一 下 北 京 的 肯 德 基 

utt: 帮我导航到1933老场坊
WER: 0.00 % N: 9 C: 9 S: 0 D: 0 I: 0
lab:  帮 我 导 航 到 1933 老 场 坊 
rec:  帮 我 导 航 到 1933 老 场 坊 

utt: 定位去北京恭王府
WER: 0.00 % N: 8 C: 8 S: 0 D: 0 I: 0
lab:  定 位 去 北 京 恭 王 府 
rec:  定 位 去 北 京 恭 王 府 

utt: 在新城市查找麦当劳
WER: 0.00 % N: 9 C: 9 S: 0 D: 0 I: 0
lab:   在 新 城 市 查 找 麦 当 劳 
rec:   在 新 城 市 查 找 麦 当 劳 

utt: 导航至三里屯那边的喜茶
WER: 0.00 % N: 11 C: 11 S: 0 D: 0 I: 0
lab:  导 航 至 三 里 屯 那 边 的 喜 茶 
rec:  导 航 至 三 里 屯 那 边 的 喜 茶 

utt: 导航到北京新中关购物中心附近的喜茶
WER: 0.00 % N: 17 C: 17 S: 0 D: 0 I: 0
lab:   导 航 到 北 京 新 中 关 购 物 中 心 附 近 的 喜 茶 
rec:   导 航 到 北 京 新 中 关 购 物 中 心 附 近 的 喜 茶 

utt: 导航到重庆奥陶纪公园
WER: 0.00 % N: 10 C: 10 S: 0 D: 0 I: 0
lab:   导 航 到 重 庆 奥 陶 纪 公 园 
rec:   导 航 到 重 庆 奥 陶 纪 公 园 

utt: 导航去饺子馆
WER: 0.00 % N: 6 C: 6 S: 0 D: 0 I: 0
lab: 导 航 去 饺 子 馆 
rec: 导 航 去 饺 子 馆 

utt: 我想去洗手间
WER: 0.00 % N: 6 C: 6 S: 0 D: 0 I: 0
lab: 我 想 去 洗 手 间 
rec: 我 想 去 洗 手 间 

utt: 导航带我去速腾路高力南路交叉路口
WER: 0.00 % N: 16 C: 16 S: 0 D: 0 I: 0
lab: 导 航 带 我 去 速 腾 路 高 力 南 路 交 叉 路 口 
rec: 导 航 带 我 去 速 腾 路 高 力 南 路 交 叉 路 口 

utt: 导航到世界之窗
WER: 0.00 % N: 7 C: 7 S: 0 D: 0 I: 0
lab:  导 航 到 世 界 之 窗 
rec:  导 航 到 世 界 之 窗 

utt: 找一下上海的肯德基
WER: 0.00 % N: 9 C: 9 S: 0 D: 0 I: 0
lab:    找 一 下 上 海 的 肯 德 基 
rec:    找 一 下 上 海 的 肯 德 基 

utt: 我需要去卫生间
WER: 0.00 % N: 7 C: 7 S: 0 D: 0 I: 0
lab: 我 需 要 去 卫 生 间 
rec: 我 需 要 去 卫 生 间 

utt: 带我去广州麦当劳未来餐厅旗舰店
WER: 0.00 % N: 15 C: 15 S: 0 D: 0 I: 0
lab:   带 我 去 广 州 麦 当 劳 未 来 餐 厅 旗 舰 店 
rec:   带 我 去 广 州 麦 当 劳 未 来 餐 厅 旗 舰 店 

utt: 我要去兰州段家滩704号
WER: 0.00 % N: 10 C: 10 S: 0 D: 0 I: 0
lab:  我 要 去 兰 州 段 家 滩 704 号 
rec:  我 要 去 兰 州 段 家 滩 704 号 

utt: 导航到世界之窗
WER: 0.00 % N: 7 C: 7 S: 0 D: 0 I: 0
lab:   导 航 到 世 界 之 窗 
rec:   导 航 到 世 界 之 窗 

utt: 搜一下4月20号前门儿附近价格在1200元以上的五星级酒店有哪些
WER: 3.57 % N: 28 C: 27 S: 0 D: 1 I: 0
lab:  搜 一 下 4 月 20 号 前 门 儿 附 近 价 格 在 1200 元 以 上 的 五 星 级 酒 店 有 哪 些 
rec:  搜 一 下 4 月 20 号 前 门    附 近 价 格 在 1200 元 以 上 的 五 星 级 酒 店 有 哪 些 

utt: 最近的加油站
WER: 0.00 % N: 6 C: 6 S: 0 D: 0 I: 0
lab:     最 近 的 加 油 站 
rec:     最 近 的 加 油 站 

utt: 去北京市房山区周口店北京人遗址
WER: 0.00 % N: 15 C: 15 S: 0 D: 0 I: 0
lab: 去 北 京 市 房 山 区 周 口 店 北 京 人 遗 址 
rec: 去 北 京 市 房 山 区 周 口 店 北 京 人 遗 址 

utt: 帮我在上下九步行街附近找一个地下停车场
WER: 0.00 % N: 19 C: 19 S: 0 D: 0 I: 0
lab:  帮 我 在 上 下 九 步 行 街 附 近 找 一 个 地 下 停 车 场 
rec:  帮 我 在 上 下 九 步 行 街 附 近 找 一 个 地 下 停 车 场 

utt: 导航去欢乐谷吧
WER: 0.00 % N: 7 C: 7 S: 0 D: 0 I: 0
lab:  导 航 去 欢 乐 谷 吧 
rec:  导 航 去 欢 乐 谷 吧 

utt: 我要去武汉涨渡湖湿地公园
WER: 0.00 % N: 12 C: 12 S: 0 D: 0 I: 0
lab: 我 要 去 武 汉 涨 渡 湖 湿 地 公 园 
rec: 我 要 去 武 汉 涨 渡 湖 湿 地 公 园 

utt: 导航到宣武门东大街和西单大街的交叉路口
WER: 0.00 % N: 19 C: 19 S: 0 D: 0 I: 0
lab:   导 航 到 宣 武 门 东 大 街 和 西 单 大 街 的 交 叉 路 口 
rec:   导 航 到 宣 武 门 东 大 街 和 西 单 大 街 的 交 叉 路 口 

utt: 我想去吃火锅
WER: 0.00 % N: 6 C: 6 S: 0 D: 0 I: 0
lab:  我 想 去 吃 火 锅 
rec:  我 想 去 吃 火 锅 

utt: 我想去艾茉法式甜品店
WER: 0.00 % N: 10 C: 10 S: 0 D: 0 I: 0
lab: 我 想 去 艾 茉 法 式 甜 品 店 
rec: 我 想 去 艾 茉 法 式 甜 品 店 

utt: 带我去成都方所书店
WER: 0.00 % N: 9 C: 9 S: 0 D: 0 I: 0
lab: 带 我 去 成 都 方 所 书 店 
rec: 带 我 去 成 都 方 所 书 店 

utt: 找找朝阳区酒仙桥驼房营南路2号院附近的厕所
WER: 0.00 % N: 21 C: 21 S: 0 D: 0 I: 0
lab: 找 找 朝 阳 区 酒 仙 桥 驼 房 营 南 路 2 号 院 附 近 的 厕 所 
rec: 找 找 朝 阳 区 酒 仙 桥 驼 房 营 南 路 2 号 院 附 近 的 厕 所 

utt: 导航去酒店
WER: 0.00 % N: 5 C: 5 S: 0 D: 0 I: 0
lab:   导 航 去 酒 店 
rec:   导 航 去 酒 店 

utt: 附近人均消费30的饭馆
WER: 0.00 % N: 10 C: 10 S: 0 D: 0 I: 0
lab:   附 近 人 均 消 费 30 的 饭 馆 
rec:   附 近 人 均 消 费 30 的 饭 馆 

utt: 附近哪里可以吃上海菜
WER: 0.00 % N: 10 C: 10 S: 0 D: 0 I: 0
lab:  附 近 哪 里 可 以 吃 上 海 菜 
rec:  附 近 哪 里 可 以 吃 上 海 菜 

utt: 找找车公庄那边最便宜的商务酒店
WER: 0.00 % N: 15 C: 15 S: 0 D: 0 I: 0
lab:   找 找 车 公 庄 那 边 最 便 宜 的 商 务 酒 店 
rec:   找 找 车 公 庄 那 边 最 便 宜 的 商 务 酒 店 

utt: 带我们去北京市朝阳区雅宝路2号的首都儿科研究所
WER: 0.00 % N: 23 C: 23 S: 0 D: 0 I: 0
lab:  带 我 们 去 北 京 市 朝 阳 区 雅 宝 路 2 号 的 首 都 儿 科 研 究 所 
rec:  带 我 们 去 北 京 市 朝 阳 区 雅 宝 路 2 号 的 首 都 儿 科 研 究 所 

utt: 我要去武汉严老幺烧麦店
WER: 0.00 % N: 11 C: 11 S: 0 D: 0 I: 0
lab:  我 要 去 武 汉 严 老 幺 烧 麦 店 
rec:  我 要 去 武 汉 严 老 幺 烧 麦 店 

utt: 我想上厕所
WER: 0.00 % N: 5 C: 5 S: 0 D: 0 I: 0
lab:  我 想 上 厕 所 
rec:  我 想 上 厕 所 

utt: 我要去青岛市黄岛区九龙山路277号
WER: 0.00 % N: 15 C: 15 S: 0 D: 0 I: 0
lab: 我 要 去 青 岛 市 黄 岛 区 九 龙 山 路 277 号 
rec: 我 要 去 青 岛 市 黄 岛 区 九 龙 山 路 277 号 

utt: 带我去成都方所书店
WER: 0.00 % N: 9 C: 9 S: 0 D: 0 I: 0
lab:  带 我 去 成 都 方 所 书 店 
rec:  带 我 去 成 都 方 所 书 店 

utt: 去一个最近的汽车美容店
WER: 0.00 % N: 11 C: 11 S: 0 D: 0 I: 0
lab:   去 一 个 最 近 的 汽 车 美 容 店 
rec:   去 一 个 最 近 的 汽 车 美 容 店 

utt: 开车至北京3.3商场南侧那里花园的西班牙餐馆
WER: 0.00 % N: 20 C: 20 S: 0 D: 0 I: 0
lab:  开 车 至 北 京 3.3 商 场 南 侧 那 里 花 园 的 西 班 牙 餐 馆 
rec:  开 车 至 北 京 3.3 商 场 南 侧 那 里 花 园 的 西 班 牙 餐 馆 

utt: 导航去贵阳市省府路55号
WER: 0.00 % N: 11 C: 11 S: 0 D: 0 I: 0
lab:   导 航 去 贵 阳 市 省 府 路 55 号 
rec:   导 航 去 贵 阳 市 省 府 路 55 号 

utt: 帮我在武汉东湖附近找一个停车的地方
WER: 0.00 % N: 17 C: 17 S: 0 D: 0 I: 0
lab:  帮 我 在 武 汉 东 湖 附 近 找 一 个 停 车 的 地 方 
rec:  帮 我 在 武 汉 东 湖 附 近 找 一 个 停 车 的 地 方 

utt: 查找通州次渠府东苑23号楼在哪
WER: 7.14 % N: 14 C: 14 S: 0 D: 0 I: 1
lab:  查 找 通 州 次 渠 府 东 苑 23 号 楼 在 哪    
rec:  查 找 通 州 次 渠 府 东 苑 23 号 楼 在 哪 儿 

utt: 附近哪里可以吃上海菜
WER: 0.00 % N: 10 C: 10 S: 0 D: 0 I: 0
lab:   附 近 哪 里 可 以 吃 上 海 菜 
rec:   附 近 哪 里 可 以 吃 上 海 菜 

utt: 带我去北京三里屯北小街的阿拉伯餐厅
WER: 0.00 % N: 17 C: 17 S: 0 D: 0 I: 0
lab:  带 我 去 北 京 三 里 屯 北 小 街 的 阿 拉 伯 餐 厅 
rec:  带 我 去 北 京 三 里 屯 北 小 街 的 阿 拉 伯 餐 厅 

utt: 定位至这路上的工行
WER: 0.00 % N: 9 C: 9 S: 0 D: 0 I: 0
lab: 定 位 至 这 路 上 的 工 行 
rec: 定 位 至 这 路 上 的 工 行 

utt: 找一下北京崇文门附近的马克西姆法式餐厅
WER: 0.00 % N: 19 C: 19 S: 0 D: 0 I: 0
lab: 找 一 下 北 京 崇 文 门 附 近 的 马 克 西 姆 法 式 餐 厅 
rec: 找 一 下 北 京 崇 文 门 附 近 的 马 克 西 姆 法 式 餐 厅 

utt: 找下中石化凤凰路上的加油站
WER: 7.69 % N: 13 C: 13 S: 0 D: 0 I: 1
lab:  找    下 中 石 化 凤 凰 路 上 的 加 油 站 
rec:  找 一 下 中 石 化 凤 凰 路 上 的 加 油 站 

utt: 我要去成都市致民路48号附1号
WER: 0.00 % N: 14 C: 14 S: 0 D: 0 I: 0
lab:   我 要 去 成 都 市 致 民 路 48 号 附 1 号 
rec:   我 要 去 成 都 市 致 民 路 48 号 附 1 号 

utt: 看看新中关附近的快捷酒店
WER: 0.00 % N: 12 C: 12 S: 0 D: 0 I: 0
lab:   看 看 新 中 关 附 近 的 快 捷 酒 店 
rec:   看 看 新 中 关 附 近 的 快 捷 酒 店 

utt: 我要去人民广场附近便宜的蛋糕店
WER: 0.00 % N: 15 C: 15 S: 0 D: 0 I: 0
lab:  我 要 去 人 民 广 场 附 近 便 宜 的 蛋 糕 店 
rec:  我 要 去 人 民 广 场 附 近 便 宜 的 蛋 糕 店 

utt: 导航到宣武门东大街和西单大街的交叉路口
WER: 0.00 % N: 19 C: 19 S: 0 D: 0 I: 0
lab:    导 航 到 宣 武 门 东 大 街 和 西 单 大 街 的 交 叉 路 口 
rec:    导 航 到 宣 武 门 东 大 街 和 西 单 大 街 的 交 叉 路 口 

utt: 找一下北京崇文门附近的马克西姆法式餐厅
WER: 0.00 % N: 19 C: 19 S: 0 D: 0 I: 0
lab:  找 一 下 北 京 崇 文 门 附 近 的 马 克 西 姆 法 式 餐 厅 
rec:  找 一 下 北 京 崇 文 门 附 近 的 马 克 西 姆 法 式 餐 厅 

utt: 找一下北京的喜茶
WER: 0.00 % N: 8 C: 8 S: 0 D: 0 I: 0
lab:   找 一 下 北 京 的 喜 茶 
rec:   找 一 下 北 京 的 喜 茶 

utt: 找一下苏联红军烈士纪念碑的地址
WER: 0.00 % N: 15 C: 15 S: 0 D: 0 I: 0
lab: 找 一 下 苏 联 红 军 烈 士 纪 念 碑 的 地 址 
rec: 找 一 下 苏 联 红 军 烈 士 纪 念 碑 的 地 址 

utt: 上海人民广场半岛酒店双人间七天
WER: 6.67 % N: 15 C: 14 S: 1 D: 0 I: 0
lab: 上 海 人 民 广 场 半 岛 酒 店 双 人 间 七 天 
rec: 上 海 人 民 广 场 半 岛 酒 店 双 人 间 7  天 

utt: 我想去艾茉法式甜品店
WER: 0.00 % N: 10 C: 10 S: 0 D: 0 I: 0
lab:  我 想 去 艾 茉 法 式 甜 品 店 
rec:  我 想 去 艾 茉 法 式 甜 品 店 

utt: 导航去人均消费100元以下的广东菜
WER: 0.00 % N: 15 C: 15 S: 0 D: 0 I: 0
lab:  导 航 去 人 均 消 费 100 元 以 下 的 广 东 菜 
rec:  导 航 去 人 均 消 费 100 元 以 下 的 广 东 菜 

utt: 带我去成都方所书店
WER: 0.00 % N: 9 C: 9 S: 0 D: 0 I: 0
lab:   带 我 去 成 都 方 所 书 店 
rec:   带 我 去 成 都 方 所 书 店 

utt: 带我去静安大悦城
WER: 0.00 % N: 8 C: 8 S: 0 D: 0 I: 0
lab:  带 我 去 静 安 大 悦 城 
rec:  带 我 去 静 安 大 悦 城 

utt: 导航去北京中关村大街22号
WER: 0.00 % N: 12 C: 12 S: 0 D: 0 I: 0
lab: 导 航 去 北 京 中 关 村 大 街 22 号 
rec: 导 航 去 北 京 中 关 村 大 街 22 号 

utt: 帮我导航到西安市新城区东乐巷15号
WER: 0.00 % N: 16 C: 16 S: 0 D: 0 I: 0
lab:   帮 我 导 航 到 西 安 市 新 城 区 东 乐 巷 15 号 
rec:   帮 我 导 航 到 西 安 市 新 城 区 东 乐 巷 15 号 

utt: 我要去南京民国红公馆
WER: 0.00 % N: 10 C: 10 S: 0 D: 0 I: 0
lab:  我 要 去 南 京 民 国 红 公 馆 
rec:  我 要 去 南 京 民 国 红 公 馆 

utt: 帮我找个附近的海鲜自助餐厅
WER: 0.00 % N: 13 C: 13 S: 0 D: 0 I: 0
lab: 帮 我 找 个 附 近 的 海 鲜 自 助 餐 厅 
rec: 帮 我 找 个 附 近 的 海 鲜 自 助 餐 厅 

utt: 行驶至北京朝阳区工体北路4号
WER: 0.00 % N: 14 C: 14 S: 0 D: 0 I: 0
lab: 行 驶 至 北 京 朝 阳 区 工 体 北 路 4 号 
rec: 行 驶 至 北 京 朝 阳 区 工 体 北 路 4 号 

utt: 导一下人均消费30元左右的拉面馆
WER: 0.00 % N: 15 C: 15 S: 0 D: 0 I: 0
lab:   导 一 下 人 均 消 费 30 元 左 右 的 拉 面 馆 
rec:   导 一 下 人 均 消 费 30 元 左 右 的 拉 面 馆 

utt: 我想去洗手间
WER: 0.00 % N: 6 C: 6 S: 0 D: 0 I: 0
lab:  我 想 去 洗 手 间 
rec:  我 想 去 洗 手 间 

utt: 陆家嘴附近有没有50块钱以下的酒店
WER: 0.00 % N: 16 C: 16 S: 0 D: 0 I: 0
lab:   陆 家 嘴 附 近 有 没 有 50 块 钱 以 下 的 酒 店 
rec:   陆 家 嘴 附 近 有 没 有 50 块 钱 以 下 的 酒 店 

utt: 导航到上海黄浦中山东二路8号
WER: 0.00 % N: 14 C: 14 S: 0 D: 0 I: 0
lab:   导 航 到 上 海 黄 浦 中 山 东 二 路 8 号 
rec:   导 航 到 上 海 黄 浦 中 山 东 二 路 8 号 

utt: 我想去广州石室圣心大教堂
WER: 0.00 % N: 12 C: 12 S: 0 D: 0 I: 0
lab: 我 想 去 广 州 石 室 圣 心 大 教 堂 
rec: 我 想 去 广 州 石 室 圣 心 大 教 堂 

utt: 我想去北京市朝阳区大望路的中国移动
WER: 0.00 % N: 17 C: 17 S: 0 D: 0 I: 0
lab:  我 想 去 北 京 市 朝 阳 区 大 望 路 的 中 国 移 动 
rec:  我 想 去 北 京 市 朝 阳 区 大 望 路 的 中 国 移 动 

utt: 帮我找个酒店
WER: 0.00 % N: 6 C: 6 S: 0 D: 0 I: 0
lab:   帮 我 找 个 酒 店 
rec:   帮 我 找 个 酒 店 

utt: 搜索一下北京国贸三期全城最高的云酷餐厅的位置
WER: 0.00 % N: 22 C: 22 S: 0 D: 0 I: 0
lab:   搜 索 一 下 北 京 国 贸 三 期 全 城 最 高 的 云 酷 餐 厅 的 位 置 
rec:   搜 索 一 下 北 京 国 贸 三 期 全 城 最 高 的 云 酷 餐 厅 的 位 置 

utt: 找找北京的房山区良乡体育场路
WER: 0.00 % N: 14 C: 14 S: 0 D: 0 I: 0
lab: 找 找 北 京 的 房 山 区 良 乡 体 育 场 路 
rec: 找 找 北 京 的 房 山 区 良 乡 体 育 场 路 

utt: 找一下上海的肯德基
WER: 0.00 % N: 9 C: 9 S: 0 D: 0 I: 0
lab:     找 一 下 上 海 的 肯 德 基 
rec:     找 一 下 上 海 的 肯 德 基 

utt: 导航去公主坟地铁附近的atm
WER: 0.00 % N: 12 C: 12 S: 0 D: 0 I: 0
lab: 导 航 去 公 主 坟 地 铁 附 近 的 ATM 
rec: 导 航 去 公 主 坟 地 铁 附 近 的 ATM 

utt: 导航到天香牡丹园
WER: 0.00 % N: 8 C: 8 S: 0 D: 0 I: 0
lab: 导 航 到 天 香 牡 丹 园 
rec: 导 航 到 天 香 牡 丹 园 

utt: 我想开车去北京市的全季
WER: 0.00 % N: 11 C: 11 S: 0 D: 0 I: 0
lab:  我 想 开 车 去 北 京 市 的 全 季 
rec:  我 想 开 车 去 北 京 市 的 全 季 

utt: 查一下北京的肯德基
WER: 0.00 % N: 9 C: 9 S: 0 D: 0 I: 0
lab: 查 一 下 北 京 的 肯 德 基 
rec: 查 一 下 北 京 的 肯 德 基 

utt: 导航去人均消费100元以下的广东菜
WER: 0.00 % N: 15 C: 15 S: 0 D: 0 I: 0
lab:   导 航 去 人 均 消 费 100 元 以 下 的 广 东 菜 
rec:   导 航 去 人 均 消 费 100 元 以 下 的 广 东 菜 

utt: 查看附近哪里有日本料理
WER: 0.00 % N: 11 C: 11 S: 0 D: 0 I: 0
lab:  查 看 附 近 哪 里 有 日 本 料 理 
rec:  查 看 附 近 哪 里 有 日 本 料 理 

utt: 导航去公主坟地铁附近的atm
WER: 0.00 % N: 12 C: 12 S: 0 D: 0 I: 0
lab:  导 航 去 公 主 坟 地 铁 附 近 的 ATM 
rec:  导 航 去 公 主 坟 地 铁 附 近 的 ATM 

utt: 搜索一下北京西城区月坛附近的洗手间
WER: 0.00 % N: 17 C: 17 S: 0 D: 0 I: 0
lab: 搜 索 一 下 北 京 西 城 区 月 坛 附 近 的 洗 手 间 
rec: 搜 索 一 下 北 京 西 城 区 月 坛 附 近 的 洗 手 间 

utt: 帮我在武汉东湖附近找一个停车的地方
WER: 0.00 % N: 17 C: 17 S: 0 D: 0 I: 0
lab:   帮 我 在 武 汉 东 湖 附 近 找 一 个 停 车 的 地 方 
rec:   帮 我 在 武 汉 东 湖 附 近 找 一 个 停 车 的 地 方 

utt: 我需要休息
WER: 0.00 % N: 5 C: 5 S: 0 D: 0 I: 0
lab: 我 需 要 休 息 
rec: 我 需 要 休 息 

utt: 导航到重庆李子坝正街60号
WER: 0.00 % N: 12 C: 12 S: 0 D: 0 I: 0
lab:  导 航 到 重 庆 李 子 坝 正 街 60 号 
rec:  导 航 到 重 庆 李 子 坝 正 街 60 号 

utt: 能帮我导航到附近的酒吧吗
WER: 0.00 % N: 12 C: 12 S: 0 D: 0 I: 0
lab: 能 帮 我 导 航 到 附 近 的 酒 吧 吗 
rec: 能 帮 我 导 航 到 附 近 的 酒 吧 吗 

utt: 我需要去卫生间
WER: 0.00 % N: 7 C: 7 S: 0 D: 0 I: 0
lab:  我 需 要 去 卫 生 间 
rec:  我 需 要 去 卫 生 间 

utt: 我想去厕所
WER: 0.00 % N: 5 C: 5 S: 0 D: 0 I: 0
lab:    我 想 去 厕 所 
rec:    我 想 去 厕 所 

utt: 现在开车去吃饭
WER: 0.00 % N: 7 C: 7 S: 0 D: 0 I: 0
lab:  现 在 开 车 去 吃 饭 
rec:  现 在 开 车 去 吃 饭 

utt: 查查石家庄新华路和友谊大街交叉路
WER: 0.00 % N: 16 C: 16 S: 0 D: 0 I: 0
lab:   查 查 石 家 庄 新 华 路 和 友 谊 大 街 交 叉 路 
rec:   查 查 石 家 庄 新 华 路 和 友 谊 大 街 交 叉 路 

utt: 现在出发去重庆李子坝轻轨站
WER: 0.00 % N: 13 C: 13 S: 0 D: 0 I: 0
lab:  现 在 出 发 去 重 庆 李 子 坝 轻 轨 站 
rec:  现 在 出 发 去 重 庆 李 子 坝 轻 轨 站 

utt: 周围三公里内的西餐厅
WER: 10.00 % N: 10 C: 9 S: 1 D: 0 I: 0
lab: 周 围 三 公 里 内 的 西 餐 厅 
rec: 周 围 3  公 里 内 的 西 餐 厅 

utt: 上海人民广场半岛酒店双人间七天
WER: 6.67 % N: 15 C: 14 S: 1 D: 0 I: 0
lab:  上 海 人 民 广 场 半 岛 酒 店 双 人 间 七 天 
rec:  上 海 人 民 广 场 半 岛 酒 店 双 人 间 7  天 

utt: 找一下上海的家乐福
WER: 0.00 % N: 9 C: 9 S: 0 D: 0 I: 0
lab:    找 一 下 上 海 的 家 乐 福 
rec:    找 一 下 上 海 的 家 乐 福 

utt: 找找附近300以下的酒店
WER: 0.00 % N: 10 C: 10 S: 0 D: 0 I: 0
lab: 找 找 附 近 300 以 下 的 酒 店 
rec: 找 找 附 近 300 以 下 的 酒 店 

utt: 我需要休息
WER: 0.00 % N: 5 C: 5 S: 0 D: 0 I: 0
lab:  我 需 要 休 息 
rec:  我 需 要 休 息 

utt: 找一下上海的肯德基
WER: 0.00 % N: 9 C: 9 S: 0 D: 0 I: 0
lab:      找 一 下 上 海 的 肯 德 基 
rec:      找 一 下 上 海 的 肯 德 基 

utt: 导航到航城大道与宝安大道
WER: 0.00 % N: 12 C: 12 S: 0 D: 0 I: 0
lab:  导 航 到 航 城 大 道 与 宝 安 大 道 
rec:  导 航 到 航 城 大 道 与 宝 安 大 道 

utt: 搜索一下北京西城区月坛附近的洗手间
WER: 0.00 % N: 17 C: 17 S: 0 D: 0 I: 0
lab:  搜 索 一 下 北 京 西 城 区 月 坛 附 近 的 洗 手 间 
rec:  搜 索 一 下 北 京 西 城 区 月 坛 附 近 的 洗 手 间 

utt: 帮我导航到成都1906创意工厂
WER: 0.00 % N: 12 C: 12 S: 0 D: 0 I: 0
lab:  帮 我 导 航 到 成 都 1906 创 意 工 厂 
rec:  帮 我 导 航 到 成 都 1906 创 意 工 厂 

utt: 把我带到长安街上的北京王府饭店
WER: 0.00 % N: 15 C: 15 S: 0 D: 0 I: 0
lab:   把 我 带 到 长 安 街 上 的 北 京 王 府 饭 店 
rec:   把 我 带 到 长 安 街 上 的 北 京 王 府 饭 店 

utt: 我想去天津之眼
WER: 0.00 % N: 7 C: 7 S: 0 D: 0 I: 0
lab: 我 想 去 天 津 之 眼 
rec: 我 想 去 天 津 之 眼 

utt: 我要加油
WER: 0.00 % N: 4 C: 4 S: 0 D: 0 I: 0
lab:  我 要 加 油 
rec:  我 要 加 油 

utt: 帮我导航到1933老场坊
WER: 0.00 % N: 9 C: 9 S: 0 D: 0 I: 0
lab:   帮 我 导 航 到 1933 老 场 坊 
rec:   帮 我 导 航 到 1933 老 场 坊 

utt: 帮我找一家奶茶店
WER: 0.00 % N: 8 C: 8 S: 0 D: 0 I: 0
lab: 帮 我 找 一 家 奶 茶 店 
rec: 帮 我 找 一 家 奶 茶 店 

utt: 查查北京工商大学附近有哪些屈臣氏
WER: 0.00 % N: 16 C: 16 S: 0 D: 0 I: 0
lab:   查 查 北 京 工 商 大 学 附 近 有 哪 些 屈 臣 氏 
rec:   查 查 北 京 工 商 大 学 附 近 有 哪 些 屈 臣 氏 

utt: 我现在想去吃饭
WER: 0.00 % N: 7 C: 7 S: 0 D: 0 I: 0
lab: 我 现 在 想 去 吃 饭 
rec: 我 现 在 想 去 吃 饭 

utt: 导航到无锡市吴兴区太湖路16号
WER: 0.00 % N: 14 C: 14 S: 0 D: 0 I: 0
lab:  导 航 到 无 锡 市 吴 兴 区 太 湖 路 16 号 
rec:  导 航 到 无 锡 市 吴 兴 区 太 湖 路 16 号 

utt: 我要去重庆17门老火锅
WER: 0.00 % N: 10 C: 10 S: 0 D: 0 I: 0
lab:  我 要 去 重 庆 17 门 老 火 锅 
rec:  我 要 去 重 庆 17 门 老 火 锅 

utt: 我现在要去停车
WER: 0.00 % N: 7 C: 7 S: 0 D: 0 I: 0
lab: 我 现 在 要 去 停 车 
rec: 我 现 在 要 去 停 车 

utt: 导航去中关村大街附近的三星级酒店
WER: 0.00 % N: 16 C: 16 S: 0 D: 0 I: 0
lab:   导 航 去 中 关 村 大 街 附 近 的 三 星 级 酒 店 
rec:   导 航 去 中 关 村 大 街 附 近 的 三 星 级 酒 店 

utt: 我要去银行
WER: 0.00 % N: 5 C: 5 S: 0 D: 0 I: 0
lab:     我 要 去 银 行 
rec:     我 要 去 银 行 

utt: 帮我导航到延庆百里山水画廊
WER: 0.00 % N: 13 C: 13 S: 0 D: 0 I: 0
lab:   帮 我 导 航 到 延 庆 百 里 山 水 画 廊 
rec:   帮 我 导 航 到 延 庆 百 里 山 水 画 廊 

utt: 搜索一下普者黑附近的酒店
WER: 0.00 % N: 12 C: 12 S: 0 D: 0 I: 0
lab: 搜 索 一 下 普 者 黑 附 近 的 酒 店 
rec: 搜 索 一 下 普 者 黑 附 近 的 酒 店 

utt: 找找朝阳区酒仙桥驼房营南路2号院附近的厕所
WER: 0.00 % N: 21 C: 21 S: 0 D: 0 I: 0
lab:  找 找 朝 阳 区 酒 仙 桥 驼 房 营 南 路 2 号 院 附 近 的 厕 所 
rec:  找 找 朝 阳 区 酒 仙 桥 驼 房 营 南 路 2 号 院 附 近 的 厕 所 

utt: 附近评分高的火锅店
WER: 0.00 % N: 9 C: 9 S: 0 D: 0 I: 0
lab: 附 近 评 分 高 的 火 锅 店 
rec: 附 近 评 分 高 的 火 锅 店 

utt: 导航到重庆李子坝正街60号
WER: 0.00 % N: 12 C: 12 S: 0 D: 0 I: 0
lab:   导 航 到 重 庆 李 子 坝 正 街 60 号 
rec:   导 航 到 重 庆 李 子 坝 正 街 60 号 

utt: 我想去天津之眼
WER: 0.00 % N: 7 C: 7 S: 0 D: 0 I: 0
lab:  我 想 去 天 津 之 眼 
rec:  我 想 去 天 津 之 眼 

utt: 我需要休息
WER: 0.00 % N: 5 C: 5 S: 0 D: 0 I: 0
lab:   我 需 要 休 息 
rec:   我 需 要 休 息 

utt: 查一下北京蓝色港湾附近的西餐厅
WER: 0.00 % N: 15 C: 15 S: 0 D: 0 I: 0
lab: 查 一 下 北 京 蓝 色 港 湾 附 近 的 西 餐 厅 
rec: 查 一 下 北 京 蓝 色 港 湾 附 近 的 西 餐 厅 

utt: 去上海闵行区云朵上的鱼吃饭
WER: 0.00 % N: 13 C: 13 S: 0 D: 0 I: 0
lab:  去 上 海 闵 行 区 云 朵 上 的 鱼 吃 饭 
rec:  去 上 海 闵 行 区 云 朵 上 的 鱼 吃 饭 

utt: 导航到北京四季御园国际大酒店
WER: 0.00 % N: 14 C: 14 S: 0 D: 0 I: 0
lab:  导 航 到 北 京 四 季 御 园 国 际 大 酒 店 
rec:  导 航 到 北 京 四 季 御 园 国 际 大 酒 店 

utt: 帮我查查周围有没有三星酒店
WER: 0.00 % N: 13 C: 13 S: 0 D: 0 I: 0
lab: 帮 我 查 查 周 围 有 没 有 三 星 酒 店 
rec: 帮 我 查 查 周 围 有 没 有 三 星 酒 店 

utt: 导航去周围的银行
WER: 0.00 % N: 8 C: 8 S: 0 D: 0 I: 0
lab: 导 航 去 周 围 的 银 行 
rec: 导 航 去 周 围 的 银 行 

utt: 我要去东三环的五星级北京长城饭店
WER: 0.00 % N: 16 C: 16 S: 0 D: 0 I: 0
lab:   我 要 去 东 三 环 的 五 星 级 北 京 长 城 饭 店 
rec:   我 要 去 东 三 环 的 五 星 级 北 京 长 城 饭 店 

utt: 搜索一下普者黑附近的酒店
WER: 0.00 % N: 12 C: 12 S: 0 D: 0 I: 0
lab:  搜 索 一 下 普 者 黑 附 近 的 酒 店 
rec:  搜 索 一 下 普 者 黑 附 近 的 酒 店 

utt: 给我导到广州市的希尔顿酒店
WER: 0.00 % N: 13 C: 13 S: 0 D: 0 I: 0
lab:   给 我 导 到 广 州 市 的 希 尔 顿 酒 店 
rec:   给 我 导 到 广 州 市 的 希 尔 顿 酒 店 

utt: 我想去798
WER: 0.00 % N: 4 C: 4 S: 0 D: 0 I: 0
lab:    我 想 去 798 
rec:    我 想 去 798 

utt: 开车去上海米其林三星法餐厅
WER: 0.00 % N: 13 C: 13 S: 0 D: 0 I: 0
lab:   开 车 去 上 海 米 其 林 三 星 法 餐 厅 
rec:   开 车 去 上 海 米 其 林 三 星 法 餐 厅 

utt: 我想去洗手间
WER: 0.00 % N: 6 C: 6 S: 0 D: 0 I: 0
lab:   我 想 去 洗 手 间 
rec:   我 想 去 洗 手 间 

utt: 找找北京的房山区良乡体育场路
WER: 0.00 % N: 14 C: 14 S: 0 D: 0 I: 0
lab:  找 找 北 京 的 房 山 区 良 乡 体 育 场 路 
rec:  找 找 北 京 的 房 山 区 良 乡 体 育 场 路 

utt: 带我去静安大悦城
WER: 0.00 % N: 8 C: 8 S: 0 D: 0 I: 0
lab:   带 我 去 静 安 大 悦 城 
rec:   带 我 去 静 安 大 悦 城 

utt: 去上海南京西路和茂名北路交叉路口附近的四季酒店
WER: 0.00 % N: 23 C: 23 S: 0 D: 0 I: 0
lab:  去 上 海 南 京 西 路 和 茂 名 北 路 交 叉 路 口 附 近 的 四 季 酒 店 
rec:  去 上 海 南 京 西 路 和 茂 名 北 路 交 叉 路 口 附 近 的 四 季 酒 店 

utt: 我要去南京民国红公馆
WER: 0.00 % N: 10 C: 10 S: 0 D: 0 I: 0
lab:   我 要 去 南 京 民 国 红 公 馆 
rec:   我 要 去 南 京 民 国 红 公 馆 

utt: 我想去东三环的希尔顿酒店
WER: 0.00 % N: 12 C: 12 S: 0 D: 0 I: 0
lab:   我 想 去 东 三 环 的 希 尔 顿 酒 店 
rec:   我 想 去 东 三 环 的 希 尔 顿 酒 店 

utt: 找一下石家庄新百广场
WER: 0.00 % N: 10 C: 10 S: 0 D: 0 I: 0
lab:  找 一 下 石 家 庄 新 百 广 场 
rec:  找 一 下 石 家 庄 新 百 广 场 

utt: 我有点饿
WER: 0.00 % N: 4 C: 4 S: 0 D: 0 I: 0
lab:     我 有 点 饿 
rec:     我 有 点 饿 

utt: 导航去饺子馆
WER: 0.00 % N: 6 C: 6 S: 0 D: 0 I: 0
lab:  导 航 去 饺 子 馆 
rec:  导 航 去 饺 子 馆 

utt: 导航到福州工业路378号
WER: 0.00 % N: 10 C: 10 S: 0 D: 0 I: 0
lab:  导 航 到 福 州 工 业 路 378 号 
rec:  导 航 到 福 州 工 业 路 378 号 

utt: 导航去海淀大街和彩和坊路的交叉口
WER: 0.00 % N: 16 C: 16 S: 0 D: 0 I: 0
lab:  导 航 去 海 淀 大 街 和 彩 和 坊 路 的 交 叉 口 
rec:  导 航 去 海 淀 大 街 和 彩 和 坊 路 的 交 叉 口 

utt: 查找华强北附近的川菜馆
WER: 0.00 % N: 11 C: 11 S: 0 D: 0 I: 0
lab:  查 找 华 强 北 附 近 的 川 菜 馆 
rec:  查 找 华 强 北 附 近 的 川 菜 馆 

utt: 我想去广州石室圣心大教堂
WER: 0.00 % N: 12 C: 12 S: 0 D: 0 I: 0
lab:  我 想 去 广 州 石 室 圣 心 大 教 堂 
rec:  我 想 去 广 州 石 室 圣 心 大 教 堂 

utt: 帮我导航去保定市城苑路88号
WER: 0.00 % N: 13 C: 13 S: 0 D: 0 I: 0
lab:  帮 我 导 航 去 保 定 市 城 苑 路 88 号 
rec:  帮 我 导 航 去 保 定 市 城 苑 路 88 号 

utt: 导航到武汉梵高星空艺术馆
WER: 0.00 % N: 12 C: 12 S: 0 D: 0 I: 0
lab:   导 航 到 武 汉 梵 高 星 空 艺 术 馆 
rec:   导 航 到 武 汉 梵 高 星 空 艺 术 馆 

utt: 搜一下4月20号前门儿附近价格在1200元以上的五星级酒店有哪些
WER: 3.57 % N: 28 C: 27 S: 0 D: 1 I: 0
lab:   搜 一 下 4 月 20 号 前 门 儿 附 近 价 格 在 1200 元 以 上 的 五 星 级 酒 店 有 哪 些 
rec:   搜 一 下 4 月 20 号 前 门    附 近 价 格 在 1200 元 以 上 的 五 星 级 酒 店 有 哪 些 

utt: 找找附近人均200以下的餐厅
WER: 0.00 % N: 12 C: 12 S: 0 D: 0 I: 0
lab: 找 找 附 近 人 均 200 以 下 的 餐 厅 
rec: 找 找 附 近 人 均 200 以 下 的 餐 厅 

utt: 北纬路与太平街的交叉口怎么去
WER: 0.00 % N: 14 C: 14 S: 0 D: 0 I: 0
lab:   北 纬 路 与 太 平 街 的 交 叉 口 怎 么 去 
rec:   北 纬 路 与 太 平 街 的 交 叉 口 怎 么 去 

utt: 导航去如家
WER: 0.00 % N: 5 C: 5 S: 0 D: 0 I: 0
lab: 导 航 去 如 家 
rec: 导 航 去 如 家 

utt: 我想去艾茉法式甜品店
WER: 0.00 % N: 10 C: 10 S: 0 D: 0 I: 0
lab:   我 想 去 艾 茉 法 式 甜 品 店 
rec:   我 想 去 艾 茉 法 式 甜 品 店 

utt: 帮我导航到武汉市汉阳区龙阳大道与四新大道交叉路口
WER: 0.00 % N: 24 C: 24 S: 0 D: 0 I: 0
lab:  帮 我 导 航 到 武 汉 市 汉 阳 区 龙 阳 大 道 与 四 新 大 道 交 叉 路 口 
rec:  帮 我 导 航 到 武 汉 市 汉 阳 区 龙 阳 大 道 与 四 新 大 道 交 叉 路 口 

utt: 找一下石家庄24中附近的建设银行
WER: 0.00 % N: 15 C: 15 S: 0 D: 0 I: 0
lab:  找 一 下 石 家 庄 24 中 附 近 的 建 设 银 行 
rec:  找 一 下 石 家 庄 24 中 附 近 的 建 设 银 行 

utt: 我饿了
WER: 0.00 % N: 3 C: 3 S: 0 D: 0 I: 0
lab:    我 饿 了 
rec:    我 饿 了 

utt: 搜索一下普者黑附近的酒店
WER: 0.00 % N: 12 C: 12 S: 0 D: 0 I: 0
lab:   搜 索 一 下 普 者 黑 附 近 的 酒 店 
rec:   搜 索 一 下 普 者 黑 附 近 的 酒 店 

utt: 北京后海附近有哪些连锁酒店
WER: 0.00 % N: 13 C: 13 S: 0 D: 0 I: 0
lab:   北 京 后 海 附 近 有 哪 些 连 锁 酒 店 
rec:   北 京 后 海 附 近 有 哪 些 连 锁 酒 店 

utt: 给我找找方圆五公里内有哪些地铁站
WER: 6.25 % N: 16 C: 15 S: 1 D: 0 I: 0
lab:   给 我 找 找 方 圆 五 公 里 内 有 哪 些 地 铁 站 
rec:   给 我 找 找 方 圆 5  公 里 内 有 哪 些 地 铁 站 

utt: 能帮我查一下附近哪里有希尔顿酒店吗
WER: 0.00 % N: 17 C: 17 S: 0 D: 0 I: 0
lab:  能 帮 我 查 一 下 附 近 哪 里 有 希 尔 顿 酒 店 吗 
rec:  能 帮 我 查 一 下 附 近 哪 里 有 希 尔 顿 酒 店 吗 

utt: 现在出发去外滩星空错觉艺术馆
WER: 0.00 % N: 14 C: 14 S: 0 D: 0 I: 0
lab: 现 在 出 发 去 外 滩 星 空 错 觉 艺 术 馆 
rec: 现 在 出 发 去 外 滩 星 空 错 觉 艺 术 馆 

utt: 帮我导航到新中关
WER: 0.00 % N: 8 C: 8 S: 0 D: 0 I: 0
lab: 帮 我 导 航 到 新 中 关 
rec: 帮 我 导 航 到 新 中 关 

utt: 定位去北京恭王府
WER: 0.00 % N: 8 C: 8 S: 0 D: 0 I: 0
lab:   定 位 去 北 京 恭 王 府 
rec:   定 位 去 北 京 恭 王 府 

utt: 导航去北京中关村大街22号
WER: 0.00 % N: 12 C: 12 S: 0 D: 0 I: 0
lab:  导 航 去 北 京 中 关 村 大 街 22 号 
rec:  导 航 去 北 京 中 关 村 大 街 22 号 

utt: 开车至北京3.3商场南侧那里花园的西班牙餐馆
WER: 0.00 % N: 20 C: 20 S: 0 D: 0 I: 0
lab:   开 车 至 北 京 3.3 商 场 南 侧 那 里 花 园 的 西 班 牙 餐 馆 
rec:   开 车 至 北 京 3.3 商 场 南 侧 那 里 花 园 的 西 班 牙 餐 馆 

utt: 帮我在大山子附近找一家中石油
WER: 0.00 % N: 14 C: 14 S: 0 D: 0 I: 0
lab:  帮 我 在 大 山 子 附 近 找 一 家 中 石 油 
rec:  帮 我 在 大 山 子 附 近 找 一 家 中 石 油 

utt: 现在开车去吃饭
WER: 0.00 % N: 7 C: 7 S: 0 D: 0 I: 0
lab:   现 在 开 车 去 吃 饭 
rec:   现 在 开 车 去 吃 饭 

utt: 带我们去北京市朝阳区雅宝路2号的首都儿科研究所
WER: 0.00 % N: 23 C: 23 S: 0 D: 0 I: 0
lab:   带 我 们 去 北 京 市 朝 阳 区 雅 宝 路 2 号 的 首 都 儿 科 研 究 所 
rec:   带 我 们 去 北 京 市 朝 阳 区 雅 宝 路 2 号 的 首 都 儿 科 研 究 所 

utt: 开车去大同永泰南路
WER: 0.00 % N: 9 C: 9 S: 0 D: 0 I: 0
lab: 开 车 去 大 同 永 泰 南 路 
rec: 开 车 去 大 同 永 泰 南 路 

utt: 咱们去南锣鼓巷的尼积小栈
WER: 0.00 % N: 12 C: 12 S: 0 D: 0 I: 0
lab:   咱 们 去 南 锣 鼓 巷 的 尼 积 小 栈 
rec:   咱 们 去 南 锣 鼓 巷 的 尼 积 小 栈 

utt: 我要去厕所
WER: 0.00 % N: 5 C: 5 S: 0 D: 0 I: 0
lab:   我 要 去 厕 所 
rec:   我 要 去 厕 所 

utt: 规划去附近汽车美容院的路线
WER: 0.00 % N: 13 C: 13 S: 0 D: 0 I: 0
lab: 规 划 去 附 近 汽 车 美 容 院 的 路 线 
rec: 规 划 去 附 近 汽 车 美 容 院 的 路 线 

utt: 导航去成都科华北路的电台巷
WER: 0.00 % N: 13 C: 13 S: 0 D: 0 I: 0
lab:   导 航 去 成 都 科 华 北 路 的 电 台 巷 
rec:   导 航 去 成 都 科 华 北 路 的 电 台 巷 

utt: 帮我导航到武汉市汉阳区龙阳大道与四新大道交叉路口
WER: 0.00 % N: 24 C: 24 S: 0 D: 0 I: 0
lab:   帮 我 导 航 到 武 汉 市 汉 阳 区 龙 阳 大 道 与 四 新 大 道 交 叉 路 口 
rec:   帮 我 导 航 到 武 汉 市 汉 阳 区 龙 阳 大 道 与 四 新 大 道 交 叉 路 口 

utt: 找一家世纪公园附近的格林豪泰酒店
WER: 0.00 % N: 16 C: 16 S: 0 D: 0 I: 0
lab:   找 一 家 世 纪 公 园 附 近 的 格 林 豪 泰 酒 店 
rec:   找 一 家 世 纪 公 园 附 近 的 格 林 豪 泰 酒 店 

utt: 导航去小蛮腰
WER: 0.00 % N: 6 C: 6 S: 0 D: 0 I: 0
lab:   导 航 去 小 蛮 腰 
rec:   导 航 去 小 蛮 腰 

utt: 导航去旅馆
WER: 0.00 % N: 5 C: 5 S: 0 D: 0 I: 0
lab:   导 航 去 旅 馆 
rec:   导 航 去 旅 馆 

utt: 找一下中国电影资料馆的具体地址
WER: 0.00 % N: 15 C: 15 S: 0 D: 0 I: 0
lab:  找 一 下 中 国 电 影 资 料 馆 的 具 体 地 址 
rec:  找 一 下 中 国 电 影 资 料 馆 的 具 体 地 址 

utt: 找一下北京昌平区的自助火锅店
WER: 0.00 % N: 14 C: 14 S: 0 D: 0 I: 0
lab: 找 一 下 北 京 昌 平 区 的 自 助 火 锅 店 
rec: 找 一 下 北 京 昌 平 区 的 自 助 火 锅 店 

utt: 我想去798
WER: 0.00 % N: 4 C: 4 S: 0 D: 0 I: 0
lab:     我 想 去 798 
rec:     我 想 去 798 

utt: 导航去新中关的西贝莜面
WER: 0.00 % N: 11 C: 11 S: 0 D: 0 I: 0
lab:   导 航 去 新 中 关 的 西 贝 莜 面 
rec:   导 航 去 新 中 关 的 西 贝 莜 面 

utt: 快没油了
WER: 0.00 % N: 4 C: 4 S: 0 D: 0 I: 0
lab: 快 没 油 了 
rec: 快 没 油 了 

utt: 带我去北京三里屯北小街的阿拉伯餐厅
WER: 0.00 % N: 17 C: 17 S: 0 D: 0 I: 0
lab:   带 我 去 北 京 三 里 屯 北 小 街 的 阿 拉 伯 餐 厅 
rec:   带 我 去 北 京 三 里 屯 北 小 街 的 阿 拉 伯 餐 厅 

utt: 招行深圳中心城支行的位置
WER: 0.00 % N: 12 C: 12 S: 0 D: 0 I: 0
lab:  招 行 深 圳 中 心 城 支 行 的 位 置 
rec:  招 行 深 圳 中 心 城 支 行 的 位 置 

utt: 带我去北京市密云县巨各庄镇的北京张裕爱斐堡国际酒庄
WER: 0.00 % N: 25 C: 25 S: 0 D: 0 I: 0
lab:  带 我 去 北 京 市 密 云 县 巨 各 庄 镇 的 北 京 张 裕 爱 斐 堡 国 际 酒 庄 
rec:  带 我 去 北 京 市 密 云 县 巨 各 庄 镇 的 北 京 张 裕 爱 斐 堡 国 际 酒 庄 

utt: 找一下苏联红军烈士纪念碑的地址
WER: 0.00 % N: 15 C: 15 S: 0 D: 0 I: 0
lab:  找 一 下 苏 联 红 军 烈 士 纪 念 碑 的 地 址 
rec:  找 一 下 苏 联 红 军 烈 士 纪 念 碑 的 地 址 

utt: 带我去上海博多新记
WER: 0.00 % N: 9 C: 9 S: 0 D: 0 I: 0
lab: 带 我 去 上 海 博 多 新 记 
rec: 带 我 去 上 海 博 多 新 记 

utt: 找一下石家庄新百广场
WER: 0.00 % N: 10 C: 10 S: 0 D: 0 I: 0
lab:   找 一 下 石 家 庄 新 百 广 场 
rec:   找 一 下 石 家 庄 新 百 广 场 

utt: 导航去附近的肯德基
WER: 0.00 % N: 9 C: 9 S: 0 D: 0 I: 0
lab: 导 航 去 附 近 的 肯 德 基 
rec: 导 航 去 附 近 的 肯 德 基 

utt: 带我去北京市酒仙桥路4号
WER: 0.00 % N: 12 C: 12 S: 0 D: 0 I: 0
lab:  带 我 去 北 京 市 酒 仙 桥 路 4 号 
rec:  带 我 去 北 京 市 酒 仙 桥 路 4 号 

utt: 我现在想去吃饭
WER: 0.00 % N: 7 C: 7 S: 0 D: 0 I: 0
lab:  我 现 在 想 去 吃 饭 
rec:  我 现 在 想 去 吃 饭 

utt: 行驶至南京狮王府
WER: 0.00 % N: 8 C: 8 S: 0 D: 0 I: 0
lab:  行 驶 至 南 京 狮 王 府 
rec:  行 驶 至 南 京 狮 王 府 

utt: 帮我在重庆洪崖洞附近找个加油站
WER: 0.00 % N: 15 C: 15 S: 0 D: 0 I: 0
lab:   帮 我 在 重 庆 洪 崖 洞 附 近 找 个 加 油 站 
rec:   帮 我 在 重 庆 洪 崖 洞 附 近 找 个 加 油 站 

utt: 查找一下方圆十公里内的派出所
WER: 0.00 % N: 14 C: 14 S: 0 D: 0 I: 0
lab:   查 找 一 下 方 圆 十 公 里 内 的 派 出 所 
rec:   查 找 一 下 方 圆 十 公 里 内 的 派 出 所 

utt: 找一下石家庄火车站附近的超市
WER: 0.00 % N: 14 C: 14 S: 0 D: 0 I: 0
lab:  找 一 下 石 家 庄 火 车 站 附 近 的 超 市 
rec:  找 一 下 石 家 庄 火 车 站 附 近 的 超 市 

utt: 帮我在南京颐和路附近找一家餐馆
WER: 6.67 % N: 15 C: 14 S: 1 D: 0 I: 0
lab:  帮 我 在 南 京 颐 和 路 附 近 找 一 家 餐 馆 
rec:  帮 我 在 南 京 怡 和 路 附 近 找 一 家 餐 馆 

utt: 帮我找一下附近的超市发导航到那里
WER: 0.00 % N: 16 C: 16 S: 0 D: 0 I: 0
lab: 帮 我 找 一 下 附 近 的 超 市 发 导 航 到 那 里 
rec: 帮 我 找 一 下 附 近 的 超 市 发 导 航 到 那 里 

utt: 我想去吃火锅
WER: 0.00 % N: 6 C: 6 S: 0 D: 0 I: 0
lab:   我 想 去 吃 火 锅 
rec:   我 想 去 吃 火 锅 

utt: 帮我在大山子附近找一家中石油
WER: 0.00 % N: 14 C: 14 S: 0 D: 0 I: 0
lab:   帮 我 在 大 山 子 附 近 找 一 家 中 石 油 
rec:   帮 我 在 大 山 子 附 近 找 一 家 中 石 油 

utt: 导航去川菜馆
WER: 0.00 % N: 6 C: 6 S: 0 D: 0 I: 0
lab:  导 航 去 川 菜 馆 
rec:  导 航 去 川 菜 馆 

utt: 去北京市房山区周口店北京人遗址
WER: 0.00 % N: 15 C: 15 S: 0 D: 0 I: 0
lab:  去 北 京 市 房 山 区 周 口 店 北 京 人 遗 址 
rec:  去 北 京 市 房 山 区 周 口 店 北 京 人 遗 址 

utt: 查找华强北附近的川菜馆
WER: 0.00 % N: 11 C: 11 S: 0 D: 0 I: 0
lab:   查 找 华 强 北 附 近 的 川 菜 馆 
rec:   查 找 华 强 北 附 近 的 川 菜 馆 

utt: 导航到昆明市翠湖南路
WER: 0.00 % N: 10 C: 10 S: 0 D: 0 I: 0
lab:   导 航 到 昆 明 市 翠 湖 南 路 
rec:   导 航 到 昆 明 市 翠 湖 南 路 

utt: 找一下附近的超市
WER: 0.00 % N: 8 C: 8 S: 0 D: 0 I: 0
lab:    找 一 下 附 近 的 超 市 
rec:    找 一 下 附 近 的 超 市 

utt: 我想去北京市西二旗附近的肯德基
WER: 0.00 % N: 15 C: 15 S: 0 D: 0 I: 0
lab:   我 想 去 北 京 市 西 二 旗 附 近 的 肯 德 基 
rec:   我 想 去 北 京 市 西 二 旗 附 近 的 肯 德 基 

utt: 行驶至北京朝阳区工体北路4号
WER: 0.00 % N: 14 C: 14 S: 0 D: 0 I: 0
lab:  行 驶 至 北 京 朝 阳 区 工 体 北 路 4 号 
rec:  行 驶 至 北 京 朝 阳 区 工 体 北 路 4 号 

utt: 快没油了
WER: 0.00 % N: 4 C: 4 S: 0 D: 0 I: 0
lab:  快 没 油 了 
rec:  快 没 油 了 

utt: 快没油了
WER: 0.00 % N: 4 C: 4 S: 0 D: 0 I: 0
lab:   快 没 油 了 
rec:   快 没 油 了 

utt: 帮我找个附近的海鲜自助餐厅
WER: 0.00 % N: 13 C: 13 S: 0 D: 0 I: 0
lab:  帮 我 找 个 附 近 的 海 鲜 自 助 餐 厅 
rec:  帮 我 找 个 附 近 的 海 鲜 自 助 餐 厅 

utt: 现在去胜利路204弄49号
WER: 0.00 % N: 10 C: 10 S: 0 D: 0 I: 0
lab: 现 在 去 胜 利 路 204 弄 49 号 
rec: 现 在 去 胜 利 路 204 弄 49 号 

utt: 我现在要去停车
WER: 0.00 % N: 7 C: 7 S: 0 D: 0 I: 0
lab:  我 现 在 要 去 停 车 
rec:  我 现 在 要 去 停 车 

utt: 找一下北京崇文门附近的马克西姆法式餐厅
WER: 0.00 % N: 19 C: 19 S: 0 D: 0 I: 0
lab:   找 一 下 北 京 崇 文 门 附 近 的 马 克 西 姆 法 式 餐 厅 
rec:   找 一 下 北 京 崇 文 门 附 近 的 马 克 西 姆 法 式 餐 厅 

utt: 我要导航去玉泉西街甲11号
WER: 0.00 % N: 12 C: 12 S: 0 D: 0 I: 0
lab: 我 要 导 航 去 玉 泉 西 街 甲 11 号 
rec: 我 要 导 航 去 玉 泉 西 街 甲 11 号 

utt: 我饿了
WER: 0.00 % N: 3 C: 3 S: 0 D: 0 I: 0
lab:     我 饿 了 
rec:     我 饿 了 

utt: 给我找个能停车的地方
WER: 0.00 % N: 10 C: 10 S: 0 D: 0 I: 0
lab: 给 我 找 个 能 停 车 的 地 方 
rec: 给 我 找 个 能 停 车 的 地 方 

utt: 我要到即墨路和浦东南路叉路口
WER: 0.00 % N: 14 C: 14 S: 0 D: 0 I: 0
lab:   我 要 到 即 墨 路 和 浦 东 南 路 叉 路 口 
rec:   我 要 到 即 墨 路 和 浦 东 南 路 叉 路 口 

utt: 怎么到灵山路和109国道的路口
WER: 0.00 % N: 13 C: 13 S: 0 D: 0 I: 0
lab: 怎 么 到 灵 山 路 和 109 国 道 的 路 口 
rec: 怎 么 到 灵 山 路 和 109 国 道 的 路 口 

utt: 我要去成都马旺子川小馆
WER: 27.27 % N: 11 C: 8 S: 2 D: 1 I: 0
lab:  我 要 去 成 都 马 旺 子 川 小 馆 
rec:  我 要 去 成 都 吗 忘    川 小 馆 

utt: 帮我找一家奶茶店
WER: 0.00 % N: 8 C: 8 S: 0 D: 0 I: 0
lab:  帮 我 找 一 家 奶 茶 店 
rec:  帮 我 找 一 家 奶 茶 店 

utt: 我要买车险
WER: 0.00 % N: 5 C: 5 S: 0 D: 0 I: 0
lab:  我 要 买 车 险 
rec:  我 要 买 车 险 

utt: 我要去成都马旺子川小馆
WER: 27.27 % N: 11 C: 8 S: 2 D: 1 I: 0
lab:   我 要 去 成 都 马 旺 子 川 小 馆 
rec:   我 要 去 成 都 吗 忘    川 小 馆 

utt: 我想加油
WER: 0.00 % N: 4 C: 4 S: 0 D: 0 I: 0
lab:   我 想 加 油 
rec:   我 想 加 油 

utt: 帮我找一下北京港澳国际医务诊所附近的停车场
WER: 0.00 % N: 21 C: 21 S: 0 D: 0 I: 0
lab:  帮 我 找 一 下 北 京 港 澳 国 际 医 务 诊 所 附 近 的 停 车 场 
rec:  帮 我 找 一 下 北 京 港 澳 国 际 医 务 诊 所 附 近 的 停 车 场 

utt: 我想去北京市国贸附近的购物中心
WER: 0.00 % N: 15 C: 15 S: 0 D: 0 I: 0
lab:   我 想 去 北 京 市 国 贸 附 近 的 购 物 中 心 
rec:   我 想 去 北 京 市 国 贸 附 近 的 购 物 中 心 

utt: 导航去500元左右的餐厅
WER: 0.00 % N: 10 C: 10 S: 0 D: 0 I: 0
lab:  导 航 去 500 元 左 右 的 餐 厅 
rec:  导 航 去 500 元 左 右 的 餐 厅 

utt: 找一下上海的家乐福
WER: 0.00 % N: 9 C: 9 S: 0 D: 0 I: 0
lab:     找 一 下 上 海 的 家 乐 福 
rec:     找 一 下 上 海 的 家 乐 福 

utt: 我要去人民广场附近便宜的蛋糕店
WER: 0.00 % N: 15 C: 15 S: 0 D: 0 I: 0
lab:   我 要 去 人 民 广 场 附 近 便 宜 的 蛋 糕 店 
rec:   我 要 去 人 民 广 场 附 近 便 宜 的 蛋 糕 店 

utt: 导航去昌平区北七家镇
WER: 0.00 % N: 10 C: 10 S: 0 D: 0 I: 0
lab:   导 航 去 昌 平 区 北 七 家 镇 
rec:   导 航 去 昌 平 区 北 七 家 镇 

utt: 我要去武汉严老幺烧麦店
WER: 0.00 % N: 11 C: 11 S: 0 D: 0 I: 0
lab:   我 要 去 武 汉 严 老 幺 烧 麦 店 
rec:   我 要 去 武 汉 严 老 幺 烧 麦 店 

utt: 找一下北京昌平区的自助火锅店
WER: 0.00 % N: 14 C: 14 S: 0 D: 0 I: 0
lab:  找 一 下 北 京 昌 平 区 的 自 助 火 锅 店 
rec:  找 一 下 北 京 昌 平 区 的 自 助 火 锅 店 

utt: 我想去厕所
WER: 0.00 % N: 5 C: 5 S: 0 D: 0 I: 0
lab:     我 想 去 厕 所 
rec:     我 想 去 厕 所 

utt: 随便找个离我最近的云南菜馆
WER: 0.00 % N: 13 C: 13 S: 0 D: 0 I: 0
lab:  随 便 找 个 离 我 最 近 的 云 南 菜 馆 
rec:  随 便 找 个 离 我 最 近 的 云 南 菜 馆 

utt: 我要去新中关附近的呷哺
WER: 0.00 % N: 11 C: 11 S: 0 D: 0 I: 0
lab:   我 要 去 新 中 关 附 近 的 呷 哺 
rec:   我 要 去 新 中 关 附 近 的 呷 哺 

utt: 帮我导航到青浦区沙田湖路陈新路的交叉路口
WER: 0.00 % N: 20 C: 20 S: 0 D: 0 I: 0
lab:  帮 我 导 航 到 青 浦 区 沙 田 湖 路 陈 新 路 的 交 叉 路 口 
rec:  帮 我 导 航 到 青 浦 区 沙 田 湖 路 陈 新 路 的 交 叉 路 口 

utt: 我有点饿
WER: 0.00 % N: 4 C: 4 S: 0 D: 0 I: 0
lab:      我 有 点 饿 
rec:      我 有 点 饿 

utt: 帮我找一下附近带wifi的咖啡馆人均50块钱左右
WER: 0.00 % N: 20 C: 20 S: 0 D: 0 I: 0
lab: 帮 我 找 一 下 附 近 带 WIFI 的 咖 啡 馆 人 均 50 块 钱 左 右 
rec: 帮 我 找 一 下 附 近 带 WIFI 的 咖 啡 馆 人 均 50 块 钱 左 右 

utt: 帮我导航去保定市城苑路88号
WER: 0.00 % N: 13 C: 13 S: 0 D: 0 I: 0
lab:   帮 我 导 航 去 保 定 市 城 苑 路 88 号 
rec:   帮 我 导 航 去 保 定 市 城 苑 路 88 号 

utt: 导航去饺子馆
WER: 0.00 % N: 6 C: 6 S: 0 D: 0 I: 0
lab:   导 航 去 饺 子 馆 
rec:   导 航 去 饺 子 馆 

utt: 定位至北三环三元桥附近的人均价格150元以下的西餐厅
WER: 0.00 % N: 24 C: 24 S: 0 D: 0 I: 0
lab:  定 位 至 北 三 环 三 元 桥 附 近 的 人 均 价 格 150 元 以 下 的 西 餐 厅 
rec:  定 位 至 北 三 环 三 元 桥 附 近 的 人 均 价 格 150 元 以 下 的 西 餐 厅 

utt: 导航去这周边的厕所
WER: 0.00 % N: 9 C: 9 S: 0 D: 0 I: 0
lab:  导 航 去 这 周 边 的 厕 所 
rec:  导 航 去 这 周 边 的 厕 所 

utt: 我累了
WER: 0.00 % N: 3 C: 3 S: 0 D: 0 I: 0
lab:      我 累 了 
rec:      我 累 了 

utt: 开车去大同永泰南路
WER: 0.00 % N: 9 C: 9 S: 0 D: 0 I: 0
lab:  开 车 去 大 同 永 泰 南 路 
rec:  开 车 去 大 同 永 泰 南 路 

utt: 找一下上海的肯德基
WER: 0.00 % N: 9 C: 9 S: 0 D: 0 I: 0
lab:       找 一 下 上 海 的 肯 德 基 
rec:       找 一 下 上 海 的 肯 德 基 

utt: 帮我找一下附近的中信银行
WER: 0.00 % N: 12 C: 12 S: 0 D: 0 I: 0
lab:   帮 我 找 一 下 附 近 的 中 信 银 行 
rec:   帮 我 找 一 下 附 近 的 中 信 银 行 

utt: 定位至北三环三元桥附近的人均价格150元以下的西餐厅
WER: 0.00 % N: 24 C: 24 S: 0 D: 0 I: 0
lab:   定 位 至 北 三 环 三 元 桥 附 近 的 人 均 价 格 150 元 以 下 的 西 餐 厅 
rec:   定 位 至 北 三 环 三 元 桥 附 近 的 人 均 价 格 150 元 以 下 的 西 餐 厅 

utt: 给我查查怎么去大兴出入境大厅
WER: 0.00 % N: 14 C: 14 S: 0 D: 0 I: 0
lab:  给 我 查 查 怎 么 去 大 兴 出 入 境 大 厅 
rec:  给 我 查 查 怎 么 去 大 兴 出 入 境 大 厅 

utt: 搜索下北京东四十条地铁站附近的价格在200元左右的墨西哥餐厅
WER: 0.00 % N: 28 C: 28 S: 0 D: 0 I: 0
lab:   搜 索 下 北 京 东 四 十 条 地 铁 站 附 近 的 价 格 在 200 元 左 右 的 墨 西 哥 餐 厅 
rec:   搜 索 下 北 京 东 四 十 条 地 铁 站 附 近 的 价 格 在 200 元 左 右 的 墨 西 哥 餐 厅 

utt: 导航去如家酒店
WER: 0.00 % N: 7 C: 7 S: 0 D: 0 I: 0
lab:   导 航 去 如 家 酒 店 
rec:   导 航 去 如 家 酒 店 

utt: 我要去重庆17门老火锅
WER: 0.00 % N: 10 C: 10 S: 0 D: 0 I: 0
lab:   我 要 去 重 庆 17 门 老 火 锅 
rec:   我 要 去 重 庆 17 门 老 火 锅 

utt: 帮我在南京颐和路附近找一家餐馆
WER: 6.67 % N: 15 C: 14 S: 1 D: 0 I: 0
lab:   帮 我 在 南 京 颐 和 路 附 近 找 一 家 餐 馆 
rec:   帮 我 在 南 京 怡 和 路 附 近 找 一 家 餐 馆 

utt: 我想开车去北京市的全季
WER: 0.00 % N: 11 C: 11 S: 0 D: 0 I: 0
lab:   我 想 开 车 去 北 京 市 的 全 季 
rec:   我 想 开 车 去 北 京 市 的 全 季 

utt: 怎么到宝石东路与石岩大道的交叉口
WER: 0.00 % N: 16 C: 16 S: 0 D: 0 I: 0
lab:  怎 么 到 宝 石 东 路 与 石 岩 大 道 的 交 叉 口 
rec:  怎 么 到 宝 石 东 路 与 石 岩 大 道 的 交 叉 口 

utt: 查查怎么才能从这儿去市里呀
WER: 0.00 % N: 13 C: 13 S: 0 D: 0 I: 0
lab: 查 查 怎 么 才 能 从 这 儿 去 市 里 呀 
rec: 查 查 怎 么 才 能 从 这 儿 去 市 里 呀 

utt: 我饿了
WER: 0.00 % N: 3 C: 3 S: 0 D: 0 I: 0
lab:      我 饿 了 
rec:      我 饿 了 

utt: 现在出发去外滩星空错觉艺术馆
WER: 0.00 % N: 14 C: 14 S: 0 D: 0 I: 0
lab:  现 在 出 发 去 外 滩 星 空 错 觉 艺 术 馆 
rec:  现 在 出 发 去 外 滩 星 空 错 觉 艺 术 馆 

utt: 导航去目的地
WER: 0.00 % N: 6 C: 6 S: 0 D: 0 I: 0
lab:  导 航 去 目 的 地 
rec:  导 航 去 目 的 地 

utt: 最近的停车场
WER: 0.00 % N: 6 C: 6 S: 0 D: 0 I: 0
lab:   最 近 的 停 车 场 
rec:   最 近 的 停 车 场 

utt: 帮我在上下九步行街附近找一个地下停车场
WER: 0.00 % N: 19 C: 19 S: 0 D: 0 I: 0
lab:   帮 我 在 上 下 九 步 行 街 附 近 找 一 个 地 下 停 车 场 
rec:   帮 我 在 上 下 九 步 行 街 附 近 找 一 个 地 下 停 车 场 

utt: 找一家新中关附近的五星级酒店
WER: 0.00 % N: 14 C: 14 S: 0 D: 0 I: 0
lab:   找 一 家 新 中 关 附 近 的 五 星 级 酒 店 
rec:   找 一 家 新 中 关 附 近 的 五 星 级 酒 店 

utt: 导航去中关村大街59号
WER: 0.00 % N: 10 C: 10 S: 0 D: 0 I: 0
lab: 导 航 去 中 关 村 大 街 59 号 
rec: 导 航 去 中 关 村 大 街 59 号 

utt: 我想去广州石室圣心大教堂
WER: 0.00 % N: 12 C: 12 S: 0 D: 0 I: 0
lab:   我 想 去 广 州 石 室 圣 心 大 教 堂 
rec:   我 想 去 广 州 石 室 圣 心 大 教 堂 

utt: 导航去北京中关村大街22号
WER: 0.00 % N: 12 C: 12 S: 0 D: 0 I: 0
lab:   导 航 去 北 京 中 关 村 大 街 22 号 
rec:   导 航 去 北 京 中 关 村 大 街 22 号 

utt: 我想去深圳大学
WER: 0.00 % N: 7 C: 7 S: 0 D: 0 I: 0
lab:  我 想 去 深 圳 大 学 
rec:  我 想 去 深 圳 大 学 

utt: 目的地良乡体育场路26号帮我导航
WER: 0.00 % N: 15 C: 15 S: 0 D: 0 I: 0
lab: 目 的 地 良 乡 体 育 场 路 26 号 帮 我 导 航 
rec: 目 的 地 良 乡 体 育 场 路 26 号 帮 我 导 航 

utt: 我要去武汉涨渡湖湿地公园
WER: 0.00 % N: 12 C: 12 S: 0 D: 0 I: 0
lab:  我 要 去 武 汉 涨 渡 湖 湿 地 公 园 
rec:  我 要 去 武 汉 涨 渡 湖 湿 地 公 园 

utt: 查一下北京蓝色港湾附近的西餐厅
WER: 0.00 % N: 15 C: 15 S: 0 D: 0 I: 0
lab:  查 一 下 北 京 蓝 色 港 湾 附 近 的 西 餐 厅 
rec:  查 一 下 北 京 蓝 色 港 湾 附 近 的 西 餐 厅 

utt: 我要停车
WER: 0.00 % N: 4 C: 4 S: 0 D: 0 I: 0
lab:     我 要 停 车 
rec:     我 要 停 车 

utt: 查看附近哪里有日本料理
WER: 0.00 % N: 11 C: 11 S: 0 D: 0 I: 0
lab:   查 看 附 近 哪 里 有 日 本 料 理 
rec:   查 看 附 近 哪 里 有 日 本 料 理 

utt: 帮我找个酒店
WER: 0.00 % N: 6 C: 6 S: 0 D: 0 I: 0
lab:    帮 我 找 个 酒 店 
rec:    帮 我 找 个 酒 店 

utt: 行驶至南京狮王府
WER: 0.00 % N: 8 C: 8 S: 0 D: 0 I: 0
lab:   行 驶 至 南 京 狮 王 府 
rec:   行 驶 至 南 京 狮 王 府 

utt: 能帮我查一下附近哪里有希尔顿酒店吗
WER: 0.00 % N: 17 C: 17 S: 0 D: 0 I: 0
lab:   能 帮 我 查 一 下 附 近 哪 里 有 希 尔 顿 酒 店 吗 
rec:   能 帮 我 查 一 下 附 近 哪 里 有 希 尔 顿 酒 店 吗 

utt: 找一下上海的肯德基
WER: 0.00 % N: 9 C: 9 S: 0 D: 0 I: 0
lab:        找 一 下 上 海 的 肯 德 基 
rec:        找 一 下 上 海 的 肯 德 基 

utt: 我需要去卫生间
WER: 0.00 % N: 7 C: 7 S: 0 D: 0 I: 0
lab:   我 需 要 去 卫 生 间 
rec:   我 需 要 去 卫 生 间 

utt: 找一下石家庄24中附近的建设银行
WER: 0.00 % N: 15 C: 15 S: 0 D: 0 I: 0
lab:   找 一 下 石 家 庄 24 中 附 近 的 建 设 银 行 
rec:   找 一 下 石 家 庄 24 中 附 近 的 建 设 银 行 

utt: 找一下苏联红军烈士纪念碑的地址
WER: 0.00 % N: 15 C: 15 S: 0 D: 0 I: 0
lab:   找 一 下 苏 联 红 军 烈 士 纪 念 碑 的 地 址 
rec:   找 一 下 苏 联 红 军 烈 士 纪 念 碑 的 地 址 

utt: 帮我导航到青浦区沙田湖路陈新路的交叉路口
WER: 0.00 % N: 20 C: 20 S: 0 D: 0 I: 0
lab:   帮 我 导 航 到 青 浦 区 沙 田 湖 路 陈 新 路 的 交 叉 路 口 
rec:   帮 我 导 航 到 青 浦 区 沙 田 湖 路 陈 新 路 的 交 叉 路 口 

utt: 找一家国贸附近后天晚上入住的酒店
WER: 0.00 % N: 16 C: 16 S: 0 D: 0 I: 0
lab:   找 一 家 国 贸 附 近 后 天 晚 上 入 住 的 酒 店 
rec:   找 一 家 国 贸 附 近 后 天 晚 上 入 住 的 酒 店 

utt: 带我去上海博多新记
WER: 0.00 % N: 9 C: 9 S: 0 D: 0 I: 0
lab:  带 我 去 上 海 博 多 新 记 
rec:  带 我 去 上 海 博 多 新 记 

utt: 我想去中关村大街159号
WER: 0.00 % N: 10 C: 10 S: 0 D: 0 I: 0
lab:  我 想 去 中 关 村 大 街 159 号 
rec:  我 想 去 中 关 村 大 街 159 号 

utt: 找一下我周围人均不超过二百的西餐厅
WER: 11.76 % N: 17 C: 15 S: 1 D: 1 I: 0
lab:   找 一 下 我 周 围 人 均 不 超 过 二  百 的 西 餐 厅 
rec:   找 一 下 我 周 围 人 均 不 超 过 200    的 西 餐 厅 

utt: 我想吃自助
WER: 0.00 % N: 5 C: 5 S: 0 D: 0 I: 0
lab: 我 想 吃 自 助 
rec: 我 想 吃 自 助 

utt: 帮我找个附近的海鲜自助餐厅
WER: 0.00 % N: 13 C: 13 S: 0 D: 0 I: 0
lab:   帮 我 找 个 附 近 的 海 鲜 自 助 餐 厅 
rec:   帮 我 找 个 附 近 的 海 鲜 自 助 餐 厅 

utt: 我要去兰州段家滩704号
WER: 0.00 % N: 10 C: 10 S: 0 D: 0 I: 0
lab:   我 要 去 兰 州 段 家 滩 704 号 
rec:   我 要 去 兰 州 段 家 滩 704 号 

utt: 北京南锣鼓巷亚朵酒店导航一下
WER: 0.00 % N: 14 C: 14 S: 0 D: 0 I: 0
lab:  北 京 南 锣 鼓 巷 亚 朵 酒 店 导 航 一 下 
rec:  北 京 南 锣 鼓 巷 亚 朵 酒 店 导 航 一 下 

utt: 找找朝阳区酒仙桥驼房营南路2号院附近的厕所
WER: 0.00 % N: 21 C: 21 S: 0 D: 0 I: 0
lab:   找 找 朝 阳 区 酒 仙 桥 驼 房 营 南 路 2 号 院 附 近 的 厕 所 
rec:   找 找 朝 阳 区 酒 仙 桥 驼 房 营 南 路 2 号 院 附 近 的 厕 所 

utt: 我要去青岛市黄岛区九龙山路277号
WER: 0.00 % N: 15 C: 15 S: 0 D: 0 I: 0
lab:  我 要 去 青 岛 市 黄 岛 区 九 龙 山 路 277 号 
rec:  我 要 去 青 岛 市 黄 岛 区 九 龙 山 路 277 号 

utt: 导航去如家
WER: 0.00 % N: 5 C: 5 S: 0 D: 0 I: 0
lab:  导 航 去 如 家 
rec:  导 航 去 如 家 

utt: 在新城市查找麦当劳
WER: 0.00 % N: 9 C: 9 S: 0 D: 0 I: 0
lab:    在 新 城 市 查 找 麦 当 劳 
rec:    在 新 城 市 查 找 麦 当 劳 

utt: 我想休息
WER: 0.00 % N: 4 C: 4 S: 0 D: 0 I: 0
lab: 我 想 休 息 
rec: 我 想 休 息 

utt: 怎么到宝石东路与石岩大道的交叉口
WER: 0.00 % N: 16 C: 16 S: 0 D: 0 I: 0
lab:   怎 么 到 宝 石 东 路 与 石 岩 大 道 的 交 叉 口 
rec:   怎 么 到 宝 石 东 路 与 石 岩 大 道 的 交 叉 口 

utt: 给我查查怎么去大兴出入境大厅
WER: 0.00 % N: 14 C: 14 S: 0 D: 0 I: 0
lab:   给 我 查 查 怎 么 去 大 兴 出 入 境 大 厅 
rec:   给 我 查 查 怎 么 去 大 兴 出 入 境 大 厅 

utt: 帮我找一下北京港澳国际医务诊所附近的停车场
WER: 0.00 % N: 21 C: 21 S: 0 D: 0 I: 0
lab:   帮 我 找 一 下 北 京 港 澳 国 际 医 务 诊 所 附 近 的 停 车 场 
rec:   帮 我 找 一 下 北 京 港 澳 国 际 医 务 诊 所 附 近 的 停 车 场 

utt: 随便找个离我最近的云南菜馆
WER: 0.00 % N: 13 C: 13 S: 0 D: 0 I: 0
lab:   随 便 找 个 离 我 最 近 的 云 南 菜 馆 
rec:   随 便 找 个 离 我 最 近 的 云 南 菜 馆 

utt: 帮我找一下附近带wifi的咖啡馆人均50块钱左右
WER: 0.00 % N: 20 C: 20 S: 0 D: 0 I: 0
lab:  帮 我 找 一 下 附 近 带 WIFI 的 咖 啡 馆 人 均 50 块 钱 左 右 
rec:  帮 我 找 一 下 附 近 带 WIFI 的 咖 啡 馆 人 均 50 块 钱 左 右 

utt: 导航去海淀大街和彩和坊路的交叉口
WER: 0.00 % N: 16 C: 16 S: 0 D: 0 I: 0
lab:   导 航 去 海 淀 大 街 和 彩 和 坊 路 的 交 叉 口 
rec:   导 航 去 海 淀 大 街 和 彩 和 坊 路 的 交 叉 口 

utt: 我要去武汉涨渡湖湿地公园
WER: 0.00 % N: 12 C: 12 S: 0 D: 0 I: 0
lab:   我 要 去 武 汉 涨 渡 湖 湿 地 公 园 
rec:   我 要 去 武 汉 涨 渡 湖 湿 地 公 园 

utt: 找一下附近的超市
WER: 0.00 % N: 8 C: 8 S: 0 D: 0 I: 0
lab:     找 一 下 附 近 的 超 市 
rec:     找 一 下 附 近 的 超 市 

utt: 开车去北京市海淀区金盏乡楼梓庄蓝调庄园
WER: 0.00 % N: 19 C: 19 S: 0 D: 0 I: 0
lab: 开 车 去 北 京 市 海 淀 区 金 盏 乡 楼 梓 庄 蓝 调 庄 园 
rec: 开 车 去 北 京 市 海 淀 区 金 盏 乡 楼 梓 庄 蓝 调 庄 园 

utt: 带我去上海博多新记
WER: 0.00 % N: 9 C: 9 S: 0 D: 0 I: 0
lab:   带 我 去 上 海 博 多 新 记 
rec:   带 我 去 上 海 博 多 新 记 

utt: 上海人民广场半岛酒店双人间七天
WER: 6.67 % N: 15 C: 14 S: 1 D: 0 I: 0
lab:   上 海 人 民 广 场 半 岛 酒 店 双 人 间 七 天 
rec:   上 海 人 民 广 场 半 岛 酒 店 双 人 间 7  天 

utt: 带我去北京市酒仙桥路4号
WER: 0.00 % N: 12 C: 12 S: 0 D: 0 I: 0
lab:   带 我 去 北 京 市 酒 仙 桥 路 4 号 
rec:   带 我 去 北 京 市 酒 仙 桥 路 4 号 

utt: 我累了
WER: 0.00 % N: 3 C: 3 S: 0 D: 0 I: 0
lab:       我 累 了 
rec:       我 累 了 

utt: 我想休息
WER: 0.00 % N: 4 C: 4 S: 0 D: 0 I: 0
lab:  我 想 休 息 
rec:  我 想 休 息 

utt: 导航至三里屯那边的喜茶
WER: 0.00 % N: 11 C: 11 S: 0 D: 0 I: 0
lab:   导 航 至 三 里 屯 那 边 的 喜 茶 
rec:   导 航 至 三 里 屯 那 边 的 喜 茶 

utt: 我要去青岛市黄岛区九龙山路277号
WER: 0.00 % N: 15 C: 15 S: 0 D: 0 I: 0
lab:   我 要 去 青 岛 市 黄 岛 区 九 龙 山 路 277 号 
rec:   我 要 去 青 岛 市 黄 岛 区 九 龙 山 路 277 号 

utt: 导航去川菜馆
WER: 0.00 % N: 6 C: 6 S: 0 D: 0 I: 0
lab:   导 航 去 川 菜 馆 
rec:   导 航 去 川 菜 馆 

utt: 我要停车
WER: 0.00 % N: 4 C: 4 S: 0 D: 0 I: 0
lab:      我 要 停 车 
rec:      我 要 停 车 

utt: 找一下河北科大附近的邮政储蓄
WER: 0.00 % N: 14 C: 14 S: 0 D: 0 I: 0
lab:   找 一 下 河 北 科 大 附 近 的 邮 政 储 蓄 
rec:   找 一 下 河 北 科 大 附 近 的 邮 政 储 蓄 

utt: 导航到无锡市吴兴区太湖路16号
WER: 0.00 % N: 14 C: 14 S: 0 D: 0 I: 0
lab:   导 航 到 无 锡 市 吴 兴 区 太 湖 路 16 号 
rec:   导 航 到 无 锡 市 吴 兴 区 太 湖 路 16 号 

utt: 带我去北京市酒仙桥路4号
WER: 0.00 % N: 12 C: 12 S: 0 D: 0 I: 0
lab:    带 我 去 北 京 市 酒 仙 桥 路 4 号 
rec:    带 我 去 北 京 市 酒 仙 桥 路 4 号 

utt: 帮我查查八达岭消防队
WER: 0.00 % N: 10 C: 10 S: 0 D: 0 I: 0
lab:   帮 我 查 查 八 达 岭 消 防 队 
rec:   帮 我 查 查 八 达 岭 消 防 队 

utt: 我想去新中关购物中心的那家姐夫的小菜
WER: 0.00 % N: 18 C: 18 S: 0 D: 0 I: 0
lab:   我 想 去 新 中 关 购 物 中 心 的 那 家 姐 夫 的 小 菜 
rec:   我 想 去 新 中 关 购 物 中 心 的 那 家 姐 夫 的 小 菜 

utt: 找一下石家庄灵寿县的工商银行
WER: 0.00 % N: 14 C: 14 S: 0 D: 0 I: 0
lab:   找 一 下 石 家 庄 灵 寿 县 的 工 商 银 行 
rec:   找 一 下 石 家 庄 灵 寿 县 的 工 商 银 行 

utt: 我想去天津之眼
WER: 0.00 % N: 7 C: 7 S: 0 D: 0 I: 0
lab:   我 想 去 天 津 之 眼 
rec:   我 想 去 天 津 之 眼 

utt: 找一下附近的厕所
WER: 0.00 % N: 8 C: 8 S: 0 D: 0 I: 0
lab: 找 一 下 附 近 的 厕 所 
rec: 找 一 下 附 近 的 厕 所 

utt: 我累了
WER: 0.00 % N: 3 C: 3 S: 0 D: 0 I: 0
lab:        我 累 了 
rec:        我 累 了 

utt: 导航去500元左右的餐厅
WER: 0.00 % N: 10 C: 10 S: 0 D: 0 I: 0
lab:   导 航 去 500 元 左 右 的 餐 厅 
rec:   导 航 去 500 元 左 右 的 餐 厅 

utt: 导航到深圳梅林水库
WER: 0.00 % N: 9 C: 9 S: 0 D: 0 I: 0
lab:  导 航 到 深 圳 梅 林 水 库 
rec:  导 航 到 深 圳 梅 林 水 库 

utt: 帮我找一家奶茶店
WER: 0.00 % N: 8 C: 8 S: 0 D: 0 I: 0
lab:   帮 我 找 一 家 奶 茶 店 
rec:   帮 我 找 一 家 奶 茶 店 

utt: 我想上厕所
WER: 0.00 % N: 5 C: 5 S: 0 D: 0 I: 0
lab:   我 想 上 厕 所 
rec:   我 想 上 厕 所 

utt: 查一下怎么去燕化建安职工培训中心
WER: 6.25 % N: 16 C: 15 S: 1 D: 0 I: 0
lab: 查 一 下 怎 么 去 燕 化 建 安 职 工 培 训 中 心 
rec: 查 一 下 怎 么 去 燕 华 建 安 职 工 培 训 中 心 

utt: 招行深圳中心城支行的位置
WER: 0.00 % N: 12 C: 12 S: 0 D: 0 I: 0
lab:   招 行 深 圳 中 心 城 支 行 的 位 置 
rec:   招 行 深 圳 中 心 城 支 行 的 位 置 

utt: 导航去欢乐谷吧
WER: 0.00 % N: 7 C: 7 S: 0 D: 0 I: 0
lab:   导 航 去 欢 乐 谷 吧 
rec:   导 航 去 欢 乐 谷 吧 

utt: 帮我导航到广州w酒店
WER: 0.00 % N: 10 C: 10 S: 0 D: 0 I: 0
lab:   帮 我 导 航 到 广 州 W 酒 店 
rec:   帮 我 导 航 到 广 州 W 酒 店 

utt: 找找北京的房山区良乡体育场路
WER: 0.00 % N: 14 C: 14 S: 0 D: 0 I: 0
lab:   找 找 北 京 的 房 山 区 良 乡 体 育 场 路 
rec:   找 找 北 京 的 房 山 区 良 乡 体 育 场 路 

utt: 导航去附近的肯德基
WER: 0.00 % N: 9 C: 9 S: 0 D: 0 I: 0
lab:  导 航 去 附 近 的 肯 德 基 
rec:  导 航 去 附 近 的 肯 德 基 

utt: 我现在要去停车
WER: 0.00 % N: 7 C: 7 S: 0 D: 0 I: 0
lab:   我 现 在 要 去 停 车 
rec:   我 现 在 要 去 停 车 

utt: 去上海闵行区云朵上的鱼吃饭
WER: 0.00 % N: 13 C: 13 S: 0 D: 0 I: 0
lab:   去 上 海 闵 行 区 云 朵 上 的 鱼 吃 饭 
rec:   去 上 海 闵 行 区 云 朵 上 的 鱼 吃 饭 

utt: 我想去海淀大街和中关村大街的交叉口
WER: 0.00 % N: 17 C: 17 S: 0 D: 0 I: 0
lab:   我 想 去 海 淀 大 街 和 中 关 村 大 街 的 交 叉 口 
rec:   我 想 去 海 淀 大 街 和 中 关 村 大 街 的 交 叉 口 

utt: 查找海淀区中关村附近的商场
WER: 0.00 % N: 13 C: 13 S: 0 D: 0 I: 0
lab:   查 找 海 淀 区 中 关 村 附 近 的 商 场 
rec:   查 找 海 淀 区 中 关 村 附 近 的 商 场 

utt: 我需要加油了
WER: 0.00 % N: 6 C: 6 S: 0 D: 0 I: 0
lab:   我 需 要 加 油 了 
rec:   我 需 要 加 油 了 

utt: 我想去北京市朝阳区大望路的中国移动
WER: 0.00 % N: 17 C: 17 S: 0 D: 0 I: 0
lab:   我 想 去 北 京 市 朝 阳 区 大 望 路 的 中 国 移 动 
rec:   我 想 去 北 京 市 朝 阳 区 大 望 路 的 中 国 移 动 

utt: 我想去深圳大学
WER: 0.00 % N: 7 C: 7 S: 0 D: 0 I: 0
lab:   我 想 去 深 圳 大 学 
rec:   我 想 去 深 圳 大 学 

utt: 帮我找一下附近带wifi的咖啡馆人均50块钱左右
WER: 0.00 % N: 20 C: 20 S: 0 D: 0 I: 0
lab:   帮 我 找 一 下 附 近 带 WIFI 的 咖 啡 馆 人 均 50 块 钱 左 右 
rec:   帮 我 找 一 下 附 近 带 WIFI 的 咖 啡 馆 人 均 50 块 钱 左 右 

utt: 告诉我阿华面馆的位置
WER: 0.00 % N: 10 C: 10 S: 0 D: 0 I: 0
lab:   告 诉 我 阿 华 面 馆 的 位 置 
rec:   告 诉 我 阿 华 面 馆 的 位 置 

utt: 我有点累
WER: 0.00 % N: 4 C: 4 S: 0 D: 0 I: 0
lab:  我 有 点 累 
rec:  我 有 点 累 

utt: 找一下石家庄火车站附近的超市
WER: 0.00 % N: 14 C: 14 S: 0 D: 0 I: 0
lab:   找 一 下 石 家 庄 火 车 站 附 近 的 超 市 
rec:   找 一 下 石 家 庄 火 车 站 附 近 的 超 市 

utt: 帮我找个休息的地方
WER: 0.00 % N: 9 C: 9 S: 0 D: 0 I: 0
lab:  帮 我 找 个 休 息 的 地 方 
rec:  帮 我 找 个 休 息 的 地 方 

utt: 开车去大同永泰南路
WER: 0.00 % N: 9 C: 9 S: 0 D: 0 I: 0
lab:   开 车 去 大 同 永 泰 南 路 
rec:   开 车 去 大 同 永 泰 南 路 

utt: 我想吃自助
WER: 0.00 % N: 5 C: 5 S: 0 D: 0 I: 0
lab:  我 想 吃 自 助 
rec:  我 想 吃 自 助 

utt: 查一下北京蓝色港湾附近的西餐厅
WER: 0.00 % N: 15 C: 15 S: 0 D: 0 I: 0
lab:   查 一 下 北 京 蓝 色 港 湾 附 近 的 西 餐 厅 
rec:   查 一 下 北 京 蓝 色 港 湾 附 近 的 西 餐 厅 

utt: 导航去附近的肯德基
WER: 0.00 % N: 9 C: 9 S: 0 D: 0 I: 0
lab:   导 航 去 附 近 的 肯 德 基 
rec:   导 航 去 附 近 的 肯 德 基 

utt: 查找上海市青浦区官字圩路陈新路交叉口
WER: 0.00 % N: 18 C: 18 S: 0 D: 0 I: 0
lab:   查 找 上 海 市 青 浦 区 官 字 圩 路 陈 新 路 交 叉 口 
rec:   查 找 上 海 市 青 浦 区 官 字 圩 路 陈 新 路 交 叉 口 

utt: 我想路过下这附近的加油站
WER: 0.00 % N: 12 C: 12 S: 0 D: 0 I: 0
lab:   我 想 路 过 下 这 附 近 的 加 油 站 
rec:   我 想 路 过 下 这 附 近 的 加 油 站 

utt: 我饿了
WER: 0.00 % N: 3 C: 3 S: 0 D: 0 I: 0
lab:       我 饿 了 
rec:       我 饿 了 

utt: 在新城市查找麦当劳
WER: 0.00 % N: 9 C: 9 S: 0 D: 0 I: 0
lab:     在 新 城 市 查 找 麦 当 劳 
rec:     在 新 城 市 查 找 麦 当 劳 

utt: 去上海南京西路和茂名北路交叉路口附近的四季酒店
WER: 0.00 % N: 23 C: 23 S: 0 D: 0 I: 0
lab:   去 上 海 南 京 西 路 和 茂 名 北 路 交 叉 路 口 附 近 的 四 季 酒 店 
rec:   去 上 海 南 京 西 路 和 茂 名 北 路 交 叉 路 口 附 近 的 四 季 酒 店 

utt: 北京南锣鼓巷亚朵酒店导航一下
WER: 0.00 % N: 14 C: 14 S: 0 D: 0 I: 0
lab:   北 京 南 锣 鼓 巷 亚 朵 酒 店 导 航 一 下 
rec:   北 京 南 锣 鼓 巷 亚 朵 酒 店 导 航 一 下 

utt: 导航去一家五星级的酒店吧
WER: 8.33 % N: 12 C: 11 S: 1 D: 0 I: 0
lab:   导 航 去 一 家 五 星 级 的 酒 店 吧 
rec:   导 航 去 一 家 五 星 级 的 酒 店 吗 

utt: 我有点累
WER: 0.00 % N: 4 C: 4 S: 0 D: 0 I: 0
lab:   我 有 点 累 
rec:   我 有 点 累 

utt: 现在出发去外滩星空错觉艺术馆
WER: 0.00 % N: 14 C: 14 S: 0 D: 0 I: 0
lab:   现 在 出 发 去 外 滩 星 空 错 觉 艺 术 馆 
rec:   现 在 出 发 去 外 滩 星 空 错 觉 艺 术 馆 

utt: 导航去如家
WER: 0.00 % N: 5 C: 5 S: 0 D: 0 I: 0
lab:   导 航 去 如 家 
rec:   导 航 去 如 家 

utt: 找一下中国电影资料馆的具体地址
WER: 0.00 % N: 15 C: 15 S: 0 D: 0 I: 0
lab:   找 一 下 中 国 电 影 资 料 馆 的 具 体 地 址 
rec:   找 一 下 中 国 电 影 资 料 馆 的 具 体 地 址 

utt: 我想去石家庄裕华区的中国移动
WER: 0.00 % N: 14 C: 14 S: 0 D: 0 I: 0
lab:   我 想 去 石 家 庄 裕 华 区 的 中 国 移 动 
rec:   我 想 去 石 家 庄 裕 华 区 的 中 国 移 动 

utt: 带我去北京市酒仙桥路4号
WER: 0.00 % N: 12 C: 12 S: 0 D: 0 I: 0
lab:     带 我 去 北 京 市 酒 仙 桥 路 4 号 
rec:     带 我 去 北 京 市 酒 仙 桥 路 4 号 

utt: 开车去北京市海淀区金盏乡楼梓庄蓝调庄园
WER: 0.00 % N: 19 C: 19 S: 0 D: 0 I: 0
lab:  开 车 去 北 京 市 海 淀 区 金 盏 乡 楼 梓 庄 蓝 调 庄 园 
rec:  开 车 去 北 京 市 海 淀 区 金 盏 乡 楼 梓 庄 蓝 调 庄 园 

utt: 查找通州次渠府东苑23号楼在哪
WER: 7.14 % N: 14 C: 14 S: 0 D: 0 I: 1
lab:   查 找 通 州 次 渠 府 东 苑 23 号 楼 在 哪    
rec:   查 找 通 州 次 渠 府 东 苑 23 号 楼 在 哪 儿 

utt: 帮我找个酒店
WER: 0.00 % N: 6 C: 6 S: 0 D: 0 I: 0
lab:     帮 我 找 个 酒 店 
rec:     帮 我 找 个 酒 店 

utt: 帮我找个休息的地方
WER: 0.00 % N: 9 C: 9 S: 0 D: 0 I: 0
lab:   帮 我 找 个 休 息 的 地 方 
rec:   帮 我 找 个 休 息 的 地 方 

utt: 我想开车去离我最近的肯德基
WER: 0.00 % N: 13 C: 13 S: 0 D: 0 I: 0
lab:   我 想 开 车 去 离 我 最 近 的 肯 德 基 
rec:   我 想 开 车 去 离 我 最 近 的 肯 德 基 

utt: 我想去中关村大街159号
WER: 0.00 % N: 10 C: 10 S: 0 D: 0 I: 0
lab:   我 想 去 中 关 村 大 街 159 号 
rec:   我 想 去 中 关 村 大 街 159 号 

utt: 导航去附近的三星级酒店
WER: 0.00 % N: 11 C: 11 S: 0 D: 0 I: 0
lab:   导 航 去 附 近 的 三 星 级 酒 店 
rec:   导 航 去 附 近 的 三 星 级 酒 店 

utt: 带我去北京市密云县巨各庄镇的北京张裕爱斐堡国际酒庄
WER: 0.00 % N: 25 C: 25 S: 0 D: 0 I: 0
lab:   带 我 去 北 京 市 密 云 县 巨 各 庄 镇 的 北 京 张 裕 爱 斐 堡 国 际 酒 庄 
rec:   带 我 去 北 京 市 密 云 县 巨 各 庄 镇 的 北 京 张 裕 爱 斐 堡 国 际 酒 庄 

utt: 导航到北京四季御园国际大酒店
WER: 0.00 % N: 14 C: 14 S: 0 D: 0 I: 0
lab:   导 航 到 北 京 四 季 御 园 国 际 大 酒 店 
rec:   导 航 到 北 京 四 季 御 园 国 际 大 酒 店 

utt: 导航到深圳梅林水库
WER: 0.00 % N: 9 C: 9 S: 0 D: 0 I: 0
lab:   导 航 到 深 圳 梅 林 水 库 
rec:   导 航 到 深 圳 梅 林 水 库 

utt: 出发去重庆江北机场
WER: 0.00 % N: 9 C: 9 S: 0 D: 0 I: 0
lab:   出 发 去 重 庆 江 北 机 场 
rec:   出 发 去 重 庆 江 北 机 场 

utt: 我现在想去吃饭
WER: 0.00 % N: 7 C: 7 S: 0 D: 0 I: 0
lab:   我 现 在 想 去 吃 饭 
rec:   我 现 在 想 去 吃 饭 

utt: 帮我导航到天津市兴安路166号
WER: 0.00 % N: 13 C: 13 S: 0 D: 0 I: 0
lab:   帮 我 导 航 到 天 津 市 兴 安 路 166 号 
rec:   帮 我 导 航 到 天 津 市 兴 安 路 166 号 

utt: 导航去公主坟地铁附近的atm
WER: 0.00 % N: 12 C: 12 S: 0 D: 0 I: 0
lab:   导 航 去 公 主 坟 地 铁 附 近 的 ATM 
rec:   导 航 去 公 主 坟 地 铁 附 近 的 ATM 

utt: 我想吃饭
WER: 0.00 % N: 4 C: 4 S: 0 D: 0 I: 0
lab:   我 想 吃 饭 
rec:   我 想 吃 饭 

utt: 定位到五星级酒店北京国际饭店
WER: 0.00 % N: 14 C: 14 S: 0 D: 0 I: 0
lab:   定 位 到 五 星 级 酒 店 北 京 国 际 饭 店 
rec:   定 位 到 五 星 级 酒 店 北 京 国 际 饭 店 

utt: 开车去北京市海淀区金盏乡楼梓庄蓝调庄园
WER: 0.00 % N: 19 C: 19 S: 0 D: 0 I: 0
lab:   开 车 去 北 京 市 海 淀 区 金 盏 乡 楼 梓 庄 蓝 调 庄 园 
rec:   开 车 去 北 京 市 海 淀 区 金 盏 乡 楼 梓 庄 蓝 调 庄 园 

utt: 行驶至北京朝阳区工体北路4号
WER: 0.00 % N: 14 C: 14 S: 0 D: 0 I: 0
lab:   行 驶 至 北 京 朝 阳 区 工 体 北 路 4 号 
rec:   行 驶 至 北 京 朝 阳 区 工 体 北 路 4 号 

utt: 去北京市房山区周口店北京人遗址
WER: 0.00 % N: 15 C: 15 S: 0 D: 0 I: 0
lab:   去 北 京 市 房 山 区 周 口 店 北 京 人 遗 址 
rec:   去 北 京 市 房 山 区 周 口 店 北 京 人 遗 址 

utt: 导航到福州工业路378号
WER: 0.00 % N: 10 C: 10 S: 0 D: 0 I: 0
lab:   导 航 到 福 州 工 业 路 378 号 
rec:   导 航 到 福 州 工 业 路 378 号 

utt: 导航到宣武门东大街和西单大街的交叉路口
WER: 0.00 % N: 19 C: 19 S: 0 D: 0 I: 0
lab:     导 航 到 宣 武 门 东 大 街 和 西 单 大 街 的 交 叉 路 口 
rec:     导 航 到 宣 武 门 东 大 街 和 西 单 大 街 的 交 叉 路 口 

utt: 现在行驶至深圳福华三路与金田路交汇处
WER: 0.00 % N: 18 C: 18 S: 0 D: 0 I: 0
lab:   现 在 行 驶 至 深 圳 福 华 三 路 与 金 田 路 交 汇 处 
rec:   现 在 行 驶 至 深 圳 福 华 三 路 与 金 田 路 交 汇 处 

utt: 我要加油
WER: 0.00 % N: 4 C: 4 S: 0 D: 0 I: 0
lab:   我 要 加 油 
rec:   我 要 加 油 

utt: 我想休息
WER: 0.00 % N: 4 C: 4 S: 0 D: 0 I: 0
lab:   我 想 休 息 
rec:   我 想 休 息 

utt: 导航去硅谷大街与飞跃路交叉口
WER: 0.00 % N: 14 C: 14 S: 0 D: 0 I: 0
lab: 导 航 去 硅 谷 大 街 与 飞 跃 路 交 叉 口 
rec: 导 航 去 硅 谷 大 街 与 飞 跃 路 交 叉 口 

utt: 现在出发去重庆李子坝轻轨站
WER: 0.00 % N: 13 C: 13 S: 0 D: 0 I: 0
lab:   现 在 出 发 去 重 庆 李 子 坝 轻 轨 站 
rec:   现 在 出 发 去 重 庆 李 子 坝 轻 轨 站 

utt: 我想吃自助
WER: 0.00 % N: 5 C: 5 S: 0 D: 0 I: 0
lab:   我 想 吃 自 助 
rec:   我 想 吃 自 助 

utt: 搜索一下北京西城区月坛附近的洗手间
WER: 0.00 % N: 17 C: 17 S: 0 D: 0 I: 0
lab:   搜 索 一 下 北 京 西 城 区 月 坛 附 近 的 洗 手 间 
rec:   搜 索 一 下 北 京 西 城 区 月 坛 附 近 的 洗 手 间 

utt: 找一下北京昌平区的自助火锅店
WER: 0.00 % N: 14 C: 14 S: 0 D: 0 I: 0
lab:   找 一 下 北 京 昌 平 区 的 自 助 火 锅 店 
rec:   找 一 下 北 京 昌 平 区 的 自 助 火 锅 店 

utt: 导航到航城大道与宝安大道
WER: 0.00 % N: 12 C: 12 S: 0 D: 0 I: 0
lab:   导 航 到 航 城 大 道 与 宝 安 大 道 
rec:   导 航 到 航 城 大 道 与 宝 安 大 道 

utt: 帮我导航到南京四方当代美术馆
WER: 0.00 % N: 14 C: 14 S: 0 D: 0 I: 0
lab:   帮 我 导 航 到 南 京 四 方 当 代 美 术 馆 
rec:   帮 我 导 航 到 南 京 四 方 当 代 美 术 馆 

utt: 找下中石化凤凰路上的加油站
WER: 7.69 % N: 13 C: 13 S: 0 D: 0 I: 1
lab:   找    下 中 石 化 凤 凰 路 上 的 加 油 站 
rec:   找 一 下 中 石 化 凤 凰 路 上 的 加 油 站 

utt: 我要去拉萨市城关区藏医院路
WER: 0.00 % N: 13 C: 13 S: 0 D: 0 I: 0
lab:   我 要 去 拉 萨 市 城 关 区 藏 医 院 路 
rec:   我 要 去 拉 萨 市 城 关 区 藏 医 院 路 

utt: 我饿了
WER: 0.00 % N: 3 C: 3 S: 0 D: 0 I: 0
lab:        我 饿 了 
rec:        我 饿 了 

utt: 帮我导航到成都1906创意工厂
WER: 0.00 % N: 12 C: 12 S: 0 D: 0 I: 0
lab:   帮 我 导 航 到 成 都 1906 创 意 工 厂 
rec:   帮 我 导 航 到 成 都 1906 创 意 工 厂 

utt: 我要导航去工人体育馆
WER: 0.00 % N: 10 C: 10 S: 0 D: 0 I: 0
lab: 我 要 导 航 去 工 人 体 育 馆 
rec: 我 要 导 航 去 工 人 体 育 馆 
===========================================================================

Overall -> 0.45 % N: 8514 C: 8482 S: 23 D: 9 I: 6
Mandarin -> 0.45 % N: 8368 C: 8336 S: 23 D: 9 I: 6
Other -> 0.00 % N: 1 C: 1 S: 0 D: 0 I: 0
Number -> 0.00 % N: 136 C: 136 S: 0 D: 0 I: 0
English -> 0.00 % N: 9 C: 9 S: 0 D: 0 I: 0

===========================================================================
