
utt: 打開下粉色氛圍燈吧
WER: 0.00 % N: 9 C: 9 S: 0 D: 0 I: 0
lab: 打 開 下 粉 色 氛 圍 燈 吧 
rec: 打 開 下 粉 色 氛 圍 燈 吧 

utt: 把氛圍燈設置到最光
WER: 0.00 % N: 9 C: 9 S: 0 D: 0 I: 0
lab: 把 氛 圍 燈 設 置 到 最 光 
rec: 把 氛 圍 燈 設 置 到 最 光 

utt: 關閉高德地圖嘅全路徑視圖
WER: 0.00 % N: 12 C: 12 S: 0 D: 0 I: 0
lab: 關 閉 高 德 地 圖 嘅 全 路 徑 視 圖 
rec: 關 閉 高 德 地 圖 嘅 全 路 徑 視 圖 

utt: 換成有海濱風情嘅燈
WER: 0.00 % N: 9 C: 9 S: 0 D: 0 I: 0
lab: 換 成 有 海 濱 風 情 嘅 燈 
rec: 換 成 有 海 濱 風 情 嘅 燈 

utt: 想開氛圍燈
WER: 0.00 % N: 5 C: 5 S: 0 D: 0 I: 0
lab: 想 開 氛 圍 燈 
rec: 想 開 氛 圍 燈 

utt: 高德導航設置躲避擁堵
WER: 0.00 % N: 10 C: 10 S: 0 D: 0 I: 0
lab: 高 德 導 航 設 置 躲 避 擁 堵 
rec: 高 德 導 航 設 置 躲 避 擁 堵 

utt: 我唔要氛圍燈了關咗吧
WER: 0.00 % N: 10 C: 10 S: 0 D: 0 I: 0
lab: 我 唔 要 氛 圍 燈 了 關 咗 吧 
rec: 我 唔 要 氛 圍 燈 了 關 咗 吧 

utt: 用百度導航翻屋企
WER: 37.50 % N: 8 C: 5 S: 3 D: 0 I: 0
lab: 用 百 度 導 航 翻 屋 企 
rec: 用 得 到 導 航 返 屋 企 

utt: 唔該將氛圍燈設置為最光
WER: 0.00 % N: 11 C: 11 S: 0 D: 0 I: 0
lab: 唔 該 將 氛 圍 燈 設 置 為 最 光 
rec: 唔 該 將 氛 圍 燈 設 置 為 最 光 

utt: 打開充滿激情嘅氛圍燈
WER: 0.00 % N: 10 C: 10 S: 0 D: 0 I: 0
lab: 打 開 充 滿 激 情 嘅 氛 圍 燈 
rec: 打 開 充 滿 激 情 嘅 氛 圍 燈 

utt: 打開氛圍燈最低檔
WER: 0.00 % N: 8 C: 8 S: 0 D: 0 I: 0
lab: 打 開 氛 圍 燈 最 低 檔 
rec: 打 開 氛 圍 燈 最 低 檔 

utt: 把氛圍燈打開
WER: 0.00 % N: 6 C: 6 S: 0 D: 0 I: 0
lab: 把 氛 圍 燈 打 開 
rec: 把 氛 圍 燈 打 開 

utt: 換個粉色嘅燈吧
WER: 0.00 % N: 7 C: 7 S: 0 D: 0 I: 0
lab: 換 個 粉 色 嘅 燈 吧 
rec: 換 個 粉 色 嘅 燈 吧 

utt: 日光嘅氛圍燈
WER: 0.00 % N: 6 C: 6 S: 0 D: 0 I: 0
lab: 日 光 嘅 氛 圍 燈 
rec: 日 光 嘅 氛 圍 燈 

utt: 把百度地圖設置成白天模式
WER: 0.00 % N: 12 C: 12 S: 0 D: 0 I: 0
lab: 把 百 度 地 圖 設 置 成 白 天 模 式 
rec: 把 百 度 地 圖 設 置 成 白 天 模 式 

utt: 我哋試一下奧迪駕駛風格嘅氛圍燈
WER: 0.00 % N: 15 C: 15 S: 0 D: 0 I: 0
lab: 我 哋 試 一 下 奧 迪 駕 駛 風 格 嘅 氛 圍 燈 
rec: 我 哋 試 一 下 奧 迪 駕 駛 風 格 嘅 氛 圍 燈 

utt: 白色嘅氛圍燈可以開下嗎
WER: 0.00 % N: 11 C: 11 S: 0 D: 0 I: 0
lab: 白 色 嘅 氛 圍 燈 可 以 開 下 嗎 
rec: 白 色 嘅 氛 圍 燈 可 以 開 下 嗎 

utt: 百度地圖嘅模式設置成夜晚
WER: 8.33 % N: 12 C: 11 S: 1 D: 0 I: 0
lab: 百 度 地 圖 嘅 模 式 設 置 成 夜 晚 
rec: 百 度 地 圖 京 模 式 設 置 成 夜 晚 

utt: 我要個性化嘅氛圍燈
WER: 0.00 % N: 9 C: 9 S: 0 D: 0 I: 0
lab: 我 要 個 性 化 嘅 氛 圍 燈 
rec: 我 要 個 性 化 嘅 氛 圍 燈 

utt: 切換一下幻想風格嘅燈
WER: 0.00 % N: 10 C: 10 S: 0 D: 0 I: 0
lab: 切 換 一 下 幻 想 風 格 嘅 燈 
rec: 切 換 一 下 幻 想 風 格 嘅 燈 

utt: 幫我調暗氛圍燈
WER: 0.00 % N: 7 C: 7 S: 0 D: 0 I: 0
lab: 幫 我 調 暗 氛 圍 燈 
rec: 幫 我 調 暗 氛 圍 燈 

utt: 打開海藍色嘅燈
WER: 0.00 % N: 7 C: 7 S: 0 D: 0 I: 0
lab: 打 開 海 藍 色 嘅 燈 
rec: 打 開 海 藍 色 嘅 燈 

utt: 將氛圍燈調暗
WER: 0.00 % N: 6 C: 6 S: 0 D: 0 I: 0
lab: 將 氛 圍 燈 調 暗 
rec: 將 氛 圍 燈 調 暗 

utt: 海藍色嘅氛圍燈開開
WER: 0.00 % N: 9 C: 9 S: 0 D: 0 I: 0
lab: 海 藍 色 嘅 氛 圍 燈 開 開 
rec: 海 藍 色 嘅 氛 圍 燈 開 開 

utt: 海濱氛圍燈打開
WER: 0.00 % N: 7 C: 7 S: 0 D: 0 I: 0
lab: 海 濱 氛 圍 燈 打 開 
rec: 海 濱 氛 圍 燈 打 開 

utt: 氛圍燈幫調到奧迪駕駛風格啦
WER: 0.00 % N: 13 C: 13 S: 0 D: 0 I: 0
lab: 氛 圍 燈 幫 調 到 奧 迪 駕 駛 風 格 啦 
rec: 氛 圍 燈 幫 調 到 奧 迪 駕 駛 風 格 啦 

utt: 我想把氛圍燈設置為最光
WER: 0.00 % N: 11 C: 11 S: 0 D: 0 I: 0
lab: 我 想 把 氛 圍 燈 設 置 為 最 光 
rec: 我 想 把 氛 圍 燈 設 置 為 最 光 

utt: 退出百度地圖嘅全路徑視圖
WER: 0.00 % N: 12 C: 12 S: 0 D: 0 I: 0
lab: 退 出 百 度 地 圖 嘅 全 路 徑 視 圖 
rec: 退 出 百 度 地 圖 嘅 全 路 徑 視 圖 

utt: 打開高德地圖帶我去目的地周圍嘅洗車店
WER: 0.00 % N: 18 C: 18 S: 0 D: 0 I: 0
lab: 打 開 高 德 地 圖 帶 我 去 目 的 地 周 圍 嘅 洗 車 店 
rec: 打 開 高 德 地 圖 帶 我 去 目 的 地 周 圍 嘅 洗 車 店 

utt: 將氛圍燈調亮
WER: 0.00 % N: 6 C: 6 S: 0 D: 0 I: 0
lab: 將 氛 圍 燈 調 亮 
rec: 將 氛 圍 燈 調 亮 

utt: 幫我打開橙色嘅氛圍燈
WER: 0.00 % N: 10 C: 10 S: 0 D: 0 I: 0
lab: 幫 我 打 開 橙 色 嘅 氛 圍 燈 
rec: 幫 我 打 開 橙 色 嘅 氛 圍 燈 

utt: 自定義嘅氛圍燈打開吧
WER: 0.00 % N: 10 C: 10 S: 0 D: 0 I: 0
lab: 自 定 義 嘅 氛 圍 燈 打 開 吧 
rec: 自 定 義 嘅 氛 圍 燈 打 開 吧 

utt: 氛圍燈依家調到奧迪駕駛模式選擇風格
WER: 0.00 % N: 17 C: 17 S: 0 D: 0 I: 0
lab: 氛 圍 燈 依 家 調 到 奧 迪 駕 駛 模 式 選 擇 風 格 
rec: 氛 圍 燈 依 家 調 到 奧 迪 駕 駛 模 式 選 擇 風 格 

utt: 氛圍燈調到奧迪駕駛風格
WER: 0.00 % N: 11 C: 11 S: 0 D: 0 I: 0
lab: 氛 圍 燈 調 到 奧 迪 駕 駛 風 格 
rec: 氛 圍 燈 調 到 奧 迪 駕 駛 風 格 

utt: 設置成自定義嘅氛圍燈
WER: 0.00 % N: 10 C: 10 S: 0 D: 0 I: 0
lab: 設 置 成 自 定 義 嘅 氛 圍 燈 
rec: 設 置 成 自 定 義 嘅 氛 圍 燈 

utt: 我想要亮度最高嘅氛圍燈
WER: 0.00 % N: 11 C: 11 S: 0 D: 0 I: 0
lab: 我 想 要 亮 度 最 高 嘅 氛 圍 燈 
rec: 我 想 要 亮 度 最 高 嘅 氛 圍 燈 

utt: 高德導航嘅路徑再重新規劃一次
WER: 0.00 % N: 14 C: 14 S: 0 D: 0 I: 0
lab: 高 德 導 航 嘅 路 徑 再 重 新 規 劃 一 次 
rec: 高 德 導 航 嘅 路 徑 再 重 新 規 劃 一 次 

utt: 將氛圍燈整成奧迪駕駛模式
WER: 0.00 % N: 12 C: 12 S: 0 D: 0 I: 0
lab: 將 氛 圍 燈 整 成 奧 迪 駕 駛 模 式 
rec: 將 氛 圍 燈 整 成 奧 迪 駕 駛 模 式 

utt: 氛圍燈整成奧迪駕駛模式選擇風格啦
WER: 0.00 % N: 16 C: 16 S: 0 D: 0 I: 0
lab: 氛 圍 燈 整 成 奧 迪 駕 駛 模 式 選 擇 風 格 啦 
rec: 氛 圍 燈 整 成 奧 迪 駕 駛 模 式 選 擇 風 格 啦 

utt: 幫我把高德地圖縮小
WER: 0.00 % N: 9 C: 9 S: 0 D: 0 I: 0
lab: 幫 我 把 高 德 地 圖 縮 小 
rec: 幫 我 把 高 德 地 圖 縮 小 

utt: 氛圍燈奧迪駕駛模式選擇風格
WER: 0.00 % N: 13 C: 13 S: 0 D: 0 I: 0
lab: 氛 圍 燈 奧 迪 駕 駛 模 式 選 擇 風 格 
rec: 氛 圍 燈 奧 迪 駕 駛 模 式 選 擇 風 格 

utt: 幫我換成海濱風格嘅氛圍燈
WER: 0.00 % N: 12 C: 12 S: 0 D: 0 I: 0
lab: 幫 我 換 成 海 濱 風 格 嘅 氛 圍 燈 
rec: 幫 我 換 成 海 濱 風 格 嘅 氛 圍 燈 

utt: 把氛圍燈最大檔打開
WER: 0.00 % N: 9 C: 9 S: 0 D: 0 I: 0
lab: 把 氛 圍 燈 最 大 檔 打 開 
rec: 把 氛 圍 燈 最 大 檔 打 開 

utt: 把氛圍燈關一下
WER: 0.00 % N: 7 C: 7 S: 0 D: 0 I: 0
lab: 把 氛 圍 燈 關 一 下 
rec: 把 氛 圍 燈 關 一 下 

utt: 調暗氛圍燈
WER: 0.00 % N: 5 C: 5 S: 0 D: 0 I: 0
lab: 調 暗 氛 圍 燈 
rec: 調 暗 氛 圍 燈 

utt: 海藍色氛圍燈幫我設一下
WER: 0.00 % N: 11 C: 11 S: 0 D: 0 I: 0
lab: 海 藍 色 氛 圍 燈 幫 我 設 一 下 
rec: 海 藍 色 氛 圍 燈 幫 我 設 一 下 

utt: 調整氛圍燈到奧迪駕駛模式選擇風格
WER: 0.00 % N: 16 C: 16 S: 0 D: 0 I: 0
lab: 調 整 氛 圍 燈 到 奧 迪 駕 駛 模 式 選 擇 風 格 
rec: 調 整 氛 圍 燈 到 奧 迪 駕 駛 模 式 選 擇 風 格 

utt: 把氛圍燈嘅最光級別打開
WER: 0.00 % N: 11 C: 11 S: 0 D: 0 I: 0
lab: 把 氛 圍 燈 嘅 最 光 級 別 打 開 
rec: 把 氛 圍 燈 嘅 最 光 級 別 打 開 

utt: 紅色嘅氛圍燈更好啲
WER: 0.00 % N: 9 C: 9 S: 0 D: 0 I: 0
lab: 紅 色 嘅 氛 圍 燈 更 好 啲 
rec: 紅 色 嘅 氛 圍 燈 更 好 啲 

utt: 幫我設置氛圍燈光啲
WER: 0.00 % N: 9 C: 9 S: 0 D: 0 I: 0
lab: 幫 我 設 置 氛 圍 燈 光 啲 
rec: 幫 我 設 置 氛 圍 燈 光 啲 

utt: 搞個加勒比風格嘅燈
WER: 0.00 % N: 9 C: 9 S: 0 D: 0 I: 0
lab: 搞 個 加 勒 比 風 格 嘅 燈 
rec: 搞 個 加 勒 比 風 格 嘅 燈 

utt: 把百度嘅路徑引導取消
WER: 10.00 % N: 10 C: 9 S: 1 D: 0 I: 0
lab: 把 百 度 嘅 路 徑 引 導 取 消 
rec: 打 百 度 嘅 路 徑 引 導 取 消 

utt: 來個輪廓風格嘅氛圍燈
WER: 0.00 % N: 10 C: 10 S: 0 D: 0 I: 0
lab: 來 個 輪 廓 風 格 嘅 氛 圍 燈 
rec: 來 個 輪 廓 風 格 嘅 氛 圍 燈 

utt: 幫我關掉氛圍燈
WER: 0.00 % N: 7 C: 7 S: 0 D: 0 I: 0
lab: 幫 我 關 掉 氛 圍 燈 
rec: 幫 我 關 掉 氛 圍 燈 

utt: 幫我設置氛圍燈暗一啲
WER: 0.00 % N: 10 C: 10 S: 0 D: 0 I: 0
lab: 幫 我 設 置 氛 圍 燈 暗 一 啲 
rec: 幫 我 設 置 氛 圍 燈 暗 一 啲 

utt: 將氛圍燈切換到奧迪駕駛模式選擇風格
WER: 0.00 % N: 17 C: 17 S: 0 D: 0 I: 0
lab: 將 氛 圍 燈 切 換 到 奧 迪 駕 駛 模 式 選 擇 風 格 
rec: 將 氛 圍 燈 切 換 到 奧 迪 駕 駛 模 式 選 擇 風 格 

utt: 氛圍燈設成粉色嘅
WER: 0.00 % N: 8 C: 8 S: 0 D: 0 I: 0
lab: 氛 圍 燈 設 成 粉 色 嘅 
rec: 氛 圍 燈 設 成 粉 色 嘅 

utt: 關閉百度導航嘅路況顯示
WER: 0.00 % N: 11 C: 11 S: 0 D: 0 I: 0
lab: 關 閉 百 度 導 航 嘅 路 況 顯 示 
rec: 關 閉 百 度 導 航 嘅 路 況 顯 示 

utt: 幫我開開氛圍燈
WER: 0.00 % N: 7 C: 7 S: 0 D: 0 I: 0
lab: 幫 我 開 開 氛 圍 燈 
rec: 幫 我 開 開 氛 圍 燈 

utt: 打開高德導航去公司附近嘅便利店
WER: 0.00 % N: 15 C: 15 S: 0 D: 0 I: 0
lab: 打 開 高 德 導 航 去 公 司 附 近 嘅 便 利 店 
rec: 打 開 高 德 導 航 去 公 司 附 近 嘅 便 利 店 

utt: 高德地圖嘅3d模式開一下
WER: 36.36 % N: 11 C: 8 S: 3 D: 0 I: 1
lab: 高 德 地 圖 嘅 3D 模 式    開 一 下 
rec: 高 德 地 圖 嘅 修 啲 無 線 開 一 下 

utt: 氛圍燈開到最亮
WER: 0.00 % N: 7 C: 7 S: 0 D: 0 I: 0
lab: 氛 圍 燈 開 到 最 亮 
rec: 氛 圍 燈 開 到 最 亮 

utt: 打開氛圍燈嘅日光風格
WER: 0.00 % N: 10 C: 10 S: 0 D: 0 I: 0
lab: 打 開 氛 圍 燈 嘅 日 光 風 格 
rec: 打 開 氛 圍 燈 嘅 日 光 風 格 

utt: 打開高德地圖幫我導航翻屋企
WER: 7.69 % N: 13 C: 12 S: 1 D: 0 I: 0
lab: 打 開 高 德 地 圖 幫 我 導 航 翻 屋 企 
rec: 打 開 高 德 地 圖 幫 我 導 航 返 屋 企 

utt: 我想要一個可愛嘅綠色嘅燈
WER: 0.00 % N: 12 C: 12 S: 0 D: 0 I: 0
lab: 我 想 要 一 個 可 愛 嘅 綠 色 嘅 燈 
rec: 我 想 要 一 個 可 愛 嘅 綠 色 嘅 燈 

utt: 海濱風格嘅氛圍燈
WER: 0.00 % N: 8 C: 8 S: 0 D: 0 I: 0
lab: 海 濱 風 格 嘅 氛 圍 燈 
rec: 海 濱 風 格 嘅 氛 圍 燈 

utt: 把氛圍燈嘅最亮級別打開
WER: 0.00 % N: 11 C: 11 S: 0 D: 0 I: 0
lab: 把 氛 圍 燈 嘅 最 亮 級 別 打 開 
rec: 把 氛 圍 燈 嘅 最 亮 級 別 打 開 

utt: 我想要自定義嘅氛圍燈
WER: 0.00 % N: 10 C: 10 S: 0 D: 0 I: 0
lab: 我 想 要 自 定 義 嘅 氛 圍 燈 
rec: 我 想 要 自 定 義 嘅 氛 圍 燈 

utt: 氛圍燈暗一啲
WER: 16.67 % N: 6 C: 5 S: 1 D: 0 I: 0
lab: 氛 圍 燈 暗 一 啲 
rec: 氛 圍 燈 任 一 啲 

utt: 進入到綠色嘅氛圍燈好了
WER: 0.00 % N: 11 C: 11 S: 0 D: 0 I: 0
lab: 進 入 到 綠 色 嘅 氛 圍 燈 好 了 
rec: 進 入 到 綠 色 嘅 氛 圍 燈 好 了 

utt: 氛圍燈切到奧迪駕駛模式吧
WER: 0.00 % N: 12 C: 12 S: 0 D: 0 I: 0
lab: 氛 圍 燈 切 到 奧 迪 駕 駛 模 式 吧 
rec: 氛 圍 燈 切 到 奧 迪 駕 駛 模 式 吧 

utt: 設置氛圍燈亮啲
WER: 0.00 % N: 7 C: 7 S: 0 D: 0 I: 0
lab: 設 置 氛 圍 燈 亮 啲 
rec: 設 置 氛 圍 燈 亮 啲 

utt: 用高德地圖導航去新中關大街和知春路交叉口
WER: 0.00 % N: 20 C: 20 S: 0 D: 0 I: 0
lab: 用 高 德 地 圖 導 航 去 新 中 關 大 街 和 知 春 路 交 叉 口 
rec: 用 高 德 地 圖 導 航 去 新 中 關 大 街 和 知 春 路 交 叉 口 

utt: 同我把氛圍燈設置為最亮
WER: 9.09 % N: 11 C: 10 S: 1 D: 0 I: 0
lab: 同 我 把 氛 圍 燈 設 置 為 最 亮 
rec: 同 我 把 氛 圍 燈 設 置 為 最 靚 

utt: 要粉紅色嘅燈
WER: 0.00 % N: 6 C: 6 S: 0 D: 0 I: 0
lab: 要 粉 紅 色 嘅 燈 
rec: 要 粉 紅 色 嘅 燈 

utt: 我想將氛圍燈設置為最亮
WER: 9.09 % N: 11 C: 10 S: 1 D: 0 I: 0
lab: 我 想 將 氛 圍 燈 設 置 為 最 亮 
rec: 我 想 將 氛 圍 燈 設 置 為 最 靚 

utt: 氛圍燈最亮
WER: 0.00 % N: 5 C: 5 S: 0 D: 0 I: 0
lab: 氛 圍 燈 最 亮 
rec: 氛 圍 燈 最 亮 

utt: 黃點嘅氛圍燈
WER: 0.00 % N: 6 C: 6 S: 0 D: 0 I: 0
lab: 黃 點 嘅 氛 圍 燈 
rec: 黃 點 嘅 氛 圍 燈 

utt: 氛圍燈設置關咗佢
WER: 0.00 % N: 8 C: 8 S: 0 D: 0 I: 0
lab: 氛 圍 燈 設 置 關 咗 佢 
rec: 氛 圍 燈 設 置 關 咗 佢 

utt: 關閉氛圍燈
WER: 0.00 % N: 5 C: 5 S: 0 D: 0 I: 0
lab: 關 閉 氛 圍 燈 
rec: 關 閉 氛 圍 燈 

utt: 放大高德地圖
WER: 0.00 % N: 6 C: 6 S: 0 D: 0 I: 0
lab: 放 大 高 德 地 圖 
rec: 放 大 高 德 地 圖 

utt: 氛圍燈最暗
WER: 0.00 % N: 5 C: 5 S: 0 D: 0 I: 0
lab: 氛 圍 燈 最 暗 
rec: 氛 圍 燈 最 暗 

utt: 氛圍燈嘅風格選擇奧迪駕駛模式
WER: 0.00 % N: 14 C: 14 S: 0 D: 0 I: 0
lab: 氛 圍 燈 嘅 風 格 選 擇 奧 迪 駕 駛 模 式 
rec: 氛 圍 燈 嘅 風 格 選 擇 奧 迪 駕 駛 模 式 

utt: 氛圍燈同我設置為奧迪駕駛模式
WER: 0.00 % N: 14 C: 14 S: 0 D: 0 I: 0
lab: 氛 圍 燈 同 我 設 置 為 奧 迪 駕 駛 模 式 
rec: 氛 圍 燈 同 我 設 置 為 奧 迪 駕 駛 模 式 

utt: 高德導航中唔走高速
WER: 11.11 % N: 9 C: 8 S: 1 D: 0 I: 0
lab: 高 德 導 航 中 唔 走 高 速 
rec: 高 德 導 航 將 唔 走 高 速 

utt: 同我把氛圍燈設置為最暗
WER: 0.00 % N: 11 C: 11 S: 0 D: 0 I: 0
lab: 同 我 把 氛 圍 燈 設 置 為 最 暗 
rec: 同 我 把 氛 圍 燈 設 置 為 最 暗 

utt: 我覺得海藍色更適合依家嘅氛圍
WER: 0.00 % N: 14 C: 14 S: 0 D: 0 I: 0
lab: 我 覺 得 海 藍 色 更 適 合 依 家 嘅 氛 圍 
rec: 我 覺 得 海 藍 色 更 適 合 依 家 嘅 氛 圍 

utt: 我想關咗氛圍燈
WER: 0.00 % N: 7 C: 7 S: 0 D: 0 I: 0
lab: 我 想 關 咗 氛 圍 燈 
rec: 我 想 關 咗 氛 圍 燈 

utt: 我要開啟氛圍燈
WER: 0.00 % N: 7 C: 7 S: 0 D: 0 I: 0
lab: 我 要 開 啟 氛 圍 燈 
rec: 我 要 開 啟 氛 圍 燈 

utt: 我想睇下粉紅色嘅燈
WER: 0.00 % N: 9 C: 9 S: 0 D: 0 I: 0
lab: 我 想 睇 下 粉 紅 色 嘅 燈 
rec: 我 想 睇 下 粉 紅 色 嘅 燈 

utt: 將氛圍燈入到奧迪駕駛模式選擇風格
WER: 0.00 % N: 16 C: 16 S: 0 D: 0 I: 0
lab: 將 氛 圍 燈 入 到 奧 迪 駕 駛 模 式 選 擇 風 格 
rec: 將 氛 圍 燈 入 到 奧 迪 駕 駛 模 式 選 擇 風 格 

utt: 設置個橙色嘅氛圍燈
WER: 0.00 % N: 9 C: 9 S: 0 D: 0 I: 0
lab: 設 置 個 橙 色 嘅 氛 圍 燈 
rec: 設 置 個 橙 色 嘅 氛 圍 燈 

utt: 設置氛圍燈為最光
WER: 0.00 % N: 8 C: 8 S: 0 D: 0 I: 0
lab: 設 置 氛 圍 燈 為 最 光 
rec: 設 置 氛 圍 燈 為 最 光 

utt: 打開百度地圖去中關村附近嘅加油站
WER: 0.00 % N: 16 C: 16 S: 0 D: 0 I: 0
lab: 打 開 百 度 地 圖 去 中 關 村 附 近 嘅 加 油 站 
rec: 打 開 百 度 地 圖 去 中 關 村 附 近 嘅 加 油 站 

utt: 唔該幫我把氛圍燈亮度調成最光
WER: 0.00 % N: 14 C: 14 S: 0 D: 0 I: 0
lab: 唔 該 幫 我 把 氛 圍 燈 亮 度 調 成 最 光 
rec: 唔 該 幫 我 把 氛 圍 燈 亮 度 調 成 最 光 

utt: 唔該將氛圍燈調亮
WER: 0.00 % N: 8 C: 8 S: 0 D: 0 I: 0
lab: 唔 該 將 氛 圍 燈 調 亮 
rec: 唔 該 將 氛 圍 燈 調 亮 

utt: 換個海藍色嘅氛圍燈
WER: 0.00 % N: 9 C: 9 S: 0 D: 0 I: 0
lab: 換 個 海 藍 色 嘅 氛 圍 燈 
rec: 換 個 海 藍 色 嘅 氛 圍 燈 

utt: 頭先高德導航嘅語音再播報一次
WER: 0.00 % N: 14 C: 14 S: 0 D: 0 I: 0
lab: 頭 先 高 德 導 航 嘅 語 音 再 播 報 一 次 
rec: 頭 先 高 德 導 航 嘅 語 音 再 播 報 一 次 

utt: 切換氛圍燈到奧迪駕駛模式選擇風格
WER: 0.00 % N: 16 C: 16 S: 0 D: 0 I: 0
lab: 切 換 氛 圍 燈 到 奧 迪 駕 駛 模 式 選 擇 風 格 
rec: 切 換 氛 圍 燈 到 奧 迪 駕 駛 模 式 選 擇 風 格 

utt: 粉紅色氛圍燈打開一下
WER: 0.00 % N: 10 C: 10 S: 0 D: 0 I: 0
lab: 粉 紅 色 氛 圍 燈 打 開 一 下 
rec: 粉 紅 色 氛 圍 燈 打 開 一 下 

utt: 開一下奧迪駕駛模式嘅氛圍燈
WER: 0.00 % N: 13 C: 13 S: 0 D: 0 I: 0
lab: 開 一 下 奧 迪 駕 駛 模 式 嘅 氛 圍 燈 
rec: 開 一 下 奧 迪 駕 駛 模 式 嘅 氛 圍 燈 

utt: 氛圍燈亮度調到最光
WER: 0.00 % N: 9 C: 9 S: 0 D: 0 I: 0
lab: 氛 圍 燈 亮 度 調 到 最 光 
rec: 氛 圍 燈 亮 度 調 到 最 光 

utt: 氛圍燈切入氛圍燈奧迪駕駛模式選擇風格
WER: 0.00 % N: 18 C: 18 S: 0 D: 0 I: 0
lab: 氛 圍 燈 切 入 氛 圍 燈 奧 迪 駕 駛 模 式 選 擇 風 格 
rec: 氛 圍 燈 切 入 氛 圍 燈 奧 迪 駕 駛 模 式 選 擇 風 格 

utt: 進入氛圍燈嘅輪廓風格
WER: 0.00 % N: 10 C: 10 S: 0 D: 0 I: 0
lab: 進 入 氛 圍 燈 嘅 輪 廓 風 格 
rec: 進 入 氛 圍 燈 嘅 輪 廓 風 格 

utt: 依家換成藍色嘅燈
WER: 0.00 % N: 8 C: 8 S: 0 D: 0 I: 0
lab: 依 家 換 成 藍 色 嘅 燈 
rec: 依 家 換 成 藍 色 嘅 燈 

utt: 氛圍燈幫我調到最光
WER: 0.00 % N: 9 C: 9 S: 0 D: 0 I: 0
lab: 氛 圍 燈 幫 我 調 到 最 光 
rec: 氛 圍 燈 幫 我 調 到 最 光 

utt: 我想關閉氛圍燈
WER: 0.00 % N: 7 C: 7 S: 0 D: 0 I: 0
lab: 我 想 關 閉 氛 圍 燈 
rec: 我 想 關 閉 氛 圍 燈 

utt: 選擇用奧迪駕駛模式嘅氛圍燈
WER: 0.00 % N: 13 C: 13 S: 0 D: 0 I: 0
lab: 選 擇 用 奧 迪 駕 駛 模 式 嘅 氛 圍 燈 
rec: 選 擇 用 奧 迪 駕 駛 模 式 嘅 氛 圍 燈 

utt: 氛圍燈亮一啲
WER: 0.00 % N: 6 C: 6 S: 0 D: 0 I: 0
lab: 氛 圍 燈 亮 一 啲 
rec: 氛 圍 燈 亮 一 啲 

utt: 海濱風格嘅燈
WER: 0.00 % N: 6 C: 6 S: 0 D: 0 I: 0
lab: 海 濱 風 格 嘅 燈 
rec: 海 濱 風 格 嘅 燈 

utt: 氛圍燈幫我設置成最亮
WER: 0.00 % N: 10 C: 10 S: 0 D: 0 I: 0
lab: 氛 圍 燈 幫 我 設 置 成 最 亮 
rec: 氛 圍 燈 幫 我 設 置 成 最 亮 

utt: 氛圍燈我想關掉
WER: 0.00 % N: 7 C: 7 S: 0 D: 0 I: 0
lab: 氛 圍 燈 我 想 關 掉 
rec: 氛 圍 燈 我 想 關 掉 

utt: 高德導航頭先嘅語音再播一次
WER: 0.00 % N: 13 C: 13 S: 0 D: 0 I: 0
lab: 高 德 導 航 頭 先 嘅 語 音 再 播 一 次 
rec: 高 德 導 航 頭 先 嘅 語 音 再 播 一 次 

utt: 海濱嘅氛圍燈
WER: 0.00 % N: 6 C: 6 S: 0 D: 0 I: 0
lab: 海 濱 嘅 氛 圍 燈 
rec: 海 濱 嘅 氛 圍 燈 

utt: 燈調到日光風格
WER: 0.00 % N: 7 C: 7 S: 0 D: 0 I: 0
lab: 燈 調 到 日 光 風 格 
rec: 燈 調 到 日 光 風 格 

utt: 進入白色嘅氛圍燈
WER: 0.00 % N: 8 C: 8 S: 0 D: 0 I: 0
lab: 進 入 白 色 嘅 氛 圍 燈 
rec: 進 入 白 色 嘅 氛 圍 燈 

utt: 依家適合開個氛圍燈
WER: 0.00 % N: 9 C: 9 S: 0 D: 0 I: 0
lab: 依 家 適 合 開 個 氛 圍 燈 
rec: 依 家 適 合 開 個 氛 圍 燈 

utt: 稍微有日光風格嘅燈
WER: 0.00 % N: 9 C: 9 S: 0 D: 0 I: 0
lab: 稍 微 有 日 光 風 格 嘅 燈 
rec: 稍 微 有 日 光 風 格 嘅 燈 

utt: 自定義嘅氛圍燈幫我打開
WER: 0.00 % N: 11 C: 11 S: 0 D: 0 I: 0
lab: 自 定 義 嘅 氛 圍 燈 幫 我 打 開 
rec: 自 定 義 嘅 氛 圍 燈 幫 我 打 開 

utt: 想用氛圍燈
WER: 0.00 % N: 5 C: 5 S: 0 D: 0 I: 0
lab: 想 用 氛 圍 燈 
rec: 想 用 氛 圍 燈 

utt: 把氛圍燈關咗
WER: 0.00 % N: 6 C: 6 S: 0 D: 0 I: 0
lab: 把 氛 圍 燈 關 咗 
rec: 把 氛 圍 燈 關 咗 

utt: 帶點加勒比風情嘅燈
WER: 0.00 % N: 9 C: 9 S: 0 D: 0 I: 0
lab: 帶 點 加 勒 比 風 情 嘅 燈 
rec: 帶 點 加 勒 比 風 情 嘅 燈 

utt: 氛圍燈改成奧迪駕駛模式選擇風格
WER: 0.00 % N: 15 C: 15 S: 0 D: 0 I: 0
lab: 氛 圍 燈 改 成 奧 迪 駕 駛 模 式 選 擇 風 格 
rec: 氛 圍 燈 改 成 奧 迪 駕 駛 模 式 選 擇 風 格 

utt: 氛圍燈調到最光嘅級別
WER: 0.00 % N: 10 C: 10 S: 0 D: 0 I: 0
lab: 氛 圍 燈 調 到 最 光 嘅 級 別 
rec: 氛 圍 燈 調 到 最 光 嘅 級 別 

utt: 我想用奧迪駕駛風格嘅氛圍燈
WER: 0.00 % N: 13 C: 13 S: 0 D: 0 I: 0
lab: 我 想 用 奧 迪 駕 駛 風 格 嘅 氛 圍 燈 
rec: 我 想 用 奧 迪 駕 駛 風 格 嘅 氛 圍 燈 

utt: 唔該幫我把氛圍燈亮度調成最高
WER: 0.00 % N: 14 C: 14 S: 0 D: 0 I: 0
lab: 唔 該 幫 我 把 氛 圍 燈 亮 度 調 成 最 高 
rec: 唔 該 幫 我 把 氛 圍 燈 亮 度 調 成 最 高 

utt: 最暗嘅氛圍燈同我打開
WER: 0.00 % N: 10 C: 10 S: 0 D: 0 I: 0
lab: 最 暗 嘅 氛 圍 燈 同 我 打 開 
rec: 最 暗 嘅 氛 圍 燈 同 我 打 開 

utt: 氛圍燈幫我調最光
WER: 0.00 % N: 8 C: 8 S: 0 D: 0 I: 0
lab: 氛 圍 燈 幫 我 調 最 光 
rec: 氛 圍 燈 幫 我 調 最 光 

utt: 氛圍燈調暗
WER: 0.00 % N: 5 C: 5 S: 0 D: 0 I: 0
lab: 氛 圍 燈 調 暗 
rec: 氛 圍 燈 調 暗 

utt: 氛圍燈要日光嘅
WER: 0.00 % N: 7 C: 7 S: 0 D: 0 I: 0
lab: 氛 圍 燈 要 日 光 嘅 
rec: 氛 圍 燈 要 日 光 嘅 

utt: 燈切成橙色嘅
WER: 0.00 % N: 6 C: 6 S: 0 D: 0 I: 0
lab: 燈 切 成 橙 色 嘅 
rec: 燈 切 成 橙 色 嘅 

utt: 幫我換成粉粉嘅小燈
WER: 0.00 % N: 9 C: 9 S: 0 D: 0 I: 0
lab: 幫 我 換 成 粉 粉 嘅 小 燈 
rec: 幫 我 換 成 粉 粉 嘅 小 燈 

utt: 唔該將氛圍燈調到最光
WER: 0.00 % N: 10 C: 10 S: 0 D: 0 I: 0
lab: 唔 該 將 氛 圍 燈 調 到 最 光 
rec: 唔 該 將 氛 圍 燈 調 到 最 光 

utt: 打開高德導航開始路徑引導
WER: 0.00 % N: 12 C: 12 S: 0 D: 0 I: 0
lab: 打 開 高 德 導 航 開 始 路 徑 引 導 
rec: 打 開 高 德 導 航 開 始 路 徑 引 導 

utt: 氛圍燈調亮
WER: 0.00 % N: 5 C: 5 S: 0 D: 0 I: 0
lab: 氛 圍 燈 調 亮 
rec: 氛 圍 燈 調 亮 

utt: 藍色嘅氛圍燈
WER: 0.00 % N: 6 C: 6 S: 0 D: 0 I: 0
lab: 藍 色 嘅 氛 圍 燈 
rec: 藍 色 嘅 氛 圍 燈 

utt: 進入到紅色嘅氛圍燈
WER: 0.00 % N: 9 C: 9 S: 0 D: 0 I: 0
lab: 進 入 到 紅 色 嘅 氛 圍 燈 
rec: 進 入 到 紅 色 嘅 氛 圍 燈 

utt: 切個粉撲撲嘅燈
WER: 0.00 % N: 7 C: 7 S: 0 D: 0 I: 0
lab: 切 個 粉 撲 撲 嘅 燈 
rec: 切 個 粉 撲 撲 嘅 燈 

utt: 我想將設置氛圍燈為最光
WER: 0.00 % N: 11 C: 11 S: 0 D: 0 I: 0
lab: 我 想 將 設 置 氛 圍 燈 為 最 光 
rec: 我 想 將 設 置 氛 圍 燈 為 最 光 

utt: 氛圍燈同我關閉
WER: 0.00 % N: 7 C: 7 S: 0 D: 0 I: 0
lab: 氛 圍 燈 同 我 關 閉 
rec: 氛 圍 燈 同 我 關 閉 

utt: 唔該設置氛圍燈為最暗
WER: 0.00 % N: 10 C: 10 S: 0 D: 0 I: 0
lab: 唔 該 設 置 氛 圍 燈 為 最 暗 
rec: 唔 該 設 置 氛 圍 燈 為 最 暗 

utt: 唔該同我把氛圍燈亮度設置成最光
WER: 0.00 % N: 15 C: 15 S: 0 D: 0 I: 0
lab: 唔 該 同 我 把 氛 圍 燈 亮 度 設 置 成 最 光 
rec: 唔 該 同 我 把 氛 圍 燈 亮 度 設 置 成 最 光 

utt: 設置氛圍燈最暗
WER: 0.00 % N: 7 C: 7 S: 0 D: 0 I: 0
lab: 設 置 氛 圍 燈 最 暗 
rec: 設 置 氛 圍 燈 最 暗 

utt: 打開高德地圖查看全路徑
WER: 0.00 % N: 11 C: 11 S: 0 D: 0 I: 0
lab: 打 開 高 德 地 圖 查 看 全 路 徑 
rec: 打 開 高 德 地 圖 查 看 全 路 徑 

utt: 幫我換個橙色嘅燈吧
WER: 0.00 % N: 9 C: 9 S: 0 D: 0 I: 0
lab: 幫 我 換 個 橙 色 嘅 燈 吧 
rec: 幫 我 換 個 橙 色 嘅 燈 吧 

utt: 關咗氛圍燈我唔需要了
WER: 0.00 % N: 10 C: 10 S: 0 D: 0 I: 0
lab: 關 咗 氛 圍 燈 我 唔 需 要 了 
rec: 關 咗 氛 圍 燈 我 唔 需 要 了 

utt: 高德導航時唔走收費路線
WER: 9.09 % N: 11 C: 10 S: 1 D: 0 I: 0
lab: 高 德 導 航 時 唔 走 收 費 路 線 
rec: 高 德 導 航 是 唔 走 收 費 路 線 

utt: 氛圍燈個性化風格
WER: 0.00 % N: 8 C: 8 S: 0 D: 0 I: 0
lab: 氛 圍 燈 個 性 化 風 格 
rec: 氛 圍 燈 個 性 化 風 格 

utt: 幫我關一下氛圍燈
WER: 0.00 % N: 8 C: 8 S: 0 D: 0 I: 0
lab: 幫 我 關 一 下 氛 圍 燈 
rec: 幫 我 關 一 下 氛 圍 燈 

utt: 我想要個暖暖嘅小黃燈
WER: 0.00 % N: 10 C: 10 S: 0 D: 0 I: 0
lab: 我 想 要 個 暖 暖 嘅 小 黃 燈 
rec: 我 想 要 個 暖 暖 嘅 小 黃 燈 

utt: 用高德導航去萬達嘅海底撈
WER: 0.00 % N: 12 C: 12 S: 0 D: 0 I: 0
lab: 用 高 德 導 航 去 萬 達 嘅 海 底 撈 
rec: 用 高 德 導 航 去 萬 達 嘅 海 底 撈 

utt: 高德導航唔再避開收費
WER: 0.00 % N: 10 C: 10 S: 0 D: 0 I: 0
lab: 高 德 導 航 唔 再 避 開 收 費 
rec: 高 德 導 航 唔 再 避 開 收 費 

utt: 氛圍燈嘅風格設置為奧迪駕駛模式
WER: 0.00 % N: 15 C: 15 S: 0 D: 0 I: 0
lab: 氛 圍 燈 嘅 風 格 設 置 為 奧 迪 駕 駛 模 式 
rec: 氛 圍 燈 嘅 風 格 設 置 為 奧 迪 駕 駛 模 式 

utt: 氛圍燈設置成藍色
WER: 0.00 % N: 8 C: 8 S: 0 D: 0 I: 0
lab: 氛 圍 燈 設 置 成 藍 色 
rec: 氛 圍 燈 設 置 成 藍 色 

utt: 百度地圖放大一下
WER: 0.00 % N: 8 C: 8 S: 0 D: 0 I: 0
lab: 百 度 地 圖 放 大 一 下 
rec: 百 度 地 圖 放 大 一 下 

utt: 高德地圖查一下沿途有冇家樂福
WER: 0.00 % N: 14 C: 14 S: 0 D: 0 I: 0
lab: 高 德 地 圖 查 一 下 沿 途 有 冇 家 樂 福 
rec: 高 德 地 圖 查 一 下 沿 途 有 冇 家 樂 福 

utt: 唔該同我把氛圍燈亮度設置成最高
WER: 0.00 % N: 15 C: 15 S: 0 D: 0 I: 0
lab: 唔 該 同 我 把 氛 圍 燈 亮 度 設 置 成 最 高 
rec: 唔 該 同 我 把 氛 圍 燈 亮 度 設 置 成 最 高 

utt: 我依家想要個黃一點嘅燈
WER: 0.00 % N: 11 C: 11 S: 0 D: 0 I: 0
lab: 我 依 家 想 要 個 黃 一 點 嘅 燈 
rec: 我 依 家 想 要 個 黃 一 點 嘅 燈 

utt: 將燈整光啲
WER: 0.00 % N: 5 C: 5 S: 0 D: 0 I: 0
lab: 將 燈 整 光 啲 
rec: 將 燈 整 光 啲 

utt: 橙色氛圍燈
WER: 0.00 % N: 5 C: 5 S: 0 D: 0 I: 0
lab: 橙 色 氛 圍 燈 
rec: 橙 色 氛 圍 燈 

utt: 百度導航嘅避開收費取消
WER: 0.00 % N: 11 C: 11 S: 0 D: 0 I: 0
lab: 百 度 導 航 嘅 避 開 收 費 取 消 
rec: 百 度 導 航 嘅 避 開 收 費 取 消 

utt: 燈幫我調亮啲
WER: 0.00 % N: 6 C: 6 S: 0 D: 0 I: 0
lab: 燈 幫 我 調 亮 啲 
rec: 燈 幫 我 調 亮 啲 

utt: 唔該把氛圍燈關一下
WER: 0.00 % N: 9 C: 9 S: 0 D: 0 I: 0
lab: 唔 該 把 氛 圍 燈 關 一 下 
rec: 唔 該 把 氛 圍 燈 關 一 下 

utt: 一個橙色嘅燈
WER: 0.00 % N: 6 C: 6 S: 0 D: 0 I: 0
lab: 一 個 橙 色 嘅 燈 
rec: 一 個 橙 色 嘅 燈 

utt: 輪廓風格嘅氛圍燈打開吧
WER: 0.00 % N: 11 C: 11 S: 0 D: 0 I: 0
lab: 輪 廓 風 格 嘅 氛 圍 燈 打 開 吧 
rec: 輪 廓 風 格 嘅 氛 圍 燈 打 開 吧 

utt: 百度導航設置成避開收費
WER: 0.00 % N: 11 C: 11 S: 0 D: 0 I: 0
lab: 百 度 導 航 設 置 成 避 開 收 費 
rec: 百 度 導 航 設 置 成 避 開 收 費 

utt: 氛圍燈無開了
WER: 16.67 % N: 6 C: 5 S: 1 D: 0 I: 0
lab: 氛 圍 燈 無 開 了 
rec: 氛 圍 燈 盧 開 了 

utt: 唔該調光氛圍燈
WER: 0.00 % N: 7 C: 7 S: 0 D: 0 I: 0
lab: 唔 該 調 光 氛 圍 燈 
rec: 唔 該 調 光 氛 圍 燈 

utt: 黃色嘅燈幫我打開
WER: 0.00 % N: 8 C: 8 S: 0 D: 0 I: 0
lab: 黃 色 嘅 燈 幫 我 打 開 
rec: 黃 色 嘅 燈 幫 我 打 開 

utt: 換成黃色嘅燈比較好啲
WER: 0.00 % N: 10 C: 10 S: 0 D: 0 I: 0
lab: 換 成 黃 色 嘅 燈 比 較 好 啲 
rec: 換 成 黃 色 嘅 燈 比 較 好 啲 

utt: 輪廓氛圍燈
WER: 0.00 % N: 5 C: 5 S: 0 D: 0 I: 0
lab: 輪 廓 氛 圍 燈 
rec: 輪 廓 氛 圍 燈 

utt: 激情嘅氛圍燈
WER: 0.00 % N: 6 C: 6 S: 0 D: 0 I: 0
lab: 激 情 嘅 氛 圍 燈 
rec: 激 情 嘅 氛 圍 燈 

utt: 設置氛圍燈
WER: 0.00 % N: 5 C: 5 S: 0 D: 0 I: 0
lab: 設 置 氛 圍 燈 
rec: 設 置 氛 圍 燈 

utt: 調至綠色嘅氛圍燈
WER: 0.00 % N: 8 C: 8 S: 0 D: 0 I: 0
lab: 調 至 綠 色 嘅 氛 圍 燈 
rec: 調 至 綠 色 嘅 氛 圍 燈 

utt: 燈幫我調暗啲
WER: 0.00 % N: 6 C: 6 S: 0 D: 0 I: 0
lab: 燈 幫 我 調 暗 啲 
rec: 燈 幫 我 調 暗 啲 

utt: 我想氛圍燈最亮
WER: 14.29 % N: 7 C: 6 S: 1 D: 0 I: 0
lab: 我 想 氛 圍 燈 最 亮 
rec: 我 想 氛 圍 燈 最 靚 

utt: 打開2d模式嘅百度地圖
WER: 0.00 % N: 10 C: 10 S: 0 D: 0 I: 0
lab: 打 開 2D 模 式 嘅 百 度 地 圖 
rec: 打 開 2D 模 式 嘅 百 度 地 圖 

utt: 我想要亮度最光嘅氛圍燈
WER: 0.00 % N: 11 C: 11 S: 0 D: 0 I: 0
lab: 我 想 要 亮 度 最 光 嘅 氛 圍 燈 
rec: 我 想 要 亮 度 最 光 嘅 氛 圍 燈 

utt: 我要個加勒比風格嘅氛圍燈
WER: 0.00 % N: 12 C: 12 S: 0 D: 0 I: 0
lab: 我 要 個 加 勒 比 風 格 嘅 氛 圍 燈 
rec: 我 要 個 加 勒 比 風 格 嘅 氛 圍 燈 

utt: 我想氛圍燈最暗
WER: 0.00 % N: 7 C: 7 S: 0 D: 0 I: 0
lab: 我 想 氛 圍 燈 最 暗 
rec: 我 想 氛 圍 燈 最 暗 

utt: 藍色嘅燈打開
WER: 0.00 % N: 6 C: 6 S: 0 D: 0 I: 0
lab: 藍 色 嘅 燈 打 開 
rec: 藍 色 嘅 燈 打 開 

utt: 氛圍燈幫我調亮啲
WER: 0.00 % N: 8 C: 8 S: 0 D: 0 I: 0
lab: 氛 圍 燈 幫 我 調 亮 啲 
rec: 氛 圍 燈 幫 我 調 亮 啲 

utt: 進入到藍色風格嘅氛圍燈
WER: 0.00 % N: 11 C: 11 S: 0 D: 0 I: 0
lab: 進 入 到 藍 色 風 格 嘅 氛 圍 燈 
rec: 進 入 到 藍 色 風 格 嘅 氛 圍 燈 

utt: 切換到加勒比風格吧
WER: 0.00 % N: 9 C: 9 S: 0 D: 0 I: 0
lab: 切 換 到 加 勒 比 風 格 吧 
rec: 切 換 到 加 勒 比 風 格 吧 

utt: 我想把氛圍燈關咗
WER: 0.00 % N: 8 C: 8 S: 0 D: 0 I: 0
lab: 我 想 把 氛 圍 燈 關 咗 
rec: 我 想 把 氛 圍 燈 關 咗 

utt: 高德嘅路況顯示關了吧
WER: 0.00 % N: 10 C: 10 S: 0 D: 0 I: 0
lab: 高 德 嘅 路 況 顯 示 關 了 吧 
rec: 高 德 嘅 路 況 顯 示 關 了 吧 

utt: 氛圍燈關咗
WER: 0.00 % N: 5 C: 5 S: 0 D: 0 I: 0
lab: 氛 圍 燈 關 咗 
rec: 氛 圍 燈 關 咗 

utt: 我想設置氛圍燈光啲
WER: 0.00 % N: 9 C: 9 S: 0 D: 0 I: 0
lab: 我 想 設 置 氛 圍 燈 光 啲 
rec: 我 想 設 置 氛 圍 燈 光 啲 

utt: 唔該調亮氛圍燈
WER: 0.00 % N: 7 C: 7 S: 0 D: 0 I: 0
lab: 唔 該 調 亮 氛 圍 燈 
rec: 唔 該 調 亮 氛 圍 燈 

utt: 我想打開氛圍燈奧迪駕駛模式選擇風格
WER: 0.00 % N: 17 C: 17 S: 0 D: 0 I: 0
lab: 我 想 打 開 氛 圍 燈 奧 迪 駕 駛 模 式 選 擇 風 格 
rec: 我 想 打 開 氛 圍 燈 奧 迪 駕 駛 模 式 選 擇 風 格 

utt: 高德地圖中嘅路況顯示開一下
WER: 0.00 % N: 13 C: 13 S: 0 D: 0 I: 0
lab: 高 德 地 圖 中 嘅 路 況 顯 示 開 一 下 
rec: 高 德 地 圖 中 嘅 路 況 顯 示 開 一 下 

utt: 同我展示下奧迪駕駛模式嘅氛圍燈
WER: 0.00 % N: 15 C: 15 S: 0 D: 0 I: 0
lab: 同 我 展 示 下 奧 迪 駕 駛 模 式 嘅 氛 圍 燈 
rec: 同 我 展 示 下 奧 迪 駕 駛 模 式 嘅 氛 圍 燈 

utt: 我想打開白色嘅氛圍燈
WER: 0.00 % N: 10 C: 10 S: 0 D: 0 I: 0
lab: 我 想 打 開 白 色 嘅 氛 圍 燈 
rec: 我 想 打 開 白 色 嘅 氛 圍 燈 

utt: 我想設置氛圍燈到奧迪駕駛模式選擇風格
WER: 0.00 % N: 18 C: 18 S: 0 D: 0 I: 0
lab: 我 想 設 置 氛 圍 燈 到 奧 迪 駕 駛 模 式 選 擇 風 格 
rec: 我 想 設 置 氛 圍 燈 到 奧 迪 駕 駛 模 式 選 擇 風 格 

utt: 進入氛圍燈白色
WER: 0.00 % N: 7 C: 7 S: 0 D: 0 I: 0
lab: 進 入 氛 圍 燈 白 色 
rec: 進 入 氛 圍 燈 白 色 

utt: 用高德地圖睇下有冇順道嘅加油站去一下
WER: 0.00 % N: 18 C: 18 S: 0 D: 0 I: 0
lab: 用 高 德 地 圖 睇 下 有 冇 順 道 嘅 加 油 站 去 一 下 
rec: 用 高 德 地 圖 睇 下 有 冇 順 道 嘅 加 油 站 去 一 下 

utt: 幫我把氛圍燈調到最光
WER: 0.00 % N: 10 C: 10 S: 0 D: 0 I: 0
lab: 幫 我 把 氛 圍 燈 調 到 最 光 
rec: 幫 我 把 氛 圍 燈 調 到 最 光 

utt: 打開百度地圖導航去蘇州街和丹稜街嘅交叉路口
WER: 0.00 % N: 21 C: 21 S: 0 D: 0 I: 0
lab: 打 開 百 度 地 圖 導 航 去 蘇 州 街 和 丹 稜 街 嘅 交 叉 路 口 
rec: 打 開 百 度 地 圖 導 航 去 蘇 州 街 和 丹 稜 街 嘅 交 叉 路 口 

utt: 來個幻想風格嘅氛圍燈
WER: 0.00 % N: 10 C: 10 S: 0 D: 0 I: 0
lab: 來 個 幻 想 風 格 嘅 氛 圍 燈 
rec: 來 個 幻 想 風 格 嘅 氛 圍 燈 

utt: 我想選擇奧迪駕駛風格嘅氛圍燈
WER: 0.00 % N: 14 C: 14 S: 0 D: 0 I: 0
lab: 我 想 選 擇 奧 迪 駕 駛 風 格 嘅 氛 圍 燈 
rec: 我 想 選 擇 奧 迪 駕 駛 風 格 嘅 氛 圍 燈 

utt: 有點幻想風格嘅氛圍燈
WER: 0.00 % N: 10 C: 10 S: 0 D: 0 I: 0
lab: 有 點 幻 想 風 格 嘅 氛 圍 燈 
rec: 有 點 幻 想 風 格 嘅 氛 圍 燈 

utt: 關閉高德地圖嘅語音導航
WER: 0.00 % N: 11 C: 11 S: 0 D: 0 I: 0
lab: 關 閉 高 德 地 圖 嘅 語 音 導 航 
rec: 關 閉 高 德 地 圖 嘅 語 音 導 航 

utt: 燈弄成幻想風格嘅
WER: 0.00 % N: 8 C: 8 S: 0 D: 0 I: 0
lab: 燈 弄 成 幻 想 風 格 嘅 
rec: 燈 弄 成 幻 想 風 格 嘅 

utt: 打開最亮嘅氛圍燈
WER: 12.50 % N: 8 C: 7 S: 1 D: 0 I: 0
lab: 打 開 最 亮 嘅 氛 圍 燈 
rec: 打 開 最 近 嘅 氛 圍 燈 

utt: 氛圍燈同我關咗
WER: 0.00 % N: 7 C: 7 S: 0 D: 0 I: 0
lab: 氛 圍 燈 同 我 關 咗 
rec: 氛 圍 燈 同 我 關 咗 

utt: 依家用奧迪駕駛模式嘅氛圍燈啦
WER: 0.00 % N: 14 C: 14 S: 0 D: 0 I: 0
lab: 依 家 用 奧 迪 駕 駛 模 式 嘅 氛 圍 燈 啦 
rec: 依 家 用 奧 迪 駕 駛 模 式 嘅 氛 圍 燈 啦 

utt: 我想把氛圍燈調到最暗
WER: 0.00 % N: 10 C: 10 S: 0 D: 0 I: 0
lab: 我 想 把 氛 圍 燈 調 到 最 暗 
rec: 我 想 把 氛 圍 燈 調 到 最 暗 

utt: 氛圍燈幫我關一下
WER: 0.00 % N: 8 C: 8 S: 0 D: 0 I: 0
lab: 氛 圍 燈 幫 我 關 一 下 
rec: 氛 圍 燈 幫 我 關 一 下 

utt: 我想把氛圍燈調到最亮
WER: 0.00 % N: 10 C: 10 S: 0 D: 0 I: 0
lab: 我 想 把 氛 圍 燈 調 到 最 亮 
rec: 我 想 把 氛 圍 燈 調 到 最 亮 

utt: 氛圍燈設置到最亮
WER: 0.00 % N: 8 C: 8 S: 0 D: 0 I: 0
lab: 氛 圍 燈 設 置 到 最 亮 
rec: 氛 圍 燈 設 置 到 最 亮 

utt: 幫我把氛圍燈調光啲
WER: 0.00 % N: 9 C: 9 S: 0 D: 0 I: 0
lab: 幫 我 把 氛 圍 燈 調 光 啲 
rec: 幫 我 把 氛 圍 燈 調 光 啲 

utt: 把氛圍燈關上
WER: 0.00 % N: 6 C: 6 S: 0 D: 0 I: 0
lab: 把 氛 圍 燈 關 上 
rec: 把 氛 圍 燈 關 上 

utt: 關閉氛圍燈設置
WER: 0.00 % N: 7 C: 7 S: 0 D: 0 I: 0
lab: 關 閉 氛 圍 燈 設 置 
rec: 關 閉 氛 圍 燈 設 置 

utt: 氛圍燈調光一啲
WER: 0.00 % N: 7 C: 7 S: 0 D: 0 I: 0
lab: 氛 圍 燈 調 光 一 啲 
rec: 氛 圍 燈 調 光 一 啲 

utt: 氛圍燈顯示為海濱風格
WER: 0.00 % N: 10 C: 10 S: 0 D: 0 I: 0
lab: 氛 圍 燈 顯 示 為 海 濱 風 格 
rec: 氛 圍 燈 顯 示 為 海 濱 風 格 

utt: 氛圍燈亮度最低
WER: 0.00 % N: 7 C: 7 S: 0 D: 0 I: 0
lab: 氛 圍 燈 亮 度 最 低 
rec: 氛 圍 燈 亮 度 最 低 

utt: 來個夢幻嘅幻想燈
WER: 0.00 % N: 8 C: 8 S: 0 D: 0 I: 0
lab: 來 個 夢 幻 嘅 幻 想 燈 
rec: 來 個 夢 幻 嘅 幻 想 燈 

utt: 幫我設置氛圍燈亮一啲
WER: 0.00 % N: 10 C: 10 S: 0 D: 0 I: 0
lab: 幫 我 設 置 氛 圍 燈 亮 一 啲 
rec: 幫 我 設 置 氛 圍 燈 亮 一 啲 

utt: 同我整個奧迪駕駛模式嘅氛圍燈
WER: 7.14 % N: 14 C: 13 S: 1 D: 0 I: 0
lab: 同 我 整 個 奧 迪 駕 駛 模 式 嘅 氛 圍 燈 
rec: 同 我 整 到 奧 迪 駕 駛 模 式 嘅 氛 圍 燈 

utt: 氛圍燈調到奧迪駕駛模式
WER: 0.00 % N: 11 C: 11 S: 0 D: 0 I: 0
lab: 氛 圍 燈 調 到 奧 迪 駕 駛 模 式 
rec: 氛 圍 燈 調 到 奧 迪 駕 駛 模 式 

utt: 幫我打開黃色嘅氛圍燈
WER: 0.00 % N: 10 C: 10 S: 0 D: 0 I: 0
lab: 幫 我 打 開 黃 色 嘅 氛 圍 燈 
rec: 幫 我 打 開 黃 色 嘅 氛 圍 燈 

utt: 我要氛圍燈最暗嘅顏色
WER: 0.00 % N: 10 C: 10 S: 0 D: 0 I: 0
lab: 我 要 氛 圍 燈 最 暗 嘅 顏 色 
rec: 我 要 氛 圍 燈 最 暗 嘅 顏 色 

utt: 在高德地圖中調整為車頭向上
WER: 0.00 % N: 13 C: 13 S: 0 D: 0 I: 0
lab: 在 高 德 地 圖 中 調 整 為 車 頭 向 上 
rec: 在 高 德 地 圖 中 調 整 為 車 頭 向 上 

utt: 進入百度地圖查一下望京附近嘅便利店
WER: 0.00 % N: 17 C: 17 S: 0 D: 0 I: 0
lab: 進 入 百 度 地 圖 查 一 下 望 京 附 近 嘅 便 利 店 
rec: 進 入 百 度 地 圖 查 一 下 望 京 附 近 嘅 便 利 店 

utt: 氛圍燈設置成最亮
WER: 0.00 % N: 8 C: 8 S: 0 D: 0 I: 0
lab: 氛 圍 燈 設 置 成 最 亮 
rec: 氛 圍 燈 設 置 成 最 亮 

utt: 打開百度地圖帶我去附近嘅肯德基
WER: 0.00 % N: 15 C: 15 S: 0 D: 0 I: 0
lab: 打 開 百 度 地 圖 帶 我 去 附 近 嘅 肯 德 基 
rec: 打 開 百 度 地 圖 帶 我 去 附 近 嘅 肯 德 基 

utt: 進入高德導航去目的地附近嘅超市
WER: 0.00 % N: 15 C: 15 S: 0 D: 0 I: 0
lab: 進 入 高 德 導 航 去 目 的 地 附 近 嘅 超 市 
rec: 進 入 高 德 導 航 去 目 的 地 附 近 嘅 超 市 

utt: 氛圍燈設到最光
WER: 14.29 % N: 7 C: 6 S: 1 D: 0 I: 0
lab: 氛 圍 燈 設 到 最 光 
rec: 氛 圍 燈 切 到 最 光 

utt: 氛圍燈幫我調最亮
WER: 0.00 % N: 8 C: 8 S: 0 D: 0 I: 0
lab: 氛 圍 燈 幫 我 調 最 亮 
rec: 氛 圍 燈 幫 我 調 最 亮 

utt: 我中意粉色嘅氛圍燈
WER: 0.00 % N: 9 C: 9 S: 0 D: 0 I: 0
lab: 我 中 意 粉 色 嘅 氛 圍 燈 
rec: 我 中 意 粉 色 嘅 氛 圍 燈 

utt: 打開高德導航到國貿附近嘅汽車維修站
WER: 0.00 % N: 17 C: 17 S: 0 D: 0 I: 0
lab: 打 開 高 德 導 航 到 國 貿 附 近 嘅 汽 車 維 修 站 
rec: 打 開 高 德 導 航 到 國 貿 附 近 嘅 汽 車 維 修 站 

utt: 打開輪廓嘅氛圍燈
WER: 0.00 % N: 8 C: 8 S: 0 D: 0 I: 0
lab: 打 開 輪 廓 嘅 氛 圍 燈 
rec: 打 開 輪 廓 嘅 氛 圍 燈 

utt: 開啟氛圍燈
WER: 0.00 % N: 5 C: 5 S: 0 D: 0 I: 0
lab: 開 啟 氛 圍 燈 
rec: 開 啟 氛 圍 燈 

utt: 打開百度地圖設置模式為白天
WER: 0.00 % N: 13 C: 13 S: 0 D: 0 I: 0
lab: 打 開 百 度 地 圖 設 置 模 式 為 白 天 
rec: 打 開 百 度 地 圖 設 置 模 式 為 白 天 

utt: 唔該將氛圍燈亮度調成最低
WER: 0.00 % N: 12 C: 12 S: 0 D: 0 I: 0
lab: 唔 該 將 氛 圍 燈 亮 度 調 成 最 低 
rec: 唔 該 將 氛 圍 燈 亮 度 調 成 最 低 

utt: 縮小百度地圖
WER: 0.00 % N: 6 C: 6 S: 0 D: 0 I: 0
lab: 縮 小 百 度 地 圖 
rec: 縮 小 百 度 地 圖 

utt: 我想設置氛圍燈亮一啲
WER: 0.00 % N: 10 C: 10 S: 0 D: 0 I: 0
lab: 我 想 設 置 氛 圍 燈 亮 一 啲 
rec: 我 想 設 置 氛 圍 燈 亮 一 啲 

utt: 幫我將氛圍燈設置暗一啲
WER: 0.00 % N: 11 C: 11 S: 0 D: 0 I: 0
lab: 幫 我 將 氛 圍 燈 設 置 暗 一 啲 
rec: 幫 我 將 氛 圍 燈 設 置 暗 一 啲 

utt: 打開高德設置重聚園小區為屋企嘅地址
WER: 0.00 % N: 17 C: 17 S: 0 D: 0 I: 0
lab: 打 開 高 德 設 置 重 聚 園 小 區 為 屋 企 嘅 地 址 
rec: 打 開 高 德 設 置 重 聚 園 小 區 為 屋 企 嘅 地 址 

utt: 進入高德導航去附近嘅永輝超市
WER: 0.00 % N: 14 C: 14 S: 0 D: 0 I: 0
lab: 進 入 高 德 導 航 去 附 近 嘅 永 輝 超 市 
rec: 進 入 高 德 導 航 去 附 近 嘅 永 輝 超 市 

utt: 通過百度地圖帶我去中國國家圖書館
WER: 0.00 % N: 16 C: 16 S: 0 D: 0 I: 0
lab: 通 過 百 度 地 圖 帶 我 去 中 國 國 家 圖 書 館 
rec: 通 過 百 度 地 圖 帶 我 去 中 國 國 家 圖 書 館 

utt: 可唔可以將氛圍燈關咗
WER: 0.00 % N: 10 C: 10 S: 0 D: 0 I: 0
lab: 可 唔 可 以 將 氛 圍 燈 關 咗 
rec: 可 唔 可 以 將 氛 圍 燈 關 咗 

utt: 關上氛圍燈
WER: 0.00 % N: 5 C: 5 S: 0 D: 0 I: 0
lab: 關 上 氛 圍 燈 
rec: 關 上 氛 圍 燈 

utt: 氛圍燈調到最光
WER: 0.00 % N: 7 C: 7 S: 0 D: 0 I: 0
lab: 氛 圍 燈 調 到 最 光 
rec: 氛 圍 燈 調 到 最 光 

utt: 氛圍燈調到最亮
WER: 0.00 % N: 7 C: 7 S: 0 D: 0 I: 0
lab: 氛 圍 燈 調 到 最 亮 
rec: 氛 圍 燈 調 到 最 亮 

utt: 氛圍燈關掉
WER: 0.00 % N: 5 C: 5 S: 0 D: 0 I: 0
lab: 氛 圍 燈 關 掉 
rec: 氛 圍 燈 關 掉 

utt: 我要設置氛圍燈光啲
WER: 0.00 % N: 9 C: 9 S: 0 D: 0 I: 0
lab: 我 要 設 置 氛 圍 燈 光 啲 
rec: 我 要 設 置 氛 圍 燈 光 啲 

utt: 進入百度地圖帶我去望京附近嘅麥當勞
WER: 0.00 % N: 17 C: 17 S: 0 D: 0 I: 0
lab: 進 入 百 度 地 圖 帶 我 去 望 京 附 近 嘅 麥 當 勞 
rec: 進 入 百 度 地 圖 帶 我 去 望 京 附 近 嘅 麥 當 勞 

utt: 白色嘅氛圍燈開開
WER: 0.00 % N: 8 C: 8 S: 0 D: 0 I: 0
lab: 白 色 嘅 氛 圍 燈 開 開 
rec: 白 色 嘅 氛 圍 燈 開 開 

utt: 切換到橙色氛圍燈
WER: 0.00 % N: 8 C: 8 S: 0 D: 0 I: 0
lab: 切 換 到 橙 色 氛 圍 燈 
rec: 切 換 到 橙 色 氛 圍 燈 

utt: 我要氛圍燈最低嘅亮度
WER: 0.00 % N: 10 C: 10 S: 0 D: 0 I: 0
lab: 我 要 氛 圍 燈 最 低 嘅 亮 度 
rec: 我 要 氛 圍 燈 最 低 嘅 亮 度 

utt: 百度地圖中沿途嘅加油站去一下
WER: 0.00 % N: 14 C: 14 S: 0 D: 0 I: 0
lab: 百 度 地 圖 中 沿 途 嘅 加 油 站 去 一 下 
rec: 百 度 地 圖 中 沿 途 嘅 加 油 站 去 一 下 

utt: 設置最暗嘅氛圍燈俾我
WER: 0.00 % N: 10 C: 10 S: 0 D: 0 I: 0
lab: 設 置 最 暗 嘅 氛 圍 燈 俾 我 
rec: 設 置 最 暗 嘅 氛 圍 燈 俾 我 

utt: 燈調亮一啲
WER: 0.00 % N: 5 C: 5 S: 0 D: 0 I: 0
lab: 燈 調 亮 一 啲 
rec: 燈 調 亮 一 啲 

utt: 我想設置氛圍燈
WER: 0.00 % N: 7 C: 7 S: 0 D: 0 I: 0
lab: 我 想 設 置 氛 圍 燈 
rec: 我 想 設 置 氛 圍 燈 

utt: 燈換成紅色嘅
WER: 0.00 % N: 6 C: 6 S: 0 D: 0 I: 0
lab: 燈 換 成 紅 色 嘅 
rec: 燈 換 成 紅 色 嘅 

utt: 氛圍燈設置成最光
WER: 0.00 % N: 8 C: 8 S: 0 D: 0 I: 0
lab: 氛 圍 燈 設 置 成 最 光 
rec: 氛 圍 燈 設 置 成 最 光 

utt: 設置氛圍燈嘅亮度最暗
WER: 0.00 % N: 10 C: 10 S: 0 D: 0 I: 0
lab: 設 置 氛 圍 燈 嘅 亮 度 最 暗 
rec: 設 置 氛 圍 燈 嘅 亮 度 最 暗 

utt: 唔該把氛圍燈設置為最暗
WER: 18.18 % N: 11 C: 9 S: 2 D: 0 I: 0
lab: 唔 該 把 氛 圍 燈 設 置 為 最 暗 
rec: 唔 該 把 氛 圍 燈 設 置 為 靜 音 

utt: 氛圍燈亮度光一啲
WER: 0.00 % N: 8 C: 8 S: 0 D: 0 I: 0
lab: 氛 圍 燈 亮 度 光 一 啲 
rec: 氛 圍 燈 亮 度 光 一 啲 

utt: 快啲將海濱風格氛圍燈打開
WER: 0.00 % N: 12 C: 12 S: 0 D: 0 I: 0
lab: 快 啲 將 海 濱 風 格 氛 圍 燈 打 開 
rec: 快 啲 將 海 濱 風 格 氛 圍 燈 打 開 

utt: 調節氛圍燈到奧迪駕駛模式選擇風格
WER: 0.00 % N: 16 C: 16 S: 0 D: 0 I: 0
lab: 調 節 氛 圍 燈 到 奧 迪 駕 駛 模 式 選 擇 風 格 
rec: 調 節 氛 圍 燈 到 奧 迪 駕 駛 模 式 選 擇 風 格 

utt: 幫我調光啲氛圍燈
WER: 0.00 % N: 8 C: 8 S: 0 D: 0 I: 0
lab: 幫 我 調 光 啲 氛 圍 燈 
rec: 幫 我 調 光 啲 氛 圍 燈 

utt: 氛圍燈亮度最低設置一下
WER: 0.00 % N: 11 C: 11 S: 0 D: 0 I: 0
lab: 氛 圍 燈 亮 度 最 低 設 置 一 下 
rec: 氛 圍 燈 亮 度 最 低 設 置 一 下 

utt: 唔該幫我打開加勒比風格嘅燈
WER: 0.00 % N: 13 C: 13 S: 0 D: 0 I: 0
lab: 唔 該 幫 我 打 開 加 勒 比 風 格 嘅 燈 
rec: 唔 該 幫 我 打 開 加 勒 比 風 格 嘅 燈 

utt: 設置氛圍燈嘅亮度到最高
WER: 0.00 % N: 11 C: 11 S: 0 D: 0 I: 0
lab: 設 置 氛 圍 燈 嘅 亮 度 到 最 高 
rec: 設 置 氛 圍 燈 嘅 亮 度 到 最 高 

utt: 氛圍燈嘅模式設為奧迪駕駛風格
WER: 0.00 % N: 14 C: 14 S: 0 D: 0 I: 0
lab: 氛 圍 燈 嘅 模 式 設 為 奧 迪 駕 駛 風 格 
rec: 氛 圍 燈 嘅 模 式 設 為 奧 迪 駕 駛 風 格 

utt: 百度地圖設置成夜晚模式
WER: 0.00 % N: 11 C: 11 S: 0 D: 0 I: 0
lab: 百 度 地 圖 設 置 成 夜 晚 模 式 
rec: 百 度 地 圖 設 置 成 夜 晚 模 式 

utt: 唔該將氛圍燈調暗
WER: 0.00 % N: 8 C: 8 S: 0 D: 0 I: 0
lab: 唔 該 將 氛 圍 燈 調 暗 
rec: 唔 該 將 氛 圍 燈 調 暗 

utt: 打開高德去一下中關村南大街25號
WER: 0.00 % N: 15 C: 15 S: 0 D: 0 I: 0
lab: 打 開 高 德 去 一 下 中 關 村 南 大 街 25 號 
rec: 打 開 高 德 去 一 下 中 關 村 南 大 街 25 號 

utt: 燈幫我調到激情風格
WER: 0.00 % N: 9 C: 9 S: 0 D: 0 I: 0
lab: 燈 幫 我 調 到 激 情 風 格 
rec: 燈 幫 我 調 到 激 情 風 格 

utt: 幫我將氛圍燈調亮
WER: 0.00 % N: 8 C: 8 S: 0 D: 0 I: 0
lab: 幫 我 將 氛 圍 燈 調 亮 
rec: 幫 我 將 氛 圍 燈 調 亮 

utt: 來個藍色嘅燈吧
WER: 0.00 % N: 7 C: 7 S: 0 D: 0 I: 0
lab: 來 個 藍 色 嘅 燈 吧 
rec: 來 個 藍 色 嘅 燈 吧 

utt: 將氛圍燈嘅風格設置為奧迪駕駛模式
WER: 0.00 % N: 16 C: 16 S: 0 D: 0 I: 0
lab: 將 氛 圍 燈 嘅 風 格 設 置 為 奧 迪 駕 駛 模 式 
rec: 將 氛 圍 燈 嘅 風 格 設 置 為 奧 迪 駕 駛 模 式 

utt: 來個藍色嘅氛圍燈吧
WER: 0.00 % N: 9 C: 9 S: 0 D: 0 I: 0
lab: 來 個 藍 色 嘅 氛 圍 燈 吧 
rec: 來 個 藍 色 嘅 氛 圍 燈 吧 

utt: 我想把氛圍燈調到最光
WER: 0.00 % N: 10 C: 10 S: 0 D: 0 I: 0
lab: 我 想 把 氛 圍 燈 調 到 最 光 
rec: 我 想 把 氛 圍 燈 調 到 最 光 

utt: 系百度導航中設置只行高速
WER: 41.67 % N: 12 C: 7 S: 5 D: 0 I: 0
lab: 系 百 度 導 航 中 設 置 只 行 高 速 
rec: 系 得 嘟 嘟 熊 中 設 置 子 行 高 速 

utt: 幫我打開高德地圖設置太陽園為我屋企地址
WER: 0.00 % N: 19 C: 19 S: 0 D: 0 I: 0
lab: 幫 我 打 開 高 德 地 圖 設 置 太 陽 園 為 我 屋 企 地 址 
rec: 幫 我 打 開 高 德 地 圖 設 置 太 陽 園 為 我 屋 企 地 址 

utt: 我想用奧迪駕駛模式選擇風格嘅氛圍燈
WER: 0.00 % N: 17 C: 17 S: 0 D: 0 I: 0
lab: 我 想 用 奧 迪 駕 駛 模 式 選 擇 風 格 嘅 氛 圍 燈 
rec: 我 想 用 奧 迪 駕 駛 模 式 選 擇 風 格 嘅 氛 圍 燈 

utt: 唔該將氛圍燈調到最亮
WER: 0.00 % N: 10 C: 10 S: 0 D: 0 I: 0
lab: 唔 該 將 氛 圍 燈 調 到 最 亮 
rec: 唔 該 將 氛 圍 燈 調 到 最 亮 

utt: 我選個奧迪駕駛模式嘅氛圍燈吧
WER: 0.00 % N: 14 C: 14 S: 0 D: 0 I: 0
lab: 我 選 個 奧 迪 駕 駛 模 式 嘅 氛 圍 燈 吧 
rec: 我 選 個 奧 迪 駕 駛 模 式 嘅 氛 圍 燈 吧 

utt: 日光氛圍燈
WER: 0.00 % N: 5 C: 5 S: 0 D: 0 I: 0
lab: 日 光 氛 圍 燈 
rec: 日 光 氛 圍 燈 

utt: 百度地圖顯示成3d模式
WER: 0.00 % N: 10 C: 10 S: 0 D: 0 I: 0
lab: 百 度 地 圖 顯 示 成 3D 模 式 
rec: 百 度 地 圖 顯 示 成 3D 模 式 

utt: 熄咗氛圍燈
WER: 0.00 % N: 5 C: 5 S: 0 D: 0 I: 0
lab: 熄 咗 氛 圍 燈 
rec: 熄 咗 氛 圍 燈 

utt: 幫我將氛圍燈調暗
WER: 0.00 % N: 8 C: 8 S: 0 D: 0 I: 0
lab: 幫 我 將 氛 圍 燈 調 暗 
rec: 幫 我 將 氛 圍 燈 調 暗 

utt: 唔該把氛圍燈亮度設置成最低
WER: 0.00 % N: 13 C: 13 S: 0 D: 0 I: 0
lab: 唔 該 把 氛 圍 燈 亮 度 設 置 成 最 低 
rec: 唔 該 把 氛 圍 燈 亮 度 設 置 成 最 低 

utt: 打開高德地圖導航去上地附近嘅便利蜂
WER: 0.00 % N: 17 C: 17 S: 0 D: 0 I: 0
lab: 打 開 高 德 地 圖 導 航 去 上 地 附 近 嘅 便 利 蜂 
rec: 打 開 高 德 地 圖 導 航 去 上 地 附 近 嘅 便 利 蜂 

utt: 我要自定義風格嘅氛圍燈
WER: 0.00 % N: 11 C: 11 S: 0 D: 0 I: 0
lab: 我 要 自 定 義 風 格 嘅 氛 圍 燈 
rec: 我 要 自 定 義 風 格 嘅 氛 圍 燈 

utt: 氛圍燈關一下
WER: 0.00 % N: 6 C: 6 S: 0 D: 0 I: 0
lab: 氛 圍 燈 關 一 下 
rec: 氛 圍 燈 關 一 下 

utt: 系高德導航中唔避開高速
WER: 0.00 % N: 11 C: 11 S: 0 D: 0 I: 0
lab: 系 高 德 導 航 中 唔 避 開 高 速 
rec: 系 高 德 導 航 中 唔 避 開 高 速 

utt: 進入到氛圍燈
WER: 0.00 % N: 6 C: 6 S: 0 D: 0 I: 0
lab: 進 入 到 氛 圍 燈 
rec: 進 入 到 氛 圍 燈 

utt: 氛圍燈設為奧迪駕駛模式選擇風格
WER: 0.00 % N: 15 C: 15 S: 0 D: 0 I: 0
lab: 氛 圍 燈 設 為 奧 迪 駕 駛 模 式 選 擇 風 格 
rec: 氛 圍 燈 設 為 奧 迪 駕 駛 模 式 選 擇 風 格 

utt: 我想調亮氛圍燈
WER: 0.00 % N: 7 C: 7 S: 0 D: 0 I: 0
lab: 我 想 調 亮 氛 圍 燈 
rec: 我 想 調 亮 氛 圍 燈 

utt: 打開氛圍燈
WER: 0.00 % N: 5 C: 5 S: 0 D: 0 I: 0
lab: 打 開 氛 圍 燈 
rec: 打 開 氛 圍 燈 

utt: 打開百度地圖開始路徑引導
WER: 0.00 % N: 12 C: 12 S: 0 D: 0 I: 0
lab: 打 開 百 度 地 圖 開 始 路 徑 引 導 
rec: 打 開 百 度 地 圖 開 始 路 徑 引 導 

utt: 我想把氛圍燈調光啲
WER: 0.00 % N: 9 C: 9 S: 0 D: 0 I: 0
lab: 我 想 把 氛 圍 燈 調 光 啲 
rec: 我 想 把 氛 圍 燈 調 光 啲 

utt: 幫我把氛圍燈調到最暗
WER: 0.00 % N: 10 C: 10 S: 0 D: 0 I: 0
lab: 幫 我 把 氛 圍 燈 調 到 最 暗 
rec: 幫 我 把 氛 圍 燈 調 到 最 暗 

utt: 幫我把氛圍燈調到最亮
WER: 0.00 % N: 10 C: 10 S: 0 D: 0 I: 0
lab: 幫 我 把 氛 圍 燈 調 到 最 亮 
rec: 幫 我 把 氛 圍 燈 調 到 最 亮 

utt: 用百度地圖睇下沿途有冇肯德基
WER: 0.00 % N: 14 C: 14 S: 0 D: 0 I: 0
lab: 用 百 度 地 圖 睇 下 沿 途 有 冇 肯 德 基 
rec: 用 百 度 地 圖 睇 下 沿 途 有 冇 肯 德 基 

utt: 氛圍燈風格切換到奧迪駕駛模式
WER: 0.00 % N: 14 C: 14 S: 0 D: 0 I: 0
lab: 氛 圍 燈 風 格 切 換 到 奧 迪 駕 駛 模 式 
rec: 氛 圍 燈 風 格 切 換 到 奧 迪 駕 駛 模 式 

utt: 我想開個氛圍燈
WER: 14.29 % N: 7 C: 6 S: 1 D: 0 I: 0
lab: 我 想 開 個 氛 圍 燈 
rec: 我 想 開 到 氛 圍 燈 

utt: 打開百度導航並避開擁堵路段
WER: 7.69 % N: 13 C: 12 S: 1 D: 0 I: 0
lab: 打 開 百 度 導 航 並 避 開 擁 堵 路 段 
rec: 打 開 百 度 導 航 冰 避 開 擁 堵 路 段 

utt: 把氛圍燈亮度調到最光
WER: 0.00 % N: 10 C: 10 S: 0 D: 0 I: 0
lab: 把 氛 圍 燈 亮 度 調 到 最 光 
rec: 把 氛 圍 燈 亮 度 調 到 最 光 

utt: 同我嚟個奧迪駕駛風格嘅氛圍燈
WER: 0.00 % N: 14 C: 14 S: 0 D: 0 I: 0
lab: 同 我 嚟 個 奧 迪 駕 駛 風 格 嘅 氛 圍 燈 
rec: 同 我 嚟 個 奧 迪 駕 駛 風 格 嘅 氛 圍 燈 

utt: 唔該開啟氛圍燈
WER: 0.00 % N: 7 C: 7 S: 0 D: 0 I: 0
lab: 唔 該 開 啟 氛 圍 燈 
rec: 唔 該 開 啟 氛 圍 燈 

utt: 我中意加勒比風格嘅氛圍燈
WER: 0.00 % N: 12 C: 12 S: 0 D: 0 I: 0
lab: 我 中 意 加 勒 比 風 格 嘅 氛 圍 燈 
rec: 我 中 意 加 勒 比 風 格 嘅 氛 圍 燈 

utt: 高德導航幫我重新算一下路
WER: 0.00 % N: 12 C: 12 S: 0 D: 0 I: 0
lab: 高 德 導 航 幫 我 重 新 算 一 下 路 
rec: 高 德 導 航 幫 我 重 新 算 一 下 路 

utt: 最暗嘅氛圍燈光
WER: 0.00 % N: 7 C: 7 S: 0 D: 0 I: 0
lab: 最 暗 嘅 氛 圍 燈 光 
rec: 最 暗 嘅 氛 圍 燈 光 

utt: 氛圍燈我中意白嘅
WER: 0.00 % N: 8 C: 8 S: 0 D: 0 I: 0
lab: 氛 圍 燈 我 中 意 白 嘅 
rec: 氛 圍 燈 我 中 意 白 嘅 

utt: 開一下氛圍燈
WER: 0.00 % N: 6 C: 6 S: 0 D: 0 I: 0
lab: 開 一 下 氛 圍 燈 
rec: 開 一 下 氛 圍 燈 

utt: 打開百度地圖嘅語音導航
WER: 0.00 % N: 11 C: 11 S: 0 D: 0 I: 0
lab: 打 開 百 度 地 圖 嘅 語 音 導 航 
rec: 打 開 百 度 地 圖 嘅 語 音 導 航 

utt: 我想把氛圍燈設置為最亮
WER: 9.09 % N: 11 C: 10 S: 1 D: 0 I: 0
lab: 我 想 把 氛 圍 燈 設 置 為 最 亮 
rec: 我 想 把 氛 圍 燈 設 置 為 最 靚 

utt: 氛圍燈幫我打開下
WER: 0.00 % N: 8 C: 8 S: 0 D: 0 I: 0
lab: 氛 圍 燈 幫 我 打 開 下 
rec: 氛 圍 燈 幫 我 打 開 下 

utt: 切換成粉紅嘅氛圍燈吧
WER: 0.00 % N: 10 C: 10 S: 0 D: 0 I: 0
lab: 切 換 成 粉 紅 嘅 氛 圍 燈 吧 
rec: 切 換 成 粉 紅 嘅 氛 圍 燈 吧 

utt: 我想將氛圍燈調到奧迪駕駛模式選擇風格
WER: 0.00 % N: 18 C: 18 S: 0 D: 0 I: 0
lab: 我 想 將 氛 圍 燈 調 到 奧 迪 駕 駛 模 式 選 擇 風 格 
rec: 我 想 將 氛 圍 燈 調 到 奧 迪 駕 駛 模 式 選 擇 風 格 

utt: 我想氛圍燈最光
WER: 0.00 % N: 7 C: 7 S: 0 D: 0 I: 0
lab: 我 想 氛 圍 燈 最 光 
rec: 我 想 氛 圍 燈 最 光 

utt: 我想設置氛圍燈暗一啲
WER: 0.00 % N: 10 C: 10 S: 0 D: 0 I: 0
lab: 我 想 設 置 氛 圍 燈 暗 一 啲 
rec: 我 想 設 置 氛 圍 燈 暗 一 啲 

utt: 換成日光風格嘅氛圍燈
WER: 0.00 % N: 10 C: 10 S: 0 D: 0 I: 0
lab: 換 成 日 光 風 格 嘅 氛 圍 燈 
rec: 換 成 日 光 風 格 嘅 氛 圍 燈 

utt: 請把氛圍燈調光
WER: 0.00 % N: 7 C: 7 S: 0 D: 0 I: 0
lab: 請 把 氛 圍 燈 調 光 
rec: 請 把 氛 圍 燈 調 光 

utt: 把高德嘅語音導航打開
WER: 0.00 % N: 10 C: 10 S: 0 D: 0 I: 0
lab: 把 高 德 嘅 語 音 導 航 打 開 
rec: 把 高 德 嘅 語 音 導 航 打 開 

utt: 我想將呢個氛圍燈調暗啲
WER: 0.00 % N: 11 C: 11 S: 0 D: 0 I: 0
lab: 我 想 將 呢 個 氛 圍 燈 調 暗 啲 
rec: 我 想 將 呢 個 氛 圍 燈 調 暗 啲 

utt: 將燈調到輪廓風格
WER: 0.00 % N: 8 C: 8 S: 0 D: 0 I: 0
lab: 將 燈 調 到 輪 廓 風 格 
rec: 將 燈 調 到 輪 廓 風 格 

utt: 唔該把氛圍燈調到最暗
WER: 0.00 % N: 10 C: 10 S: 0 D: 0 I: 0
lab: 唔 該 把 氛 圍 燈 調 到 最 暗 
rec: 唔 該 把 氛 圍 燈 調 到 最 暗 

utt: 我想開啟氛圍燈
WER: 0.00 % N: 7 C: 7 S: 0 D: 0 I: 0
lab: 我 想 開 啟 氛 圍 燈 
rec: 我 想 開 啟 氛 圍 燈 

utt: 氛圍燈亮度最光
WER: 0.00 % N: 7 C: 7 S: 0 D: 0 I: 0
lab: 氛 圍 燈 亮 度 最 光 
rec: 氛 圍 燈 亮 度 最 光 

utt: 進入百度地圖帶我去我屋企附近嘅充電樁
WER: 0.00 % N: 18 C: 18 S: 0 D: 0 I: 0
lab: 進 入 百 度 地 圖 帶 我 去 我 屋 企 附 近 嘅 充 電 樁 
rec: 進 入 百 度 地 圖 帶 我 去 我 屋 企 附 近 嘅 充 電 樁 

utt: 加勒比風格嘅氛圍燈
WER: 0.00 % N: 9 C: 9 S: 0 D: 0 I: 0
lab: 加 勒 比 風 格 嘅 氛 圍 燈 
rec: 加 勒 比 風 格 嘅 氛 圍 燈 

utt: 依家幫我調個黃色嘅燈
WER: 0.00 % N: 10 C: 10 S: 0 D: 0 I: 0
lab: 依 家 幫 我 調 個 黃 色 嘅 燈 
rec: 依 家 幫 我 調 個 黃 色 嘅 燈 

utt: 打開加勒比風格嘅燈
WER: 0.00 % N: 9 C: 9 S: 0 D: 0 I: 0
lab: 打 開 加 勒 比 風 格 嘅 燈 
rec: 打 開 加 勒 比 風 格 嘅 燈 

utt: 打開氛圍燈最大檔
WER: 0.00 % N: 8 C: 8 S: 0 D: 0 I: 0
lab: 打 開 氛 圍 燈 最 大 檔 
rec: 打 開 氛 圍 燈 最 大 檔 

utt: 氛圍燈個性化設置
WER: 0.00 % N: 8 C: 8 S: 0 D: 0 I: 0
lab: 氛 圍 燈 個 性 化 設 置 
rec: 氛 圍 燈 個 性 化 設 置 

utt: 氛圍燈嘅模式選擇奧迪駕駛風格
WER: 0.00 % N: 14 C: 14 S: 0 D: 0 I: 0
lab: 氛 圍 燈 嘅 模 式 選 擇 奧 迪 駕 駛 風 格 
rec: 氛 圍 燈 嘅 模 式 選 擇 奧 迪 駕 駛 風 格 

utt: 氛圍燈嘅奧迪駕駛模式選擇風格
WER: 0.00 % N: 14 C: 14 S: 0 D: 0 I: 0
lab: 氛 圍 燈 嘅 奧 迪 駕 駛 模 式 選 擇 風 格 
rec: 氛 圍 燈 嘅 奧 迪 駕 駛 模 式 選 擇 風 格 

utt: 燈幫我調到激情版本
WER: 0.00 % N: 9 C: 9 S: 0 D: 0 I: 0
lab: 燈 幫 我 調 到 激 情 版 本 
rec: 燈 幫 我 調 到 激 情 版 本 

utt: 幫我將氛圍燈設置亮一啲
WER: 0.00 % N: 11 C: 11 S: 0 D: 0 I: 0
lab: 幫 我 將 氛 圍 燈 設 置 亮 一 啲 
rec: 幫 我 將 氛 圍 燈 設 置 亮 一 啲 

utt: 打開最光嘅氛圍燈
WER: 0.00 % N: 8 C: 8 S: 0 D: 0 I: 0
lab: 打 開 最 光 嘅 氛 圍 燈 
rec: 打 開 最 光 嘅 氛 圍 燈 

utt: 我想調光啲氛圍燈
WER: 0.00 % N: 8 C: 8 S: 0 D: 0 I: 0
lab: 我 想 調 光 啲 氛 圍 燈 
rec: 我 想 調 光 啲 氛 圍 燈 

utt: 氛圍燈風格換到奧迪駕駛模式
WER: 0.00 % N: 13 C: 13 S: 0 D: 0 I: 0
lab: 氛 圍 燈 風 格 換 到 奧 迪 駕 駛 模 式 
rec: 氛 圍 燈 風 格 換 到 奧 迪 駕 駛 模 式 

utt: 氛圍燈幫我改成粉紅色吧
WER: 0.00 % N: 11 C: 11 S: 0 D: 0 I: 0
lab: 氛 圍 燈 幫 我 改 成 粉 紅 色 吧 
rec: 氛 圍 燈 幫 我 改 成 粉 紅 色 吧 

utt: 幫我關上氛圍燈
WER: 0.00 % N: 7 C: 7 S: 0 D: 0 I: 0
lab: 幫 我 關 上 氛 圍 燈 
rec: 幫 我 關 上 氛 圍 燈 

utt: 打開高德帶我去中關村附近嘅4s店
WER: 0.00 % N: 15 C: 15 S: 0 D: 0 I: 0
lab: 打 開 高 德 帶 我 去 中 關 村 附 近 嘅 4S 店 
rec: 打 開 高 德 帶 我 去 中 關 村 附 近 嘅 4S 店 

utt: 設置氛圍燈關掉
WER: 0.00 % N: 7 C: 7 S: 0 D: 0 I: 0
lab: 設 置 氛 圍 燈 關 掉 
rec: 設 置 氛 圍 燈 關 掉 

utt: 幫我換成紅色嘅燈
WER: 0.00 % N: 8 C: 8 S: 0 D: 0 I: 0
lab: 幫 我 換 成 紅 色 嘅 燈 
rec: 幫 我 換 成 紅 色 嘅 燈 

utt: 幫我把氛圍燈設置光啲
WER: 0.00 % N: 10 C: 10 S: 0 D: 0 I: 0
lab: 幫 我 把 氛 圍 燈 設 置 光 啲 
rec: 幫 我 把 氛 圍 燈 設 置 光 啲 

utt: 我想將設置氛圍燈為最亮
WER: 0.00 % N: 11 C: 11 S: 0 D: 0 I: 0
lab: 我 想 將 設 置 氛 圍 燈 為 最 亮 
rec: 我 想 將 設 置 氛 圍 燈 為 最 亮 

utt: 將氛圍燈調到奧迪駕駛模式選擇風格
WER: 0.00 % N: 16 C: 16 S: 0 D: 0 I: 0
lab: 將 氛 圍 燈 調 到 奧 迪 駕 駛 模 式 選 擇 風 格 
rec: 將 氛 圍 燈 調 到 奧 迪 駕 駛 模 式 選 擇 風 格 

utt: 紅色嘅氛圍燈
WER: 0.00 % N: 6 C: 6 S: 0 D: 0 I: 0
lab: 紅 色 嘅 氛 圍 燈 
rec: 紅 色 嘅 氛 圍 燈 

utt: 奧迪駕駛模式選擇風格嘅氛圍燈
WER: 0.00 % N: 14 C: 14 S: 0 D: 0 I: 0
lab: 奧 迪 駕 駛 模 式 選 擇 風 格 嘅 氛 圍 燈 
rec: 奧 迪 駕 駛 模 式 選 擇 風 格 嘅 氛 圍 燈 

utt: 打開最暗嘅氛圍燈
WER: 0.00 % N: 8 C: 8 S: 0 D: 0 I: 0
lab: 打 開 最 暗 嘅 氛 圍 燈 
rec: 打 開 最 暗 嘅 氛 圍 燈 

utt: 打開激情風格嘅氛圍燈
WER: 0.00 % N: 10 C: 10 S: 0 D: 0 I: 0
lab: 打 開 激 情 風 格 嘅 氛 圍 燈 
rec: 打 開 激 情 風 格 嘅 氛 圍 燈 

utt: 幫我調亮氛圍燈
WER: 0.00 % N: 7 C: 7 S: 0 D: 0 I: 0
lab: 幫 我 調 亮 氛 圍 燈 
rec: 幫 我 調 亮 氛 圍 燈 

utt: 我要最暗嘅氛圍燈
WER: 0.00 % N: 8 C: 8 S: 0 D: 0 I: 0
lab: 我 要 最 暗 嘅 氛 圍 燈 
rec: 我 要 最 暗 嘅 氛 圍 燈 

utt: 氛圍燈開最暗
WER: 0.00 % N: 6 C: 6 S: 0 D: 0 I: 0
lab: 氛 圍 燈 開 最 暗 
rec: 氛 圍 燈 開 最 暗 

utt: 我想將氛圍燈調暗
WER: 0.00 % N: 8 C: 8 S: 0 D: 0 I: 0
lab: 我 想 將 氛 圍 燈 調 暗 
rec: 我 想 將 氛 圍 燈 調 暗 

utt: 氛圍燈幫我調最暗
WER: 0.00 % N: 8 C: 8 S: 0 D: 0 I: 0
lab: 氛 圍 燈 幫 我 調 最 暗 
rec: 氛 圍 燈 幫 我 調 最 暗 

utt: 氛圍燈調光
WER: 0.00 % N: 5 C: 5 S: 0 D: 0 I: 0
lab: 氛 圍 燈 調 光 
rec: 氛 圍 燈 調 光 

utt: 我想換個比較激情風格嘅氛圍燈
WER: 0.00 % N: 14 C: 14 S: 0 D: 0 I: 0
lab: 我 想 換 個 比 較 激 情 風 格 嘅 氛 圍 燈 
rec: 我 想 換 個 比 較 激 情 風 格 嘅 氛 圍 燈 

utt: 海藍氛圍燈設置一下
WER: 0.00 % N: 9 C: 9 S: 0 D: 0 I: 0
lab: 海 藍 氛 圍 燈 設 置 一 下 
rec: 海 藍 氛 圍 燈 設 置 一 下 

utt: 氛圍燈可唔可以關閉
WER: 0.00 % N: 9 C: 9 S: 0 D: 0 I: 0
lab: 氛 圍 燈 可 唔 可 以 關 閉 
rec: 氛 圍 燈 可 唔 可 以 關 閉 

utt: 氛圍燈調到最亮嘅級別
WER: 0.00 % N: 10 C: 10 S: 0 D: 0 I: 0
lab: 氛 圍 燈 調 到 最 亮 嘅 級 別 
rec: 氛 圍 燈 調 到 最 亮 嘅 級 別 

utt: 氛圍燈俾打開下
WER: 0.00 % N: 7 C: 7 S: 0 D: 0 I: 0
lab: 氛 圍 燈 俾 打 開 下 
rec: 氛 圍 燈 俾 打 開 下 

utt: 打開百度地圖帶我去太陽園附近嘅健身房
WER: 0.00 % N: 18 C: 18 S: 0 D: 0 I: 0
lab: 打 開 百 度 地 圖 帶 我 去 太 陽 園 附 近 嘅 健 身 房 
rec: 打 開 百 度 地 圖 帶 我 去 太 陽 園 附 近 嘅 健 身 房 

utt: 粉色嘅氛圍燈可以打開嗎
WER: 0.00 % N: 11 C: 11 S: 0 D: 0 I: 0
lab: 粉 色 嘅 氛 圍 燈 可 以 打 開 嗎 
rec: 粉 色 嘅 氛 圍 燈 可 以 打 開 嗎 

utt: 我想要亮度最低嘅氛圍燈
WER: 0.00 % N: 11 C: 11 S: 0 D: 0 I: 0
lab: 我 想 要 亮 度 最 低 嘅 氛 圍 燈 
rec: 我 想 要 亮 度 最 低 嘅 氛 圍 燈 

utt: 百度導航時避開高速路
WER: 0.00 % N: 10 C: 10 S: 0 D: 0 I: 0
lab: 百 度 導 航 時 避 開 高 速 路 
rec: 百 度 導 航 時 避 開 高 速 路 

utt: 我想將氛圍燈調亮
WER: 0.00 % N: 8 C: 8 S: 0 D: 0 I: 0
lab: 我 想 將 氛 圍 燈 調 亮 
rec: 我 想 將 氛 圍 燈 調 亮 

utt: 將自定義嘅氛圍燈打開
WER: 0.00 % N: 10 C: 10 S: 0 D: 0 I: 0
lab: 將 自 定 義 嘅 氛 圍 燈 打 開 
rec: 將 自 定 義 嘅 氛 圍 燈 打 開 

utt: 進入百度地圖嘅全覽地圖模式
WER: 7.69 % N: 13 C: 12 S: 1 D: 0 I: 0
lab: 進 入 百 度 地 圖 嘅 全 覽 地 圖 模 式 
rec: 進 入 百 度 地 圖 嘅 全 諗 地 圖 模 式 

utt: 我想打開自定義氛圍燈
WER: 0.00 % N: 10 C: 10 S: 0 D: 0 I: 0
lab: 我 想 打 開 自 定 義 氛 圍 燈 
rec: 我 想 打 開 自 定 義 氛 圍 燈 

utt: 開開幻想風格嘅氛圍燈
WER: 0.00 % N: 10 C: 10 S: 0 D: 0 I: 0
lab: 開 開 幻 想 風 格 嘅 氛 圍 燈 
rec: 開 開 幻 想 風 格 嘅 氛 圍 燈 

utt: 粉紅色氛圍燈
WER: 0.00 % N: 6 C: 6 S: 0 D: 0 I: 0
lab: 粉 紅 色 氛 圍 燈 
rec: 粉 紅 色 氛 圍 燈 

utt: 氛圍燈幫我設置成最光
WER: 0.00 % N: 10 C: 10 S: 0 D: 0 I: 0
lab: 氛 圍 燈 幫 我 設 置 成 最 光 
rec: 氛 圍 燈 幫 我 設 置 成 最 光 

utt: 氛圍燈調光啲
WER: 0.00 % N: 6 C: 6 S: 0 D: 0 I: 0
lab: 氛 圍 燈 調 光 啲 
rec: 氛 圍 燈 調 光 啲 

utt: 黃色嘅氛圍燈
WER: 0.00 % N: 6 C: 6 S: 0 D: 0 I: 0
lab: 黃 色 嘅 氛 圍 燈 
rec: 黃 色 嘅 氛 圍 燈 

utt: 調亮氛圍燈
WER: 0.00 % N: 5 C: 5 S: 0 D: 0 I: 0
lab: 調 亮 氛 圍 燈 
rec: 調 亮 氛 圍 燈 

utt: 燈調成白色嘅
WER: 0.00 % N: 6 C: 6 S: 0 D: 0 I: 0
lab: 燈 調 成 白 色 嘅 
rec: 燈 調 成 白 色 嘅 

utt: 將氛圍燈整個奧迪駕駛模式
WER: 0.00 % N: 12 C: 12 S: 0 D: 0 I: 0
lab: 將 氛 圍 燈 整 個 奧 迪 駕 駛 模 式 
rec: 將 氛 圍 燈 整 個 奧 迪 駕 駛 模 式 

utt: 開開自定義風格嘅氛圍燈
WER: 0.00 % N: 11 C: 11 S: 0 D: 0 I: 0
lab: 開 開 自 定 義 風 格 嘅 氛 圍 燈 
rec: 開 開 自 定 義 風 格 嘅 氛 圍 燈 

utt: 設置氛圍燈光啲
WER: 0.00 % N: 7 C: 7 S: 0 D: 0 I: 0
lab: 設 置 氛 圍 燈 光 啲 
rec: 設 置 氛 圍 燈 光 啲 

utt: 將氛圍燈幫我開下
WER: 0.00 % N: 8 C: 8 S: 0 D: 0 I: 0
lab: 將 氛 圍 燈 幫 我 開 下 
rec: 將 氛 圍 燈 幫 我 開 下 

utt: 打開高德地圖去一下附近嘅超市
WER: 0.00 % N: 14 C: 14 S: 0 D: 0 I: 0
lab: 打 開 高 德 地 圖 去 一 下 附 近 嘅 超 市 
rec: 打 開 高 德 地 圖 去 一 下 附 近 嘅 超 市 

utt: 設置氛圍燈亮一啲
WER: 0.00 % N: 8 C: 8 S: 0 D: 0 I: 0
lab: 設 置 氛 圍 燈 亮 一 啲 
rec: 設 置 氛 圍 燈 亮 一 啲 

utt: 將高德地圖設置成2d模式
WER: 0.00 % N: 11 C: 11 S: 0 D: 0 I: 0
lab: 將 高 德 地 圖 設 置 成 2D 模 式 
rec: 將 高 德 地 圖 設 置 成 2D 模 式 

utt: 呢個燈同我整暗啲
WER: 0.00 % N: 8 C: 8 S: 0 D: 0 I: 0
lab: 呢 個 燈 同 我 整 暗 啲 
rec: 呢 個 燈 同 我 整 暗 啲 

utt: 激情風格嘅氛圍燈
WER: 0.00 % N: 8 C: 8 S: 0 D: 0 I: 0
lab: 激 情 風 格 嘅 氛 圍 燈 
rec: 激 情 風 格 嘅 氛 圍 燈 

utt: 大紅嘅氛圍燈
WER: 0.00 % N: 6 C: 6 S: 0 D: 0 I: 0
lab: 大 紅 嘅 氛 圍 燈 
rec: 大 紅 嘅 氛 圍 燈 

utt: 進入到激情風格嘅燈
WER: 0.00 % N: 9 C: 9 S: 0 D: 0 I: 0
lab: 進 入 到 激 情 風 格 嘅 燈 
rec: 進 入 到 激 情 風 格 嘅 燈 

utt: 設置氛圍燈為最亮
WER: 0.00 % N: 8 C: 8 S: 0 D: 0 I: 0
lab: 設 置 氛 圍 燈 為 最 亮 
rec: 設 置 氛 圍 燈 為 最 亮 

utt: 氛圍燈設置關掉吧
WER: 0.00 % N: 8 C: 8 S: 0 D: 0 I: 0
lab: 氛 圍 燈 設 置 關 掉 吧 
rec: 氛 圍 燈 設 置 關 掉 吧 

utt: 把百度嘅語音導航關閉
WER: 0.00 % N: 10 C: 10 S: 0 D: 0 I: 0
lab: 把 百 度 嘅 語 音 導 航 關 閉 
rec: 把 百 度 嘅 語 音 導 航 關 閉 

utt: 換個紅色嘅氛圍燈
WER: 0.00 % N: 8 C: 8 S: 0 D: 0 I: 0
lab: 換 個 紅 色 嘅 氛 圍 燈 
rec: 換 個 紅 色 嘅 氛 圍 燈 

utt: 氛圍燈我要幻想風格嘅
WER: 0.00 % N: 10 C: 10 S: 0 D: 0 I: 0
lab: 氛 圍 燈 我 要 幻 想 風 格 嘅 
rec: 氛 圍 燈 我 要 幻 想 風 格 嘅 

utt: 藍色嘅氛圍燈開一下
WER: 0.00 % N: 9 C: 9 S: 0 D: 0 I: 0
lab: 藍 色 嘅 氛 圍 燈 開 一 下 
rec: 藍 色 嘅 氛 圍 燈 開 一 下 

utt: 幫我將氛圍燈整到奧迪駕駛模式選擇風格
WER: 0.00 % N: 18 C: 18 S: 0 D: 0 I: 0
lab: 幫 我 將 氛 圍 燈 整 到 奧 迪 駕 駛 模 式 選 擇 風 格 
rec: 幫 我 將 氛 圍 燈 整 到 奧 迪 駕 駛 模 式 選 擇 風 格 

utt: 換個幻想風格嘅氛圍燈
WER: 0.00 % N: 10 C: 10 S: 0 D: 0 I: 0
lab: 換 個 幻 想 風 格 嘅 氛 圍 燈 
rec: 換 個 幻 想 風 格 嘅 氛 圍 燈 

utt: 個性化風格嘅氛圍燈
WER: 0.00 % N: 9 C: 9 S: 0 D: 0 I: 0
lab: 個 性 化 風 格 嘅 氛 圍 燈 
rec: 個 性 化 風 格 嘅 氛 圍 燈 

utt: 氛圍燈自定義風格
WER: 0.00 % N: 8 C: 8 S: 0 D: 0 I: 0
lab: 氛 圍 燈 自 定 義 風 格 
rec: 氛 圍 燈 自 定 義 風 格 

utt: 把氛圍燈調光
WER: 0.00 % N: 6 C: 6 S: 0 D: 0 I: 0
lab: 把 氛 圍 燈 調 光 
rec: 把 氛 圍 燈 調 光 

utt: 我想要柔和嘅白色燈
WER: 0.00 % N: 9 C: 9 S: 0 D: 0 I: 0
lab: 我 想 要 柔 和 嘅 白 色 燈 
rec: 我 想 要 柔 和 嘅 白 色 燈 

utt: 打開高德地圖車頭向上
WER: 0.00 % N: 10 C: 10 S: 0 D: 0 I: 0
lab: 打 開 高 德 地 圖 車 頭 向 上 
rec: 打 開 高 德 地 圖 車 頭 向 上 

utt: 氛圍燈唔該關一下
WER: 0.00 % N: 8 C: 8 S: 0 D: 0 I: 0
lab: 氛 圍 燈 唔 該 關 一 下 
rec: 氛 圍 燈 唔 該 關 一 下 

utt: 要個白色嘅燈吧
WER: 0.00 % N: 7 C: 7 S: 0 D: 0 I: 0
lab: 要 個 白 色 嘅 燈 吧 
rec: 要 個 白 色 嘅 燈 吧 

utt: 設置最亮嘅氛圍燈
WER: 0.00 % N: 8 C: 8 S: 0 D: 0 I: 0
lab: 設 置 最 亮 嘅 氛 圍 燈 
rec: 設 置 最 亮 嘅 氛 圍 燈 

utt: 進入輪廓風格嘅氛圍燈
WER: 0.00 % N: 10 C: 10 S: 0 D: 0 I: 0
lab: 進 入 輪 廓 風 格 嘅 氛 圍 燈 
rec: 進 入 輪 廓 風 格 嘅 氛 圍 燈 

utt: 打開百度導航去公司
WER: 0.00 % N: 9 C: 9 S: 0 D: 0 I: 0
lab: 打 開 百 度 導 航 去 公 司 
rec: 打 開 百 度 導 航 去 公 司 

utt: 同我把氛圍燈設置為最光
WER: 0.00 % N: 11 C: 11 S: 0 D: 0 I: 0
lab: 同 我 把 氛 圍 燈 設 置 為 最 光 
rec: 同 我 把 氛 圍 燈 設 置 為 最 光 

utt: 我想將氛圍燈設置為最光
WER: 0.00 % N: 11 C: 11 S: 0 D: 0 I: 0
lab: 我 想 將 氛 圍 燈 設 置 為 最 光 
rec: 我 想 將 氛 圍 燈 設 置 為 最 光 

utt: 開下氛圍燈吧
WER: 0.00 % N: 6 C: 6 S: 0 D: 0 I: 0
lab: 開 下 氛 圍 燈 吧 
rec: 開 下 氛 圍 燈 吧 

utt: 氛圍燈調到最暗嘅光
WER: 0.00 % N: 9 C: 9 S: 0 D: 0 I: 0
lab: 氛 圍 燈 調 到 最 暗 嘅 光 
rec: 氛 圍 燈 調 到 最 暗 嘅 光 

utt: 氛圍燈最光
WER: 0.00 % N: 5 C: 5 S: 0 D: 0 I: 0
lab: 氛 圍 燈 最 光 
rec: 氛 圍 燈 最 光 

utt: 打開自定義嘅氛圍燈
WER: 0.00 % N: 9 C: 9 S: 0 D: 0 I: 0
lab: 打 開 自 定 義 嘅 氛 圍 燈 
rec: 打 開 自 定 義 嘅 氛 圍 燈 

utt: 氛圍燈幫我關咗佢
WER: 0.00 % N: 8 C: 8 S: 0 D: 0 I: 0
lab: 氛 圍 燈 幫 我 關 咗 佢 
rec: 氛 圍 燈 幫 我 關 咗 佢 

utt: 氛圍燈調節為奧迪駕駛模式選擇風格
WER: 0.00 % N: 16 C: 16 S: 0 D: 0 I: 0
lab: 氛 圍 燈 調 節 為 奧 迪 駕 駛 模 式 選 擇 風 格 
rec: 氛 圍 燈 調 節 為 奧 迪 駕 駛 模 式 選 擇 風 格 

utt: 氛圍燈選擇奧迪駕駛模式
WER: 0.00 % N: 11 C: 11 S: 0 D: 0 I: 0
lab: 氛 圍 燈 選 擇 奧 迪 駕 駛 模 式 
rec: 氛 圍 燈 選 擇 奧 迪 駕 駛 模 式 

utt: 氛圍燈關咗吧
WER: 0.00 % N: 6 C: 6 S: 0 D: 0 I: 0
lab: 氛 圍 燈 關 咗 吧 
rec: 氛 圍 燈 關 咗 吧 

utt: 唔該打開激情風格嘅氛圍燈
WER: 0.00 % N: 12 C: 12 S: 0 D: 0 I: 0
lab: 唔 該 打 開 激 情 風 格 嘅 氛 圍 燈 
rec: 唔 該 打 開 激 情 風 格 嘅 氛 圍 燈 

utt: 將氛圍燈關咗
WER: 0.00 % N: 6 C: 6 S: 0 D: 0 I: 0
lab: 將 氛 圍 燈 關 咗 
rec: 將 氛 圍 燈 關 咗 

utt: 粉紅嘅氛圍燈
WER: 0.00 % N: 6 C: 6 S: 0 D: 0 I: 0
lab: 粉 紅 嘅 氛 圍 燈 
rec: 粉 紅 嘅 氛 圍 燈 

utt: 幻想風格嘅氛圍燈
WER: 0.00 % N: 8 C: 8 S: 0 D: 0 I: 0
lab: 幻 想 風 格 嘅 氛 圍 燈 
rec: 幻 想 風 格 嘅 氛 圍 燈 

utt: 氛圍燈亮度最高
WER: 0.00 % N: 7 C: 7 S: 0 D: 0 I: 0
lab: 氛 圍 燈 亮 度 最 高 
rec: 氛 圍 燈 亮 度 最 高 

utt: 我要將氛圍燈亮度調到最光
WER: 0.00 % N: 12 C: 12 S: 0 D: 0 I: 0
lab: 我 要 將 氛 圍 燈 亮 度 調 到 最 光 
rec: 我 要 將 氛 圍 燈 亮 度 調 到 最 光 

utt: 我幾中意加勒比風格嘅果個燈
WER: 0.00 % N: 13 C: 13 S: 0 D: 0 I: 0
lab: 我 幾 中 意 加 勒 比 風 格 嘅 果 個 燈 
rec: 我 幾 中 意 加 勒 比 風 格 嘅 果 個 燈 

utt: 關一下氛圍燈
WER: 0.00 % N: 6 C: 6 S: 0 D: 0 I: 0
lab: 關 一 下 氛 圍 燈 
rec: 關 一 下 氛 圍 燈 

utt: 打開百度地圖嘅路況顯示
WER: 9.09 % N: 11 C: 10 S: 1 D: 0 I: 0
lab: 打 開 百 度 地 圖 嘅 路 況 顯 示 
rec: 打 開 百 度 地 圖 京 路 況 顯 示 

utt: 設置氛圍燈暗一啲
WER: 0.00 % N: 8 C: 8 S: 0 D: 0 I: 0
lab: 設 置 氛 圍 燈 暗 一 啲 
rec: 設 置 氛 圍 燈 暗 一 啲 

utt: 黃黃嘅氛圍燈
WER: 0.00 % N: 6 C: 6 S: 0 D: 0 I: 0
lab: 黃 黃 嘅 氛 圍 燈 
rec: 黃 黃 嘅 氛 圍 燈 

utt: 氛圍燈入到奧迪駕駛風格
WER: 0.00 % N: 11 C: 11 S: 0 D: 0 I: 0
lab: 氛 圍 燈 入 到 奧 迪 駕 駛 風 格 
rec: 氛 圍 燈 入 到 奧 迪 駕 駛 風 格 

utt: 個性化風格嘅氛圍燈開開
WER: 0.00 % N: 11 C: 11 S: 0 D: 0 I: 0
lab: 個 性 化 風 格 嘅 氛 圍 燈 開 開 
rec: 個 性 化 風 格 嘅 氛 圍 燈 開 開 

utt: 設置下氛圍燈吧
WER: 0.00 % N: 7 C: 7 S: 0 D: 0 I: 0
lab: 設 置 下 氛 圍 燈 吧 
rec: 設 置 下 氛 圍 燈 吧 

utt: 燈太亮啦
WER: 0.00 % N: 4 C: 4 S: 0 D: 0 I: 0
lab: 燈 太 亮 啦 
rec: 燈 太 亮 啦 

utt: 綠色氛圍燈開一下
WER: 0.00 % N: 8 C: 8 S: 0 D: 0 I: 0
lab: 綠 色 氛 圍 燈 開 一 下 
rec: 綠 色 氛 圍 燈 開 一 下 

utt: 幫我開氛圍燈
WER: 0.00 % N: 6 C: 6 S: 0 D: 0 I: 0
lab: 幫 我 開 氛 圍 燈 
rec: 幫 我 開 氛 圍 燈 

utt: 氛圍燈開到最光
WER: 0.00 % N: 7 C: 7 S: 0 D: 0 I: 0
lab: 氛 圍 燈 開 到 最 光 
rec: 氛 圍 燈 開 到 最 光 

utt: 換一個海濱風格嘅氛圍燈吧
WER: 0.00 % N: 12 C: 12 S: 0 D: 0 I: 0
lab: 換 一 個 海 濱 風 格 嘅 氛 圍 燈 吧 
rec: 換 一 個 海 濱 風 格 嘅 氛 圍 燈 吧 

utt: 高德導航一下我屋企附近嘅加油站
WER: 0.00 % N: 15 C: 15 S: 0 D: 0 I: 0
lab: 高 德 導 航 一 下 我 屋 企 附 近 嘅 加 油 站 
rec: 高 德 導 航 一 下 我 屋 企 附 近 嘅 加 油 站 

utt: 我想調暗氛圍燈
WER: 0.00 % N: 7 C: 7 S: 0 D: 0 I: 0
lab: 我 想 調 暗 氛 圍 燈 
rec: 我 想 調 暗 氛 圍 燈 

utt: 氛圍燈開啟輪廓風格
WER: 0.00 % N: 9 C: 9 S: 0 D: 0 I: 0
lab: 氛 圍 燈 開 啟 輪 廓 風 格 
rec: 氛 圍 燈 開 啟 輪 廓 風 格 

utt: 依家打開奧迪駕駛風格嘅氛圍燈
WER: 0.00 % N: 14 C: 14 S: 0 D: 0 I: 0
lab: 依 家 打 開 奧 迪 駕 駛 風 格 嘅 氛 圍 燈 
rec: 依 家 打 開 奧 迪 駕 駛 風 格 嘅 氛 圍 燈 

utt: 打開百度地圖帶我去一下五棵松
WER: 14.29 % N: 14 C: 12 S: 2 D: 0 I: 0
lab: 打 開 百 度 地 圖 帶 我 去 一 下 五 棵 松 
rec: 打 開 百 度 地 圖 帶 我 去 一 下 五 顆 鬆 

utt: 打開高德設置公司地址系京儀科技大廈
WER: 0.00 % N: 17 C: 17 S: 0 D: 0 I: 0
lab: 打 開 高 德 設 置 公 司 地 址 系 京 儀 科 技 大 廈 
rec: 打 開 高 德 設 置 公 司 地 址 系 京 儀 科 技 大 廈 

utt: 幫我開啟氛圍燈
WER: 0.00 % N: 7 C: 7 S: 0 D: 0 I: 0
lab: 幫 我 開 啟 氛 圍 燈 
rec: 幫 我 開 啟 氛 圍 燈 

utt: 氛圍燈切換到奧迪駕駛模式選擇風格
WER: 0.00 % N: 16 C: 16 S: 0 D: 0 I: 0
lab: 氛 圍 燈 切 換 到 奧 迪 駕 駛 模 式 選 擇 風 格 
rec: 氛 圍 燈 切 換 到 奧 迪 駕 駛 模 式 選 擇 風 格 

utt: 氛圍燈幫我打開
WER: 0.00 % N: 7 C: 7 S: 0 D: 0 I: 0
lab: 氛 圍 燈 幫 我 打 開 
rec: 氛 圍 燈 幫 我 打 開 

utt: 我睇睇奧迪駕駛模式嘅氛圍燈乜樣
WER: 0.00 % N: 15 C: 15 S: 0 D: 0 I: 0
lab: 我 睇 睇 奧 迪 駕 駛 模 式 嘅 氛 圍 燈 乜 樣 
rec: 我 睇 睇 奧 迪 駕 駛 模 式 嘅 氛 圍 燈 乜 樣 

utt: 開一下奧迪駕駛風格嘅氛圍燈
WER: 0.00 % N: 13 C: 13 S: 0 D: 0 I: 0
lab: 開 一 下 奧 迪 駕 駛 風 格 嘅 氛 圍 燈 
rec: 開 一 下 奧 迪 駕 駛 風 格 嘅 氛 圍 燈 

utt: 設置個海濱特色嘅燈
WER: 0.00 % N: 9 C: 9 S: 0 D: 0 I: 0
lab: 設 置 個 海 濱 特 色 嘅 燈 
rec: 設 置 個 海 濱 特 色 嘅 燈 

utt: 換個日光風格嘅氛圍燈
WER: 0.00 % N: 10 C: 10 S: 0 D: 0 I: 0
lab: 換 個 日 光 風 格 嘅 氛 圍 燈 
rec: 換 個 日 光 風 格 嘅 氛 圍 燈 

utt: 個性化嘅氛圍燈打開
WER: 0.00 % N: 9 C: 9 S: 0 D: 0 I: 0
lab: 個 性 化 嘅 氛 圍 燈 打 開 
rec: 個 性 化 嘅 氛 圍 燈 打 開 

utt: 唔該調暗氛圍燈
WER: 0.00 % N: 7 C: 7 S: 0 D: 0 I: 0
lab: 唔 該 調 暗 氛 圍 燈 
rec: 唔 該 調 暗 氛 圍 燈 

utt: 打開高德地圖我要去一下首都博物館
WER: 0.00 % N: 16 C: 16 S: 0 D: 0 I: 0
lab: 打 開 高 德 地 圖 我 要 去 一 下 首 都 博 物 館 
rec: 打 開 高 德 地 圖 我 要 去 一 下 首 都 博 物 館 

utt: 我要紅色氛圍燈
WER: 0.00 % N: 7 C: 7 S: 0 D: 0 I: 0
lab: 我 要 紅 色 氛 圍 燈 
rec: 我 要 紅 色 氛 圍 燈 

utt: 我要個個性化嘅氛圍燈
WER: 0.00 % N: 10 C: 10 S: 0 D: 0 I: 0
lab: 我 要 個 個 性 化 嘅 氛 圍 燈 
rec: 我 要 個 個 性 化 嘅 氛 圍 燈 

utt: 切一下奧機駕駛模式嘅氛圍燈
WER: 0.00 % N: 13 C: 13 S: 0 D: 0 I: 0
lab: 切 一 下 奧 機 駕 駛 模 式 嘅 氛 圍 燈 
rec: 切 一 下 奧 機 駕 駛 模 式 嘅 氛 圍 燈 

utt: 冇開氛圍燈了
WER: 0.00 % N: 6 C: 6 S: 0 D: 0 I: 0
lab: 冇 開 氛 圍 燈 了 
rec: 冇 開 氛 圍 燈 了 

utt: 氛圍燈設置到最光
WER: 0.00 % N: 8 C: 8 S: 0 D: 0 I: 0
lab: 氛 圍 燈 設 置 到 最 光 
rec: 氛 圍 燈 設 置 到 最 光 

utt: 換到加勒比風格嘅氛圍燈
WER: 0.00 % N: 11 C: 11 S: 0 D: 0 I: 0
lab: 換 到 加 勒 比 風 格 嘅 氛 圍 燈 
rec: 換 到 加 勒 比 風 格 嘅 氛 圍 燈 

utt: 氛圍燈調光吧
WER: 0.00 % N: 6 C: 6 S: 0 D: 0 I: 0
lab: 氛 圍 燈 調 光 吧 
rec: 氛 圍 燈 調 光 吧 

utt: 關咗氛圍燈
WER: 0.00 % N: 5 C: 5 S: 0 D: 0 I: 0
lab: 關 咗 氛 圍 燈 
rec: 關 咗 氛 圍 燈 

utt: 傳説中嘅輪廓風格嘅燈
WER: 0.00 % N: 10 C: 10 S: 0 D: 0 I: 0
lab: 傳 説 中 嘅 輪 廓 風 格 嘅 燈 
rec: 傳 説 中 嘅 輪 廓 風 格 嘅 燈 

utt: 海藍嘅氛圍燈打開
WER: 0.00 % N: 8 C: 8 S: 0 D: 0 I: 0
lab: 海 藍 嘅 氛 圍 燈 打 開 
rec: 海 藍 嘅 氛 圍 燈 打 開 

utt: 唔該關閉氛圍燈
WER: 0.00 % N: 7 C: 7 S: 0 D: 0 I: 0
lab: 唔 該 關 閉 氛 圍 燈 
rec: 唔 該 關 閉 氛 圍 燈 

utt: 開開氛圍燈
WER: 0.00 % N: 5 C: 5 S: 0 D: 0 I: 0
lab: 開 開 氛 圍 燈 
rec: 開 開 氛 圍 燈 

utt: 氛圍燈幫我調到最暗
WER: 0.00 % N: 9 C: 9 S: 0 D: 0 I: 0
lab: 氛 圍 燈 幫 我 調 到 最 暗 
rec: 氛 圍 燈 幫 我 調 到 最 暗 

utt: 設置氛圍燈到奧迪駕駛模式選擇風格
WER: 0.00 % N: 16 C: 16 S: 0 D: 0 I: 0
lab: 設 置 氛 圍 燈 到 奧 迪 駕 駛 模 式 選 擇 風 格 
rec: 設 置 氛 圍 燈 到 奧 迪 駕 駛 模 式 選 擇 風 格 

utt: 調成綠色嘅氛圍燈
WER: 0.00 % N: 8 C: 8 S: 0 D: 0 I: 0
lab: 調 成 綠 色 嘅 氛 圍 燈 
rec: 調 成 綠 色 嘅 氛 圍 燈 

utt: 進入氛圍燈設置
WER: 0.00 % N: 7 C: 7 S: 0 D: 0 I: 0
lab: 進 入 氛 圍 燈 設 置 
rec: 進 入 氛 圍 燈 設 置 

utt: 高德地圖打開去北京市兒童醫院
WER: 0.00 % N: 14 C: 14 S: 0 D: 0 I: 0
lab: 高 德 地 圖 打 開 去 北 京 市 兒 童 醫 院 
rec: 高 德 地 圖 打 開 去 北 京 市 兒 童 醫 院 

utt: 氛圍燈幫我調到最亮
WER: 0.00 % N: 9 C: 9 S: 0 D: 0 I: 0
lab: 氛 圍 燈 幫 我 調 到 最 亮 
rec: 氛 圍 燈 幫 我 調 到 最 亮 

utt: 唔該同我把氛圍燈變成最暗
WER: 0.00 % N: 12 C: 12 S: 0 D: 0 I: 0
lab: 唔 該 同 我 把 氛 圍 燈 變 成 最 暗 
rec: 唔 該 同 我 把 氛 圍 燈 變 成 最 暗 

utt: 氛圍燈打開吧
WER: 0.00 % N: 6 C: 6 S: 0 D: 0 I: 0
lab: 氛 圍 燈 打 開 吧 
rec: 氛 圍 燈 打 開 吧 

utt: 我想把氛圍燈設置為最暗
WER: 0.00 % N: 11 C: 11 S: 0 D: 0 I: 0
lab: 我 想 把 氛 圍 燈 設 置 為 最 暗 
rec: 我 想 把 氛 圍 燈 設 置 為 最 暗 

utt: 唔該將氛圍燈設置為最暗
WER: 0.00 % N: 11 C: 11 S: 0 D: 0 I: 0
lab: 唔 該 將 氛 圍 燈 設 置 為 最 暗 
rec: 唔 該 將 氛 圍 燈 設 置 為 最 暗 

utt: 切到海藍嘅氛圍燈吧
WER: 0.00 % N: 9 C: 9 S: 0 D: 0 I: 0
lab: 切 到 海 藍 嘅 氛 圍 燈 吧 
rec: 切 到 海 藍 嘅 氛 圍 燈 吧 

utt: 在高德地圖中把瀚海大廈設置為公司
WER: 12.50 % N: 16 C: 14 S: 2 D: 0 I: 0
lab: 在 高 德 地 圖 中 把 瀚 海 大 廈 設 置 為 公 司 
rec: 在 高 德 地 圖 中 版 看 海 大 廈 設 置 為 公 司 

utt: 設置最光嘅氛圍燈
WER: 0.00 % N: 8 C: 8 S: 0 D: 0 I: 0
lab: 設 置 最 光 嘅 氛 圍 燈 
rec: 設 置 最 光 嘅 氛 圍 燈 

utt: 將氛圍燈關閉
WER: 0.00 % N: 6 C: 6 S: 0 D: 0 I: 0
lab: 將 氛 圍 燈 關 閉 
rec: 將 氛 圍 燈 關 閉 

utt: 用高德導航去公司
WER: 0.00 % N: 8 C: 8 S: 0 D: 0 I: 0
lab: 用 高 德 導 航 去 公 司 
rec: 用 高 德 導 航 去 公 司 

utt: 可唔可以熄左氛圍燈
WER: 11.11 % N: 9 C: 8 S: 1 D: 0 I: 0
lab: 可 唔 可 以 熄 左 氛 圍 燈 
rec: 可 唔 可 以 熄 咗 氛 圍 燈 

utt: 將氛圍燈整成奧迪駕駛風格
WER: 0.00 % N: 12 C: 12 S: 0 D: 0 I: 0
lab: 將 氛 圍 燈 整 成 奧 迪 駕 駛 風 格 
rec: 將 氛 圍 燈 整 成 奧 迪 駕 駛 風 格 

utt: 充滿幻想感覺嘅氛圍燈
WER: 0.00 % N: 10 C: 10 S: 0 D: 0 I: 0
lab: 充 滿 幻 想 感 覺 嘅 氛 圍 燈 
rec: 充 滿 幻 想 感 覺 嘅 氛 圍 燈 

utt: 把高德導航嘅路徑引導取消
WER: 0.00 % N: 12 C: 12 S: 0 D: 0 I: 0
lab: 把 高 德 導 航 嘅 路 徑 引 導 取 消 
rec: 把 高 德 導 航 嘅 路 徑 引 導 取 消 

utt: 把氛圍燈設置到最亮
WER: 0.00 % N: 9 C: 9 S: 0 D: 0 I: 0
lab: 把 氛 圍 燈 設 置 到 最 亮 
rec: 把 氛 圍 燈 設 置 到 最 亮 

utt: 將氛圍燈換到奧迪駕駛模式選擇風格
WER: 0.00 % N: 16 C: 16 S: 0 D: 0 I: 0
lab: 將 氛 圍 燈 換 到 奧 迪 駕 駛 模 式 選 擇 風 格 
rec: 將 氛 圍 燈 換 到 奧 迪 駕 駛 模 式 選 擇 風 格 

utt: 我唔需要氛圍燈了
WER: 0.00 % N: 8 C: 8 S: 0 D: 0 I: 0
lab: 我 唔 需 要 氛 圍 燈 了 
rec: 我 唔 需 要 氛 圍 燈 了 

utt: 氛圍燈亮度設置光啲
WER: 0.00 % N: 9 C: 9 S: 0 D: 0 I: 0
lab: 氛 圍 燈 亮 度 設 置 光 啲 
rec: 氛 圍 燈 亮 度 設 置 光 啲 

utt: 唔該將氛圍燈設置為最亮
WER: 9.09 % N: 11 C: 10 S: 1 D: 0 I: 0
lab: 唔 該 將 氛 圍 燈 設 置 為 最 亮 
rec: 唔 該 將 氛 圍 燈 設 置 為 最 靚 

utt: 設置氛圍燈嘅亮度到最光
WER: 0.00 % N: 11 C: 11 S: 0 D: 0 I: 0
lab: 設 置 氛 圍 燈 嘅 亮 度 到 最 光 
rec: 設 置 氛 圍 燈 嘅 亮 度 到 最 光 

utt: 用百度地圖查一下阜石路13號點行
WER: 6.67 % N: 15 C: 14 S: 1 D: 0 I: 0
lab: 用 百 度 地 圖 查 一 下 阜 石 路 13 號 點 行 
rec: 用 百 度 地 圖 查 一 下 阜 成 路 13 號 點 行 
===========================================================================

Overall -> 0.81 % N: 4804 C: 4766 S: 38 D: 0 I: 1
Mandarin -> 0.79 % N: 4797 C: 4760 S: 37 D: 0 I: 1
Other -> 20.00 % N: 5 C: 4 S: 1 D: 0 I: 0
Number -> 0.00 % N: 2 C: 2 S: 0 D: 0 I: 0

===========================================================================
