
utt: 把氛圍燈設置到最光
WER: 0.00 % N: 9 C: 9 S: 0 D: 0 I: 0
lab: 把 氛 圍 燈 設 置 到 最 光 
rec: 把 氛 圍 燈 設 置 到 最 光 

utt: 想開氛圍燈
WER: 0.00 % N: 5 C: 5 S: 0 D: 0 I: 0
lab: 想 開 氛 圍 燈 
rec: 想 開 氛 圍 燈 

utt: 我唔要氛圍燈了關咗吧
WER: 0.00 % N: 10 C: 10 S: 0 D: 0 I: 0
lab: 我 唔 要 氛 圍 燈 了 關 咗 吧 
rec: 我 唔 要 氛 圍 燈 了 關 咗 吧 

utt: 唔該將氛圍燈設置為最光
WER: 0.00 % N: 11 C: 11 S: 0 D: 0 I: 0
lab: 唔 該 將 氛 圍 燈 設 置 為 最 光 
rec: 唔 該 將 氛 圍 燈 設 置 為 最 光 

utt: 打開氛圍燈最低檔
WER: 0.00 % N: 8 C: 8 S: 0 D: 0 I: 0
lab: 打 開 氛 圍 燈 最 低 檔 
rec: 打 開 氛 圍 燈 最 低 檔 

utt: 把氛圍燈打開
WER: 0.00 % N: 6 C: 6 S: 0 D: 0 I: 0
lab: 把 氛 圍 燈 打 開 
rec: 把 氛 圍 燈 打 開 

utt: 幫我調暗氛圍燈
WER: 0.00 % N: 7 C: 7 S: 0 D: 0 I: 0
lab: 幫 我 調 暗 氛 圍 燈 
rec: 幫 我 調 暗 氛 圍 燈 

utt: 將氛圍燈調暗
WER: 0.00 % N: 6 C: 6 S: 0 D: 0 I: 0
lab: 將 氛 圍 燈 調 暗 
rec: 將 氛 圍 燈 調 暗 

utt: 我想把氛圍燈設置為最光
WER: 0.00 % N: 11 C: 11 S: 0 D: 0 I: 0
lab: 我 想 把 氛 圍 燈 設 置 為 最 光 
rec: 我 想 把 氛 圍 燈 設 置 為 最 光 

utt: 將氛圍燈調亮
WER: 0.00 % N: 6 C: 6 S: 0 D: 0 I: 0
lab: 將 氛 圍 燈 調 亮 
rec: 將 氛 圍 燈 調 亮 

utt: 我想要亮度最高嘅氛圍燈
WER: 0.00 % N: 11 C: 11 S: 0 D: 0 I: 0
lab: 我 想 要 亮 度 最 高 嘅 氛 圍 燈 
rec: 我 想 要 亮 度 最 高 嘅 氛 圍 燈 

utt: 高德導航嘅路徑再重新規劃一次
WER: 0.00 % N: 14 C: 14 S: 0 D: 0 I: 0
lab: 高 德 導 航 嘅 路 徑 再 重 新 規 劃 一 次 
rec: 高 德 導 航 嘅 路 徑 再 重 新 規 劃 一 次 

utt: 幫我把高德地圖縮小
WER: 0.00 % N: 9 C: 9 S: 0 D: 0 I: 0
lab: 幫 我 把 高 德 地 圖 縮 小 
rec: 幫 我 把 高 德 地 圖 縮 小 

utt: 把氛圍燈最大檔打開
WER: 0.00 % N: 9 C: 9 S: 0 D: 0 I: 0
lab: 把 氛 圍 燈 最 大 檔 打 開 
rec: 把 氛 圍 燈 最 大 檔 打 開 

utt: 把氛圍燈關一下
WER: 0.00 % N: 7 C: 7 S: 0 D: 0 I: 0
lab: 把 氛 圍 燈 關 一 下 
rec: 把 氛 圍 燈 關 一 下 

utt: 調暗氛圍燈
WER: 0.00 % N: 5 C: 5 S: 0 D: 0 I: 0
lab: 調 暗 氛 圍 燈 
rec: 調 暗 氛 圍 燈 

utt: 把氛圍燈嘅最光級別打開
WER: 0.00 % N: 11 C: 11 S: 0 D: 0 I: 0
lab: 把 氛 圍 燈 嘅 最 光 級 別 打 開 
rec: 把 氛 圍 燈 嘅 最 光 級 別 打 開 

utt: 幫我設置氛圍燈光啲
WER: 0.00 % N: 9 C: 9 S: 0 D: 0 I: 0
lab: 幫 我 設 置 氛 圍 燈 光 啲 
rec: 幫 我 設 置 氛 圍 燈 光 啲 

utt: 把百度嘅路徑引導取消
WER: 10.00 % N: 10 C: 9 S: 1 D: 0 I: 0
lab: 把 百 度 嘅 路 徑 引 導 取 消 
rec: 打 百 度 嘅 路 徑 引 導 取 消 

utt: 幫我關掉氛圍燈
WER: 0.00 % N: 7 C: 7 S: 0 D: 0 I: 0
lab: 幫 我 關 掉 氛 圍 燈 
rec: 幫 我 關 掉 氛 圍 燈 

utt: 幫我設置氛圍燈暗一啲
WER: 0.00 % N: 10 C: 10 S: 0 D: 0 I: 0
lab: 幫 我 設 置 氛 圍 燈 暗 一 啲 
rec: 幫 我 設 置 氛 圍 燈 暗 一 啲 

utt: 關閉百度導航嘅路況顯示
WER: 0.00 % N: 11 C: 11 S: 0 D: 0 I: 0
lab: 關 閉 百 度 導 航 嘅 路 況 顯 示 
rec: 關 閉 百 度 導 航 嘅 路 況 顯 示 

utt: 幫我開開氛圍燈
WER: 0.00 % N: 7 C: 7 S: 0 D: 0 I: 0
lab: 幫 我 開 開 氛 圍 燈 
rec: 幫 我 開 開 氛 圍 燈 

utt: 高德地圖嘅3d模式開一下
WER: 36.36 % N: 11 C: 8 S: 3 D: 0 I: 1
lab: 高 德 地 圖 嘅 3D 模 式    開 一 下 
rec: 高 德 地 圖 嘅 修 啲 無 線 開 一 下 

utt: 氛圍燈開到最亮
WER: 0.00 % N: 7 C: 7 S: 0 D: 0 I: 0
lab: 氛 圍 燈 開 到 最 亮 
rec: 氛 圍 燈 開 到 最 亮 

utt: 把氛圍燈嘅最亮級別打開
WER: 0.00 % N: 11 C: 11 S: 0 D: 0 I: 0
lab: 把 氛 圍 燈 嘅 最 亮 級 別 打 開 
rec: 把 氛 圍 燈 嘅 最 亮 級 別 打 開 

utt: 氛圍燈暗一啲
WER: 16.67 % N: 6 C: 5 S: 1 D: 0 I: 0
lab: 氛 圍 燈 暗 一 啲 
rec: 氛 圍 燈 任 一 啲 

utt: 設置氛圍燈亮啲
WER: 0.00 % N: 7 C: 7 S: 0 D: 0 I: 0
lab: 設 置 氛 圍 燈 亮 啲 
rec: 設 置 氛 圍 燈 亮 啲 

utt: 同我把氛圍燈設置為最亮
WER: 9.09 % N: 11 C: 10 S: 1 D: 0 I: 0
lab: 同 我 把 氛 圍 燈 設 置 為 最 亮 
rec: 同 我 把 氛 圍 燈 設 置 為 最 靚 

utt: 我想將氛圍燈設置為最亮
WER: 9.09 % N: 11 C: 10 S: 1 D: 0 I: 0
lab: 我 想 將 氛 圍 燈 設 置 為 最 亮 
rec: 我 想 將 氛 圍 燈 設 置 為 最 靚 

utt: 氛圍燈最亮
WER: 0.00 % N: 5 C: 5 S: 0 D: 0 I: 0
lab: 氛 圍 燈 最 亮 
rec: 氛 圍 燈 最 亮 

utt: 氛圍燈設置關咗佢
WER: 0.00 % N: 8 C: 8 S: 0 D: 0 I: 0
lab: 氛 圍 燈 設 置 關 咗 佢 
rec: 氛 圍 燈 設 置 關 咗 佢 

utt: 關閉氛圍燈
WER: 0.00 % N: 5 C: 5 S: 0 D: 0 I: 0
lab: 關 閉 氛 圍 燈 
rec: 關 閉 氛 圍 燈 

utt: 放大高德地圖
WER: 0.00 % N: 6 C: 6 S: 0 D: 0 I: 0
lab: 放 大 高 德 地 圖 
rec: 放 大 高 德 地 圖 

utt: 氛圍燈最暗
WER: 0.00 % N: 5 C: 5 S: 0 D: 0 I: 0
lab: 氛 圍 燈 最 暗 
rec: 氛 圍 燈 最 暗 

utt: 同我把氛圍燈設置為最暗
WER: 0.00 % N: 11 C: 11 S: 0 D: 0 I: 0
lab: 同 我 把 氛 圍 燈 設 置 為 最 暗 
rec: 同 我 把 氛 圍 燈 設 置 為 最 暗 

utt: 我想關咗氛圍燈
WER: 0.00 % N: 7 C: 7 S: 0 D: 0 I: 0
lab: 我 想 關 咗 氛 圍 燈 
rec: 我 想 關 咗 氛 圍 燈 

utt: 我要開啟氛圍燈
WER: 0.00 % N: 7 C: 7 S: 0 D: 0 I: 0
lab: 我 要 開 啟 氛 圍 燈 
rec: 我 要 開 啟 氛 圍 燈 

utt: 設置氛圍燈為最光
WER: 0.00 % N: 8 C: 8 S: 0 D: 0 I: 0
lab: 設 置 氛 圍 燈 為 最 光 
rec: 設 置 氛 圍 燈 為 最 光 

utt: 唔該幫我把氛圍燈亮度調成最光
WER: 0.00 % N: 14 C: 14 S: 0 D: 0 I: 0
lab: 唔 該 幫 我 把 氛 圍 燈 亮 度 調 成 最 光 
rec: 唔 該 幫 我 把 氛 圍 燈 亮 度 調 成 最 光 

utt: 唔該將氛圍燈調亮
WER: 0.00 % N: 8 C: 8 S: 0 D: 0 I: 0
lab: 唔 該 將 氛 圍 燈 調 亮 
rec: 唔 該 將 氛 圍 燈 調 亮 

utt: 頭先高德導航嘅語音再播報一次
WER: 0.00 % N: 14 C: 14 S: 0 D: 0 I: 0
lab: 頭 先 高 德 導 航 嘅 語 音 再 播 報 一 次 
rec: 頭 先 高 德 導 航 嘅 語 音 再 播 報 一 次 

utt: 氛圍燈亮度調到最光
WER: 0.00 % N: 9 C: 9 S: 0 D: 0 I: 0
lab: 氛 圍 燈 亮 度 調 到 最 光 
rec: 氛 圍 燈 亮 度 調 到 最 光 

utt: 氛圍燈幫我調到最光
WER: 0.00 % N: 9 C: 9 S: 0 D: 0 I: 0
lab: 氛 圍 燈 幫 我 調 到 最 光 
rec: 氛 圍 燈 幫 我 調 到 最 光 

utt: 我想關閉氛圍燈
WER: 0.00 % N: 7 C: 7 S: 0 D: 0 I: 0
lab: 我 想 關 閉 氛 圍 燈 
rec: 我 想 關 閉 氛 圍 燈 

utt: 氛圍燈亮一啲
WER: 0.00 % N: 6 C: 6 S: 0 D: 0 I: 0
lab: 氛 圍 燈 亮 一 啲 
rec: 氛 圍 燈 亮 一 啲 

utt: 氛圍燈幫我設置成最亮
WER: 0.00 % N: 10 C: 10 S: 0 D: 0 I: 0
lab: 氛 圍 燈 幫 我 設 置 成 最 亮 
rec: 氛 圍 燈 幫 我 設 置 成 最 亮 

utt: 氛圍燈我想關掉
WER: 0.00 % N: 7 C: 7 S: 0 D: 0 I: 0
lab: 氛 圍 燈 我 想 關 掉 
rec: 氛 圍 燈 我 想 關 掉 

utt: 高德導航頭先嘅語音再播一次
WER: 0.00 % N: 13 C: 13 S: 0 D: 0 I: 0
lab: 高 德 導 航 頭 先 嘅 語 音 再 播 一 次 
rec: 高 德 導 航 頭 先 嘅 語 音 再 播 一 次 

utt: 依家適合開個氛圍燈
WER: 0.00 % N: 9 C: 9 S: 0 D: 0 I: 0
lab: 依 家 適 合 開 個 氛 圍 燈 
rec: 依 家 適 合 開 個 氛 圍 燈 

utt: 想用氛圍燈
WER: 0.00 % N: 5 C: 5 S: 0 D: 0 I: 0
lab: 想 用 氛 圍 燈 
rec: 想 用 氛 圍 燈 

utt: 把氛圍燈關咗
WER: 0.00 % N: 6 C: 6 S: 0 D: 0 I: 0
lab: 把 氛 圍 燈 關 咗 
rec: 把 氛 圍 燈 關 咗 

utt: 氛圍燈調到最光嘅級別
WER: 0.00 % N: 10 C: 10 S: 0 D: 0 I: 0
lab: 氛 圍 燈 調 到 最 光 嘅 級 別 
rec: 氛 圍 燈 調 到 最 光 嘅 級 別 

utt: 唔該幫我把氛圍燈亮度調成最高
WER: 0.00 % N: 14 C: 14 S: 0 D: 0 I: 0
lab: 唔 該 幫 我 把 氛 圍 燈 亮 度 調 成 最 高 
rec: 唔 該 幫 我 把 氛 圍 燈 亮 度 調 成 最 高 

utt: 最暗嘅氛圍燈同我打開
WER: 0.00 % N: 10 C: 10 S: 0 D: 0 I: 0
lab: 最 暗 嘅 氛 圍 燈 同 我 打 開 
rec: 最 暗 嘅 氛 圍 燈 同 我 打 開 

utt: 氛圍燈幫我調最光
WER: 0.00 % N: 8 C: 8 S: 0 D: 0 I: 0
lab: 氛 圍 燈 幫 我 調 最 光 
rec: 氛 圍 燈 幫 我 調 最 光 

utt: 氛圍燈調暗
WER: 0.00 % N: 5 C: 5 S: 0 D: 0 I: 0
lab: 氛 圍 燈 調 暗 
rec: 氛 圍 燈 調 暗 

utt: 唔該將氛圍燈調到最光
WER: 0.00 % N: 10 C: 10 S: 0 D: 0 I: 0
lab: 唔 該 將 氛 圍 燈 調 到 最 光 
rec: 唔 該 將 氛 圍 燈 調 到 最 光 

utt: 打開高德導航開始路徑引導
WER: 0.00 % N: 12 C: 12 S: 0 D: 0 I: 0
lab: 打 開 高 德 導 航 開 始 路 徑 引 導 
rec: 打 開 高 德 導 航 開 始 路 徑 引 導 

utt: 氛圍燈調亮
WER: 0.00 % N: 5 C: 5 S: 0 D: 0 I: 0
lab: 氛 圍 燈 調 亮 
rec: 氛 圍 燈 調 亮 

utt: 我想將設置氛圍燈為最光
WER: 0.00 % N: 11 C: 11 S: 0 D: 0 I: 0
lab: 我 想 將 設 置 氛 圍 燈 為 最 光 
rec: 我 想 將 設 置 氛 圍 燈 為 最 光 

utt: 氛圍燈同我關閉
WER: 0.00 % N: 7 C: 7 S: 0 D: 0 I: 0
lab: 氛 圍 燈 同 我 關 閉 
rec: 氛 圍 燈 同 我 關 閉 

utt: 唔該設置氛圍燈為最暗
WER: 0.00 % N: 10 C: 10 S: 0 D: 0 I: 0
lab: 唔 該 設 置 氛 圍 燈 為 最 暗 
rec: 唔 該 設 置 氛 圍 燈 為 最 暗 

utt: 唔該同我把氛圍燈亮度設置成最光
WER: 0.00 % N: 15 C: 15 S: 0 D: 0 I: 0
lab: 唔 該 同 我 把 氛 圍 燈 亮 度 設 置 成 最 光 
rec: 唔 該 同 我 把 氛 圍 燈 亮 度 設 置 成 最 光 

utt: 設置氛圍燈最暗
WER: 0.00 % N: 7 C: 7 S: 0 D: 0 I: 0
lab: 設 置 氛 圍 燈 最 暗 
rec: 設 置 氛 圍 燈 最 暗 

utt: 關咗氛圍燈我唔需要了
WER: 0.00 % N: 10 C: 10 S: 0 D: 0 I: 0
lab: 關 咗 氛 圍 燈 我 唔 需 要 了 
rec: 關 咗 氛 圍 燈 我 唔 需 要 了 

utt: 幫我關一下氛圍燈
WER: 0.00 % N: 8 C: 8 S: 0 D: 0 I: 0
lab: 幫 我 關 一 下 氛 圍 燈 
rec: 幫 我 關 一 下 氛 圍 燈 

utt: 百度地圖放大一下
WER: 0.00 % N: 8 C: 8 S: 0 D: 0 I: 0
lab: 百 度 地 圖 放 大 一 下 
rec: 百 度 地 圖 放 大 一 下 

utt: 唔該同我把氛圍燈亮度設置成最高
WER: 0.00 % N: 15 C: 15 S: 0 D: 0 I: 0
lab: 唔 該 同 我 把 氛 圍 燈 亮 度 設 置 成 最 高 
rec: 唔 該 同 我 把 氛 圍 燈 亮 度 設 置 成 最 高 

utt: 將燈整光啲
WER: 0.00 % N: 5 C: 5 S: 0 D: 0 I: 0
lab: 將 燈 整 光 啲 
rec: 將 燈 整 光 啲 

utt: 燈幫我調亮啲
WER: 0.00 % N: 6 C: 6 S: 0 D: 0 I: 0
lab: 燈 幫 我 調 亮 啲 
rec: 燈 幫 我 調 亮 啲 

utt: 唔該把氛圍燈關一下
WER: 0.00 % N: 9 C: 9 S: 0 D: 0 I: 0
lab: 唔 該 把 氛 圍 燈 關 一 下 
rec: 唔 該 把 氛 圍 燈 關 一 下 

utt: 氛圍燈無開了
WER: 16.67 % N: 6 C: 5 S: 1 D: 0 I: 0
lab: 氛 圍 燈 無 開 了 
rec: 氛 圍 燈 盧 開 了 

utt: 唔該調光氛圍燈
WER: 0.00 % N: 7 C: 7 S: 0 D: 0 I: 0
lab: 唔 該 調 光 氛 圍 燈 
rec: 唔 該 調 光 氛 圍 燈 

utt: 設置氛圍燈
WER: 0.00 % N: 5 C: 5 S: 0 D: 0 I: 0
lab: 設 置 氛 圍 燈 
rec: 設 置 氛 圍 燈 

utt: 燈幫我調暗啲
WER: 0.00 % N: 6 C: 6 S: 0 D: 0 I: 0
lab: 燈 幫 我 調 暗 啲 
rec: 燈 幫 我 調 暗 啲 

utt: 我想氛圍燈最亮
WER: 14.29 % N: 7 C: 6 S: 1 D: 0 I: 0
lab: 我 想 氛 圍 燈 最 亮 
rec: 我 想 氛 圍 燈 最 靚 

utt: 打開2d模式嘅百度地圖
WER: 0.00 % N: 10 C: 10 S: 0 D: 0 I: 0
lab: 打 開 2D 模 式 嘅 百 度 地 圖 
rec: 打 開 2D 模 式 嘅 百 度 地 圖 

utt: 我想要亮度最光嘅氛圍燈
WER: 0.00 % N: 11 C: 11 S: 0 D: 0 I: 0
lab: 我 想 要 亮 度 最 光 嘅 氛 圍 燈 
rec: 我 想 要 亮 度 最 光 嘅 氛 圍 燈 

utt: 我想氛圍燈最暗
WER: 0.00 % N: 7 C: 7 S: 0 D: 0 I: 0
lab: 我 想 氛 圍 燈 最 暗 
rec: 我 想 氛 圍 燈 最 暗 

utt: 氛圍燈幫我調亮啲
WER: 0.00 % N: 8 C: 8 S: 0 D: 0 I: 0
lab: 氛 圍 燈 幫 我 調 亮 啲 
rec: 氛 圍 燈 幫 我 調 亮 啲 

utt: 我想把氛圍燈關咗
WER: 0.00 % N: 8 C: 8 S: 0 D: 0 I: 0
lab: 我 想 把 氛 圍 燈 關 咗 
rec: 我 想 把 氛 圍 燈 關 咗 

utt: 高德嘅路況顯示關了吧
WER: 0.00 % N: 10 C: 10 S: 0 D: 0 I: 0
lab: 高 德 嘅 路 況 顯 示 關 了 吧 
rec: 高 德 嘅 路 況 顯 示 關 了 吧 

utt: 氛圍燈關咗
WER: 0.00 % N: 5 C: 5 S: 0 D: 0 I: 0
lab: 氛 圍 燈 關 咗 
rec: 氛 圍 燈 關 咗 

utt: 我想設置氛圍燈光啲
WER: 0.00 % N: 9 C: 9 S: 0 D: 0 I: 0
lab: 我 想 設 置 氛 圍 燈 光 啲 
rec: 我 想 設 置 氛 圍 燈 光 啲 

utt: 唔該調亮氛圍燈
WER: 0.00 % N: 7 C: 7 S: 0 D: 0 I: 0
lab: 唔 該 調 亮 氛 圍 燈 
rec: 唔 該 調 亮 氛 圍 燈 

utt: 高德地圖中嘅路況顯示開一下
WER: 0.00 % N: 13 C: 13 S: 0 D: 0 I: 0
lab: 高 德 地 圖 中 嘅 路 況 顯 示 開 一 下 
rec: 高 德 地 圖 中 嘅 路 況 顯 示 開 一 下 

utt: 幫我把氛圍燈調到最光
WER: 0.00 % N: 10 C: 10 S: 0 D: 0 I: 0
lab: 幫 我 把 氛 圍 燈 調 到 最 光 
rec: 幫 我 把 氛 圍 燈 調 到 最 光 

utt: 關閉高德地圖嘅語音導航
WER: 0.00 % N: 11 C: 11 S: 0 D: 0 I: 0
lab: 關 閉 高 德 地 圖 嘅 語 音 導 航 
rec: 關 閉 高 德 地 圖 嘅 語 音 導 航 

utt: 打開最亮嘅氛圍燈
WER: 12.50 % N: 8 C: 7 S: 1 D: 0 I: 0
lab: 打 開 最 亮 嘅 氛 圍 燈 
rec: 打 開 最 近 嘅 氛 圍 燈 

utt: 氛圍燈同我關咗
WER: 0.00 % N: 7 C: 7 S: 0 D: 0 I: 0
lab: 氛 圍 燈 同 我 關 咗 
rec: 氛 圍 燈 同 我 關 咗 

utt: 我想把氛圍燈調到最暗
WER: 0.00 % N: 10 C: 10 S: 0 D: 0 I: 0
lab: 我 想 把 氛 圍 燈 調 到 最 暗 
rec: 我 想 把 氛 圍 燈 調 到 最 暗 

utt: 氛圍燈幫我關一下
WER: 0.00 % N: 8 C: 8 S: 0 D: 0 I: 0
lab: 氛 圍 燈 幫 我 關 一 下 
rec: 氛 圍 燈 幫 我 關 一 下 

utt: 我想把氛圍燈調到最亮
WER: 0.00 % N: 10 C: 10 S: 0 D: 0 I: 0
lab: 我 想 把 氛 圍 燈 調 到 最 亮 
rec: 我 想 把 氛 圍 燈 調 到 最 亮 

utt: 氛圍燈設置到最亮
WER: 0.00 % N: 8 C: 8 S: 0 D: 0 I: 0
lab: 氛 圍 燈 設 置 到 最 亮 
rec: 氛 圍 燈 設 置 到 最 亮 

utt: 幫我把氛圍燈調光啲
WER: 0.00 % N: 9 C: 9 S: 0 D: 0 I: 0
lab: 幫 我 把 氛 圍 燈 調 光 啲 
rec: 幫 我 把 氛 圍 燈 調 光 啲 

utt: 把氛圍燈關上
WER: 0.00 % N: 6 C: 6 S: 0 D: 0 I: 0
lab: 把 氛 圍 燈 關 上 
rec: 把 氛 圍 燈 關 上 

utt: 關閉氛圍燈設置
WER: 0.00 % N: 7 C: 7 S: 0 D: 0 I: 0
lab: 關 閉 氛 圍 燈 設 置 
rec: 關 閉 氛 圍 燈 設 置 

utt: 氛圍燈調光一啲
WER: 0.00 % N: 7 C: 7 S: 0 D: 0 I: 0
lab: 氛 圍 燈 調 光 一 啲 
rec: 氛 圍 燈 調 光 一 啲 

utt: 氛圍燈亮度最低
WER: 0.00 % N: 7 C: 7 S: 0 D: 0 I: 0
lab: 氛 圍 燈 亮 度 最 低 
rec: 氛 圍 燈 亮 度 最 低 

utt: 幫我設置氛圍燈亮一啲
WER: 0.00 % N: 10 C: 10 S: 0 D: 0 I: 0
lab: 幫 我 設 置 氛 圍 燈 亮 一 啲 
rec: 幫 我 設 置 氛 圍 燈 亮 一 啲 

utt: 我要氛圍燈最暗嘅顏色
WER: 0.00 % N: 10 C: 10 S: 0 D: 0 I: 0
lab: 我 要 氛 圍 燈 最 暗 嘅 顏 色 
rec: 我 要 氛 圍 燈 最 暗 嘅 顏 色 

utt: 在高德地圖中調整為車頭向上
WER: 0.00 % N: 13 C: 13 S: 0 D: 0 I: 0
lab: 在 高 德 地 圖 中 調 整 為 車 頭 向 上 
rec: 在 高 德 地 圖 中 調 整 為 車 頭 向 上 

utt: 氛圍燈設置成最亮
WER: 0.00 % N: 8 C: 8 S: 0 D: 0 I: 0
lab: 氛 圍 燈 設 置 成 最 亮 
rec: 氛 圍 燈 設 置 成 最 亮 

utt: 氛圍燈設到最光
WER: 14.29 % N: 7 C: 6 S: 1 D: 0 I: 0
lab: 氛 圍 燈 設 到 最 光 
rec: 氛 圍 燈 切 到 最 光 

utt: 氛圍燈幫我調最亮
WER: 0.00 % N: 8 C: 8 S: 0 D: 0 I: 0
lab: 氛 圍 燈 幫 我 調 最 亮 
rec: 氛 圍 燈 幫 我 調 最 亮 

utt: 開啟氛圍燈
WER: 0.00 % N: 5 C: 5 S: 0 D: 0 I: 0
lab: 開 啟 氛 圍 燈 
rec: 開 啟 氛 圍 燈 

utt: 唔該將氛圍燈亮度調成最低
WER: 0.00 % N: 12 C: 12 S: 0 D: 0 I: 0
lab: 唔 該 將 氛 圍 燈 亮 度 調 成 最 低 
rec: 唔 該 將 氛 圍 燈 亮 度 調 成 最 低 

utt: 縮小百度地圖
WER: 0.00 % N: 6 C: 6 S: 0 D: 0 I: 0
lab: 縮 小 百 度 地 圖 
rec: 縮 小 百 度 地 圖 

utt: 我想設置氛圍燈亮一啲
WER: 0.00 % N: 10 C: 10 S: 0 D: 0 I: 0
lab: 我 想 設 置 氛 圍 燈 亮 一 啲 
rec: 我 想 設 置 氛 圍 燈 亮 一 啲 

utt: 幫我將氛圍燈設置暗一啲
WER: 0.00 % N: 11 C: 11 S: 0 D: 0 I: 0
lab: 幫 我 將 氛 圍 燈 設 置 暗 一 啲 
rec: 幫 我 將 氛 圍 燈 設 置 暗 一 啲 

utt: 可唔可以將氛圍燈關咗
WER: 0.00 % N: 10 C: 10 S: 0 D: 0 I: 0
lab: 可 唔 可 以 將 氛 圍 燈 關 咗 
rec: 可 唔 可 以 將 氛 圍 燈 關 咗 

utt: 關上氛圍燈
WER: 0.00 % N: 5 C: 5 S: 0 D: 0 I: 0
lab: 關 上 氛 圍 燈 
rec: 關 上 氛 圍 燈 

utt: 氛圍燈調到最光
WER: 0.00 % N: 7 C: 7 S: 0 D: 0 I: 0
lab: 氛 圍 燈 調 到 最 光 
rec: 氛 圍 燈 調 到 最 光 

utt: 氛圍燈調到最亮
WER: 0.00 % N: 7 C: 7 S: 0 D: 0 I: 0
lab: 氛 圍 燈 調 到 最 亮 
rec: 氛 圍 燈 調 到 最 亮 

utt: 氛圍燈關掉
WER: 0.00 % N: 5 C: 5 S: 0 D: 0 I: 0
lab: 氛 圍 燈 關 掉 
rec: 氛 圍 燈 關 掉 

utt: 我要設置氛圍燈光啲
WER: 0.00 % N: 9 C: 9 S: 0 D: 0 I: 0
lab: 我 要 設 置 氛 圍 燈 光 啲 
rec: 我 要 設 置 氛 圍 燈 光 啲 

utt: 我要氛圍燈最低嘅亮度
WER: 0.00 % N: 10 C: 10 S: 0 D: 0 I: 0
lab: 我 要 氛 圍 燈 最 低 嘅 亮 度 
rec: 我 要 氛 圍 燈 最 低 嘅 亮 度 

utt: 設置最暗嘅氛圍燈俾我
WER: 0.00 % N: 10 C: 10 S: 0 D: 0 I: 0
lab: 設 置 最 暗 嘅 氛 圍 燈 俾 我 
rec: 設 置 最 暗 嘅 氛 圍 燈 俾 我 

utt: 燈調亮一啲
WER: 0.00 % N: 5 C: 5 S: 0 D: 0 I: 0
lab: 燈 調 亮 一 啲 
rec: 燈 調 亮 一 啲 

utt: 我想設置氛圍燈
WER: 0.00 % N: 7 C: 7 S: 0 D: 0 I: 0
lab: 我 想 設 置 氛 圍 燈 
rec: 我 想 設 置 氛 圍 燈 

utt: 氛圍燈設置成最光
WER: 0.00 % N: 8 C: 8 S: 0 D: 0 I: 0
lab: 氛 圍 燈 設 置 成 最 光 
rec: 氛 圍 燈 設 置 成 最 光 

utt: 設置氛圍燈嘅亮度最暗
WER: 0.00 % N: 10 C: 10 S: 0 D: 0 I: 0
lab: 設 置 氛 圍 燈 嘅 亮 度 最 暗 
rec: 設 置 氛 圍 燈 嘅 亮 度 最 暗 

utt: 唔該把氛圍燈設置為最暗
WER: 18.18 % N: 11 C: 9 S: 2 D: 0 I: 0
lab: 唔 該 把 氛 圍 燈 設 置 為 最 暗 
rec: 唔 該 把 氛 圍 燈 設 置 為 靜 音 

utt: 氛圍燈亮度光一啲
WER: 0.00 % N: 8 C: 8 S: 0 D: 0 I: 0
lab: 氛 圍 燈 亮 度 光 一 啲 
rec: 氛 圍 燈 亮 度 光 一 啲 

utt: 幫我調光啲氛圍燈
WER: 0.00 % N: 8 C: 8 S: 0 D: 0 I: 0
lab: 幫 我 調 光 啲 氛 圍 燈 
rec: 幫 我 調 光 啲 氛 圍 燈 

utt: 氛圍燈亮度最低設置一下
WER: 0.00 % N: 11 C: 11 S: 0 D: 0 I: 0
lab: 氛 圍 燈 亮 度 最 低 設 置 一 下 
rec: 氛 圍 燈 亮 度 最 低 設 置 一 下 

utt: 設置氛圍燈嘅亮度到最高
WER: 0.00 % N: 11 C: 11 S: 0 D: 0 I: 0
lab: 設 置 氛 圍 燈 嘅 亮 度 到 最 高 
rec: 設 置 氛 圍 燈 嘅 亮 度 到 最 高 

utt: 唔該將氛圍燈調暗
WER: 0.00 % N: 8 C: 8 S: 0 D: 0 I: 0
lab: 唔 該 將 氛 圍 燈 調 暗 
rec: 唔 該 將 氛 圍 燈 調 暗 

utt: 幫我將氛圍燈調亮
WER: 0.00 % N: 8 C: 8 S: 0 D: 0 I: 0
lab: 幫 我 將 氛 圍 燈 調 亮 
rec: 幫 我 將 氛 圍 燈 調 亮 

utt: 我想把氛圍燈調到最光
WER: 0.00 % N: 10 C: 10 S: 0 D: 0 I: 0
lab: 我 想 把 氛 圍 燈 調 到 最 光 
rec: 我 想 把 氛 圍 燈 調 到 最 光 

utt: 唔該將氛圍燈調到最亮
WER: 0.00 % N: 10 C: 10 S: 0 D: 0 I: 0
lab: 唔 該 將 氛 圍 燈 調 到 最 亮 
rec: 唔 該 將 氛 圍 燈 調 到 最 亮 

utt: 百度地圖顯示成3d模式
WER: 0.00 % N: 10 C: 10 S: 0 D: 0 I: 0
lab: 百 度 地 圖 顯 示 成 3D 模 式 
rec: 百 度 地 圖 顯 示 成 3D 模 式 

utt: 熄咗氛圍燈
WER: 0.00 % N: 5 C: 5 S: 0 D: 0 I: 0
lab: 熄 咗 氛 圍 燈 
rec: 熄 咗 氛 圍 燈 

utt: 幫我將氛圍燈調暗
WER: 0.00 % N: 8 C: 8 S: 0 D: 0 I: 0
lab: 幫 我 將 氛 圍 燈 調 暗 
rec: 幫 我 將 氛 圍 燈 調 暗 

utt: 唔該把氛圍燈亮度設置成最低
WER: 0.00 % N: 13 C: 13 S: 0 D: 0 I: 0
lab: 唔 該 把 氛 圍 燈 亮 度 設 置 成 最 低 
rec: 唔 該 把 氛 圍 燈 亮 度 設 置 成 最 低 

utt: 氛圍燈關一下
WER: 0.00 % N: 6 C: 6 S: 0 D: 0 I: 0
lab: 氛 圍 燈 關 一 下 
rec: 氛 圍 燈 關 一 下 

utt: 進入到氛圍燈
WER: 0.00 % N: 6 C: 6 S: 0 D: 0 I: 0
lab: 進 入 到 氛 圍 燈 
rec: 進 入 到 氛 圍 燈 

utt: 我想調亮氛圍燈
WER: 0.00 % N: 7 C: 7 S: 0 D: 0 I: 0
lab: 我 想 調 亮 氛 圍 燈 
rec: 我 想 調 亮 氛 圍 燈 

utt: 打開氛圍燈
WER: 0.00 % N: 5 C: 5 S: 0 D: 0 I: 0
lab: 打 開 氛 圍 燈 
rec: 打 開 氛 圍 燈 

utt: 打開百度地圖開始路徑引導
WER: 0.00 % N: 12 C: 12 S: 0 D: 0 I: 0
lab: 打 開 百 度 地 圖 開 始 路 徑 引 導 
rec: 打 開 百 度 地 圖 開 始 路 徑 引 導 

utt: 我想把氛圍燈調光啲
WER: 0.00 % N: 9 C: 9 S: 0 D: 0 I: 0
lab: 我 想 把 氛 圍 燈 調 光 啲 
rec: 我 想 把 氛 圍 燈 調 光 啲 

utt: 幫我把氛圍燈調到最暗
WER: 0.00 % N: 10 C: 10 S: 0 D: 0 I: 0
lab: 幫 我 把 氛 圍 燈 調 到 最 暗 
rec: 幫 我 把 氛 圍 燈 調 到 最 暗 

utt: 幫我把氛圍燈調到最亮
WER: 0.00 % N: 10 C: 10 S: 0 D: 0 I: 0
lab: 幫 我 把 氛 圍 燈 調 到 最 亮 
rec: 幫 我 把 氛 圍 燈 調 到 最 亮 

utt: 我想開個氛圍燈
WER: 14.29 % N: 7 C: 6 S: 1 D: 0 I: 0
lab: 我 想 開 個 氛 圍 燈 
rec: 我 想 開 到 氛 圍 燈 

utt: 把氛圍燈亮度調到最光
WER: 0.00 % N: 10 C: 10 S: 0 D: 0 I: 0
lab: 把 氛 圍 燈 亮 度 調 到 最 光 
rec: 把 氛 圍 燈 亮 度 調 到 最 光 

utt: 唔該開啟氛圍燈
WER: 0.00 % N: 7 C: 7 S: 0 D: 0 I: 0
lab: 唔 該 開 啟 氛 圍 燈 
rec: 唔 該 開 啟 氛 圍 燈 

utt: 高德導航幫我重新算一下路
WER: 0.00 % N: 12 C: 12 S: 0 D: 0 I: 0
lab: 高 德 導 航 幫 我 重 新 算 一 下 路 
rec: 高 德 導 航 幫 我 重 新 算 一 下 路 

utt: 最暗嘅氛圍燈光
WER: 0.00 % N: 7 C: 7 S: 0 D: 0 I: 0
lab: 最 暗 嘅 氛 圍 燈 光 
rec: 最 暗 嘅 氛 圍 燈 光 

utt: 開一下氛圍燈
WER: 0.00 % N: 6 C: 6 S: 0 D: 0 I: 0
lab: 開 一 下 氛 圍 燈 
rec: 開 一 下 氛 圍 燈 

utt: 打開百度地圖嘅語音導航
WER: 0.00 % N: 11 C: 11 S: 0 D: 0 I: 0
lab: 打 開 百 度 地 圖 嘅 語 音 導 航 
rec: 打 開 百 度 地 圖 嘅 語 音 導 航 

utt: 我想把氛圍燈設置為最亮
WER: 9.09 % N: 11 C: 10 S: 1 D: 0 I: 0
lab: 我 想 把 氛 圍 燈 設 置 為 最 亮 
rec: 我 想 把 氛 圍 燈 設 置 為 最 靚 

utt: 氛圍燈幫我打開下
WER: 0.00 % N: 8 C: 8 S: 0 D: 0 I: 0
lab: 氛 圍 燈 幫 我 打 開 下 
rec: 氛 圍 燈 幫 我 打 開 下 

utt: 我想氛圍燈最光
WER: 0.00 % N: 7 C: 7 S: 0 D: 0 I: 0
lab: 我 想 氛 圍 燈 最 光 
rec: 我 想 氛 圍 燈 最 光 

utt: 我想設置氛圍燈暗一啲
WER: 0.00 % N: 10 C: 10 S: 0 D: 0 I: 0
lab: 我 想 設 置 氛 圍 燈 暗 一 啲 
rec: 我 想 設 置 氛 圍 燈 暗 一 啲 

utt: 請把氛圍燈調光
WER: 0.00 % N: 7 C: 7 S: 0 D: 0 I: 0
lab: 請 把 氛 圍 燈 調 光 
rec: 請 把 氛 圍 燈 調 光 

utt: 把高德嘅語音導航打開
WER: 0.00 % N: 10 C: 10 S: 0 D: 0 I: 0
lab: 把 高 德 嘅 語 音 導 航 打 開 
rec: 把 高 德 嘅 語 音 導 航 打 開 

utt: 我想將呢個氛圍燈調暗啲
WER: 0.00 % N: 11 C: 11 S: 0 D: 0 I: 0
lab: 我 想 將 呢 個 氛 圍 燈 調 暗 啲 
rec: 我 想 將 呢 個 氛 圍 燈 調 暗 啲 

utt: 唔該把氛圍燈調到最暗
WER: 0.00 % N: 10 C: 10 S: 0 D: 0 I: 0
lab: 唔 該 把 氛 圍 燈 調 到 最 暗 
rec: 唔 該 把 氛 圍 燈 調 到 最 暗 

utt: 我想開啟氛圍燈
WER: 0.00 % N: 7 C: 7 S: 0 D: 0 I: 0
lab: 我 想 開 啟 氛 圍 燈 
rec: 我 想 開 啟 氛 圍 燈 

utt: 氛圍燈亮度最光
WER: 0.00 % N: 7 C: 7 S: 0 D: 0 I: 0
lab: 氛 圍 燈 亮 度 最 光 
rec: 氛 圍 燈 亮 度 最 光 

utt: 打開氛圍燈最大檔
WER: 0.00 % N: 8 C: 8 S: 0 D: 0 I: 0
lab: 打 開 氛 圍 燈 最 大 檔 
rec: 打 開 氛 圍 燈 最 大 檔 

utt: 幫我將氛圍燈設置亮一啲
WER: 0.00 % N: 11 C: 11 S: 0 D: 0 I: 0
lab: 幫 我 將 氛 圍 燈 設 置 亮 一 啲 
rec: 幫 我 將 氛 圍 燈 設 置 亮 一 啲 

utt: 打開最光嘅氛圍燈
WER: 0.00 % N: 8 C: 8 S: 0 D: 0 I: 0
lab: 打 開 最 光 嘅 氛 圍 燈 
rec: 打 開 最 光 嘅 氛 圍 燈 

utt: 我想調光啲氛圍燈
WER: 0.00 % N: 8 C: 8 S: 0 D: 0 I: 0
lab: 我 想 調 光 啲 氛 圍 燈 
rec: 我 想 調 光 啲 氛 圍 燈 

utt: 幫我關上氛圍燈
WER: 0.00 % N: 7 C: 7 S: 0 D: 0 I: 0
lab: 幫 我 關 上 氛 圍 燈 
rec: 幫 我 關 上 氛 圍 燈 

utt: 設置氛圍燈關掉
WER: 0.00 % N: 7 C: 7 S: 0 D: 0 I: 0
lab: 設 置 氛 圍 燈 關 掉 
rec: 設 置 氛 圍 燈 關 掉 

utt: 幫我把氛圍燈設置光啲
WER: 0.00 % N: 10 C: 10 S: 0 D: 0 I: 0
lab: 幫 我 把 氛 圍 燈 設 置 光 啲 
rec: 幫 我 把 氛 圍 燈 設 置 光 啲 

utt: 我想將設置氛圍燈為最亮
WER: 0.00 % N: 11 C: 11 S: 0 D: 0 I: 0
lab: 我 想 將 設 置 氛 圍 燈 為 最 亮 
rec: 我 想 將 設 置 氛 圍 燈 為 最 亮 

utt: 打開最暗嘅氛圍燈
WER: 0.00 % N: 8 C: 8 S: 0 D: 0 I: 0
lab: 打 開 最 暗 嘅 氛 圍 燈 
rec: 打 開 最 暗 嘅 氛 圍 燈 

utt: 幫我調亮氛圍燈
WER: 0.00 % N: 7 C: 7 S: 0 D: 0 I: 0
lab: 幫 我 調 亮 氛 圍 燈 
rec: 幫 我 調 亮 氛 圍 燈 

utt: 我要最暗嘅氛圍燈
WER: 0.00 % N: 8 C: 8 S: 0 D: 0 I: 0
lab: 我 要 最 暗 嘅 氛 圍 燈 
rec: 我 要 最 暗 嘅 氛 圍 燈 

utt: 氛圍燈開最暗
WER: 0.00 % N: 6 C: 6 S: 0 D: 0 I: 0
lab: 氛 圍 燈 開 最 暗 
rec: 氛 圍 燈 開 最 暗 

utt: 我想將氛圍燈調暗
WER: 0.00 % N: 8 C: 8 S: 0 D: 0 I: 0
lab: 我 想 將 氛 圍 燈 調 暗 
rec: 我 想 將 氛 圍 燈 調 暗 

utt: 氛圍燈幫我調最暗
WER: 0.00 % N: 8 C: 8 S: 0 D: 0 I: 0
lab: 氛 圍 燈 幫 我 調 最 暗 
rec: 氛 圍 燈 幫 我 調 最 暗 

utt: 氛圍燈調光
WER: 0.00 % N: 5 C: 5 S: 0 D: 0 I: 0
lab: 氛 圍 燈 調 光 
rec: 氛 圍 燈 調 光 

utt: 氛圍燈可唔可以關閉
WER: 0.00 % N: 9 C: 9 S: 0 D: 0 I: 0
lab: 氛 圍 燈 可 唔 可 以 關 閉 
rec: 氛 圍 燈 可 唔 可 以 關 閉 

utt: 氛圍燈調到最亮嘅級別
WER: 0.00 % N: 10 C: 10 S: 0 D: 0 I: 0
lab: 氛 圍 燈 調 到 最 亮 嘅 級 別 
rec: 氛 圍 燈 調 到 最 亮 嘅 級 別 

utt: 氛圍燈俾打開下
WER: 0.00 % N: 7 C: 7 S: 0 D: 0 I: 0
lab: 氛 圍 燈 俾 打 開 下 
rec: 氛 圍 燈 俾 打 開 下 

utt: 我想要亮度最低嘅氛圍燈
WER: 0.00 % N: 11 C: 11 S: 0 D: 0 I: 0
lab: 我 想 要 亮 度 最 低 嘅 氛 圍 燈 
rec: 我 想 要 亮 度 最 低 嘅 氛 圍 燈 

utt: 我想將氛圍燈調亮
WER: 0.00 % N: 8 C: 8 S: 0 D: 0 I: 0
lab: 我 想 將 氛 圍 燈 調 亮 
rec: 我 想 將 氛 圍 燈 調 亮 

utt: 進入百度地圖嘅全覽地圖模式
WER: 7.69 % N: 13 C: 12 S: 1 D: 0 I: 0
lab: 進 入 百 度 地 圖 嘅 全 覽 地 圖 模 式 
rec: 進 入 百 度 地 圖 嘅 全 諗 地 圖 模 式 

utt: 氛圍燈幫我設置成最光
WER: 0.00 % N: 10 C: 10 S: 0 D: 0 I: 0
lab: 氛 圍 燈 幫 我 設 置 成 最 光 
rec: 氛 圍 燈 幫 我 設 置 成 最 光 

utt: 氛圍燈調光啲
WER: 0.00 % N: 6 C: 6 S: 0 D: 0 I: 0
lab: 氛 圍 燈 調 光 啲 
rec: 氛 圍 燈 調 光 啲 

utt: 調亮氛圍燈
WER: 0.00 % N: 5 C: 5 S: 0 D: 0 I: 0
lab: 調 亮 氛 圍 燈 
rec: 調 亮 氛 圍 燈 

utt: 設置氛圍燈光啲
WER: 0.00 % N: 7 C: 7 S: 0 D: 0 I: 0
lab: 設 置 氛 圍 燈 光 啲 
rec: 設 置 氛 圍 燈 光 啲 

utt: 將氛圍燈幫我開下
WER: 0.00 % N: 8 C: 8 S: 0 D: 0 I: 0
lab: 將 氛 圍 燈 幫 我 開 下 
rec: 將 氛 圍 燈 幫 我 開 下 

utt: 設置氛圍燈亮一啲
WER: 0.00 % N: 8 C: 8 S: 0 D: 0 I: 0
lab: 設 置 氛 圍 燈 亮 一 啲 
rec: 設 置 氛 圍 燈 亮 一 啲 

utt: 將高德地圖設置成2d模式
WER: 0.00 % N: 11 C: 11 S: 0 D: 0 I: 0
lab: 將 高 德 地 圖 設 置 成 2D 模 式 
rec: 將 高 德 地 圖 設 置 成 2D 模 式 

utt: 呢個燈同我整暗啲
WER: 0.00 % N: 8 C: 8 S: 0 D: 0 I: 0
lab: 呢 個 燈 同 我 整 暗 啲 
rec: 呢 個 燈 同 我 整 暗 啲 

utt: 設置氛圍燈為最亮
WER: 0.00 % N: 8 C: 8 S: 0 D: 0 I: 0
lab: 設 置 氛 圍 燈 為 最 亮 
rec: 設 置 氛 圍 燈 為 最 亮 

utt: 氛圍燈設置關掉吧
WER: 0.00 % N: 8 C: 8 S: 0 D: 0 I: 0
lab: 氛 圍 燈 設 置 關 掉 吧 
rec: 氛 圍 燈 設 置 關 掉 吧 

utt: 把百度嘅語音導航關閉
WER: 0.00 % N: 10 C: 10 S: 0 D: 0 I: 0
lab: 把 百 度 嘅 語 音 導 航 關 閉 
rec: 把 百 度 嘅 語 音 導 航 關 閉 

utt: 把氛圍燈調光
WER: 0.00 % N: 6 C: 6 S: 0 D: 0 I: 0
lab: 把 氛 圍 燈 調 光 
rec: 把 氛 圍 燈 調 光 

utt: 打開高德地圖車頭向上
WER: 0.00 % N: 10 C: 10 S: 0 D: 0 I: 0
lab: 打 開 高 德 地 圖 車 頭 向 上 
rec: 打 開 高 德 地 圖 車 頭 向 上 

utt: 氛圍燈唔該關一下
WER: 0.00 % N: 8 C: 8 S: 0 D: 0 I: 0
lab: 氛 圍 燈 唔 該 關 一 下 
rec: 氛 圍 燈 唔 該 關 一 下 

utt: 設置最亮嘅氛圍燈
WER: 0.00 % N: 8 C: 8 S: 0 D: 0 I: 0
lab: 設 置 最 亮 嘅 氛 圍 燈 
rec: 設 置 最 亮 嘅 氛 圍 燈 

utt: 同我把氛圍燈設置為最光
WER: 0.00 % N: 11 C: 11 S: 0 D: 0 I: 0
lab: 同 我 把 氛 圍 燈 設 置 為 最 光 
rec: 同 我 把 氛 圍 燈 設 置 為 最 光 

utt: 我想將氛圍燈設置為最光
WER: 0.00 % N: 11 C: 11 S: 0 D: 0 I: 0
lab: 我 想 將 氛 圍 燈 設 置 為 最 光 
rec: 我 想 將 氛 圍 燈 設 置 為 最 光 

utt: 開下氛圍燈吧
WER: 0.00 % N: 6 C: 6 S: 0 D: 0 I: 0
lab: 開 下 氛 圍 燈 吧 
rec: 開 下 氛 圍 燈 吧 

utt: 氛圍燈調到最暗嘅光
WER: 0.00 % N: 9 C: 9 S: 0 D: 0 I: 0
lab: 氛 圍 燈 調 到 最 暗 嘅 光 
rec: 氛 圍 燈 調 到 最 暗 嘅 光 

utt: 氛圍燈最光
WER: 0.00 % N: 5 C: 5 S: 0 D: 0 I: 0
lab: 氛 圍 燈 最 光 
rec: 氛 圍 燈 最 光 

utt: 氛圍燈幫我關咗佢
WER: 0.00 % N: 8 C: 8 S: 0 D: 0 I: 0
lab: 氛 圍 燈 幫 我 關 咗 佢 
rec: 氛 圍 燈 幫 我 關 咗 佢 

utt: 氛圍燈關咗吧
WER: 0.00 % N: 6 C: 6 S: 0 D: 0 I: 0
lab: 氛 圍 燈 關 咗 吧 
rec: 氛 圍 燈 關 咗 吧 

utt: 將氛圍燈關咗
WER: 0.00 % N: 6 C: 6 S: 0 D: 0 I: 0
lab: 將 氛 圍 燈 關 咗 
rec: 將 氛 圍 燈 關 咗 

utt: 氛圍燈亮度最高
WER: 0.00 % N: 7 C: 7 S: 0 D: 0 I: 0
lab: 氛 圍 燈 亮 度 最 高 
rec: 氛 圍 燈 亮 度 最 高 

utt: 我要將氛圍燈亮度調到最光
WER: 0.00 % N: 12 C: 12 S: 0 D: 0 I: 0
lab: 我 要 將 氛 圍 燈 亮 度 調 到 最 光 
rec: 我 要 將 氛 圍 燈 亮 度 調 到 最 光 

utt: 關一下氛圍燈
WER: 0.00 % N: 6 C: 6 S: 0 D: 0 I: 0
lab: 關 一 下 氛 圍 燈 
rec: 關 一 下 氛 圍 燈 

utt: 打開百度地圖嘅路況顯示
WER: 0.00 % N: 11 C: 11 S: 0 D: 0 I: 0
lab: 打 開 百 度 地 圖 嘅 路 況 顯 示 
rec: 打 開 百 度 地 圖 嘅 路 況 顯 示 

utt: 設置氛圍燈暗一啲
WER: 0.00 % N: 8 C: 8 S: 0 D: 0 I: 0
lab: 設 置 氛 圍 燈 暗 一 啲 
rec: 設 置 氛 圍 燈 暗 一 啲 

utt: 設置下氛圍燈吧
WER: 0.00 % N: 7 C: 7 S: 0 D: 0 I: 0
lab: 設 置 下 氛 圍 燈 吧 
rec: 設 置 下 氛 圍 燈 吧 

utt: 燈太亮啦
WER: 0.00 % N: 4 C: 4 S: 0 D: 0 I: 0
lab: 燈 太 亮 啦 
rec: 燈 太 亮 啦 

utt: 幫我開氛圍燈
WER: 0.00 % N: 6 C: 6 S: 0 D: 0 I: 0
lab: 幫 我 開 氛 圍 燈 
rec: 幫 我 開 氛 圍 燈 

utt: 氛圍燈開到最光
WER: 0.00 % N: 7 C: 7 S: 0 D: 0 I: 0
lab: 氛 圍 燈 開 到 最 光 
rec: 氛 圍 燈 開 到 最 光 

utt: 我想調暗氛圍燈
WER: 0.00 % N: 7 C: 7 S: 0 D: 0 I: 0
lab: 我 想 調 暗 氛 圍 燈 
rec: 我 想 調 暗 氛 圍 燈 

utt: 幫我開啟氛圍燈
WER: 0.00 % N: 7 C: 7 S: 0 D: 0 I: 0
lab: 幫 我 開 啟 氛 圍 燈 
rec: 幫 我 開 啟 氛 圍 燈 

utt: 氛圍燈幫我打開
WER: 0.00 % N: 7 C: 7 S: 0 D: 0 I: 0
lab: 氛 圍 燈 幫 我 打 開 
rec: 氛 圍 燈 幫 我 打 開 

utt: 唔該調暗氛圍燈
WER: 0.00 % N: 7 C: 7 S: 0 D: 0 I: 0
lab: 唔 該 調 暗 氛 圍 燈 
rec: 唔 該 調 暗 氛 圍 燈 

utt: 冇開氛圍燈了
WER: 0.00 % N: 6 C: 6 S: 0 D: 0 I: 0
lab: 冇 開 氛 圍 燈 了 
rec: 冇 開 氛 圍 燈 了 

utt: 氛圍燈設置到最光
WER: 0.00 % N: 8 C: 8 S: 0 D: 0 I: 0
lab: 氛 圍 燈 設 置 到 最 光 
rec: 氛 圍 燈 設 置 到 最 光 

utt: 氛圍燈調光吧
WER: 0.00 % N: 6 C: 6 S: 0 D: 0 I: 0
lab: 氛 圍 燈 調 光 吧 
rec: 氛 圍 燈 調 光 吧 

utt: 關咗氛圍燈
WER: 0.00 % N: 5 C: 5 S: 0 D: 0 I: 0
lab: 關 咗 氛 圍 燈 
rec: 關 咗 氛 圍 燈 

utt: 唔該關閉氛圍燈
WER: 0.00 % N: 7 C: 7 S: 0 D: 0 I: 0
lab: 唔 該 關 閉 氛 圍 燈 
rec: 唔 該 關 閉 氛 圍 燈 

utt: 開開氛圍燈
WER: 0.00 % N: 5 C: 5 S: 0 D: 0 I: 0
lab: 開 開 氛 圍 燈 
rec: 開 開 氛 圍 燈 

utt: 氛圍燈幫我調到最暗
WER: 0.00 % N: 9 C: 9 S: 0 D: 0 I: 0
lab: 氛 圍 燈 幫 我 調 到 最 暗 
rec: 氛 圍 燈 幫 我 調 到 最 暗 

utt: 進入氛圍燈設置
WER: 0.00 % N: 7 C: 7 S: 0 D: 0 I: 0
lab: 進 入 氛 圍 燈 設 置 
rec: 進 入 氛 圍 燈 設 置 

utt: 氛圍燈幫我調到最亮
WER: 0.00 % N: 9 C: 9 S: 0 D: 0 I: 0
lab: 氛 圍 燈 幫 我 調 到 最 亮 
rec: 氛 圍 燈 幫 我 調 到 最 亮 

utt: 唔該同我把氛圍燈變成最暗
WER: 0.00 % N: 12 C: 12 S: 0 D: 0 I: 0
lab: 唔 該 同 我 把 氛 圍 燈 變 成 最 暗 
rec: 唔 該 同 我 把 氛 圍 燈 變 成 最 暗 

utt: 氛圍燈打開吧
WER: 0.00 % N: 6 C: 6 S: 0 D: 0 I: 0
lab: 氛 圍 燈 打 開 吧 
rec: 氛 圍 燈 打 開 吧 

utt: 我想把氛圍燈設置為最暗
WER: 0.00 % N: 11 C: 11 S: 0 D: 0 I: 0
lab: 我 想 把 氛 圍 燈 設 置 為 最 暗 
rec: 我 想 把 氛 圍 燈 設 置 為 最 暗 

utt: 唔該將氛圍燈設置為最暗
WER: 0.00 % N: 11 C: 11 S: 0 D: 0 I: 0
lab: 唔 該 將 氛 圍 燈 設 置 為 最 暗 
rec: 唔 該 將 氛 圍 燈 設 置 為 最 暗 

utt: 設置最光嘅氛圍燈
WER: 0.00 % N: 8 C: 8 S: 0 D: 0 I: 0
lab: 設 置 最 光 嘅 氛 圍 燈 
rec: 設 置 最 光 嘅 氛 圍 燈 

utt: 將氛圍燈關閉
WER: 0.00 % N: 6 C: 6 S: 0 D: 0 I: 0
lab: 將 氛 圍 燈 關 閉 
rec: 將 氛 圍 燈 關 閉 

utt: 可唔可以熄左氛圍燈
WER: 11.11 % N: 9 C: 8 S: 1 D: 0 I: 0
lab: 可 唔 可 以 熄 左 氛 圍 燈 
rec: 可 唔 可 以 熄 咗 氛 圍 燈 

utt: 把高德導航嘅路徑引導取消
WER: 0.00 % N: 12 C: 12 S: 0 D: 0 I: 0
lab: 把 高 德 導 航 嘅 路 徑 引 導 取 消 
rec: 把 高 德 導 航 嘅 路 徑 引 導 取 消 

utt: 把氛圍燈設置到最亮
WER: 0.00 % N: 9 C: 9 S: 0 D: 0 I: 0
lab: 把 氛 圍 燈 設 置 到 最 亮 
rec: 把 氛 圍 燈 設 置 到 最 亮 

utt: 我唔需要氛圍燈了
WER: 0.00 % N: 8 C: 8 S: 0 D: 0 I: 0
lab: 我 唔 需 要 氛 圍 燈 了 
rec: 我 唔 需 要 氛 圍 燈 了 

utt: 氛圍燈亮度設置光啲
WER: 0.00 % N: 9 C: 9 S: 0 D: 0 I: 0
lab: 氛 圍 燈 亮 度 設 置 光 啲 
rec: 氛 圍 燈 亮 度 設 置 光 啲 

utt: 唔該將氛圍燈設置為最亮
WER: 9.09 % N: 11 C: 10 S: 1 D: 0 I: 0
lab: 唔 該 將 氛 圍 燈 設 置 為 最 亮 
rec: 唔 該 將 氛 圍 燈 設 置 為 最 靚 

utt: 設置氛圍燈嘅亮度到最光
WER: 0.00 % N: 11 C: 11 S: 0 D: 0 I: 0
lab: 設 置 氛 圍 燈 嘅 亮 度 到 最 光 
rec: 設 置 氛 圍 燈 嘅 亮 度 到 最 光 
===========================================================================

Overall -> 0.94 % N: 2023 C: 2005 S: 18 D: 0 I: 1
Mandarin -> 0.89 % N: 2019 C: 2002 S: 17 D: 0 I: 1
Other -> 25.00 % N: 4 C: 3 S: 1 D: 0 I: 0

===========================================================================
