
utt: 把氛圍燈改成紅色
WER: 0.00 % N: 8 C: 8 S: 0 D: 0 I: 0
lab: 把 氛 圍 燈 改 成 紅 色 
rec: 把 氛 圍 燈 改 成 紅 色 

utt: 進入橙色風格
WER: 0.00 % N: 6 C: 6 S: 0 D: 0 I: 0
lab: 進 入 橙 色 風 格 
rec: 進 入 橙 色 風 格 

utt: 調到橙色氛圍燈
WER: 0.00 % N: 7 C: 7 S: 0 D: 0 I: 0
lab: 調 到 橙 色 氛 圍 燈 
rec: 調 到 橙 色 氛 圍 燈 

utt: 切換個性化風格
WER: 0.00 % N: 7 C: 7 S: 0 D: 0 I: 0
lab: 切 換 個 性 化 風 格 
rec: 切 換 個 性 化 風 格 

utt: 切換自定義風格氛圍燈
WER: 0.00 % N: 10 C: 10 S: 0 D: 0 I: 0
lab: 切 換 自 定 義 風 格 氛 圍 燈 
rec: 切 換 自 定 義 風 格 氛 圍 燈 

utt: 打開氛圍燈到海濱風格
WER: 0.00 % N: 10 C: 10 S: 0 D: 0 I: 0
lab: 打 開 氛 圍 燈 到 海 濱 風 格 
rec: 打 開 氛 圍 燈 到 海 濱 風 格 

utt: 把氛圍燈設置為輪廓風格
WER: 0.00 % N: 11 C: 11 S: 0 D: 0 I: 0
lab: 把 氛 圍 燈 設 置 為 輪 廓 風 格 
rec: 把 氛 圍 燈 設 置 為 輪 廓 風 格 

utt: 氛圍燈切換到粉紅色
WER: 0.00 % N: 9 C: 9 S: 0 D: 0 I: 0
lab: 氛 圍 燈 切 換 到 粉 紅 色 
rec: 氛 圍 燈 切 換 到 粉 紅 色 

utt: 將氛圍燈改成奧迪駕駛模式選擇
WER: 0.00 % N: 14 C: 14 S: 0 D: 0 I: 0
lab: 將 氛 圍 燈 改 成 奧 迪 駕 駛 模 式 選 擇 
rec: 將 氛 圍 燈 改 成 奧 迪 駕 駛 模 式 選 擇 

utt: 把氛圍燈變成海濱風格
WER: 0.00 % N: 10 C: 10 S: 0 D: 0 I: 0
lab: 把 氛 圍 燈 變 成 海 濱 風 格 
rec: 把 氛 圍 燈 變 成 海 濱 風 格 

utt: 設置粉色風格氛圍燈
WER: 0.00 % N: 9 C: 9 S: 0 D: 0 I: 0
lab: 設 置 粉 色 風 格 氛 圍 燈 
rec: 設 置 粉 色 風 格 氛 圍 燈 

utt: 將氛圍燈設置為白色
WER: 0.00 % N: 9 C: 9 S: 0 D: 0 I: 0
lab: 將 氛 圍 燈 設 置 為 白 色 
rec: 將 氛 圍 燈 設 置 為 白 色 

utt: 進入海濱風格氛圍燈
WER: 0.00 % N: 9 C: 9 S: 0 D: 0 I: 0
lab: 進 入 海 濱 風 格 氛 圍 燈 
rec: 進 入 海 濱 風 格 氛 圍 燈 

utt: 打開白色氛圍燈
WER: 0.00 % N: 7 C: 7 S: 0 D: 0 I: 0
lab: 打 開 白 色 氛 圍 燈 
rec: 打 開 白 色 氛 圍 燈 

utt: 設置氛圍燈為幻想風格
WER: 0.00 % N: 10 C: 10 S: 0 D: 0 I: 0
lab: 設 置 氛 圍 燈 為 幻 想 風 格 
rec: 設 置 氛 圍 燈 為 幻 想 風 格 

utt: 氛圍燈變為海藍色風格
WER: 10.00 % N: 10 C: 9 S: 1 D: 0 I: 0
lab: 氛 圍 燈 變 為 海 藍 色 風 格 
rec: 氛 圍 燈 邊 為 海 藍 色 風 格 

utt: 氛圍燈改成奧迪駕駛模式選擇
WER: 0.00 % N: 13 C: 13 S: 0 D: 0 I: 0
lab: 氛 圍 燈 改 成 奧 迪 駕 駛 模 式 選 擇 
rec: 氛 圍 燈 改 成 奧 迪 駕 駛 模 式 選 擇 

utt: 氛圍燈改成藍色風格
WER: 0.00 % N: 9 C: 9 S: 0 D: 0 I: 0
lab: 氛 圍 燈 改 成 藍 色 風 格 
rec: 氛 圍 燈 改 成 藍 色 風 格 

utt: 開啟輪廓風格氛圍燈
WER: 0.00 % N: 9 C: 9 S: 0 D: 0 I: 0
lab: 開 啟 輪 廓 風 格 氛 圍 燈 
rec: 開 啟 輪 廓 風 格 氛 圍 燈 

utt: 氛圍燈變成自定義風格
WER: 10.00 % N: 10 C: 9 S: 1 D: 0 I: 0
lab: 氛 圍 燈 變 成 自 定 義 風 格 
rec: 氛 圍 燈 邊 成 自 定 義 風 格 

utt: 將氛圍燈改為橙色
WER: 0.00 % N: 8 C: 8 S: 0 D: 0 I: 0
lab: 將 氛 圍 燈 改 為 橙 色 
rec: 將 氛 圍 燈 改 為 橙 色 

utt: 氛圍燈改為海濱風格
WER: 0.00 % N: 9 C: 9 S: 0 D: 0 I: 0
lab: 氛 圍 燈 改 為 海 濱 風 格 
rec: 氛 圍 燈 改 為 海 濱 風 格 

utt: 氛圍燈改成個性化風格
WER: 0.00 % N: 10 C: 10 S: 0 D: 0 I: 0
lab: 氛 圍 燈 改 成 個 性 化 風 格 
rec: 氛 圍 燈 改 成 個 性 化 風 格 

utt: 氛圍燈改為日光風格
WER: 0.00 % N: 9 C: 9 S: 0 D: 0 I: 0
lab: 氛 圍 燈 改 為 日 光 風 格 
rec: 氛 圍 燈 改 為 日 光 風 格 

utt: 切換輪廓氛圍燈
WER: 0.00 % N: 7 C: 7 S: 0 D: 0 I: 0
lab: 切 換 輪 廓 氛 圍 燈 
rec: 切 換 輪 廓 氛 圍 燈 

utt: 改成激情風格氛圍燈
WER: 0.00 % N: 9 C: 9 S: 0 D: 0 I: 0
lab: 改 成 激 情 風 格 氛 圍 燈 
rec: 改 成 激 情 風 格 氛 圍 燈 

utt: 氛圍燈設置為黃色風格
WER: 0.00 % N: 10 C: 10 S: 0 D: 0 I: 0
lab: 氛 圍 燈 設 置 為 黃 色 風 格 
rec: 氛 圍 燈 設 置 為 黃 色 風 格 

utt: 將氛圍燈變成奧迪駕駛模式選擇風格
WER: 12.50 % N: 16 C: 14 S: 2 D: 0 I: 0
lab: 將 氛 圍 燈 變 成 奧 迪 駕 駛 模 式 選 擇 風 格 
rec: 將 氛 圍 燈 變 成 歐 的 駕 駛 模 式 選 擇 風 格 

utt: 氛圍燈變為白色
WER: 14.29 % N: 7 C: 6 S: 1 D: 0 I: 0
lab: 氛 圍 燈 變 為 白 色 
rec: 氛 圍 燈 邊 為 白 色 

utt: 氛圍燈設置為幻想風格
WER: 0.00 % N: 10 C: 10 S: 0 D: 0 I: 0
lab: 氛 圍 燈 設 置 為 幻 想 風 格 
rec: 氛 圍 燈 設 置 為 幻 想 風 格 

utt: 切換加勒比風格氛圍燈
WER: 0.00 % N: 10 C: 10 S: 0 D: 0 I: 0
lab: 切 換 加 勒 比 風 格 氛 圍 燈 
rec: 切 換 加 勒 比 風 格 氛 圍 燈 

utt: 變成奧迪駕駛模式選擇風格
WER: 16.67 % N: 12 C: 10 S: 2 D: 0 I: 0
lab: 變 成 奧 迪 駕 駛 模 式 選 擇 風 格 
rec: 變 成 歐 的 駕 駛 模 式 選 擇 風 格 

utt: 調氛圍燈到個性化風格
WER: 0.00 % N: 10 C: 10 S: 0 D: 0 I: 0
lab: 調 氛 圍 燈 到 個 性 化 風 格 
rec: 調 氛 圍 燈 到 個 性 化 風 格 

utt: 進入加勒比風格氛圍燈
WER: 0.00 % N: 10 C: 10 S: 0 D: 0 I: 0
lab: 進 入 加 勒 比 風 格 氛 圍 燈 
rec: 進 入 加 勒 比 風 格 氛 圍 燈 

utt: 調氛圍燈為海濱
WER: 14.29 % N: 7 C: 6 S: 1 D: 0 I: 0
lab: 調 氛 圍 燈 為 海 濱 
rec: 調 氛 圍 燈 衞 海 濱 

utt: 開啟氛圍燈到幻想風格
WER: 0.00 % N: 10 C: 10 S: 0 D: 0 I: 0
lab: 開 啟 氛 圍 燈 到 幻 想 風 格 
rec: 開 啟 氛 圍 燈 到 幻 想 風 格 

utt: 調到激情風格氛圍燈
WER: 0.00 % N: 9 C: 9 S: 0 D: 0 I: 0
lab: 調 到 激 情 風 格 氛 圍 燈 
rec: 調 到 激 情 風 格 氛 圍 燈 

utt: 把氛圍燈調到幻想
WER: 0.00 % N: 8 C: 8 S: 0 D: 0 I: 0
lab: 把 氛 圍 燈 調 到 幻 想 
rec: 把 氛 圍 燈 調 到 幻 想 

utt: 開啟自定義風格
WER: 0.00 % N: 7 C: 7 S: 0 D: 0 I: 0
lab: 開 啟 自 定 義 風 格 
rec: 開 啟 自 定 義 風 格 

utt: 將氛圍燈切換到激情風格
WER: 0.00 % N: 11 C: 11 S: 0 D: 0 I: 0
lab: 將 氛 圍 燈 切 換 到 激 情 風 格 
rec: 將 氛 圍 燈 切 換 到 激 情 風 格 

utt: 顯示氛圍燈到海濱風格
WER: 0.00 % N: 10 C: 10 S: 0 D: 0 I: 0
lab: 顯 示 氛 圍 燈 到 海 濱 風 格 
rec: 顯 示 氛 圍 燈 到 海 濱 風 格 

utt: 氛圍燈調到幻想
WER: 0.00 % N: 7 C: 7 S: 0 D: 0 I: 0
lab: 氛 圍 燈 調 到 幻 想 
rec: 氛 圍 燈 調 到 幻 想 

utt: 氛圍燈切換到輪廓風格
WER: 0.00 % N: 10 C: 10 S: 0 D: 0 I: 0
lab: 氛 圍 燈 切 換 到 輪 廓 風 格 
rec: 氛 圍 燈 切 換 到 輪 廓 風 格 

utt: 氛圍燈變為輪廓風格
WER: 22.22 % N: 9 C: 7 S: 2 D: 0 I: 0
lab: 氛 圍 燈 變 為 輪 廓 風 格 
rec: 氛 圍 燈 邊 位 輪 廓 風 格 

utt: 將氛圍燈改成奧迪駕駛模式選擇風格
WER: 0.00 % N: 16 C: 16 S: 0 D: 0 I: 0
lab: 將 氛 圍 燈 改 成 奧 迪 駕 駛 模 式 選 擇 風 格 
rec: 將 氛 圍 燈 改 成 奧 迪 駕 駛 模 式 選 擇 風 格 

utt: 將氛圍燈變為黃色
WER: 0.00 % N: 8 C: 8 S: 0 D: 0 I: 0
lab: 將 氛 圍 燈 變 為 黃 色 
rec: 將 氛 圍 燈 變 為 黃 色 

utt: 設置氛圍燈到日光
WER: 0.00 % N: 8 C: 8 S: 0 D: 0 I: 0
lab: 設 置 氛 圍 燈 到 日 光 
rec: 設 置 氛 圍 燈 到 日 光 

utt: 氛圍燈設置為日光
WER: 0.00 % N: 8 C: 8 S: 0 D: 0 I: 0
lab: 氛 圍 燈 設 置 為 日 光 
rec: 氛 圍 燈 設 置 為 日 光 

utt: 氛圍燈變為加勒比風格
WER: 10.00 % N: 10 C: 9 S: 1 D: 0 I: 0
lab: 氛 圍 燈 變 為 加 勒 比 風 格 
rec: 氛 圍 燈 邊 為 加 勒 比 風 格 

utt: 把氛圍燈改為激情風格
WER: 0.00 % N: 10 C: 10 S: 0 D: 0 I: 0
lab: 把 氛 圍 燈 改 為 激 情 風 格 
rec: 把 氛 圍 燈 改 為 激 情 風 格 

utt: 把氛圍燈變為粉色風格
WER: 0.00 % N: 10 C: 10 S: 0 D: 0 I: 0
lab: 把 氛 圍 燈 變 為 粉 色 風 格 
rec: 把 氛 圍 燈 變 為 粉 色 風 格 

utt: 氛圍燈設置為紅色風格
WER: 0.00 % N: 10 C: 10 S: 0 D: 0 I: 0
lab: 氛 圍 燈 設 置 為 紅 色 風 格 
rec: 氛 圍 燈 設 置 為 紅 色 風 格 

utt: 切換氛圍燈到綠色
WER: 0.00 % N: 8 C: 8 S: 0 D: 0 I: 0
lab: 切 換 氛 圍 燈 到 綠 色 
rec: 切 換 氛 圍 燈 到 綠 色 

utt: 把氛圍燈改為海濱風格
WER: 10.00 % N: 10 C: 9 S: 1 D: 0 I: 0
lab: 把 氛 圍 燈 改 為 海 濱 風 格 
rec: 把 氛 圍 燈 隊 為 海 濱 風 格 

utt: 切換氛圍燈為加勒比風格
WER: 0.00 % N: 11 C: 11 S: 0 D: 0 I: 0
lab: 切 換 氛 圍 燈 為 加 勒 比 風 格 
rec: 切 換 氛 圍 燈 為 加 勒 比 風 格 

utt: 調氛圍燈到綠色
WER: 0.00 % N: 7 C: 7 S: 0 D: 0 I: 0
lab: 調 氛 圍 燈 到 綠 色 
rec: 調 氛 圍 燈 到 綠 色 

utt: 打開日光風格氛圍燈
WER: 0.00 % N: 9 C: 9 S: 0 D: 0 I: 0
lab: 打 開 日 光 風 格 氛 圍 燈 
rec: 打 開 日 光 風 格 氛 圍 燈 

utt: 進入綠色氛圍燈
WER: 0.00 % N: 7 C: 7 S: 0 D: 0 I: 0
lab: 進 入 綠 色 氛 圍 燈 
rec: 進 入 綠 色 氛 圍 燈 

utt: 氛圍燈變為個性化風格
WER: 10.00 % N: 10 C: 9 S: 1 D: 0 I: 0
lab: 氛 圍 燈 變 為 個 性 化 風 格 
rec: 氛 圍 燈 邊 為 個 性 化 風 格 

utt: 顯示氛圍燈到粉色
WER: 12.50 % N: 8 C: 7 S: 1 D: 0 I: 0
lab: 顯 示 氛 圍 燈 到 粉 色 
rec: 顯 示 氛 圍 燈 道 粉 色 

utt: 改成輪廓氛圍燈
WER: 0.00 % N: 7 C: 7 S: 0 D: 0 I: 0
lab: 改 成 輪 廓 氛 圍 燈 
rec: 改 成 輪 廓 氛 圍 燈 

utt: 打開氛圍燈為黃色風格
WER: 0.00 % N: 10 C: 10 S: 0 D: 0 I: 0
lab: 打 開 氛 圍 燈 為 黃 色 風 格 
rec: 打 開 氛 圍 燈 為 黃 色 風 格 

utt: 設置橙色風格
WER: 0.00 % N: 6 C: 6 S: 0 D: 0 I: 0
lab: 設 置 橙 色 風 格 
rec: 設 置 橙 色 風 格 

utt: 打開氛圍燈到粉色
WER: 12.50 % N: 8 C: 7 S: 1 D: 0 I: 0
lab: 打 開 氛 圍 燈 到 粉 色 
rec: 打 開 氛 圍 燈 道 粉 色 

utt: 氛圍燈變成粉紅色風格
WER: 0.00 % N: 10 C: 10 S: 0 D: 0 I: 0
lab: 氛 圍 燈 變 成 粉 紅 色 風 格 
rec: 氛 圍 燈 變 成 粉 紅 色 風 格 

utt: 氛圍燈變成藍色
WER: 0.00 % N: 7 C: 7 S: 0 D: 0 I: 0
lab: 氛 圍 燈 變 成 藍 色 
rec: 氛 圍 燈 變 成 藍 色 

utt: 氛圍燈變成黃色
WER: 0.00 % N: 7 C: 7 S: 0 D: 0 I: 0
lab: 氛 圍 燈 變 成 黃 色 
rec: 氛 圍 燈 變 成 黃 色 

utt: 設置氛圍燈到陽光風格
WER: 0.00 % N: 10 C: 10 S: 0 D: 0 I: 0
lab: 設 置 氛 圍 燈 到 陽 光 風 格 
rec: 設 置 氛 圍 燈 到 陽 光 風 格 

utt: 把氛圍燈變為海濱
WER: 12.50 % N: 8 C: 7 S: 1 D: 0 I: 0
lab: 把 氛 圍 燈 變 為 海 濱 
rec: 把 氛 圍 燈 邊 為 海 濱 

utt: 把氛圍燈變成激情風格
WER: 0.00 % N: 10 C: 10 S: 0 D: 0 I: 0
lab: 把 氛 圍 燈 變 成 激 情 風 格 
rec: 把 氛 圍 燈 變 成 激 情 風 格 

utt: 設置氛圍燈為激情風格
WER: 0.00 % N: 10 C: 10 S: 0 D: 0 I: 0
lab: 設 置 氛 圍 燈 為 激 情 風 格 
rec: 設 置 氛 圍 燈 為 激 情 風 格 

utt: 氛圍燈改成個性化
WER: 0.00 % N: 8 C: 8 S: 0 D: 0 I: 0
lab: 氛 圍 燈 改 成 個 性 化 
rec: 氛 圍 燈 改 成 個 性 化 

utt: 設置加勒比
WER: 0.00 % N: 5 C: 5 S: 0 D: 0 I: 0
lab: 設 置 加 勒 比 
rec: 設 置 加 勒 比 

utt: 將氛圍燈調到海藍色
WER: 0.00 % N: 9 C: 9 S: 0 D: 0 I: 0
lab: 將 氛 圍 燈 調 到 海 藍 色 
rec: 將 氛 圍 燈 調 到 海 藍 色 

utt: 開啟氛圍燈為激情風格
WER: 0.00 % N: 10 C: 10 S: 0 D: 0 I: 0
lab: 開 啟 氛 圍 燈 為 激 情 風 格 
rec: 開 啟 氛 圍 燈 為 激 情 風 格 

utt: 將氛圍燈調到日光風格
WER: 0.00 % N: 10 C: 10 S: 0 D: 0 I: 0
lab: 將 氛 圍 燈 調 到 日 光 風 格 
rec: 將 氛 圍 燈 調 到 日 光 風 格 

utt: 進入氛圍燈嘅白色風格
WER: 0.00 % N: 10 C: 10 S: 0 D: 0 I: 0
lab: 進 入 氛 圍 燈 嘅 白 色 風 格 
rec: 進 入 氛 圍 燈 嘅 白 色 風 格 

utt: 調到幻想
WER: 0.00 % N: 4 C: 4 S: 0 D: 0 I: 0
lab: 調 到 幻 想 
rec: 調 到 幻 想 

utt: 切換氛圍燈到幻想風格
WER: 0.00 % N: 10 C: 10 S: 0 D: 0 I: 0
lab: 切 換 氛 圍 燈 到 幻 想 風 格 
rec: 切 換 氛 圍 燈 到 幻 想 風 格 

utt: 開啟氛圍燈為個性化
WER: 0.00 % N: 9 C: 9 S: 0 D: 0 I: 0
lab: 開 啟 氛 圍 燈 為 個 性 化 
rec: 開 啟 氛 圍 燈 為 個 性 化 

utt: 切換氛圍燈嘅海濱風格
WER: 0.00 % N: 10 C: 10 S: 0 D: 0 I: 0
lab: 切 換 氛 圍 燈 嘅 海 濱 風 格 
rec: 切 換 氛 圍 燈 嘅 海 濱 風 格 

utt: 將氛圍燈改為海濱風格
WER: 0.00 % N: 10 C: 10 S: 0 D: 0 I: 0
lab: 將 氛 圍 燈 改 為 海 濱 風 格 
rec: 將 氛 圍 燈 改 為 海 濱 風 格 

utt: 切換氛圍燈到輪廓風格
WER: 0.00 % N: 10 C: 10 S: 0 D: 0 I: 0
lab: 切 換 氛 圍 燈 到 輪 廓 風 格 
rec: 切 換 氛 圍 燈 到 輪 廓 風 格 

utt: 顯示陽光氛圍燈
WER: 0.00 % N: 7 C: 7 S: 0 D: 0 I: 0
lab: 顯 示 陽 光 氛 圍 燈 
rec: 顯 示 陽 光 氛 圍 燈 

utt: 把氛圍燈調到紅色
WER: 0.00 % N: 8 C: 8 S: 0 D: 0 I: 0
lab: 把 氛 圍 燈 調 到 紅 色 
rec: 把 氛 圍 燈 調 到 紅 色 

utt: 改成白色風格
WER: 0.00 % N: 6 C: 6 S: 0 D: 0 I: 0
lab: 改 成 白 色 風 格 
rec: 改 成 白 色 風 格 

utt: 把氛圍燈設置為橙色風格
WER: 0.00 % N: 11 C: 11 S: 0 D: 0 I: 0
lab: 把 氛 圍 燈 設 置 為 橙 色 風 格 
rec: 把 氛 圍 燈 設 置 為 橙 色 風 格 

utt: 開啟綠色氛圍燈
WER: 0.00 % N: 7 C: 7 S: 0 D: 0 I: 0
lab: 開 啟 綠 色 氛 圍 燈 
rec: 開 啟 綠 色 氛 圍 燈 

utt: 將氛圍燈變成幻想
WER: 0.00 % N: 8 C: 8 S: 0 D: 0 I: 0
lab: 將 氛 圍 燈 變 成 幻 想 
rec: 將 氛 圍 燈 變 成 幻 想 

utt: 將氛圍燈改成幻想風格
WER: 0.00 % N: 10 C: 10 S: 0 D: 0 I: 0
lab: 將 氛 圍 燈 改 成 幻 想 風 格 
rec: 將 氛 圍 燈 改 成 幻 想 風 格 

utt: 打開氛圍燈為個性化風格
WER: 0.00 % N: 11 C: 11 S: 0 D: 0 I: 0
lab: 打 開 氛 圍 燈 為 個 性 化 風 格 
rec: 打 開 氛 圍 燈 為 個 性 化 風 格 

utt: 顯示藍色風格
WER: 0.00 % N: 6 C: 6 S: 0 D: 0 I: 0
lab: 顯 示 藍 色 風 格 
rec: 顯 示 藍 色 風 格 

utt: 氛圍燈切換到日光風格
WER: 0.00 % N: 10 C: 10 S: 0 D: 0 I: 0
lab: 氛 圍 燈 切 換 到 日 光 風 格 
rec: 氛 圍 燈 切 換 到 日 光 風 格 

utt: 氛圍燈改為紅色
WER: 0.00 % N: 7 C: 7 S: 0 D: 0 I: 0
lab: 氛 圍 燈 改 為 紅 色 
rec: 氛 圍 燈 改 為 紅 色 

utt: 把氛圍燈切換到幻想風格
WER: 0.00 % N: 11 C: 11 S: 0 D: 0 I: 0
lab: 把 氛 圍 燈 切 換 到 幻 想 風 格 
rec: 把 氛 圍 燈 切 換 到 幻 想 風 格 

utt: 顯示氛圍燈嘅加勒比風格
WER: 0.00 % N: 11 C: 11 S: 0 D: 0 I: 0
lab: 顯 示 氛 圍 燈 嘅 加 勒 比 風 格 
rec: 顯 示 氛 圍 燈 嘅 加 勒 比 風 格 

utt: 氛圍燈設置為粉紅色
WER: 0.00 % N: 9 C: 9 S: 0 D: 0 I: 0
lab: 氛 圍 燈 設 置 為 粉 紅 色 
rec: 氛 圍 燈 設 置 為 粉 紅 色 

utt: 氛圍燈改成加勒比風格
WER: 0.00 % N: 10 C: 10 S: 0 D: 0 I: 0
lab: 氛 圍 燈 改 成 加 勒 比 風 格 
rec: 氛 圍 燈 改 成 加 勒 比 風 格 

utt: 氛圍燈切換到奧迪駕駛模式選擇風格
WER: 0.00 % N: 16 C: 16 S: 0 D: 0 I: 0
lab: 氛 圍 燈 切 換 到 奧 迪 駕 駛 模 式 選 擇 風 格 
rec: 氛 圍 燈 切 換 到 奧 迪 駕 駛 模 式 選 擇 風 格 

utt: 變成個性化風格
WER: 28.57 % N: 7 C: 5 S: 2 D: 0 I: 0
lab: 變 成 個 性 化 風 格 
rec: 邊 城 個 性 化 風 格 

utt: 開啟輪廓風格
WER: 0.00 % N: 6 C: 6 S: 0 D: 0 I: 0
lab: 開 啟 輪 廓 風 格 
rec: 開 啟 輪 廓 風 格 

utt: 調到氛圍燈嘅輪廓風格
WER: 0.00 % N: 10 C: 10 S: 0 D: 0 I: 0
lab: 調 到 氛 圍 燈 嘅 輪 廓 風 格 
rec: 調 到 氛 圍 燈 嘅 輪 廓 風 格 

utt: 把氛圍燈改成奧迪駕駛模式選擇風格
WER: 0.00 % N: 16 C: 16 S: 0 D: 0 I: 0
lab: 把 氛 圍 燈 改 成 奧 迪 駕 駛 模 式 選 擇 風 格 
rec: 把 氛 圍 燈 改 成 奧 迪 駕 駛 模 式 選 擇 風 格 

utt: 將氛圍燈設置為輪廓風格
WER: 0.00 % N: 11 C: 11 S: 0 D: 0 I: 0
lab: 將 氛 圍 燈 設 置 為 輪 廓 風 格 
rec: 將 氛 圍 燈 設 置 為 輪 廓 風 格 

utt: 把氛圍燈調到藍色風格
WER: 0.00 % N: 10 C: 10 S: 0 D: 0 I: 0
lab: 把 氛 圍 燈 調 到 藍 色 風 格 
rec: 把 氛 圍 燈 調 到 藍 色 風 格 

utt: 調到白色氛圍燈
WER: 0.00 % N: 7 C: 7 S: 0 D: 0 I: 0
lab: 調 到 白 色 氛 圍 燈 
rec: 調 到 白 色 氛 圍 燈 

utt: 氛圍燈設置為加勒比
WER: 0.00 % N: 9 C: 9 S: 0 D: 0 I: 0
lab: 氛 圍 燈 設 置 為 加 勒 比 
rec: 氛 圍 燈 設 置 為 加 勒 比 

utt: 氛圍燈調到加勒比風格
WER: 0.00 % N: 10 C: 10 S: 0 D: 0 I: 0
lab: 氛 圍 燈 調 到 加 勒 比 風 格 
rec: 氛 圍 燈 調 到 加 勒 比 風 格 

utt: 開啟氛圍燈到橙色風格
WER: 0.00 % N: 10 C: 10 S: 0 D: 0 I: 0
lab: 開 啟 氛 圍 燈 到 橙 色 風 格 
rec: 開 啟 氛 圍 燈 到 橙 色 風 格 

utt: 氛圍燈變成激情
WER: 0.00 % N: 7 C: 7 S: 0 D: 0 I: 0
lab: 氛 圍 燈 變 成 激 情 
rec: 氛 圍 燈 變 成 激 情 

utt: 切換日光
WER: 0.00 % N: 4 C: 4 S: 0 D: 0 I: 0
lab: 切 換 日 光 
rec: 切 換 日 光 

utt: 顯示氛圍燈到個性化風格
WER: 0.00 % N: 11 C: 11 S: 0 D: 0 I: 0
lab: 顯 示 氛 圍 燈 到 個 性 化 風 格 
rec: 顯 示 氛 圍 燈 到 個 性 化 風 格 

utt: 進入日光風格
WER: 0.00 % N: 6 C: 6 S: 0 D: 0 I: 0
lab: 進 入 日 光 風 格 
rec: 進 入 日 光 風 格 

utt: 開啟粉紅色風格氛圍燈
WER: 0.00 % N: 10 C: 10 S: 0 D: 0 I: 0
lab: 開 啟 粉 紅 色 風 格 氛 圍 燈 
rec: 開 啟 粉 紅 色 風 格 氛 圍 燈 

utt: 氛圍燈改成加勒比
WER: 0.00 % N: 8 C: 8 S: 0 D: 0 I: 0
lab: 氛 圍 燈 改 成 加 勒 比 
rec: 氛 圍 燈 改 成 加 勒 比 

utt: 變成紅色風格氛圍燈
WER: 11.11 % N: 9 C: 8 S: 1 D: 0 I: 0
lab: 變 成 紅 色 風 格 氛 圍 燈 
rec: 邊 成 紅 色 風 格 氛 圍 燈 

utt: 把氛圍燈變為奧迪駕駛模式選擇風格
WER: 6.25 % N: 16 C: 15 S: 1 D: 0 I: 0
lab: 把 氛 圍 燈 變 為 奧 迪 駕 駛 模 式 選 擇 風 格 
rec: 把 氛 圍 燈 邊 為 奧 迪 駕 駛 模 式 選 擇 風 格 

utt: 氛圍燈調到輪廓風格
WER: 0.00 % N: 9 C: 9 S: 0 D: 0 I: 0
lab: 氛 圍 燈 調 到 輪 廓 風 格 
rec: 氛 圍 燈 調 到 輪 廓 風 格 

utt: 變成日光氛圍燈
WER: 28.57 % N: 7 C: 5 S: 2 D: 0 I: 0
lab: 變 成 日 光 氛 圍 燈 
rec: 邊 城 日 光 氛 圍 燈 

utt: 將氛圍燈調到自定義風格
WER: 0.00 % N: 11 C: 11 S: 0 D: 0 I: 0
lab: 將 氛 圍 燈 調 到 自 定 義 風 格 
rec: 將 氛 圍 燈 調 到 自 定 義 風 格 

utt: 氛圍燈調到加勒比
WER: 0.00 % N: 8 C: 8 S: 0 D: 0 I: 0
lab: 氛 圍 燈 調 到 加 勒 比 
rec: 氛 圍 燈 調 到 加 勒 比 

utt: 調氛圍燈為輪廓風格
WER: 11.11 % N: 9 C: 8 S: 1 D: 0 I: 0
lab: 調 氛 圍 燈 為 輪 廓 風 格 
rec: 調 氛 圍 燈 衞 輪 廓 風 格 

utt: 切換氛圍燈為個性化風格
WER: 0.00 % N: 11 C: 11 S: 0 D: 0 I: 0
lab: 切 換 氛 圍 燈 為 個 性 化 風 格 
rec: 切 換 氛 圍 燈 為 個 性 化 風 格 

utt: 顯示個性化風格氛圍燈
WER: 0.00 % N: 10 C: 10 S: 0 D: 0 I: 0
lab: 顯 示 個 性 化 風 格 氛 圍 燈 
rec: 顯 示 個 性 化 風 格 氛 圍 燈 

utt: 把氛圍燈變成粉紅色風格
WER: 0.00 % N: 11 C: 11 S: 0 D: 0 I: 0
lab: 把 氛 圍 燈 變 成 粉 紅 色 風 格 
rec: 把 氛 圍 燈 變 成 粉 紅 色 風 格 

utt: 氛圍燈調到綠色風格
WER: 0.00 % N: 9 C: 9 S: 0 D: 0 I: 0
lab: 氛 圍 燈 調 到 綠 色 風 格 
rec: 氛 圍 燈 調 到 綠 色 風 格 

utt: 氛圍燈改為粉色
WER: 0.00 % N: 7 C: 7 S: 0 D: 0 I: 0
lab: 氛 圍 燈 改 為 粉 色 
rec: 氛 圍 燈 改 為 粉 色 

utt: 氛圍燈切換到幻想風格
WER: 0.00 % N: 10 C: 10 S: 0 D: 0 I: 0
lab: 氛 圍 燈 切 換 到 幻 想 風 格 
rec: 氛 圍 燈 切 換 到 幻 想 風 格 

utt: 打開氛圍燈嘅藍色風格
WER: 0.00 % N: 10 C: 10 S: 0 D: 0 I: 0
lab: 打 開 氛 圍 燈 嘅 藍 色 風 格 
rec: 打 開 氛 圍 燈 嘅 藍 色 風 格 

utt: 設置氛圍燈到奧迪駕駛模式選擇風格
WER: 0.00 % N: 16 C: 16 S: 0 D: 0 I: 0
lab: 設 置 氛 圍 燈 到 奧 迪 駕 駛 模 式 選 擇 風 格 
rec: 設 置 氛 圍 燈 到 奧 迪 駕 駛 模 式 選 擇 風 格 

utt: 將氛圍燈改為陽光
WER: 0.00 % N: 8 C: 8 S: 0 D: 0 I: 0
lab: 將 氛 圍 燈 改 為 陽 光 
rec: 將 氛 圍 燈 改 為 陽 光 

utt: 設置粉紅色氛圍燈
WER: 0.00 % N: 8 C: 8 S: 0 D: 0 I: 0
lab: 設 置 粉 紅 色 氛 圍 燈 
rec: 設 置 粉 紅 色 氛 圍 燈 

utt: 將氛圍燈切換到陽光
WER: 0.00 % N: 9 C: 9 S: 0 D: 0 I: 0
lab: 將 氛 圍 燈 切 換 到 陽 光 
rec: 將 氛 圍 燈 切 換 到 陽 光 

utt: 調到黃色風格
WER: 0.00 % N: 6 C: 6 S: 0 D: 0 I: 0
lab: 調 到 黃 色 風 格 
rec: 調 到 黃 色 風 格 

utt: 把氛圍燈切換到輪廓
WER: 0.00 % N: 9 C: 9 S: 0 D: 0 I: 0
lab: 把 氛 圍 燈 切 換 到 輪 廓 
rec: 把 氛 圍 燈 切 換 到 輪 廓 

utt: 開啟氛圍燈到藍色
WER: 0.00 % N: 8 C: 8 S: 0 D: 0 I: 0
lab: 開 啟 氛 圍 燈 到 藍 色 
rec: 開 啟 氛 圍 燈 到 藍 色 

utt: 將氛圍燈切換到海藍色
WER: 0.00 % N: 10 C: 10 S: 0 D: 0 I: 0
lab: 將 氛 圍 燈 切 換 到 海 藍 色 
rec: 將 氛 圍 燈 切 換 到 海 藍 色 

utt: 把氛圍燈改為個性化
WER: 0.00 % N: 9 C: 9 S: 0 D: 0 I: 0
lab: 把 氛 圍 燈 改 為 個 性 化 
rec: 把 氛 圍 燈 改 為 個 性 化 

utt: 打開自定義風格氛圍燈
WER: 0.00 % N: 10 C: 10 S: 0 D: 0 I: 0
lab: 打 開 自 定 義 風 格 氛 圍 燈 
rec: 打 開 自 定 義 風 格 氛 圍 燈 

utt: 氛圍燈改為奧迪駕駛模式選擇
WER: 15.38 % N: 13 C: 11 S: 2 D: 0 I: 0
lab: 氛 圍 燈 改 為 奧 迪 駕 駛 模 式 選 擇 
rec: 氛 圍 燈 改 為 歐 的 駕 駛 模 式 選 擇 

utt: 打開氛圍燈為日光
WER: 0.00 % N: 8 C: 8 S: 0 D: 0 I: 0
lab: 打 開 氛 圍 燈 為 日 光 
rec: 打 開 氛 圍 燈 為 日 光 

utt: 切換氛圍燈為激情
WER: 0.00 % N: 8 C: 8 S: 0 D: 0 I: 0
lab: 切 換 氛 圍 燈 為 激 情 
rec: 切 換 氛 圍 燈 為 激 情 

utt: 氛圍燈調到海濱風格
WER: 0.00 % N: 9 C: 9 S: 0 D: 0 I: 0
lab: 氛 圍 燈 調 到 海 濱 風 格 
rec: 氛 圍 燈 調 到 海 濱 風 格 

utt: 氛圍燈切換到綠色風格
WER: 0.00 % N: 10 C: 10 S: 0 D: 0 I: 0
lab: 氛 圍 燈 切 換 到 綠 色 風 格 
rec: 氛 圍 燈 切 換 到 綠 色 風 格 

utt: 將氛圍燈變成粉色
WER: 0.00 % N: 8 C: 8 S: 0 D: 0 I: 0
lab: 將 氛 圍 燈 變 成 粉 色 
rec: 將 氛 圍 燈 變 成 粉 色 

utt: 開啟氛圍燈為激情
WER: 0.00 % N: 8 C: 8 S: 0 D: 0 I: 0
lab: 開 啟 氛 圍 燈 為 激 情 
rec: 開 啟 氛 圍 燈 為 激 情 

utt: 調氛圍燈到海藍色
WER: 0.00 % N: 8 C: 8 S: 0 D: 0 I: 0
lab: 調 氛 圍 燈 到 海 藍 色 
rec: 調 氛 圍 燈 到 海 藍 色 

utt: 把氛圍燈設置為陽光
WER: 0.00 % N: 9 C: 9 S: 0 D: 0 I: 0
lab: 把 氛 圍 燈 設 置 為 陽 光 
rec: 把 氛 圍 燈 設 置 為 陽 光 

utt: 開啟氛圍燈嘅加勒比風格
WER: 0.00 % N: 11 C: 11 S: 0 D: 0 I: 0
lab: 開 啟 氛 圍 燈 嘅 加 勒 比 風 格 
rec: 開 啟 氛 圍 燈 嘅 加 勒 比 風 格 

utt: 顯示氛圍燈為海藍色
WER: 11.11 % N: 9 C: 8 S: 1 D: 0 I: 0
lab: 顯 示 氛 圍 燈 為 海 藍 色 
rec: 顯 示 氛 圍 燈 衞 海 藍 色 

utt: 改成激情氛圍燈
WER: 0.00 % N: 7 C: 7 S: 0 D: 0 I: 0
lab: 改 成 激 情 氛 圍 燈 
rec: 改 成 激 情 氛 圍 燈 

utt: 將氛圍燈變為激情風格
WER: 0.00 % N: 10 C: 10 S: 0 D: 0 I: 0
lab: 將 氛 圍 燈 變 為 激 情 風 格 
rec: 將 氛 圍 燈 變 為 激 情 風 格 

utt: 顯示氛圍燈為幻想
WER: 0.00 % N: 8 C: 8 S: 0 D: 0 I: 0
lab: 顯 示 氛 圍 燈 為 幻 想 
rec: 顯 示 氛 圍 燈 為 幻 想 

utt: 打開海濱風格
WER: 0.00 % N: 6 C: 6 S: 0 D: 0 I: 0
lab: 打 開 海 濱 風 格 
rec: 打 開 海 濱 風 格 

utt: 變成奧迪駕駛模式選擇風格氛圍燈
WER: 13.33 % N: 15 C: 13 S: 2 D: 0 I: 0
lab: 變 成 奧 迪 駕 駛 模 式 選 擇 風 格 氛 圍 燈 
rec: 變 成 歐 的 駕 駛 模 式 選 擇 風 格 氛 圍 燈 

utt: 把氛圍燈改成陽光
WER: 0.00 % N: 8 C: 8 S: 0 D: 0 I: 0
lab: 把 氛 圍 燈 改 成 陽 光 
rec: 把 氛 圍 燈 改 成 陽 光 

utt: 把氛圍燈切換到黃色
WER: 0.00 % N: 9 C: 9 S: 0 D: 0 I: 0
lab: 把 氛 圍 燈 切 換 到 黃 色 
rec: 把 氛 圍 燈 切 換 到 黃 色 

utt: 顯示氛圍燈為紅色風格
WER: 0.00 % N: 10 C: 10 S: 0 D: 0 I: 0
lab: 顯 示 氛 圍 燈 為 紅 色 風 格 
rec: 顯 示 氛 圍 燈 為 紅 色 風 格 

utt: 打開氛圍燈到奧迪駕駛模式選擇風格
WER: 0.00 % N: 16 C: 16 S: 0 D: 0 I: 0
lab: 打 開 氛 圍 燈 到 奧 迪 駕 駛 模 式 選 擇 風 格 
rec: 打 開 氛 圍 燈 到 奧 迪 駕 駛 模 式 選 擇 風 格 
===========================================================================

Overall -> 1.90 % N: 1470 C: 1442 S: 28 D: 0 I: 0
Mandarin -> 1.90 % N: 1470 C: 1442 S: 28 D: 0 I: 0

===========================================================================
